Sending build context to Docker daemon  2.048kB
Step 1/2 : FROM alpine:3.9
3.9: Pulling from library/alpine
e7c96db7181b: Pulling fs layer
e7c96db7181b: Verifying Checksum
e7c96db7181b: Download complete
e7c96db7181b: Pull complete
Digest: sha256:7746df395af22f04212cd25a92c1d6dbc5a06a0ca9579a229ef43008d4d1302a
Status: Downloaded newer image for alpine:3.9
 ---> 055936d39205
Step 2/2 : RUN apk update -f 2>&1 && apk --no-cache add -f openssl curl socat  2>&1
 ---> Running in 9a96d5a85016
fetch http://dl-cdn.alpinelinux.org/alpine/v3.9/main/x86_64/APKINDEX.tar.gz
fetch http://dl-cdn.alpinelinux.org/alpine/v3.9/community/x86_64/APKINDEX.tar.gz
v3.9.4-176-gd2a7f0ccf6 [http://dl-cdn.alpinelinux.org/alpine/v3.9/main]
v3.9.4-175-g9097b9329a [http://dl-cdn.alpinelinux.org/alpine/v3.9/community]
OK: 9776 distinct packages available
fetch http://dl-cdn.alpinelinux.org/alpine/v3.9/main/x86_64/APKINDEX.tar.gz
fetch http://dl-cdn.alpinelinux.org/alpine/v3.9/community/x86_64/APKINDEX.tar.gz
(1/11) Installing ca-certificates (20190108-r0)
(2/11) Installing nghttp2-libs (1.35.1-r1)
(3/11) Installing libssh2 (1.8.2-r0)
(4/11) Installing libcurl (7.64.0-r3)
(5/11) Installing curl (7.64.0-r3)
(6/11) Installing openssl (1.1.1b-r1)
(7/11) Installing ncurses-terminfo-base (6.1_p20190105-r0)
(8/11) Installing ncurses-terminfo (6.1_p20190105-r0)
(9/11) Installing ncurses-libs (6.1_p20190105-r0)
(10/11) Installing readline (7.0.003-r1)
(11/11) Installing socat (1.7.3.2-r5)
Executing busybox-1.29.3-r10.trigger
Executing ca-certificates-20190108-r0.trigger
OK: 16 MiB in 25 packages
 ---> 4af005c40445
Removing intermediate container 9a96d5a85016
Successfully built 4af005c40445
Successfully tagged myalpine:3.9
Fri, 27 Sep 2019 10:42:39 UTC
Testing branch: master
Progress: 0/1/21
==Running le_test_dependencies please wait
curl installed. [PASS]
crontab installed. [PASS]
openssl installed. [PASS]
socat installed. [PASS]
------------------------------------------
Progress: 0/2/21
==Running le_test_install please wait
./acme.sh --install [PASS]
/root/.acme.sh/acme.sh exists. [PASS]
_contains '40 0 * * * "/root/.acme.sh"/acme.sh --cron --home "/root/.acme.sh" > /dev/null' '0 \* \* \* "/root/.acme.sh"/acme.sh --cron --home "/root/.acme.sh" > /dev/null' [PASS]
/root/.acme.sh/acme.sh --uninstall  > /dev/null [PASS]
------------------------------------------
Progress: 0/3/21
==Running le_test_uninstall please wait
./acme.sh --install [PASS]
/root/.acme.sh/acme.sh --uninstall [PASS]
/root/.acme.sh/acme.sh no exists. [PASS]
equals  [PASS]
------------------------------------------
Progress: 0/4/21
==Running le_test_installtodir please wait
./acme.sh --install [PASS]
/root/myle/acme.sh exists. [PASS]
_contains '40 0 * * * "/root/myle"/acme.sh --cron --home "/root/myle" > /dev/null' '0 \* \* \* "/root/myle"/acme.sh --cron --home "/root/myle" > /dev/null' [PASS]
/root/myle/acme.sh --uninstall [PASS]
------------------------------------------
Progress: 0/5/21
==Running le_test_uninstalltodir please wait
./acme.sh --install [PASS]
/root/myle/acme.sh --uninstall [PASS]
/root/myle/acme.sh no exists. [PASS]
equals  [PASS]
------------------------------------------
Progress: 0/6/21
==Running le_test_install_config_home please wait
./acme.sh --install --config-home /root/etc/acme [PASS]
/root/.acme.sh/acme.sh exists. [PASS]
_contains '41 0 * * * "/root/.acme.sh"/acme.sh --cron --home "/root/.acme.sh" --config-home "/root/etc/acme" > /dev/null' '0 \* \* \* "/root/.acme.sh"/acme.sh --cron --home "/root/.acme.sh" --config-home "/root/etc/acme" > /dev/null' [PASS]
/root/etc/acme/account.conf exists. [PASS]
/root/.acme.sh/account.conf no exists. [PASS]
/root/.acme.sh/acme.sh --cron --config-home /root/etc/acme > /dev/null [PASS]
/root/.acme.sh/acme.sh --uninstall --config-home /root/etc/acme > /dev/null [PASS]
/root/etc/acme/account.conf exists. [PASS]
/root/.acme.sh/account.conf no exists. [PASS]
------------------------------------------
Progress: 0/7/21
==Running le_test_standandalone_renew please wait
/root/.acme.sh/acme.sh --issue -d testdocker.acme.sh --standalone [PASS]
/root/.acme.sh/acme.sh --renew -d testdocker.acme.sh -f [PASS]
------------------------------------------
Progress: 0/8/21
==Running le_test_standandalone_renew_v2 please wait
/root/.acme.sh/acme.sh --issue -d testdocker.acme.sh --standalone --certpath '/acmetest/certs/domain.cer' --keypath '/acmetest/certs/domain.key'  --capath '/acmetest/certs/ca.cer'  --reloadcmd 'echo this is reload'  --fullchainpath  '/acmetest/certs/full.cer' [PASS]
'/root/.acme.sh/testdocker.acme.sh/testdocker.acme.sh.cer' equals '/acmetest/certs/domain.cer' [PASS]
'/root/.acme.sh/testdocker.acme.sh/testdocker.acme.sh.key' equals '/acmetest/certs/domain.key' [PASS]
'/root/.acme.sh/testdocker.acme.sh/ca.cer' equals '/acmetest/certs/ca.cer' [PASS]
'/root/.acme.sh/testdocker.acme.sh/fullchain.cer' equals '/acmetest/certs/full.cer' [PASS]
/root/.acme.sh/acme.sh --renew -d testdocker.acme.sh --force [PASS]
/root/.acme.sh/testdocker.acme.sh/testdocker.acme.sh.cer is cert ? 'testdocker.acme.sh' 'Fake LE Intermediate X1' [PASS]
/root/.acme.sh/testdocker.acme.sh/ca.cer is cert ? 'Fake LE Intermediate X1' [PASS]
'/root/.acme.sh/testdocker.acme.sh/testdocker.acme.sh.cer' equals '/acmetest/certs/domain.cer' [PASS]
'/root/.acme.sh/testdocker.acme.sh/testdocker.acme.sh.key' equals '/acmetest/certs/domain.key' [PASS]
'/root/.acme.sh/testdocker.acme.sh/ca.cer' equals '/acmetest/certs/ca.cer' [PASS]
'/root/.acme.sh/testdocker.acme.sh/fullchain.cer' equals '/acmetest/certs/full.cer' [PASS]
------------------------------------------
Progress: 0/9/21
==Running le_test_standandalone_renew_localaddress_v2 please wait
/root/.acme.sh/acme.sh --issue -d testdocker.acme.sh --standalone --local-address 0.0.0.0 --certpath '/acmetest/certs/domain.cer' --keypath '/acmetest/certs/domain.key'  --capath '/acmetest/certs/ca.cer'  --reloadcmd 'echo this is reload'  --fullchainpath  '/acmetest/certs/full.cer' [PASS]
'/root/.acme.sh/testdocker.acme.sh/testdocker.acme.sh.cer' equals '/acmetest/certs/domain.cer' [PASS]
'/root/.acme.sh/testdocker.acme.sh/testdocker.acme.sh.key' equals '/acmetest/certs/domain.key' [PASS]
'/root/.acme.sh/testdocker.acme.sh/ca.cer' equals '/acmetest/certs/ca.cer' [PASS]
'/root/.acme.sh/testdocker.acme.sh/fullchain.cer' equals '/acmetest/certs/full.cer' [PASS]
/root/.acme.sh/acme.sh --renew -d testdocker.acme.sh --force [PASS]
/root/.acme.sh/testdocker.acme.sh/testdocker.acme.sh.cer is cert ? 'testdocker.acme.sh' 'Fake LE Intermediate X1' [PASS]
/root/.acme.sh/testdocker.acme.sh/ca.cer is cert ? 'Fake LE Intermediate X1' [PASS]
'/root/.acme.sh/testdocker.acme.sh/testdocker.acme.sh.cer' equals '/acmetest/certs/domain.cer' [PASS]
'/root/.acme.sh/testdocker.acme.sh/testdocker.acme.sh.key' equals '/acmetest/certs/domain.key' [PASS]
'/root/.acme.sh/testdocker.acme.sh/ca.cer' equals '/acmetest/certs/ca.cer' [PASS]
'/root/.acme.sh/testdocker.acme.sh/fullchain.cer' equals '/acmetest/certs/full.cer' [PASS]
------------------------------------------
Progress: 0/10/21
==Running le_test_standandalone_listen_v4_v2 please wait
/root/.acme.sh/acme.sh --issue -d testdocker.acme.sh --standalone --listen-v4 --cert-file '/acmetest/certs/domain.cer' --key-file '/acmetest/certs/domain.key'  --ca-file '/acmetest/certs/ca.cer'  --reloadcmd 'echo this is reload'  --fullchain-file  '/acmetest/certs/full.cer' [PASS]
'/root/.acme.sh/testdocker.acme.sh/testdocker.acme.sh.cer' equals '/acmetest/certs/domain.cer' [PASS]
'/root/.acme.sh/testdocker.acme.sh/testdocker.acme.sh.key' equals '/acmetest/certs/domain.key' [PASS]
'/root/.acme.sh/testdocker.acme.sh/ca.cer' equals '/acmetest/certs/ca.cer' [PASS]
'/root/.acme.sh/testdocker.acme.sh/fullchain.cer' equals '/acmetest/certs/full.cer' [PASS]
/root/.acme.sh/acme.sh --renew -d testdocker.acme.sh --force [PASS]
/root/.acme.sh/testdocker.acme.sh/testdocker.acme.sh.cer is cert ? 'testdocker.acme.sh' 'Fake LE Intermediate X1' [PASS]
/root/.acme.sh/testdocker.acme.sh/ca.cer is cert ? 'Fake LE Intermediate X1' [PASS]
'/root/.acme.sh/testdocker.acme.sh/testdocker.acme.sh.cer' equals '/acmetest/certs/domain.cer' [PASS]
'/root/.acme.sh/testdocker.acme.sh/testdocker.acme.sh.key' equals '/acmetest/certs/domain.key' [PASS]
'/root/.acme.sh/testdocker.acme.sh/ca.cer' equals '/acmetest/certs/ca.cer' [PASS]
'/root/.acme.sh/testdocker.acme.sh/fullchain.cer' equals '/acmetest/certs/full.cer' [PASS]
------------------------------------------
Progress: 0/11/21
==Running le_test_standandalone_listen_v6_v2 please wait
Skipped by TEST_IPV6
------------------------------------------
Progress: 0/12/21
==Running le_test_standandalone_deactivate_v2 please wait
/root/.acme.sh/acme.sh --issue -d testdocker.acme.sh --standalone --certpath '/acmetest/certs/domain.cer' --keypath '/acmetest/certs/domain.key'  --capath '/acmetest/certs/ca.cer'  --reloadcmd 'echo this is reload'  --fullchainpath  '/acmetest/certs/full.cer' [PASS]
'/root/.acme.sh/testdocker.acme.sh/testdocker.acme.sh.cer' equals '/acmetest/certs/domain.cer' [PASS]
'/root/.acme.sh/testdocker.acme.sh/testdocker.acme.sh.key' equals '/acmetest/certs/domain.key' [PASS]
'/root/.acme.sh/testdocker.acme.sh/ca.cer' equals '/acmetest/certs/ca.cer' [PASS]
'/root/.acme.sh/testdocker.acme.sh/fullchain.cer' equals '/acmetest/certs/full.cer' [PASS]
/root/.acme.sh/acme.sh --deactivate -d testdocker.acme.sh [PASS]
------------------------------------------
Progress: 0/13/21
==Running le_test_standandalone please wait
/root/.acme.sh/acme.sh --issue -d testdocker.acme.sh --standalone [PASS]
/root/.acme.sh/testdocker.acme.sh/testdocker.acme.sh.cer is cert ? 'testdocker.acme.sh' 'Fake LE Intermediate X1' [PASS]
/root/.acme.sh/testdocker.acme.sh/ca.cer is cert ? 'Fake LE Intermediate X1' [PASS]
------------------------------------------
Progress: 0/14/21
==Running le_test_standandalone_SAN please wait
/root/.acme.sh/acme.sh --issue -d "testdocker.acme.sh" -d "testdocker2.acme.sh" --standalone [PASS]
/root/.acme.sh/testdocker.acme.sh/testdocker.acme.sh.cer is cert ? 'testdocker.acme.sh' 'Fake LE Intermediate X1' [PASS]
/root/.acme.sh/testdocker.acme.sh/ca.cer is cert ? 'Fake LE Intermediate X1' [PASS]
------------------------------------------
Progress: 0/15/21
==Running le_test_standandalone_ECDSA_256 please wait
/root/.acme.sh/acme.sh --issue -d testdocker.acme.sh --standalone -k ec-256 [PASS]
/root/.acme.sh/testdocker.acme.sh_ecc/testdocker.acme.sh.cer is cert ? 'testdocker.acme.sh' 'Fake LE Intermediate X1' [PASS]
/root/.acme.sh/testdocker.acme.sh_ecc/ca.cer is cert ? 'Fake LE Intermediate X1' [PASS]
------------------------------------------
Progress: 0/16/21
==Running le_test_standandalone_ECDSA_256_renew please wait
/root/.acme.sh/acme.sh --issue --standalone -d testdocker.acme.sh  -k ec-256 [PASS]
/root/.acme.sh/acme.sh --renew -d testdocker.acme.sh --force --ecc [PASS]
------------------------------------------
Progress: 0/17/21
==Running le_test_standandalone_ECDSA_256_SAN_renew please wait
/root/.acme.sh/acme.sh --issue --standalone -d "testdocker.acme.sh" -d "testdocker2.acme.sh" -k ec-256 [PASS]
/root/.acme.sh/acme.sh --renew -d "testdocker.acme.sh" --force --ecc [PASS]
------------------------------------------
Progress: 0/18/21
==Running le_test_standandalone_ECDSA_256_SAN_renew_v2 please wait
/root/.acme.sh/acme.sh --issue -d "testdocker.acme.sh" -d "testdocker2.acme.sh" --standalone --keylength ec-256 --certpath '/acmetest/certs/domain.cer' --keypath '/acmetest/certs/domain.key'  --capath '/acmetest/certs/ca.cer'  --reloadcmd 'echo this is reload'  --fullchainpath  '/acmetest/certs/full.cer' [PASS]
'/root/.acme.sh/testdocker.acme.sh_ecc/testdocker.acme.sh.cer' equals '/acmetest/certs/domain.cer' [PASS]
'/root/.acme.sh/testdocker.acme.sh_ecc/testdocker.acme.sh.key' equals '/acmetest/certs/domain.key' [PASS]
'/root/.acme.sh/testdocker.acme.sh_ecc/ca.cer' equals '/acmetest/certs/ca.cer' [PASS]
'/root/.acme.sh/testdocker.acme.sh_ecc/fullchain.cer' equals '/acmetest/certs/full.cer' [PASS]
/root/.acme.sh/acme.sh --renew --ecc -d "testdocker.acme.sh" --force [PASS]
/root/.acme.sh/testdocker.acme.sh_ecc/testdocker.acme.sh.cer is cert ? 'testdocker.acme.sh' 'Fake LE Intermediate X1' [PASS]
/root/.acme.sh/testdocker.acme.sh_ecc/ca.cer is cert ? 'Fake LE Intermediate X1' [PASS]
'/root/.acme.sh/testdocker.acme.sh_ecc/testdocker.acme.sh.cer' equals '/acmetest/certs/domain.cer' [PASS]
'/root/.acme.sh/testdocker.acme.sh_ecc/testdocker.acme.sh.key' equals '/acmetest/certs/domain.key' [PASS]
'/root/.acme.sh/testdocker.acme.sh_ecc/ca.cer' equals '/acmetest/certs/ca.cer' [PASS]
'/root/.acme.sh/testdocker.acme.sh_ecc/fullchain.cer' equals '/acmetest/certs/full.cer' [PASS]
------------------------------------------
Progress: 0/19/21
==Running le_test_standandalone_ECDSA_384 please wait
/root/.acme.sh/acme.sh --issue --standalone -d "testdocker.acme.sh" -k ec-384 [PASS]
/root/.acme.sh/testdocker.acme.sh_ecc/testdocker.acme.sh.cer is cert ? 'testdocker.acme.sh' 'Fake LE Intermediate X1' [PASS]
/root/.acme.sh/testdocker.acme.sh_ecc/ca.cer is cert ? 'Fake LE Intermediate X1' [PASS]
------------------------------------------
Progress: 0/20/21
==Running le_test_standandalone_renew_idn_v2 please wait
Skipped by TEST_IDN
------------------------------------------
Progress: 0/21/21
==Running le_test_dnsapi please wait
The test domain Test_CF_Domain is not defined, skip:ClourFlare_api
The test domain Test_CX_Domain is not defined, skip:CloudXNS.com_api
The test domain Test_DP_Domain is not defined, skip:Dnspod.cn_api
Testing dns_gd Godaddy_api
TestingDomain='testgd.club'
/root/.acme.sh/acme.sh --issue -d "testgd.club" --dns dns_gd --dnssleep ""  [PASS]
/root/.acme.sh/testgd.club/testgd.club.cer is cert ? 'testgd.club' 'Fake LE Intermediate X1' [PASS]
/root/.acme.sh/testgd.club/ca.cer is cert ? 'Fake LE Intermediate X1' [PASS]
/root/.acme.sh/acme.sh --deactivate -d "testgd.club" >/dev/null 2>&1 [PASS]
The test domain Test_AWS_Domain is not defined, skip:Amazon_Route53_api
Testing dns_lua luadns.com_api
TestingDomain='luadns.acme.sh'
/root/.acme.sh/acme.sh --issue -d "luadns.acme.sh" --dns dns_lua --dnssleep ""  [PASS]
/root/.acme.sh/luadns.acme.sh/luadns.acme.sh.cer is cert ? 'luadns.acme.sh' 'Fake LE Intermediate X1' [PASS]
/root/.acme.sh/luadns.acme.sh/ca.cer is cert ? 'Fake LE Intermediate X1' [PASS]
/root/.acme.sh/acme.sh --deactivate -d "luadns.acme.sh" >/dev/null 2>&1 [PASS]
ME_Key is not defined, skip:dnsmadeeasy.com_api
NSUPDATE_KEY is not defined, skip:nsupdate_api
OVH_AK is not defined, skip:OVH.com_api
PDNS_Token is not defined, skip:powerdns.com_api
The test domain Test_ALI_Domain is not defined, skip:aliyun_api
Testing dns_gandi_livedns gandi_livedns
TestingDomain='testgandiapi.pw'
/root/.acme.sh/acme.sh --issue -d "testgandiapi.pw" --dns dns_gandi_livedns --dnssleep ""  [PASS]
/root/.acme.sh/testgandiapi.pw/testgandiapi.pw.cer is cert ? 'testgandiapi.pw' 'Fake LE Intermediate X1' [PASS]
/root/.acme.sh/testgandiapi.pw/ca.cer is cert ? 'Fake LE Intermediate X1' [PASS]
/root/.acme.sh/acme.sh --deactivate -d "testgandiapi.pw" >/dev/null 2>&1 [PASS]
The test domain Test_DYNU_Domain is not defined, skip:dynu_api
Testing dns_he dns_he_net
TestingDomain='he.acme.sh'
/root/.acme.sh/acme.sh --issue -d "he.acme.sh" --dns dns_he --dnssleep ""  [PASS]
/root/.acme.sh/he.acme.sh/he.acme.sh.cer is cert ? 'he.acme.sh' 'Fake LE Intermediate X1' [PASS]
/root/.acme.sh/he.acme.sh/ca.cer is cert ? 'Fake LE Intermediate X1' [PASS]
/root/.acme.sh/acme.sh --deactivate -d "he.acme.sh" >/dev/null 2>&1 [PASS]
Testing dns_zonomi dns_zonomi
TestingDomain='zonomi.acme.sh'
/root/.acme.sh/acme.sh --issue -d "zonomi.acme.sh" --dns dns_zonomi --dnssleep ""  [PASS]
/root/.acme.sh/zonomi.acme.sh/zonomi.acme.sh.cer is cert ? 'zonomi.acme.sh' 'Fake LE Intermediate X1' [PASS]
/root/.acme.sh/zonomi.acme.sh/ca.cer is cert ? 'Fake LE Intermediate X1' [PASS]
/root/.acme.sh/acme.sh --deactivate -d "zonomi.acme.sh" >/dev/null 2>&1 [PASS]
Testing dns_namecom name.com
TestingDomain='952700.xyz'
/root/.acme.sh/acme.sh --issue -d "952700.xyz" --dns dns_namecom --dnssleep ""  [PASS]
/root/.acme.sh/952700.xyz/952700.xyz.cer is cert ? '952700.xyz' 'Fake LE Intermediate X1' [PASS]
/root/.acme.sh/952700.xyz/ca.cer is cert ? 'Fake LE Intermediate X1' [PASS]
/root/.acme.sh/acme.sh --deactivate -d "952700.xyz" >/dev/null 2>&1 [PASS]
------------------------------------------
