Sending build context to Docker daemon  2.048kB
Step 1/2 : FROM alpine:3.6
3.6: Pulling from library/alpine
3489d1c4660e: Pulling fs layer
3489d1c4660e: Verifying Checksum
3489d1c4660e: Download complete
3489d1c4660e: Pull complete
Digest: sha256:cc24af836d1377e092ecb4e8f0a4324c3b1aa2b5295c2239edcc7bbc86a9cbc6
Status: Downloaded newer image for alpine:3.6
 ---> 94627dfbdf19
Step 2/2 : RUN apk update -f 2>&1 && apk --no-cache add -f openssl curl socat  2>&1
 ---> Running in b0dd7d0ba74a
fetch http://dl-cdn.alpinelinux.org/alpine/v3.6/main/x86_64/APKINDEX.tar.gz
fetch http://dl-cdn.alpinelinux.org/alpine/v3.6/community/x86_64/APKINDEX.tar.gz
v3.6.3-38-g4c2af56913 [http://dl-cdn.alpinelinux.org/alpine/v3.6/main]
v3.6.3-21-g0a5db24a90 [http://dl-cdn.alpinelinux.org/alpine/v3.6/community]
OK: 8439 distinct packages available
fetch http://dl-cdn.alpinelinux.org/alpine/v3.6/main/x86_64/APKINDEX.tar.gz
fetch http://dl-cdn.alpinelinux.org/alpine/v3.6/community/x86_64/APKINDEX.tar.gz
(1/12) Installing ca-certificates (20161130-r2)
(2/12) Installing libssh2 (1.8.0-r1)
(3/12) Installing libcurl (7.61.1-r1)
(4/12) Installing curl (7.61.1-r1)
(5/12) Installing libcrypto1.0 (1.0.2o-r1)
(6/12) Installing libssl1.0 (1.0.2o-r1)
(7/12) Installing openssl (1.0.2o-r1)
(8/12) Installing ncurses-terminfo-base (6.0_p20171125-r1)
(9/12) Installing ncurses-terminfo (6.0_p20171125-r1)
(10/12) Installing ncurses-libs (6.0_p20171125-r1)
(11/12) Installing readline (6.3.008-r5)
(12/12) Installing socat (1.7.3.2-r1)
Executing busybox-1.26.2-r11.trigger
Executing ca-certificates-20161130-r2.trigger
OK: 17 MiB in 25 packages
 ---> f1af6961afd8
Removing intermediate container b0dd7d0ba74a
Successfully built f1af6961afd8
Successfully tagged myalpine:3.6
Tue, 20 Nov 2018 17:28:41 UTC
Testing branch: master
[1;31;32mProgress: [0m[1;31;32m0[0m[1;31;32m/1/21[0m
==Running le_test_dependencies please wait
curl installed.[1;31;32m [PASS][0m
crontab installed.[1;31;32m [PASS][0m
openssl installed.[1;31;32m [PASS][0m
socat installed.[1;31;32m [PASS][0m
------------------------------------------
[1;31;32mProgress: [0m[1;31;32m0[0m[1;31;32m/2/21[0m
==Running le_test_install please wait
./acme.sh install[1;31;32m [PASS][0m
/root/.acme.sh/acme.sh exists.[1;31;32m [PASS][0m
_contains '42 0 * * * "/root/.acme.sh"/acme.sh --cron --home "/root/.acme.sh" > /dev/null' '0 \* \* \* "/root/.acme.sh"/acme.sh --cron --home "/root/.acme.sh" > /dev/null'[1;31;32m [PASS][0m
/root/.acme.sh/acme.sh uninstall  > /dev/null[1;31;32m [PASS][0m
------------------------------------------
[1;31;32mProgress: [0m[1;31;32m0[0m[1;31;32m/3/21[0m
==Running le_test_uninstall please wait
./acme.sh install[1;31;32m [PASS][0m
/root/.acme.sh/acme.sh uninstall[1;31;32m [PASS][0m
/root/.acme.sh/acme.sh no exists.[1;31;32m [PASS][0m
equals [1;31;32m [PASS][0m
------------------------------------------
[1;31;32mProgress: [0m[1;31;32m0[0m[1;31;32m/4/21[0m
==Running le_test_installtodir please wait
./acme.sh install[1;31;32m [PASS][0m
/root/myle/acme.sh exists.[1;31;32m [PASS][0m
_contains '42 0 * * * "/root/myle"/acme.sh --cron --home "/root/myle" > /dev/null' '0 \* \* \* "/root/myle"/acme.sh --cron --home "/root/myle" > /dev/null'[1;31;32m [PASS][0m
/root/myle/acme.sh uninstall[1;31;32m [PASS][0m
------------------------------------------
[1;31;32mProgress: [0m[1;31;32m0[0m[1;31;32m/5/21[0m
==Running le_test_uninstalltodir please wait
./acme.sh install[1;31;32m [PASS][0m
/root/myle/acme.sh uninstall[1;31;32m [PASS][0m
/root/myle/acme.sh no exists.[1;31;32m [PASS][0m
equals [1;31;32m [PASS][0m
------------------------------------------
[1;31;32mProgress: [0m[1;31;32m0[0m[1;31;32m/6/21[0m
==Running le_test_install_config_home please wait
./acme.sh --install --config-home /root/etc/acme[1;31;32m [PASS][0m
/root/.acme.sh/acme.sh exists.[1;31;32m [PASS][0m
_contains '43 0 * * * "/root/.acme.sh"/acme.sh --cron --home "/root/.acme.sh" --config-home "/root/etc/acme" > /dev/null' '0 \* \* \* "/root/.acme.sh"/acme.sh --cron --home "/root/.acme.sh" --config-home "/root/etc/acme" > /dev/null'[1;31;32m [PASS][0m
/root/etc/acme/account.conf exists.[1;31;32m [PASS][0m
/root/.acme.sh/account.conf no exists.[1;31;32m [PASS][0m
/root/.acme.sh/acme.sh --cron --config-home /root/etc/acme > /dev/null[1;31;32m [PASS][0m
/root/.acme.sh/acme.sh --uninstall --config-home /root/etc/acme > /dev/null[1;31;32m [PASS][0m
/root/etc/acme/account.conf exists.[1;31;32m [PASS][0m
/root/.acme.sh/account.conf no exists.[1;31;32m [PASS][0m
------------------------------------------
[1;31;32mProgress: [0m[1;31;32m0[0m[1;31;32m/7/21[0m
==Running le_test_standandalone_renew please wait
/root/.acme.sh/acme.sh issue no testdocker.acme.sh[1;31;32m [PASS][0m
FORCE=1 /root/.acme.sh/acme.sh renew testdocker.acme.sh[1;31;32m [PASS][0m
------------------------------------------
[1;31;32mProgress: [0m[1;31;32m0[0m[1;31;32m/8/21[0m
==Running le_test_standandalone_renew_v2 please wait
/root/.acme.sh/acme.sh --issue -d testdocker.acme.sh --standalone --certpath '/acmetest/certs/domain.cer' --keypath '/acmetest/certs/domain.key'  --capath '/acmetest/certs/ca.cer'  --reloadcmd 'echo this is reload'  --fullchainpath  '/acmetest/certs/full.cer'[1;31;32m [PASS][0m
'/root/.acme.sh/testdocker.acme.sh/testdocker.acme.sh.cer' equals '/acmetest/certs/domain.cer'[1;31;32m [PASS][0m
'/root/.acme.sh/testdocker.acme.sh/testdocker.acme.sh.key' equals '/acmetest/certs/domain.key'[1;31;32m [PASS][0m
'/root/.acme.sh/testdocker.acme.sh/ca.cer' equals '/acmetest/certs/ca.cer'[1;31;32m [PASS][0m
'/root/.acme.sh/testdocker.acme.sh/fullchain.cer' equals '/acmetest/certs/full.cer'[1;31;32m [PASS][0m
/root/.acme.sh/acme.sh --renew -d testdocker.acme.sh --force[1;31;32m [PASS][0m
/root/.acme.sh/testdocker.acme.sh/testdocker.acme.sh.cer is cert ? 'testdocker.acme.sh' 'Fake LE Intermediate X1'[1;31;32m [PASS][0m
/root/.acme.sh/testdocker.acme.sh/ca.cer is cert ? 'Fake LE Intermediate X1'[1;31;32m [PASS][0m
'/root/.acme.sh/testdocker.acme.sh/testdocker.acme.sh.cer' equals '/acmetest/certs/domain.cer'[1;31;32m [PASS][0m
'/root/.acme.sh/testdocker.acme.sh/testdocker.acme.sh.key' equals '/acmetest/certs/domain.key'[1;31;32m [PASS][0m
'/root/.acme.sh/testdocker.acme.sh/ca.cer' equals '/acmetest/certs/ca.cer'[1;31;32m [PASS][0m
'/root/.acme.sh/testdocker.acme.sh/fullchain.cer' equals '/acmetest/certs/full.cer'[1;31;32m [PASS][0m
------------------------------------------
[1;31;32mProgress: [0m[1;31;32m0[0m[1;31;32m/9/21[0m
==Running le_test_standandalone_renew_localaddress_v2 please wait
/root/.acme.sh/acme.sh --issue -d testdocker.acme.sh --standalone --local-address 0.0.0.0 --certpath '/acmetest/certs/domain.cer' --keypath '/acmetest/certs/domain.key'  --capath '/acmetest/certs/ca.cer'  --reloadcmd 'echo this is reload'  --fullchainpath  '/acmetest/certs/full.cer'[1;31;32m [PASS][0m
'/root/.acme.sh/testdocker.acme.sh/testdocker.acme.sh.cer' equals '/acmetest/certs/domain.cer'[1;31;32m [PASS][0m
'/root/.acme.sh/testdocker.acme.sh/testdocker.acme.sh.key' equals '/acmetest/certs/domain.key'[1;31;32m [PASS][0m
'/root/.acme.sh/testdocker.acme.sh/ca.cer' equals '/acmetest/certs/ca.cer'[1;31;32m [PASS][0m
'/root/.acme.sh/testdocker.acme.sh/fullchain.cer' equals '/acmetest/certs/full.cer'[1;31;32m [PASS][0m
/root/.acme.sh/acme.sh --renew -d testdocker.acme.sh --force[1;31;32m [PASS][0m
/root/.acme.sh/testdocker.acme.sh/testdocker.acme.sh.cer is cert ? 'testdocker.acme.sh' 'Fake LE Intermediate X1'[1;31;32m [PASS][0m
/root/.acme.sh/testdocker.acme.sh/ca.cer is cert ? 'Fake LE Intermediate X1'[1;31;32m [PASS][0m
'/root/.acme.sh/testdocker.acme.sh/testdocker.acme.sh.cer' equals '/acmetest/certs/domain.cer'[1;31;32m [PASS][0m
'/root/.acme.sh/testdocker.acme.sh/testdocker.acme.sh.key' equals '/acmetest/certs/domain.key'[1;31;32m [PASS][0m
'/root/.acme.sh/testdocker.acme.sh/ca.cer' equals '/acmetest/certs/ca.cer'[1;31;32m [PASS][0m
'/root/.acme.sh/testdocker.acme.sh/fullchain.cer' equals '/acmetest/certs/full.cer'[1;31;32m [PASS][0m
------------------------------------------
[1;31;32mProgress: [0m[1;31;32m0[0m[1;31;32m/10/21[0m
==Running le_test_standandalone_listen_v4_v2 please wait
/root/.acme.sh/acme.sh --issue -d testdocker.acme.sh --standalone --listen-v4 --cert-file '/acmetest/certs/domain.cer' --key-file '/acmetest/certs/domain.key'  --ca-file '/acmetest/certs/ca.cer'  --reloadcmd 'echo this is reload'  --fullchain-file  '/acmetest/certs/full.cer'[1;31;32m [PASS][0m
'/root/.acme.sh/testdocker.acme.sh/testdocker.acme.sh.cer' equals '/acmetest/certs/domain.cer'[1;31;32m [PASS][0m
'/root/.acme.sh/testdocker.acme.sh/testdocker.acme.sh.key' equals '/acmetest/certs/domain.key'[1;31;32m [PASS][0m
'/root/.acme.sh/testdocker.acme.sh/ca.cer' equals '/acmetest/certs/ca.cer'[1;31;32m [PASS][0m
'/root/.acme.sh/testdocker.acme.sh/fullchain.cer' equals '/acmetest/certs/full.cer'[1;31;32m [PASS][0m
/root/.acme.sh/acme.sh --renew -d testdocker.acme.sh --force[1;31;32m [PASS][0m
/root/.acme.sh/testdocker.acme.sh/testdocker.acme.sh.cer is cert ? 'testdocker.acme.sh' 'Fake LE Intermediate X1'[1;31;32m [PASS][0m
/root/.acme.sh/testdocker.acme.sh/ca.cer is cert ? 'Fake LE Intermediate X1'[1;31;32m [PASS][0m
'/root/.acme.sh/testdocker.acme.sh/testdocker.acme.sh.cer' equals '/acmetest/certs/domain.cer'[1;31;32m [PASS][0m
'/root/.acme.sh/testdocker.acme.sh/testdocker.acme.sh.key' equals '/acmetest/certs/domain.key'[1;31;32m [PASS][0m
'/root/.acme.sh/testdocker.acme.sh/ca.cer' equals '/acmetest/certs/ca.cer'[1;31;32m [PASS][0m
'/root/.acme.sh/testdocker.acme.sh/fullchain.cer' equals '/acmetest/certs/full.cer'[1;31;32m [PASS][0m
------------------------------------------
[1;31;32mProgress: [0m[1;31;32m0[0m[1;31;32m/11/21[0m
==Running le_test_standandalone_listen_v6_v2 please wait
Skipped by TEST_IPV6
------------------------------------------
[1;31;32mProgress: [0m[1;31;32m0[0m[1;31;32m/12/21[0m
==Running le_test_standandalone_deactivate_v2 please wait
/root/.acme.sh/acme.sh --issue -d testdocker.acme.sh --standalone --certpath '/acmetest/certs/domain.cer' --keypath '/acmetest/certs/domain.key'  --capath '/acmetest/certs/ca.cer'  --reloadcmd 'echo this is reload'  --fullchainpath  '/acmetest/certs/full.cer'[1;31;32m [PASS][0m
'/root/.acme.sh/testdocker.acme.sh/testdocker.acme.sh.cer' equals '/acmetest/certs/domain.cer'[1;31;32m [PASS][0m
'/root/.acme.sh/testdocker.acme.sh/testdocker.acme.sh.key' equals '/acmetest/certs/domain.key'[1;31;32m [PASS][0m
'/root/.acme.sh/testdocker.acme.sh/ca.cer' equals '/acmetest/certs/ca.cer'[1;31;32m [PASS][0m
'/root/.acme.sh/testdocker.acme.sh/fullchain.cer' equals '/acmetest/certs/full.cer'[1;31;32m [PASS][0m
/root/.acme.sh/acme.sh --deactivate -d testdocker.acme.sh[1;31;32m [PASS][0m
------------------------------------------
[1;31;32mProgress: [0m[1;31;32m0[0m[1;31;32m/13/21[0m
==Running le_test_standandalone please wait
/root/.acme.sh/acme.sh issue no testdocker.acme.sh[1;31;32m [PASS][0m
/root/.acme.sh/testdocker.acme.sh/testdocker.acme.sh.cer is cert ? 'testdocker.acme.sh' 'Fake LE Intermediate X1'[1;31;32m [PASS][0m
/root/.acme.sh/testdocker.acme.sh/ca.cer is cert ? 'Fake LE Intermediate X1'[1;31;32m [PASS][0m
------------------------------------------
[1;31;32mProgress: [0m[1;31;32m0[0m[1;31;32m/14/21[0m
==Running le_test_standandalone_SAN please wait
/root/.acme.sh/acme.sh issue no "testdocker.acme.sh" "testdocker2.acme.sh"[1;31;32m [PASS][0m
/root/.acme.sh/testdocker.acme.sh/testdocker.acme.sh.cer is cert ? 'testdocker.acme.sh' 'Fake LE Intermediate X1'[1;31;32m [PASS][0m
/root/.acme.sh/testdocker.acme.sh/ca.cer is cert ? 'Fake LE Intermediate X1'[1;31;32m [PASS][0m
------------------------------------------
[1;31;32mProgress: [0m[1;31;32m0[0m[1;31;32m/15/21[0m
==Running le_test_standandalone_ECDSA_256 please wait
/root/.acme.sh/acme.sh issue no testdocker.acme.sh no ec-256[1;31;32m [PASS][0m
/root/.acme.sh/testdocker.acme.sh_ecc/testdocker.acme.sh.cer is cert ? 'testdocker.acme.sh' 'Fake LE Intermediate X1'[1;31;32m [PASS][0m
/root/.acme.sh/testdocker.acme.sh_ecc/ca.cer is cert ? 'Fake LE Intermediate X1'[1;31;32m [PASS][0m
------------------------------------------
[1;31;32mProgress: [0m[1;31;32m0[0m[1;31;32m/16/21[0m
==Running le_test_standandalone_ECDSA_256_renew please wait
/root/.acme.sh/acme.sh issue no testdocker.acme.sh no ec-256[1;31;32m [PASS][0m
FORCE=1 /root/.acme.sh/acme.sh renew testdocker.acme.sh[1;31;32m [PASS][0m
------------------------------------------
[1;31;32mProgress: [0m[1;31;32m0[0m[1;31;32m/17/21[0m
==Running le_test_standandalone_ECDSA_256_SAN_renew please wait
/root/.acme.sh/acme.sh issue no "testdocker.acme.sh" "testdocker2.acme.sh" ec-256[1;31;32m [PASS][0m
FORCE=1 /root/.acme.sh/acme.sh renew "testdocker.acme.sh"[1;31;32m [PASS][0m
------------------------------------------
[1;31;32mProgress: [0m[1;31;32m0[0m[1;31;32m/18/21[0m
==Running le_test_standandalone_ECDSA_256_SAN_renew_v2 please wait
/root/.acme.sh/acme.sh --issue -d "testdocker.acme.sh" -d "testdocker2.acme.sh" --standalone --keylength ec-256 --certpath '/acmetest/certs/domain.cer' --keypath '/acmetest/certs/domain.key'  --capath '/acmetest/certs/ca.cer'  --reloadcmd 'echo this is reload'  --fullchainpath  '/acmetest/certs/full.cer'[1;31;32m [PASS][0m
'/root/.acme.sh/testdocker.acme.sh_ecc/testdocker.acme.sh.cer' equals '/acmetest/certs/domain.cer'[1;31;32m [PASS][0m
'/root/.acme.sh/testdocker.acme.sh_ecc/testdocker.acme.sh.key' equals '/acmetest/certs/domain.key'[1;31;32m [PASS][0m
'/root/.acme.sh/testdocker.acme.sh_ecc/ca.cer' equals '/acmetest/certs/ca.cer'[1;31;32m [PASS][0m
'/root/.acme.sh/testdocker.acme.sh_ecc/fullchain.cer' equals '/acmetest/certs/full.cer'[1;31;32m [PASS][0m
/root/.acme.sh/acme.sh --renew --ecc -d "testdocker.acme.sh" --force[1;31;32m [PASS][0m
/root/.acme.sh/testdocker.acme.sh_ecc/testdocker.acme.sh.cer is cert ? 'testdocker.acme.sh' 'Fake LE Intermediate X1'[1;31;32m [PASS][0m
/root/.acme.sh/testdocker.acme.sh_ecc/ca.cer is cert ? 'Fake LE Intermediate X1'[1;31;32m [PASS][0m
'/root/.acme.sh/testdocker.acme.sh_ecc/testdocker.acme.sh.cer' equals '/acmetest/certs/domain.cer'[1;31;32m [PASS][0m
'/root/.acme.sh/testdocker.acme.sh_ecc/testdocker.acme.sh.key' equals '/acmetest/certs/domain.key'[1;31;32m [PASS][0m
'/root/.acme.sh/testdocker.acme.sh_ecc/ca.cer' equals '/acmetest/certs/ca.cer'[1;31;32m [PASS][0m
'/root/.acme.sh/testdocker.acme.sh_ecc/fullchain.cer' equals '/acmetest/certs/full.cer'[1;31;32m [PASS][0m
------------------------------------------
[1;31;32mProgress: [0m[1;31;32m0[0m[1;31;32m/19/21[0m
==Running le_test_standandalone_ECDSA_384 please wait
/root/.acme.sh/acme.sh issue no "testdocker.acme.sh" no ec-384[1;31;32m [PASS][0m
/root/.acme.sh/testdocker.acme.sh_ecc/testdocker.acme.sh.cer is cert ? 'testdocker.acme.sh' 'Fake LE Intermediate X1'[1;31;32m [PASS][0m
/root/.acme.sh/testdocker.acme.sh_ecc/ca.cer is cert ? 'Fake LE Intermediate X1'[1;31;32m [PASS][0m
------------------------------------------
[1;31;32mProgress: [0m[1;31;32m0[0m[1;31;32m/20/21[0m
==Running le_test_standandalone_renew_idn_v2 please wait
Skipped by TEST_IDN
------------------------------------------
[1;31;32mProgress: [0m[1;31;32m0[0m[1;31;32m/21/21[0m
==Running le_test_dnsapi please wait
Skipped by TEST_DNS
------------------------------------------
