Sending build context to Docker daemon  2.048kB
Step 1/2 : FROM base/archlinux
 ---> f915fe624ef8
Step 2/2 : RUN pacman  -Sy  --force --noconfirm --noprogressbar openssl cron socat libidn  2>&1
 ---> Running in ab760feadd9b
:: Synchronizing package databases...
downloading core.db...
downloading extra.db...
downloading community.db...
:: There are 2 providers available for cron:
:: Repository core
   1) cronie
:: Repository community
   2) fcron

Enter a number (default=1): 
resolving dependencies...
looking for inter-conflicts...

Packages (4): cronie-1.5.2-1  libidn-1.35-1  openssl-1.1.1-1  socat-1.7.3.2-3

Total Download Size:    3.81 MiB
Total Installed Size:   8.82 MiB
Net Upgrade Size:       2.66 MiB

:: Proceed with installation? [Y/n] 
:: Retrieving packages ...
downloading openssl-1.1.1-1-x86_64.pkg.tar.xz...
downloading cronie-1.5.2-1-x86_64.pkg.tar.xz...
downloading libidn-1.35-1-x86_64.pkg.tar.xz...
downloading socat-1.7.3.2-3-x86_64.pkg.tar.xz...
checking keyring...
downloading required keys...
:: Import PGP key 2048R/, "Christian Hesse (Arch Linux Package Signing) <arch@eworm.de>", created: 2011-08-12? [Y/n] error: key "Christian Hesse (Arch Linux Package Signing) <arch@eworm.de>" could not be imported

error: required key missing from keyring
error: failed to commit transaction (unexpected error)
Errors occurred, no packages were upgraded.
The command '/bin/sh -c pacman  -Sy  --force --noconfirm --noprogressbar openssl cron socat libidn  2>&1' returned a non-zero code: 1
