Sending build context to Docker daemon 2.048 kB
Step 1 : FROM centos:6
 ---> ae6154bcd445
Step 2 : RUN yum -q -y update     2>&1
 ---> Running in 28bc795075dc
warning: rpmts_HdrFromFdno: Header V3 RSA/SHA1 Signature, key ID c105b9de: NOKEY
Importing GPG key 0xC105B9DE:
 Userid : CentOS-6 Key (CentOS 6 Official Signing Key) <centos-6-key@centos.org>
 Package: centos-release-6-7.el6.centos.12.3.x86_64 (@CentOS/6.7)
 From   : /etc/pki/rpm-gpg/RPM-GPG-KEY-CentOS-6
install-info: No such file or directory for /usr/share/info/grep.info.gz
 ---> 9366f4b8e363
Removing intermediate container 28bc795075dc
Step 3 : RUN yum -q -y install    openssl crontabs nc curl  2>&1
 ---> Running in 0c51c457e140
Package openssl-1.0.1e-48.el6_8.3.x86_64 already installed and latest version
Package curl-7.19.7-52.el6.x86_64 already installed and latest version
install-info: No such file or directory for /usr/share/info/ipc.info
 ---> 297961285bbb
Removing intermediate container 0c51c457e140
Successfully built 297961285bbb
Testing branch: nc
[1;31;32mProgress: 1/20[0m
==Running le_test_dependencies please wait
no crontab for root
no crontab for root
curl installed.[1;31;32m [PASS][0m
crontab installed.[1;31;32m [PASS][0m
openssl installed.[1;31;32m [PASS][0m
nc installed.[1;31;32m [PASS][0m
------------------------------------------
[1;31;32mProgress: 2/20[0m
==Running le_test_install please wait
./acme.sh install[1;31;32m [PASS][0m
/root/.acme.sh/acme.sh exists.[1;31;32m [PASS][0m
equals 0 0 * * * "/root/.acme.sh"/acme.sh --cron --home "/root/.acme.sh" > /dev/null[1;31;32m [PASS][0m
/root/.acme.sh/acme.sh uninstall  > /dev/null[1;31;32m [PASS][0m
------------------------------------------
[1;31;32mProgress: 3/20[0m
==Running le_test_uninstall please wait
./acme.sh install[1;31;32m [PASS][0m
/root/.acme.sh/acme.sh uninstall[1;31;32m [PASS][0m
/root/.acme.sh/acme.sh no exists.[1;31;32m [PASS][0m
equals [1;31;32m [PASS][0m
------------------------------------------
[1;31;32mProgress: 4/20[0m
==Running le_test_installtodir please wait
./acme.sh install[1;31;32m [PASS][0m
/root/myle/acme.sh exists.[1;31;32m [PASS][0m
equals 0 0 * * * "/root/myle"/acme.sh --cron --home "/root/myle" > /dev/null[1;31;32m [PASS][0m
/root/myle/acme.sh uninstall[1;31;32m [PASS][0m
------------------------------------------
[1;31;32mProgress: 5/20[0m
==Running le_test_uninstalltodir please wait
./acme.sh install[1;31;32m [PASS][0m
/root/myle/acme.sh uninstall[1;31;32m [PASS][0m
/root/myle/acme.sh no exists.[1;31;32m [PASS][0m
equals [1;31;32m [PASS][0m
------------------------------------------
[1;31;32mProgress: 6/20[0m
==Running le_test_standandalone_renew please wait
/root/.acme.sh/acme.sh issue no testdocker.acme.sh[1;31;32m [PASS][0m
FORCE=1 /root/.acme.sh/acme.sh renew testdocker.acme.sh[1;31;32m [PASS][0m
------------------------------------------
[1;31;32mProgress: 7/20[0m
==Running le_test_standandalone_renew_v2 please wait
/root/.acme.sh/acme.sh --issue -d testdocker.acme.sh --standalone --certpath '/acmetest/certs/domain.cer' --keypath '/acmetest/certs/domain.key'  --capath '/acmetest/certs/ca.cer'  --reloadcmd 'echo this is reload'  --fullchainpath  '/acmetest/certs/full.cer'[1;31;32m [PASS][0m
'/root/.acme.sh/testdocker.acme.sh/testdocker.acme.sh.cer' equals '/acmetest/certs/domain.cer'[1;31;32m [PASS][0m
'/root/.acme.sh/testdocker.acme.sh/testdocker.acme.sh.key' equals '/acmetest/certs/domain.key'[1;31;32m [PASS][0m
'/root/.acme.sh/testdocker.acme.sh/ca.cer' equals '/acmetest/certs/ca.cer'[1;31;32m [PASS][0m
'/root/.acme.sh/testdocker.acme.sh/fullchain.cer' equals '/acmetest/certs/full.cer'[1;31;32m [PASS][0m
/root/.acme.sh/acme.sh --renew -d testdocker.acme.sh --force[1;31;32m [PASS][0m
/root/.acme.sh/testdocker.acme.sh/testdocker.acme.sh.cer is cert ? 'testdocker.acme.sh' 'Fake LE Intermediate X1'[1;31;32m [PASS][0m
/root/.acme.sh/testdocker.acme.sh/ca.cer is cert ? 'Fake LE Intermediate X1'[1;31;32m [PASS][0m
'/root/.acme.sh/testdocker.acme.sh/testdocker.acme.sh.cer' equals '/acmetest/certs/domain.cer'[1;31;32m [PASS][0m
'/root/.acme.sh/testdocker.acme.sh/testdocker.acme.sh.key' equals '/acmetest/certs/domain.key'[1;31;32m [PASS][0m
'/root/.acme.sh/testdocker.acme.sh/ca.cer' equals '/acmetest/certs/ca.cer'[1;31;32m [PASS][0m
'/root/.acme.sh/testdocker.acme.sh/fullchain.cer' equals '/acmetest/certs/full.cer'[1;31;32m [PASS][0m
------------------------------------------
[1;31;32mProgress: 8/20[0m
==Running le_test_standandalone_renew_localaddress_v2 please wait
/root/.acme.sh/acme.sh --issue -d testdocker.acme.sh --standalone --local-address 0.0.0.0 --certpath '/acmetest/certs/domain.cer' --keypath '/acmetest/certs/domain.key'  --capath '/acmetest/certs/ca.cer'  --reloadcmd 'echo this is reload'  --fullchainpath  '/acmetest/certs/full.cer'[1;31;32m [PASS][0m
'/root/.acme.sh/testdocker.acme.sh/testdocker.acme.sh.cer' equals '/acmetest/certs/domain.cer'[1;31;32m [PASS][0m
'/root/.acme.sh/testdocker.acme.sh/testdocker.acme.sh.key' equals '/acmetest/certs/domain.key'[1;31;32m [PASS][0m
'/root/.acme.sh/testdocker.acme.sh/ca.cer' equals '/acmetest/certs/ca.cer'[1;31;32m [PASS][0m
'/root/.acme.sh/testdocker.acme.sh/fullchain.cer' equals '/acmetest/certs/full.cer'[1;31;32m [PASS][0m
/root/.acme.sh/acme.sh --renew -d testdocker.acme.sh --force[1;31;32m [PASS][0m
/root/.acme.sh/testdocker.acme.sh/testdocker.acme.sh.cer is cert ? 'testdocker.acme.sh' 'Fake LE Intermediate X1'[1;31;32m [PASS][0m
/root/.acme.sh/testdocker.acme.sh/ca.cer is cert ? 'Fake LE Intermediate X1'[1;31;32m [PASS][0m
'/root/.acme.sh/testdocker.acme.sh/testdocker.acme.sh.cer' equals '/acmetest/certs/domain.cer'[1;31;32m [PASS][0m
'/root/.acme.sh/testdocker.acme.sh/testdocker.acme.sh.key' equals '/acmetest/certs/domain.key'[1;31;32m [PASS][0m
'/root/.acme.sh/testdocker.acme.sh/ca.cer' equals '/acmetest/certs/ca.cer'[1;31;32m [PASS][0m
'/root/.acme.sh/testdocker.acme.sh/fullchain.cer' equals '/acmetest/certs/full.cer'[1;31;32m [PASS][0m
------------------------------------------
[1;31;32mProgress: 9/20[0m
==Running le_test_standandalone_listen_v4_v2 please wait
/root/.acme.sh/acme.sh --issue -d testdocker.acme.sh --standalone --listen-v4 --certpath '/acmetest/certs/domain.cer' --keypath '/acmetest/certs/domain.key'  --capath '/acmetest/certs/ca.cer'  --reloadcmd 'echo this is reload'  --fullchainpath  '/acmetest/certs/full.cer'[1;31;32m [PASS][0m
'/root/.acme.sh/testdocker.acme.sh/testdocker.acme.sh.cer' equals '/acmetest/certs/domain.cer'[1;31;32m [PASS][0m
'/root/.acme.sh/testdocker.acme.sh/testdocker.acme.sh.key' equals '/acmetest/certs/domain.key'[1;31;32m [PASS][0m
'/root/.acme.sh/testdocker.acme.sh/ca.cer' equals '/acmetest/certs/ca.cer'[1;31;32m [PASS][0m
'/root/.acme.sh/testdocker.acme.sh/fullchain.cer' equals '/acmetest/certs/full.cer'[1;31;32m [PASS][0m
/root/.acme.sh/acme.sh --renew -d testdocker.acme.sh --force[1;31;32m [PASS][0m
/root/.acme.sh/testdocker.acme.sh/testdocker.acme.sh.cer is cert ? 'testdocker.acme.sh' 'Fake LE Intermediate X1'[1;31;32m [PASS][0m
/root/.acme.sh/testdocker.acme.sh/ca.cer is cert ? 'Fake LE Intermediate X1'[1;31;32m [PASS][0m
'/root/.acme.sh/testdocker.acme.sh/testdocker.acme.sh.cer' equals '/acmetest/certs/domain.cer'[1;31;32m [PASS][0m
'/root/.acme.sh/testdocker.acme.sh/testdocker.acme.sh.key' equals '/acmetest/certs/domain.key'[1;31;32m [PASS][0m
'/root/.acme.sh/testdocker.acme.sh/ca.cer' equals '/acmetest/certs/ca.cer'[1;31;32m [PASS][0m
'/root/.acme.sh/testdocker.acme.sh/fullchain.cer' equals '/acmetest/certs/full.cer'[1;31;32m [PASS][0m
------------------------------------------
[1;31;32mProgress: 10/20[0m
==Running le_test_standandalone_listen_v6_v2 please wait
Skip
------------------------------------------
[1;31;32mProgress: 11/20[0m
==Running le_test_standandalone_deactivate_v2 please wait
/root/.acme.sh/acme.sh --issue -d testdocker.acme.sh --standalone --certpath '/acmetest/certs/domain.cer' --keypath '/acmetest/certs/domain.key'  --capath '/acmetest/certs/ca.cer'  --reloadcmd 'echo this is reload'  --fullchainpath  '/acmetest/certs/full.cer'[1;31;32m [PASS][0m
'/root/.acme.sh/testdocker.acme.sh/testdocker.acme.sh.cer' equals '/acmetest/certs/domain.cer'[1;31;32m [PASS][0m
'/root/.acme.sh/testdocker.acme.sh/testdocker.acme.sh.key' equals '/acmetest/certs/domain.key'[1;31;32m [PASS][0m
'/root/.acme.sh/testdocker.acme.sh/ca.cer' equals '/acmetest/certs/ca.cer'[1;31;32m [PASS][0m
'/root/.acme.sh/testdocker.acme.sh/fullchain.cer' equals '/acmetest/certs/full.cer'[1;31;32m [PASS][0m
/root/.acme.sh/acme.sh --deactivate -d testdocker.acme.sh[1;31;32m [PASS][0m
------------------------------------------
[1;31;32mProgress: 12/20[0m
==Running le_test_standandalone please wait
/root/.acme.sh/acme.sh issue no testdocker.acme.sh[1;31;32m [PASS][0m
/root/.acme.sh/testdocker.acme.sh/testdocker.acme.sh.cer is cert ? 'testdocker.acme.sh' 'Fake LE Intermediate X1'[1;31;32m [PASS][0m
/root/.acme.sh/testdocker.acme.sh/ca.cer is cert ? 'Fake LE Intermediate X1'[1;31;32m [PASS][0m
------------------------------------------
[1;31;32mProgress: 13/20[0m
==Running le_test_standandalone_SAN please wait
/root/.acme.sh/acme.sh issue no testdocker.acme.sh testdocker2.acme.sh[1;31;32m [PASS][0m
/root/.acme.sh/testdocker.acme.sh/testdocker.acme.sh.cer is cert ? 'testdocker.acme.sh' 'Fake LE Intermediate X1'[1;31;32m [PASS][0m
/root/.acme.sh/testdocker.acme.sh/ca.cer is cert ? 'Fake LE Intermediate X1'[1;31;32m [PASS][0m
------------------------------------------
[1;31;32mProgress: 14/20[0m
==Running le_test_standandalone_ECDSA_256 please wait
/root/.acme.sh/acme.sh issue no testdocker.acme.sh no ec-256[1;31;32m [PASS][0m
/root/.acme.sh/testdocker.acme.sh_ecc/testdocker.acme.sh.cer is cert ? 'testdocker.acme.sh' 'Fake LE Intermediate X1'[1;31;32m [PASS][0m
/root/.acme.sh/testdocker.acme.sh_ecc/ca.cer is cert ? 'Fake LE Intermediate X1'[1;31;32m [PASS][0m
------------------------------------------
[1;31;32mProgress: 15/20[0m
==Running le_test_standandalone_ECDSA_256_renew please wait
/root/.acme.sh/acme.sh issue no testdocker.acme.sh no ec-256[1;31;32m [PASS][0m
FORCE=1 /root/.acme.sh/acme.sh renew testdocker.acme.sh[1;31;32m [PASS][0m
------------------------------------------
[1;31;32mProgress: 16/20[0m
==Running le_test_standandalone_ECDSA_256_SAN_renew please wait
/root/.acme.sh/acme.sh issue no testdocker.acme.sh testdocker2.acme.sh ec-256[1;31;32m [PASS][0m
FORCE=1 /root/.acme.sh/acme.sh renew testdocker.acme.sh[1;31;32m [PASS][0m
------------------------------------------
[1;31;32mProgress: 17/20[0m
==Running le_test_standandalone_ECDSA_256_SAN_renew_v2 please wait
/root/.acme.sh/acme.sh --issue -d testdocker.acme.sh -d testdocker2.acme.sh --standalone --keylength ec-256 --certpath '/acmetest/certs/domain.cer' --keypath '/acmetest/certs/domain.key'  --capath '/acmetest/certs/ca.cer'  --reloadcmd 'echo this is reload'  --fullchainpath  '/acmetest/certs/full.cer'[1;31;32m [PASS][0m
'/root/.acme.sh/testdocker.acme.sh_ecc/testdocker.acme.sh.cer' equals '/acmetest/certs/domain.cer'[1;31;32m [PASS][0m
'/root/.acme.sh/testdocker.acme.sh_ecc/testdocker.acme.sh.key' equals '/acmetest/certs/domain.key'[1;31;32m [PASS][0m
'/root/.acme.sh/testdocker.acme.sh_ecc/ca.cer' equals '/acmetest/certs/ca.cer'[1;31;32m [PASS][0m
'/root/.acme.sh/testdocker.acme.sh_ecc/fullchain.cer' equals '/acmetest/certs/full.cer'[1;31;32m [PASS][0m
/root/.acme.sh/acme.sh --renew --ecc -d testdocker.acme.sh --force[1;31;32m [PASS][0m
/root/.acme.sh/testdocker.acme.sh_ecc/testdocker.acme.sh.cer is cert ? 'testdocker.acme.sh' 'Fake LE Intermediate X1'[1;31;32m [PASS][0m
/root/.acme.sh/testdocker.acme.sh_ecc/ca.cer is cert ? 'Fake LE Intermediate X1'[1;31;32m [PASS][0m
'/root/.acme.sh/testdocker.acme.sh_ecc/testdocker.acme.sh.cer' equals '/acmetest/certs/domain.cer'[1;31;32m [PASS][0m
'/root/.acme.sh/testdocker.acme.sh_ecc/testdocker.acme.sh.key' equals '/acmetest/certs/domain.key'[1;31;32m [PASS][0m
'/root/.acme.sh/testdocker.acme.sh_ecc/ca.cer' equals '/acmetest/certs/ca.cer'[1;31;32m [PASS][0m
'/root/.acme.sh/testdocker.acme.sh_ecc/fullchain.cer' equals '/acmetest/certs/full.cer'[1;31;32m [PASS][0m
------------------------------------------
[1;31;32mProgress: 18/20[0m
==Running le_test_standandalone_ECDSA_384 please wait
/root/.acme.sh/acme.sh issue no testdocker.acme.sh no ec-384[1;31;32m [PASS][0m
/root/.acme.sh/testdocker.acme.sh_ecc/testdocker.acme.sh.cer is cert ? 'testdocker.acme.sh' 'Fake LE Intermediate X1'[1;31;32m [PASS][0m
/root/.acme.sh/testdocker.acme.sh_ecc/ca.cer is cert ? 'Fake LE Intermediate X1'[1;31;32m [PASS][0m
------------------------------------------
[1;31;32mProgress: 19/20[0m
==Running le_test_standandalone_tls_renew_SAN_v2 please wait
/root/.acme.sh/acme.sh --issue -d testdocker.acme.sh --tls  -d testdocker2.acme.sh --standalone [1;31;32m [PASS][0m
/root/.acme.sh/acme.sh --renew -d testdocker.acme.sh --force[1;31;32m [PASS][0m
/root/.acme.sh/testdocker.acme.sh/testdocker.acme.sh.cer is cert ? 'testdocker.acme.sh' 'Fake LE Intermediate X1'[1;31;32m [PASS][0m
/root/.acme.sh/testdocker.acme.sh/ca.cer is cert ? 'Fake LE Intermediate X1'[1;31;32m [PASS][0m
------------------------------------------
[1;31;32mProgress: 20/20[0m
==Running le_test_tls_renew_SAN_v2 please wait
/root/.acme.sh/acme.sh --issue -d testdocker.acme.sh -d testdocker2.acme.sh --tls[1;31;32m [PASS][0m
/root/.acme.sh/acme.sh --renew -d testdocker.acme.sh --force[1;31;32m [PASS][0m
/root/.acme.sh/testdocker.acme.sh/testdocker.acme.sh.cer is cert ? 'testdocker.acme.sh' 'Fake LE Intermediate X1'[1;31;32m [PASS][0m
/root/.acme.sh/testdocker.acme.sh/ca.cer is cert ? 'Fake LE Intermediate X1'[1;31;32m [PASS][0m
------------------------------------------
