Sending build context to Docker daemon 2.048 kB
Step 1 : FROM centos:7
 ---> 8596123a638e
Step 2 : RUN yum -q -y update     2>&1
 ---> Using cache
 ---> 3233fb5de123
Step 3 : RUN yum -q -y install    openssl crontabs nc curl  2>&1
 ---> Using cache
 ---> befb80bad2f0
Successfully built befb80bad2f0
Thu, 17 Nov 2016 07:27:23 UTC
Testing branch: master
Progress: 1/21
==Running le_test_dependencies please wait
no crontab for root
no crontab for root
curl installed. [PASS]
crontab installed. [PASS]
openssl installed. [PASS]
nc installed. [PASS]
------------------------------------------
Progress: 2/21
==Running le_test_install please wait
./acme.sh install [PASS]
/root/.acme.sh/acme.sh exists. [PASS]
equals 0 0 * * * "/root/.acme.sh"/acme.sh --cron --home "/root/.acme.sh" > /dev/null [PASS]
/root/.acme.sh/acme.sh uninstall  > /dev/null [PASS]
------------------------------------------
Progress: 3/21
==Running le_test_uninstall please wait
./acme.sh install [PASS]
/root/.acme.sh/acme.sh uninstall [PASS]
/root/.acme.sh/acme.sh no exists. [PASS]
equals  [PASS]
------------------------------------------
Progress: 4/21
==Running le_test_installtodir please wait
./acme.sh install [PASS]
/root/myle/acme.sh exists. [PASS]
equals 0 0 * * * "/root/myle"/acme.sh --cron --home "/root/myle" > /dev/null [PASS]
/root/myle/acme.sh uninstall [PASS]
------------------------------------------
Progress: 5/21
==Running le_test_uninstalltodir please wait
./acme.sh install [PASS]
/root/myle/acme.sh uninstall [PASS]
/root/myle/acme.sh no exists. [PASS]
equals  [PASS]
------------------------------------------
Progress: 6/21
==Running le_test_standandalone_renew please wait
/root/.acme.sh/acme.sh issue no testdocker.acme.sh[1;31;40m [FAIL] 
[Thu Nov 17 07:27:30 UTC 2016] new-authz error: {"type":"urn:acme:error:serverInternal","status": 500}
[Thu Nov 17 07:27:30 UTC 2016] Can not get domain new authz token.
------------------------------------------
Progress: 7/21
==Running le_test_standandalone_renew_v2 please wait
/root/.acme.sh/acme.sh --issue -d testdocker.acme.sh --standalone --certpath '/acmetest/certs/domain.cer' --keypath '/acmetest/certs/domain.key'  --capath '/acmetest/certs/ca.cer'  --reloadcmd 'echo this is reload'  --fullchainpath  '/acmetest/certs/full.cer'[1;31;40m [FAIL] 
[Thu Nov 17 07:27:34 UTC 2016] new-authz error: {"type":"urn:acme:error:serverInternal","status": 500}
[Thu Nov 17 07:27:34 UTC 2016] Can not get domain new authz token.
------------------------------------------
Progress: 8/21
==Running le_test_standandalone_renew_localaddress_v2 please wait
/root/.acme.sh/acme.sh --issue -d testdocker.acme.sh --standalone --local-address 0.0.0.0 --certpath '/acmetest/certs/domain.cer' --keypath '/acmetest/certs/domain.key'  --capath '/acmetest/certs/ca.cer'  --reloadcmd 'echo this is reload'  --fullchainpath  '/acmetest/certs/full.cer'[1;31;40m [FAIL] 
[Thu Nov 17 07:27:38 UTC 2016] new-authz error: {"type":"urn:acme:error:serverInternal","status": 500}
[Thu Nov 17 07:27:38 UTC 2016] Can not get domain new authz token.
------------------------------------------
Progress: 9/21
==Running le_test_standandalone_listen_v4_v2 please wait
/root/.acme.sh/acme.sh --issue -d testdocker.acme.sh --standalone --listen-v4 --certpath '/acmetest/certs/domain.cer' --keypath '/acmetest/certs/domain.key'  --capath '/acmetest/certs/ca.cer'  --reloadcmd 'echo this is reload'  --fullchainpath  '/acmetest/certs/full.cer'[1;31;40m [FAIL] 
[Thu Nov 17 07:27:42 UTC 2016] new-authz error: {"type":"urn:acme:error:serverInternal","status": 500}
[Thu Nov 17 07:27:42 UTC 2016] Can not get domain new authz token.
------------------------------------------
Progress: 10/21
==Running le_test_standandalone_listen_v6_v2 please wait
Skipped by TEST_IPV6
[Thu Nov 17 07:27:44 UTC 2016] new-authz error: {"type":"urn:acme:error:serverInternal","status": 500}
[Thu Nov 17 07:27:44 UTC 2016] Can not get domain new authz token.
------------------------------------------
Progress: 11/21
==Running le_test_standandalone_deactivate_v2 please wait
/root/.acme.sh/acme.sh --issue -d testdocker.acme.sh --standalone --certpath '/acmetest/certs/domain.cer' --keypath '/acmetest/certs/domain.key'  --capath '/acmetest/certs/ca.cer'  --reloadcmd 'echo this is reload'  --fullchainpath  '/acmetest/certs/full.cer'[1;31;40m [FAIL] 
[Thu Nov 17 07:27:48 UTC 2016] new-authz error: {"type":"urn:acme:error:serverInternal","status": 500}
[Thu Nov 17 07:27:48 UTC 2016] Can not get domain new authz token.
------------------------------------------
Progress: 12/21
==Running le_test_standandalone please wait
/root/.acme.sh/acme.sh issue no testdocker.acme.sh[1;31;40m [FAIL] 
[Thu Nov 17 07:27:52 UTC 2016] new-authz error: {"type":"urn:acme:error:serverInternal","status": 500}
[Thu Nov 17 07:27:52 UTC 2016] Can not get domain new authz token.
------------------------------------------
Progress: 13/21
==Running le_test_standandalone_SAN please wait
/root/.acme.sh/acme.sh issue no "testdocker.acme.sh" "testdocker2.acme.sh"[1;31;40m [FAIL] 
[Thu Nov 17 07:27:56 UTC 2016] new-authz error: {"type":"urn:acme:error:serverInternal","status": 500}
[Thu Nov 17 07:27:56 UTC 2016] Can not get domain new authz token.
------------------------------------------
Progress: 14/21
==Running le_test_standandalone_ECDSA_256 please wait
/root/.acme.sh/acme.sh issue no testdocker.acme.sh no ec-256[1;31;40m [FAIL] 
[Thu Nov 17 07:28:00 UTC 2016] new-authz error: {"type":"urn:acme:error:serverInternal","status": 500}
[Thu Nov 17 07:28:00 UTC 2016] Can not get domain new authz token.
------------------------------------------
Progress: 15/21
==Running le_test_standandalone_ECDSA_256_renew please wait
/root/.acme.sh/acme.sh issue no testdocker.acme.sh no ec-256[1;31;40m [FAIL] 
[Thu Nov 17 07:28:04 UTC 2016] new-authz error: {"type":"urn:acme:error:serverInternal","status": 500}
[Thu Nov 17 07:28:04 UTC 2016] Can not get domain new authz token.
------------------------------------------
Progress: 16/21
==Running le_test_standandalone_ECDSA_256_SAN_renew please wait
/root/.acme.sh/acme.sh issue no "testdocker.acme.sh" "testdocker2.acme.sh" ec-256[1;31;40m [FAIL] 
[Thu Nov 17 07:28:08 UTC 2016] new-authz error: {"type":"urn:acme:error:serverInternal","status": 500}
[Thu Nov 17 07:28:08 UTC 2016] Can not get domain new authz token.
------------------------------------------
Progress: 17/21
==Running le_test_standandalone_ECDSA_256_SAN_renew_v2 please wait
/root/.acme.sh/acme.sh --issue -d "testdocker.acme.sh" -d "testdocker2.acme.sh" --standalone --keylength ec-256 --certpath '/acmetest/certs/domain.cer' --keypath '/acmetest/certs/domain.key'  --capath '/acmetest/certs/ca.cer'  --reloadcmd 'echo this is reload'  --fullchainpath  '/acmetest/certs/full.cer'[1;31;40m [FAIL] 
[Thu Nov 17 07:28:12 UTC 2016] new-authz error: {"type":"urn:acme:error:serverInternal","status": 500}
[Thu Nov 17 07:28:12 UTC 2016] Can not get domain new authz token.
------------------------------------------
Progress: 18/21
==Running le_test_standandalone_ECDSA_384 please wait
/root/.acme.sh/acme.sh issue no "testdocker.acme.sh" no ec-384[1;31;40m [FAIL] 
[Thu Nov 17 07:28:16 UTC 2016] new-authz error: {"type":"urn:acme:error:serverInternal","status": 500}
[Thu Nov 17 07:28:16 UTC 2016] Can not get domain new authz token.
------------------------------------------
Progress: 19/21
==Running le_test_standandalone_tls_renew_SAN_v2 please wait
/root/.acme.sh/acme.sh --issue -d "testdocker.acme.sh" --tls  -d "testdocker2.acme.sh" --standalone [1;31;40m [FAIL] 
[Thu Nov 17 07:28:20 UTC 2016] new-authz error: {"type":"urn:acme:error:serverInternal","status": 500}
[Thu Nov 17 07:28:20 UTC 2016] Can not get domain new authz token.
------------------------------------------
Progress: 20/21
==Running le_test_tls_renew_SAN_v2 please wait
/root/.acme.sh/acme.sh --issue -d "testdocker.acme.sh" -d "testdocker2.acme.sh" --tls[1;31;40m [FAIL] 
[Thu Nov 17 07:28:25 UTC 2016] new-authz error: {"type":"urn:acme:error:serverInternal","status": 500}
[Thu Nov 17 07:28:25 UTC 2016] Can not get domain new authz token.
------------------------------------------
Progress: 21/21
==Running le_test_standandalone_renew_idn_v2 please wait
Skipped by TEST_IDN
[Thu Nov 17 07:28:27 UTC 2016] new-authz error: {"type":"urn:acme:error:serverInternal","status": 500}
[Thu Nov 17 07:28:27 UTC 2016] Can not get domain new authz token.
------------------------------------------
