Sending build context to Docker daemon  2.048kB
Step 1/2 : FROM clearlinux:latest
 ---> 159a8bc65f1b
Step 2/2 : RUN  swupd bundle-add cronie socat curl devpkg-libidn  2>&1
 ---> Using cache
 ---> bd09a4c29738
Successfully built bd09a4c29738
Successfully tagged myclearlinux:latest
Fri, 28 Aug 2020 03:58:52 UTC
Testing branch: master
Progress: 0/1/21
==Running le_test_dependencies please wait
/var/spool/cron: No such file or directory
/var/spool/cron: created
no crontab for root
no crontab for root
curl installed. [PASS]
crontab installed. [PASS]
openssl installed. [PASS]
socat installed. [PASS]
------------------------------------------
Progress: 0/2/21
==Running le_test_install please wait
./acme.sh --install [PASS]
//.acme.sh/acme.sh exists. [PASS]
_contains '54 0 * * * "//.acme.sh"/acme.sh --cron --home "//.acme.sh" > /dev/null' '0 \* \* \* "//.acme.sh"/acme.sh --cron --home "//.acme.sh" > /dev/null' [PASS]
//.acme.sh/acme.sh --uninstall  > /dev/null [PASS]
------------------------------------------
Progress: 0/3/21
==Running le_test_uninstall please wait
./acme.sh --install [PASS]
//.acme.sh/acme.sh --uninstall [PASS]
//.acme.sh/acme.sh no exists. [PASS]
equals  [PASS]
------------------------------------------
Progress: 0/4/21
==Running le_test_installtodir please wait
./acme.sh --install [PASS]
//myle/acme.sh exists. [PASS]
_contains '58 0 * * * "//myle"/acme.sh --cron --home "//myle" > /dev/null' '0 \* \* \* "//myle"/acme.sh --cron --home "//myle" > /dev/null' [PASS]
//myle/acme.sh --uninstall [PASS]
------------------------------------------
Progress: 0/5/21
==Running le_test_uninstalltodir please wait
./acme.sh --install [PASS]
//myle/acme.sh --uninstall [PASS]
//myle/acme.sh no exists. [PASS]
equals  [PASS]
------------------------------------------
Progress: 0/6/21
==Running le_test_install_config_home please wait
./acme.sh --install --config-home //etc/acme [PASS]
//.acme.sh/acme.sh exists. [PASS]
_contains '0 0 * * * "//.acme.sh"/acme.sh --cron --home "//.acme.sh" --config-home "//etc/acme" > /dev/null' '0 \* \* \* "//.acme.sh"/acme.sh --cron --home "//.acme.sh" --config-home "//etc/acme" > /dev/null' [PASS]
//etc/acme/account.conf exists. [PASS]
//.acme.sh/account.conf no exists. [PASS]
//.acme.sh/acme.sh --cron --config-home //etc/acme > /dev/null [PASS]
//.acme.sh/acme.sh --uninstall --config-home //etc/acme > /dev/null [PASS]
//etc/acme/account.conf exists. [PASS]
//.acme.sh/account.conf no exists. [PASS]
------------------------------------------
Progress: 0/7/21
==Running le_test_standandalone_renew please wait
//.acme.sh/acme.sh --issue -d testdocker.acme.sh --standalone [PASS]
//.acme.sh/acme.sh --renew -d testdocker.acme.sh -f [PASS]
------------------------------------------
Progress: 0/8/21
==Running le_test_standandalone_renew_v2 please wait
//.acme.sh/acme.sh --issue -d testdocker.acme.sh --standalone --certpath '/acmetest/certs/domain.cer' --keypath '/acmetest/certs/domain.key'  --capath '/acmetest/certs/ca.cer'  --reloadcmd 'echo this is reload'  --fullchainpath  '/acmetest/certs/full.cer' [PASS]
'//.acme.sh/testdocker.acme.sh/testdocker.acme.sh.cer' equals '/acmetest/certs/domain.cer' [PASS]
'//.acme.sh/testdocker.acme.sh/testdocker.acme.sh.key' equals '/acmetest/certs/domain.key' [PASS]
'//.acme.sh/testdocker.acme.sh/ca.cer' equals '/acmetest/certs/ca.cer' [PASS]
'//.acme.sh/testdocker.acme.sh/fullchain.cer' equals '/acmetest/certs/full.cer' [PASS]
//.acme.sh/acme.sh --renew -d testdocker.acme.sh --force [PASS]
//.acme.sh/testdocker.acme.sh/testdocker.acme.sh.cer is cert ? 'testdocker.acme.sh' 'Fake LE Intermediate X1' [PASS]
//.acme.sh/testdocker.acme.sh/ca.cer is cert ? 'Fake LE Intermediate X1' [PASS]
'//.acme.sh/testdocker.acme.sh/testdocker.acme.sh.cer' equals '/acmetest/certs/domain.cer' [PASS]
'//.acme.sh/testdocker.acme.sh/testdocker.acme.sh.key' equals '/acmetest/certs/domain.key' [PASS]
'//.acme.sh/testdocker.acme.sh/ca.cer' equals '/acmetest/certs/ca.cer' [PASS]
'//.acme.sh/testdocker.acme.sh/fullchain.cer' equals '/acmetest/certs/full.cer' [PASS]
------------------------------------------
Progress: 0/9/21
==Running le_test_standandalone_renew_localaddress_v2 please wait
//.acme.sh/acme.sh --issue -d testdocker.acme.sh --standalone --local-address 0.0.0.0 --certpath '/acmetest/certs/domain.cer' --keypath '/acmetest/certs/domain.key'  --capath '/acmetest/certs/ca.cer'  --reloadcmd 'echo this is reload'  --fullchainpath  '/acmetest/certs/full.cer' [PASS]
'//.acme.sh/testdocker.acme.sh/testdocker.acme.sh.cer' equals '/acmetest/certs/domain.cer' [PASS]
'//.acme.sh/testdocker.acme.sh/testdocker.acme.sh.key' equals '/acmetest/certs/domain.key' [PASS]
'//.acme.sh/testdocker.acme.sh/ca.cer' equals '/acmetest/certs/ca.cer' [PASS]
'//.acme.sh/testdocker.acme.sh/fullchain.cer' equals '/acmetest/certs/full.cer' [PASS]
//.acme.sh/acme.sh --renew -d testdocker.acme.sh --force [PASS]
//.acme.sh/testdocker.acme.sh/testdocker.acme.sh.cer is cert ? 'testdocker.acme.sh' 'Fake LE Intermediate X1' [PASS]
//.acme.sh/testdocker.acme.sh/ca.cer is cert ? 'Fake LE Intermediate X1' [PASS]
'//.acme.sh/testdocker.acme.sh/testdocker.acme.sh.cer' equals '/acmetest/certs/domain.cer' [PASS]
'//.acme.sh/testdocker.acme.sh/testdocker.acme.sh.key' equals '/acmetest/certs/domain.key' [PASS]
'//.acme.sh/testdocker.acme.sh/ca.cer' equals '/acmetest/certs/ca.cer' [PASS]
'//.acme.sh/testdocker.acme.sh/fullchain.cer' equals '/acmetest/certs/full.cer' [PASS]
------------------------------------------
Progress: 0/10/21
==Running le_test_standandalone_listen_v4_v2 please wait
//.acme.sh/acme.sh --issue -d testdocker.acme.sh --standalone --listen-v4 --cert-file '/acmetest/certs/domain.cer' --key-file '/acmetest/certs/domain.key'  --ca-file '/acmetest/certs/ca.cer'  --reloadcmd 'echo this is reload'  --fullchain-file  '/acmetest/certs/full.cer' [PASS]
'//.acme.sh/testdocker.acme.sh/testdocker.acme.sh.cer' equals '/acmetest/certs/domain.cer' [PASS]
'//.acme.sh/testdocker.acme.sh/testdocker.acme.sh.key' equals '/acmetest/certs/domain.key' [PASS]
'//.acme.sh/testdocker.acme.sh/ca.cer' equals '/acmetest/certs/ca.cer' [PASS]
'//.acme.sh/testdocker.acme.sh/fullchain.cer' equals '/acmetest/certs/full.cer' [PASS]
//.acme.sh/acme.sh --renew -d testdocker.acme.sh --force [PASS]
//.acme.sh/testdocker.acme.sh/testdocker.acme.sh.cer is cert ? 'testdocker.acme.sh' 'Fake LE Intermediate X1' [PASS]
//.acme.sh/testdocker.acme.sh/ca.cer is cert ? 'Fake LE Intermediate X1' [PASS]
'//.acme.sh/testdocker.acme.sh/testdocker.acme.sh.cer' equals '/acmetest/certs/domain.cer' [PASS]
'//.acme.sh/testdocker.acme.sh/testdocker.acme.sh.key' equals '/acmetest/certs/domain.key' [PASS]
'//.acme.sh/testdocker.acme.sh/ca.cer' equals '/acmetest/certs/ca.cer' [PASS]
'//.acme.sh/testdocker.acme.sh/fullchain.cer' equals '/acmetest/certs/full.cer' [PASS]
------------------------------------------
Progress: 0/11/21
==Running le_test_standandalone_listen_v6_v2 please wait
Skipped by TEST_IPV6
------------------------------------------
Progress: 0/12/21
==Running le_test_standandalone_deactivate_v2 please wait
//.acme.sh/acme.sh --issue -d testdocker.acme.sh --standalone --certpath '/acmetest/certs/domain.cer' --keypath '/acmetest/certs/domain.key'  --capath '/acmetest/certs/ca.cer'  --reloadcmd 'echo this is reload'  --fullchainpath  '/acmetest/certs/full.cer' [PASS]
'//.acme.sh/testdocker.acme.sh/testdocker.acme.sh.cer' equals '/acmetest/certs/domain.cer' [PASS]
'//.acme.sh/testdocker.acme.sh/testdocker.acme.sh.key' equals '/acmetest/certs/domain.key' [PASS]
'//.acme.sh/testdocker.acme.sh/ca.cer' equals '/acmetest/certs/ca.cer' [PASS]
'//.acme.sh/testdocker.acme.sh/fullchain.cer' equals '/acmetest/certs/full.cer' [PASS]
//.acme.sh/acme.sh --deactivate -d testdocker.acme.sh [PASS]
------------------------------------------
Progress: 0/13/21
==Running le_test_standandalone please wait
//.acme.sh/acme.sh --issue -d testdocker.acme.sh --standalone [PASS]
//.acme.sh/testdocker.acme.sh/testdocker.acme.sh.cer is cert ? 'testdocker.acme.sh' 'Fake LE Intermediate X1' [PASS]
//.acme.sh/testdocker.acme.sh/ca.cer is cert ? 'Fake LE Intermediate X1' [PASS]
------------------------------------------
Progress: 0/14/21
==Running le_test_standandalone_SAN please wait
//.acme.sh/acme.sh --issue -d "testdocker.acme.sh" -d "testdocker2.acme.sh" --standalone [PASS]
//.acme.sh/testdocker.acme.sh/testdocker.acme.sh.cer is cert ? 'testdocker.acme.sh' 'Fake LE Intermediate X1' [PASS]
//.acme.sh/testdocker.acme.sh/ca.cer is cert ? 'Fake LE Intermediate X1' [PASS]
------------------------------------------
Progress: 0/15/21
==Running le_test_standandalone_ECDSA_256 please wait
//.acme.sh/acme.sh --issue -d testdocker.acme.sh --standalone -k ec-256 [PASS]
//.acme.sh/testdocker.acme.sh_ecc/testdocker.acme.sh.cer is cert ? 'testdocker.acme.sh' 'Fake LE Intermediate X1' [PASS]
//.acme.sh/testdocker.acme.sh_ecc/ca.cer is cert ? 'Fake LE Intermediate X1' [PASS]
------------------------------------------
Progress: 0/16/21
==Running le_test_standandalone_ECDSA_256_renew please wait
//.acme.sh/acme.sh --issue --standalone -d testdocker.acme.sh  -k ec-256 [PASS]
//.acme.sh/acme.sh --renew -d testdocker.acme.sh --force --ecc [PASS]
------------------------------------------
Progress: 0/17/21
==Running le_test_standandalone_ECDSA_256_SAN_renew please wait
//.acme.sh/acme.sh --issue --standalone -d "testdocker.acme.sh" -d "testdocker2.acme.sh" -k ec-256 [PASS]
//.acme.sh/acme.sh --renew -d "testdocker.acme.sh" --force --ecc [PASS]
------------------------------------------
Progress: 0/18/21
==Running le_test_standandalone_ECDSA_256_SAN_renew_v2 please wait
//.acme.sh/acme.sh --issue -d "testdocker.acme.sh" -d "testdocker2.acme.sh" --standalone --keylength ec-256 --certpath '/acmetest/certs/domain.cer' --keypath '/acmetest/certs/domain.key'  --capath '/acmetest/certs/ca.cer'  --reloadcmd 'echo this is reload'  --fullchainpath  '/acmetest/certs/full.cer' [PASS]
'//.acme.sh/testdocker.acme.sh_ecc/testdocker.acme.sh.cer' equals '/acmetest/certs/domain.cer' [PASS]
'//.acme.sh/testdocker.acme.sh_ecc/testdocker.acme.sh.key' equals '/acmetest/certs/domain.key' [PASS]
'//.acme.sh/testdocker.acme.sh_ecc/ca.cer' equals '/acmetest/certs/ca.cer' [PASS]
'//.acme.sh/testdocker.acme.sh_ecc/fullchain.cer' equals '/acmetest/certs/full.cer' [PASS]
//.acme.sh/acme.sh --renew --ecc -d "testdocker.acme.sh" --force [PASS]
//.acme.sh/testdocker.acme.sh_ecc/testdocker.acme.sh.cer is cert ? 'testdocker.acme.sh' 'Fake LE Intermediate X1' [PASS]
//.acme.sh/testdocker.acme.sh_ecc/ca.cer is cert ? 'Fake LE Intermediate X1' [PASS]
'//.acme.sh/testdocker.acme.sh_ecc/testdocker.acme.sh.cer' equals '/acmetest/certs/domain.cer' [PASS]
'//.acme.sh/testdocker.acme.sh_ecc/testdocker.acme.sh.key' equals '/acmetest/certs/domain.key' [PASS]
'//.acme.sh/testdocker.acme.sh_ecc/ca.cer' equals '/acmetest/certs/ca.cer' [PASS]
'//.acme.sh/testdocker.acme.sh_ecc/fullchain.cer' equals '/acmetest/certs/full.cer' [PASS]
------------------------------------------
Progress: 0/19/21
==Running le_test_standandalone_ECDSA_384 please wait
//.acme.sh/acme.sh --issue --standalone -d "testdocker.acme.sh" -k ec-384 [PASS]
//.acme.sh/testdocker.acme.sh_ecc/testdocker.acme.sh.cer is cert ? 'testdocker.acme.sh' 'Fake LE Intermediate X1' [PASS]
//.acme.sh/testdocker.acme.sh_ecc/ca.cer is cert ? 'Fake LE Intermediate X1' [PASS]
------------------------------------------
Progress: 0/20/21
==Running le_test_standandalone_renew_idn_v2 please wait
Skipped by TEST_IDN
------------------------------------------
Progress: 0/21/21
==Running le_test_dnsapi please wait
Skipped by TEST_DNS
------------------------------------------
