Sending build context to Docker daemon 2.048 kB
Step 1 : FROM debian:7
 ---> 2e9c7e5da19c
Step 2 : RUN apt-get -qqy update  2>&1 && apt-get -qqy install openssl cron netcat-openbsd curl idn  2>&1
 ---> Running in e1b44b1da295
debconf: delaying package configuration, since apt-utils is not installed
(Reading database ... 6732 files and directories currently installed.)
Preparing to replace perl-base 5.14.2-21+deb7u3 (using .../perl-base_5.14.2-21+deb7u4_amd64.deb) ...
Unpacking replacement perl-base ...
Setting up perl-base (5.14.2-21+deb7u4) ...
Selecting previously unselected package adduser.
(Reading database ... 6732 files and directories currently installed.)
Unpacking adduser (from .../adduser_3.113+nmu3_all.deb) ...
Selecting previously unselected package cron.
Unpacking cron (from .../cron_3.0pl1-124_amd64.deb) ...
Selecting previously unselected package libgpg-error0:amd64.
Unpacking libgpg-error0:amd64 (from .../libgpg-error0_1.10-3.1_amd64.deb) ...
Selecting previously unselected package libgcrypt11:amd64.
Unpacking libgcrypt11:amd64 (from .../libgcrypt11_1.5.0-5+deb7u5_amd64.deb) ...
Selecting previously unselected package libgdbm3:amd64.
Unpacking libgdbm3:amd64 (from .../libgdbm3_1.8.3-11_amd64.deb) ...
Selecting previously unselected package libssl1.0.0:amd64.
Unpacking libssl1.0.0:amd64 (from .../libssl1.0.0_1.0.1t-1+deb7u2_amd64.deb) ...
Selecting previously unselected package libtasn1-3:amd64.
Unpacking libtasn1-3:amd64 (from .../libtasn1-3_2.13-2+deb7u3_amd64.deb) ...
Selecting previously unselected package libp11-kit0:amd64.
Unpacking libp11-kit0:amd64 (from .../libp11-kit0_0.12-3_amd64.deb) ...
Selecting previously unselected package libgnutls26:amd64.
Unpacking libgnutls26:amd64 (from .../libgnutls26_2.12.20-8+deb7u5_amd64.deb) ...
Selecting previously unselected package libkeyutils1:amd64.
Unpacking libkeyutils1:amd64 (from .../libkeyutils1_1.5.5-3+deb7u1_amd64.deb) ...
Selecting previously unselected package libkrb5support0:amd64.
Unpacking libkrb5support0:amd64 (from .../libkrb5support0_1.10.1+dfsg-5+deb7u7_amd64.deb) ...
Selecting previously unselected package libk5crypto3:amd64.
Unpacking libk5crypto3:amd64 (from .../libk5crypto3_1.10.1+dfsg-5+deb7u7_amd64.deb) ...
Selecting previously unselected package libkrb5-3:amd64.
Unpacking libkrb5-3:amd64 (from .../libkrb5-3_1.10.1+dfsg-5+deb7u7_amd64.deb) ...
Selecting previously unselected package libgssapi-krb5-2:amd64.
Unpacking libgssapi-krb5-2:amd64 (from .../libgssapi-krb5-2_1.10.1+dfsg-5+deb7u7_amd64.deb) ...
Selecting previously unselected package libidn11:amd64.
Unpacking libidn11:amd64 (from .../libidn11_1.25-2+deb7u2_amd64.deb) ...
Selecting previously unselected package libsasl2-2:amd64.
Unpacking libsasl2-2:amd64 (from .../libsasl2-2_2.1.25.dfsg1-6+deb7u1_amd64.deb) ...
Selecting previously unselected package libldap-2.4-2:amd64.
Unpacking libldap-2.4-2:amd64 (from .../libldap-2.4-2_2.4.31-2+deb7u2_amd64.deb) ...
Selecting previously unselected package libpcre3:amd64.
Unpacking libpcre3:amd64 (from .../libpcre3_1%3a8.30-5_amd64.deb) ...
Selecting previously unselected package libbsd0:amd64.
Unpacking libbsd0:amd64 (from .../libbsd0_0.4.2-1_amd64.deb) ...
Selecting previously unselected package librtmp0:amd64.
Unpacking librtmp0:amd64 (from .../librtmp0_2.4+20111222.git4e06e21-1_amd64.deb) ...
Selecting previously unselected package libssh2-1:amd64.
Unpacking libssh2-1:amd64 (from .../libssh2-1_1.4.2-1.1+deb7u2_amd64.deb) ...
Selecting previously unselected package libcurl3:amd64.
Unpacking libcurl3:amd64 (from .../libcurl3_7.26.0-1+wheezy18_amd64.deb) ...
Selecting previously unselected package exim4-config.
Unpacking exim4-config (from .../exim4-config_4.80-7+deb7u4_all.deb) ...
Selecting previously unselected package exim4-base.
Unpacking exim4-base (from .../exim4-base_4.80-7+deb7u4_amd64.deb) ...
Selecting previously unselected package exim4-daemon-light.
Unpacking exim4-daemon-light (from .../exim4-daemon-light_4.80-7+deb7u4_amd64.deb) ...
Selecting previously unselected package exim4.
Unpacking exim4 (from .../exim4_4.80-7+deb7u4_all.deb) ...
Selecting previously unselected package krb5-locales.
Unpacking krb5-locales (from .../krb5-locales_1.10.1+dfsg-5+deb7u7_all.deb) ...
Selecting previously unselected package libclass-isa-perl.
Unpacking libclass-isa-perl (from .../libclass-isa-perl_0.36-3_all.deb) ...
Selecting previously unselected package perl-modules.
Unpacking perl-modules (from .../perl-modules_5.14.2-21+deb7u4_all.deb) ...
Selecting previously unselected package perl.
Unpacking perl (from .../perl_5.14.2-21+deb7u4_amd64.deb) ...
Selecting previously unselected package libswitch-perl.
Unpacking libswitch-perl (from .../libswitch-perl_2.16-2_all.deb) ...
Selecting previously unselected package openssl.
Unpacking openssl (from .../openssl_1.0.1t-1+deb7u2_amd64.deb) ...
Selecting previously unselected package ca-certificates.
Unpacking ca-certificates (from .../ca-certificates_20130119+deb7u1_all.deb) ...
Selecting previously unselected package curl.
Unpacking curl (from .../curl_7.26.0-1+wheezy18_amd64.deb) ...
Selecting previously unselected package heirloom-mailx.
Unpacking heirloom-mailx (from .../heirloom-mailx_12.5-2+deb7u1_amd64.deb) ...
Selecting previously unselected package idn.
Unpacking idn (from .../idn_1.25-2+deb7u2_amd64.deb) ...
Selecting previously unselected package libsasl2-modules:amd64.
Unpacking libsasl2-modules:amd64 (from .../libsasl2-modules_2.1.25.dfsg1-6+deb7u1_amd64.deb) ...
Selecting previously unselected package netcat-openbsd.
Unpacking netcat-openbsd (from .../netcat-openbsd_1.105-7_amd64.deb) ...
Selecting previously unselected package psmisc.
Unpacking psmisc (from .../psmisc_22.19-1+deb7u1_amd64.deb) ...
Setting up adduser (3.113+nmu3) ...
debconf: unable to initialize frontend: Dialog
debconf: (TERM is not set, so the dialog frontend is not usable.)
debconf: falling back to frontend: Readline
debconf: unable to initialize frontend: Readline
debconf: (This frontend requires a controlling tty.)
debconf: falling back to frontend: Teletype
Setting up cron (3.0pl1-124) ...
Adding group `crontab' (GID 102) ...
Done.
invoke-rc.d: policy-rc.d denied execution of start.
Setting up libgpg-error0:amd64 (1.10-3.1) ...
Setting up libgcrypt11:amd64 (1.5.0-5+deb7u5) ...
Setting up libgdbm3:amd64 (1.8.3-11) ...
Setting up libssl1.0.0:amd64 (1.0.1t-1+deb7u2) ...
debconf: unable to initialize frontend: Dialog
debconf: (TERM is not set, so the dialog frontend is not usable.)
debconf: falling back to frontend: Readline
debconf: unable to initialize frontend: Readline
debconf: (This frontend requires a controlling tty.)
debconf: falling back to frontend: Teletype
Setting up libtasn1-3:amd64 (2.13-2+deb7u3) ...
Setting up libp11-kit0:amd64 (0.12-3) ...
Setting up libgnutls26:amd64 (2.12.20-8+deb7u5) ...
Setting up libkeyutils1:amd64 (1.5.5-3+deb7u1) ...
Setting up libkrb5support0:amd64 (1.10.1+dfsg-5+deb7u7) ...
Setting up libk5crypto3:amd64 (1.10.1+dfsg-5+deb7u7) ...
Setting up libkrb5-3:amd64 (1.10.1+dfsg-5+deb7u7) ...
Setting up libgssapi-krb5-2:amd64 (1.10.1+dfsg-5+deb7u7) ...
Setting up libidn11:amd64 (1.25-2+deb7u2) ...
Setting up libsasl2-2:amd64 (2.1.25.dfsg1-6+deb7u1) ...
Setting up libldap-2.4-2:amd64 (2.4.31-2+deb7u2) ...
Setting up libpcre3:amd64 (1:8.30-5) ...
Setting up libbsd0:amd64 (0.4.2-1) ...
Setting up librtmp0:amd64 (2.4+20111222.git4e06e21-1) ...
Setting up libssh2-1:amd64 (1.4.2-1.1+deb7u2) ...
Setting up libcurl3:amd64 (7.26.0-1+wheezy18) ...
Setting up exim4-config (4.80-7+deb7u4) ...
debconf: unable to initialize frontend: Dialog
debconf: (TERM is not set, so the dialog frontend is not usable.)
debconf: falling back to frontend: Readline
debconf: unable to initialize frontend: Readline
debconf: (This frontend requires a controlling tty.)
debconf: falling back to frontend: Teletype
Adding system-user for exim (v4)
Setting up exim4-base (4.80-7+deb7u4) ...
debconf: unable to initialize frontend: Dialog
debconf: (TERM is not set, so the dialog frontend is not usable.)
debconf: falling back to frontend: Readline
debconf: unable to initialize frontend: Readline
debconf: (This frontend requires a controlling tty.)
debconf: falling back to frontend: Teletype
exim: DB upgrade, deleting hints-db
Setting up exim4-daemon-light (4.80-7+deb7u4) ...
debconf: unable to initialize frontend: Dialog
debconf: (TERM is not set, so the dialog frontend is not usable.)
debconf: falling back to frontend: Readline
debconf: unable to initialize frontend: Readline
debconf: (This frontend requires a controlling tty.)
debconf: falling back to frontend: Teletype
invoke-rc.d: policy-rc.d denied execution of start.
Setting up exim4 (4.80-7+deb7u4) ...
debconf: unable to initialize frontend: Dialog
debconf: (TERM is not set, so the dialog frontend is not usable.)
debconf: falling back to frontend: Readline
debconf: unable to initialize frontend: Readline
debconf: (This frontend requires a controlling tty.)
debconf: falling back to frontend: Teletype
Setting up krb5-locales (1.10.1+dfsg-5+deb7u7) ...
Setting up libclass-isa-perl (0.36-3) ...
Setting up openssl (1.0.1t-1+deb7u2) ...
Setting up ca-certificates (20130119+deb7u1) ...
debconf: unable to initialize frontend: Dialog
debconf: (TERM is not set, so the dialog frontend is not usable.)
debconf: falling back to frontend: Readline
debconf: unable to initialize frontend: Readline
debconf: (This frontend requires a controlling tty.)
debconf: falling back to frontend: Teletype
Setting up curl (7.26.0-1+wheezy18) ...
Setting up heirloom-mailx (12.5-2+deb7u1) ...
update-alternatives: using /usr/bin/heirloom-mailx to provide /usr/bin/mailx (mailx) in auto mode
Setting up idn (1.25-2+deb7u2) ...
Setting up libsasl2-modules:amd64 (2.1.25.dfsg1-6+deb7u1) ...
Setting up netcat-openbsd (1.105-7) ...
update-alternatives: using /bin/nc.openbsd to provide /bin/nc (nc) in auto mode
Setting up psmisc (22.19-1+deb7u1) ...
Setting up perl-modules (5.14.2-21+deb7u4) ...
Setting up perl (5.14.2-21+deb7u4) ...
update-alternatives: using /usr/bin/prename to provide /usr/bin/rename (rename) in auto mode
Setting up libswitch-perl (2.16-2) ...
Processing triggers for ca-certificates ...
Updating certificates in /etc/ssl/certs... 171 added, 0 removed; done.
Running hooks in /etc/ca-certificates/update.d....done.
 ---> 47979a3290fb
Removing intermediate container e1b44b1da295
Successfully built 47979a3290fb
Fri, 31 Mar 2017 00:35:02 UTC
Testing branch: master
[1;31;32mProgress: 1/23[0m
==Running le_test_dependencies please wait
no crontab for root
no crontab for root
curl installed.[1;31;32m [PASS][0m
crontab installed.[1;31;32m [PASS][0m
openssl installed.[1;31;32m [PASS][0m
nc installed.[1;31;32m [PASS][0m
------------------------------------------
[1;31;32mProgress: 2/23[0m
==Running le_test_install please wait
./acme.sh install[1;31;32m [PASS][0m
/root/.acme.sh/acme.sh exists.[1;31;32m [PASS][0m
_contains '3 0 * * * "/root/.acme.sh"/acme.sh --cron --home "/root/.acme.sh" > /dev/null' '0 \* \* \* "/root/.acme.sh"/acme.sh --cron --home "/root/.acme.sh" > /dev/null'[1;31;32m [PASS][0m
/root/.acme.sh/acme.sh uninstall  > /dev/null[1;31;32m [PASS][0m
------------------------------------------
[1;31;32mProgress: 3/23[0m
==Running le_test_uninstall please wait
./acme.sh install[1;31;32m [PASS][0m
/root/.acme.sh/acme.sh uninstall[1;31;32m [PASS][0m
/root/.acme.sh/acme.sh no exists.[1;31;32m [PASS][0m
equals [1;31;32m [PASS][0m
------------------------------------------
[1;31;32mProgress: 4/23[0m
==Running le_test_installtodir please wait
./acme.sh install[1;31;32m [PASS][0m
/root/myle/acme.sh exists.[1;31;32m [PASS][0m
_contains '4 0 * * * "/root/myle"/acme.sh --cron --home "/root/myle" > /dev/null' '0 \* \* \* "/root/myle"/acme.sh --cron --home "/root/myle" > /dev/null'[1;31;32m [PASS][0m
/root/myle/acme.sh uninstall[1;31;32m [PASS][0m
------------------------------------------
[1;31;32mProgress: 5/23[0m
==Running le_test_uninstalltodir please wait
./acme.sh install[1;31;32m [PASS][0m
/root/myle/acme.sh uninstall[1;31;32m [PASS][0m
/root/myle/acme.sh no exists.[1;31;32m [PASS][0m
equals [1;31;32m [PASS][0m
------------------------------------------
[1;31;32mProgress: 6/23[0m
==Running le_test_install_config_home please wait
./acme.sh --install --config-home /root/etc/acme[1;31;32m [PASS][0m
/root/.acme.sh/acme.sh exists.[1;31;32m [PASS][0m
_contains '4 0 * * * "/root/.acme.sh"/acme.sh --cron --home "/root/.acme.sh" --config-home "/root/etc/acme" > /dev/null' '0 \* \* \* "/root/.acme.sh"/acme.sh --cron --home "/root/.acme.sh" --config-home "/root/etc/acme" > /dev/null'[1;31;32m [PASS][0m
/root/etc/acme/account.conf exists.[1;31;32m [PASS][0m
/root/.acme.sh/account.conf no exists.[1;31;32m [PASS][0m
/root/.acme.sh/acme.sh --cron --config-home /root/etc/acme > /dev/null[1;31;32m [PASS][0m
/root/.acme.sh/acme.sh --uninstall --config-home /root/etc/acme > /dev/null[1;31;32m [PASS][0m
/root/etc/acme/account.conf exists.[1;31;32m [PASS][0m
/root/.acme.sh/account.conf no exists.[1;31;32m [PASS][0m
------------------------------------------
[1;31;32mProgress: 7/23[0m
==Running le_test_standandalone_renew please wait
/root/.acme.sh/acme.sh issue no testdocker.acme.sh[1;31;32m [PASS][0m
FORCE=1 /root/.acme.sh/acme.sh renew testdocker.acme.sh[1;31;32m [PASS][0m
------------------------------------------
[1;31;32mProgress: 8/23[0m
==Running le_test_standandalone_renew_v2 please wait
/root/.acme.sh/acme.sh --issue -d testdocker.acme.sh --standalone --certpath '/acmetest/certs/domain.cer' --keypath '/acmetest/certs/domain.key'  --capath '/acmetest/certs/ca.cer'  --reloadcmd 'echo this is reload'  --fullchainpath  '/acmetest/certs/full.cer'[1;31;32m [PASS][0m
'/root/.acme.sh/testdocker.acme.sh/testdocker.acme.sh.cer' equals '/acmetest/certs/domain.cer'[1;31;32m [PASS][0m
'/root/.acme.sh/testdocker.acme.sh/testdocker.acme.sh.key' equals '/acmetest/certs/domain.key'[1;31;32m [PASS][0m
'/root/.acme.sh/testdocker.acme.sh/ca.cer' equals '/acmetest/certs/ca.cer'[1;31;32m [PASS][0m
'/root/.acme.sh/testdocker.acme.sh/fullchain.cer' equals '/acmetest/certs/full.cer'[1;31;32m [PASS][0m
/root/.acme.sh/acme.sh --renew -d testdocker.acme.sh --force[1;31;32m [PASS][0m
/root/.acme.sh/testdocker.acme.sh/testdocker.acme.sh.cer is cert ? 'testdocker.acme.sh' 'Fake LE Intermediate X1'[1;31;32m [PASS][0m
/root/.acme.sh/testdocker.acme.sh/ca.cer is cert ? 'Fake LE Intermediate X1'[1;31;32m [PASS][0m
'/root/.acme.sh/testdocker.acme.sh/testdocker.acme.sh.cer' equals '/acmetest/certs/domain.cer'[1;31;32m [PASS][0m
'/root/.acme.sh/testdocker.acme.sh/testdocker.acme.sh.key' equals '/acmetest/certs/domain.key'[1;31;32m [PASS][0m
'/root/.acme.sh/testdocker.acme.sh/ca.cer' equals '/acmetest/certs/ca.cer'[1;31;32m [PASS][0m
'/root/.acme.sh/testdocker.acme.sh/fullchain.cer' equals '/acmetest/certs/full.cer'[1;31;32m [PASS][0m
------------------------------------------
[1;31;32mProgress: 9/23[0m
==Running le_test_standandalone_renew_localaddress_v2 please wait
/root/.acme.sh/acme.sh --issue -d testdocker.acme.sh --standalone --local-address 0.0.0.0 --certpath '/acmetest/certs/domain.cer' --keypath '/acmetest/certs/domain.key'  --capath '/acmetest/certs/ca.cer'  --reloadcmd 'echo this is reload'  --fullchainpath  '/acmetest/certs/full.cer'[1;31;32m [PASS][0m
'/root/.acme.sh/testdocker.acme.sh/testdocker.acme.sh.cer' equals '/acmetest/certs/domain.cer'[1;31;32m [PASS][0m
'/root/.acme.sh/testdocker.acme.sh/testdocker.acme.sh.key' equals '/acmetest/certs/domain.key'[1;31;32m [PASS][0m
'/root/.acme.sh/testdocker.acme.sh/ca.cer' equals '/acmetest/certs/ca.cer'[1;31;32m [PASS][0m
'/root/.acme.sh/testdocker.acme.sh/fullchain.cer' equals '/acmetest/certs/full.cer'[1;31;32m [PASS][0m
/root/.acme.sh/acme.sh --renew -d testdocker.acme.sh --force[1;31;32m [PASS][0m
/root/.acme.sh/testdocker.acme.sh/testdocker.acme.sh.cer is cert ? 'testdocker.acme.sh' 'Fake LE Intermediate X1'[1;31;32m [PASS][0m
/root/.acme.sh/testdocker.acme.sh/ca.cer is cert ? 'Fake LE Intermediate X1'[1;31;32m [PASS][0m
'/root/.acme.sh/testdocker.acme.sh/testdocker.acme.sh.cer' equals '/acmetest/certs/domain.cer'[1;31;32m [PASS][0m
'/root/.acme.sh/testdocker.acme.sh/testdocker.acme.sh.key' equals '/acmetest/certs/domain.key'[1;31;32m [PASS][0m
'/root/.acme.sh/testdocker.acme.sh/ca.cer' equals '/acmetest/certs/ca.cer'[1;31;32m [PASS][0m
'/root/.acme.sh/testdocker.acme.sh/fullchain.cer' equals '/acmetest/certs/full.cer'[1;31;32m [PASS][0m
------------------------------------------
[1;31;32mProgress: 10/23[0m
==Running le_test_standandalone_listen_v4_v2 please wait
/root/.acme.sh/acme.sh --issue -d testdocker.acme.sh --standalone --listen-v4 --cert-file '/acmetest/certs/domain.cer' --key-file '/acmetest/certs/domain.key'  --ca-file '/acmetest/certs/ca.cer'  --reloadcmd 'echo this is reload'  --fullchain-file  '/acmetest/certs/full.cer'[1;31;32m [PASS][0m
'/root/.acme.sh/testdocker.acme.sh/testdocker.acme.sh.cer' equals '/acmetest/certs/domain.cer'[1;31;32m [PASS][0m
'/root/.acme.sh/testdocker.acme.sh/testdocker.acme.sh.key' equals '/acmetest/certs/domain.key'[1;31;32m [PASS][0m
'/root/.acme.sh/testdocker.acme.sh/ca.cer' equals '/acmetest/certs/ca.cer'[1;31;32m [PASS][0m
'/root/.acme.sh/testdocker.acme.sh/fullchain.cer' equals '/acmetest/certs/full.cer'[1;31;32m [PASS][0m
/root/.acme.sh/acme.sh --renew -d testdocker.acme.sh --force[1;31;32m [PASS][0m
/root/.acme.sh/testdocker.acme.sh/testdocker.acme.sh.cer is cert ? 'testdocker.acme.sh' 'Fake LE Intermediate X1'[1;31;32m [PASS][0m
/root/.acme.sh/testdocker.acme.sh/ca.cer is cert ? 'Fake LE Intermediate X1'[1;31;32m [PASS][0m
'/root/.acme.sh/testdocker.acme.sh/testdocker.acme.sh.cer' equals '/acmetest/certs/domain.cer'[1;31;32m [PASS][0m
'/root/.acme.sh/testdocker.acme.sh/testdocker.acme.sh.key' equals '/acmetest/certs/domain.key'[1;31;32m [PASS][0m
'/root/.acme.sh/testdocker.acme.sh/ca.cer' equals '/acmetest/certs/ca.cer'[1;31;32m [PASS][0m
'/root/.acme.sh/testdocker.acme.sh/fullchain.cer' equals '/acmetest/certs/full.cer'[1;31;32m [PASS][0m
------------------------------------------
[1;31;32mProgress: 11/23[0m
==Running le_test_standandalone_listen_v6_v2 please wait
Skipped by TEST_IPV6
------------------------------------------
[1;31;32mProgress: 12/23[0m
==Running le_test_standandalone_deactivate_v2 please wait
/root/.acme.sh/acme.sh --issue -d testdocker.acme.sh --standalone --certpath '/acmetest/certs/domain.cer' --keypath '/acmetest/certs/domain.key'  --capath '/acmetest/certs/ca.cer'  --reloadcmd 'echo this is reload'  --fullchainpath  '/acmetest/certs/full.cer'[1;31;32m [PASS][0m
'/root/.acme.sh/testdocker.acme.sh/testdocker.acme.sh.cer' equals '/acmetest/certs/domain.cer'[1;31;32m [PASS][0m
'/root/.acme.sh/testdocker.acme.sh/testdocker.acme.sh.key' equals '/acmetest/certs/domain.key'[1;31;32m [PASS][0m
'/root/.acme.sh/testdocker.acme.sh/ca.cer' equals '/acmetest/certs/ca.cer'[1;31;32m [PASS][0m
'/root/.acme.sh/testdocker.acme.sh/fullchain.cer' equals '/acmetest/certs/full.cer'[1;31;32m [PASS][0m
/root/.acme.sh/acme.sh --deactivate -d testdocker.acme.sh[1;31;32m [PASS][0m
------------------------------------------
[1;31;32mProgress: 13/23[0m
==Running le_test_standandalone please wait
/root/.acme.sh/acme.sh issue no testdocker.acme.sh[1;31;32m [PASS][0m
/root/.acme.sh/testdocker.acme.sh/testdocker.acme.sh.cer is cert ? 'testdocker.acme.sh' 'Fake LE Intermediate X1'[1;31;32m [PASS][0m
/root/.acme.sh/testdocker.acme.sh/ca.cer is cert ? 'Fake LE Intermediate X1'[1;31;32m [PASS][0m
------------------------------------------
[1;31;32mProgress: 14/23[0m
==Running le_test_standandalone_SAN please wait
/root/.acme.sh/acme.sh issue no "testdocker.acme.sh" "testdocker2.acme.sh"[1;31;32m [PASS][0m
/root/.acme.sh/testdocker.acme.sh/testdocker.acme.sh.cer is cert ? 'testdocker.acme.sh' 'Fake LE Intermediate X1'[1;31;32m [PASS][0m
/root/.acme.sh/testdocker.acme.sh/ca.cer is cert ? 'Fake LE Intermediate X1'[1;31;32m [PASS][0m
------------------------------------------
[1;31;32mProgress: 15/23[0m
==Running le_test_standandalone_ECDSA_256 please wait
/root/.acme.sh/acme.sh issue no testdocker.acme.sh no ec-256[1;31;32m [PASS][0m
/root/.acme.sh/testdocker.acme.sh_ecc/testdocker.acme.sh.cer is cert ? 'testdocker.acme.sh' 'Fake LE Intermediate X1'[1;31;32m [PASS][0m
/root/.acme.sh/testdocker.acme.sh_ecc/ca.cer is cert ? 'Fake LE Intermediate X1'[1;31;32m [PASS][0m
------------------------------------------
[1;31;32mProgress: 16/23[0m
==Running le_test_standandalone_ECDSA_256_renew please wait
/root/.acme.sh/acme.sh issue no testdocker.acme.sh no ec-256[1;31;32m [PASS][0m
FORCE=1 /root/.acme.sh/acme.sh renew testdocker.acme.sh[1;31;32m [PASS][0m
------------------------------------------
[1;31;32mProgress: 17/23[0m
==Running le_test_standandalone_ECDSA_256_SAN_renew please wait
/root/.acme.sh/acme.sh issue no "testdocker.acme.sh" "testdocker2.acme.sh" ec-256[1;31;32m [PASS][0m
FORCE=1 /root/.acme.sh/acme.sh renew "testdocker.acme.sh"[1;31;32m [PASS][0m
------------------------------------------
[1;31;32mProgress: 18/23[0m
==Running le_test_standandalone_ECDSA_256_SAN_renew_v2 please wait
/root/.acme.sh/acme.sh --issue -d "testdocker.acme.sh" -d "testdocker2.acme.sh" --standalone --keylength ec-256 --certpath '/acmetest/certs/domain.cer' --keypath '/acmetest/certs/domain.key'  --capath '/acmetest/certs/ca.cer'  --reloadcmd 'echo this is reload'  --fullchainpath  '/acmetest/certs/full.cer'[1;31;32m [PASS][0m
'/root/.acme.sh/testdocker.acme.sh_ecc/testdocker.acme.sh.cer' equals '/acmetest/certs/domain.cer'[1;31;32m [PASS][0m
'/root/.acme.sh/testdocker.acme.sh_ecc/testdocker.acme.sh.key' equals '/acmetest/certs/domain.key'[1;31;32m [PASS][0m
'/root/.acme.sh/testdocker.acme.sh_ecc/ca.cer' equals '/acmetest/certs/ca.cer'[1;31;32m [PASS][0m
'/root/.acme.sh/testdocker.acme.sh_ecc/fullchain.cer' equals '/acmetest/certs/full.cer'[1;31;32m [PASS][0m
/root/.acme.sh/acme.sh --renew --ecc -d "testdocker.acme.sh" --force[1;31;32m [PASS][0m
/root/.acme.sh/testdocker.acme.sh_ecc/testdocker.acme.sh.cer is cert ? 'testdocker.acme.sh' 'Fake LE Intermediate X1'[1;31;32m [PASS][0m
/root/.acme.sh/testdocker.acme.sh_ecc/ca.cer is cert ? 'Fake LE Intermediate X1'[1;31;32m [PASS][0m
'/root/.acme.sh/testdocker.acme.sh_ecc/testdocker.acme.sh.cer' equals '/acmetest/certs/domain.cer'[1;31;32m [PASS][0m
'/root/.acme.sh/testdocker.acme.sh_ecc/testdocker.acme.sh.key' equals '/acmetest/certs/domain.key'[1;31;32m [PASS][0m
'/root/.acme.sh/testdocker.acme.sh_ecc/ca.cer' equals '/acmetest/certs/ca.cer'[1;31;32m [PASS][0m
'/root/.acme.sh/testdocker.acme.sh_ecc/fullchain.cer' equals '/acmetest/certs/full.cer'[1;31;32m [PASS][0m
------------------------------------------
[1;31;32mProgress: 19/23[0m
==Running le_test_standandalone_ECDSA_384 please wait
/root/.acme.sh/acme.sh issue no "testdocker.acme.sh" no ec-384[1;31;32m [PASS][0m
/root/.acme.sh/testdocker.acme.sh_ecc/testdocker.acme.sh.cer is cert ? 'testdocker.acme.sh' 'Fake LE Intermediate X1'[1;31;32m [PASS][0m
/root/.acme.sh/testdocker.acme.sh_ecc/ca.cer is cert ? 'Fake LE Intermediate X1'[1;31;32m [PASS][0m
------------------------------------------
[1;31;32mProgress: 20/23[0m
==Running le_test_standandalone_tls_renew_SAN_v2 please wait
/root/.acme.sh/acme.sh --issue -d "testdocker.acme.sh" --tls  -d "testdocker2.acme.sh" --standalone [1;31;32m [PASS][0m
/root/.acme.sh/acme.sh --renew -d "testdocker.acme.sh" --force[1;31;32m [PASS][0m
/root/.acme.sh/testdocker.acme.sh/testdocker.acme.sh.cer is cert ? 'testdocker.acme.sh' 'Fake LE Intermediate X1'[1;31;32m [PASS][0m
/root/.acme.sh/testdocker.acme.sh/ca.cer is cert ? 'Fake LE Intermediate X1'[1;31;32m [PASS][0m
------------------------------------------
[1;31;32mProgress: 21/23[0m
==Running le_test_tls_renew_SAN_v2 please wait
/root/.acme.sh/acme.sh --issue -d "testdocker.acme.sh" -d "testdocker2.acme.sh" --tls[1;31;32m [PASS][0m
/root/.acme.sh/acme.sh --renew -d "testdocker.acme.sh" --force[1;31;32m [PASS][0m
/root/.acme.sh/testdocker.acme.sh/testdocker.acme.sh.cer is cert ? 'testdocker.acme.sh' 'Fake LE Intermediate X1'[1;31;32m [PASS][0m
/root/.acme.sh/testdocker.acme.sh/ca.cer is cert ? 'Fake LE Intermediate X1'[1;31;32m [PASS][0m
------------------------------------------
[1;31;32mProgress: 22/23[0m
==Running le_test_standandalone_renew_idn_v2 please wait
Skipped by TEST_IDN
------------------------------------------
[1;31;32mProgress: 23/23[0m
==Running le_test_dnsapi please wait
The test domain Test_CF_Domain is not defined, skip:ClourFlare_api
The test domain Test_CX_Domain is not defined, skip:CloudXNS.com_api
The test domain Test_DP_Domain is not defined, skip:Dnspod.cn_api
The test domain Test_GD_Domain is not defined, skip:Godaddy_api
The test domain Test_AWS_Domain is not defined, skip:Amazon_Route53_api
The test domain Test_LUA_Domain is not defined, skip:luadns.com_api
ME_Key is not defined, skip:dnsmadeeasy.com_api
NSUPDATE_KEY is not defined, skip:nsupdate_api
OVH_AK is not defined, skip:OVH.com_api
PDNS_Token is not defined, skip:powerdns.com_api
The test domain Test_ALI_Domain is not defined, skip:aliyun_api
Testing dns_gandi_livedns gandi_livedns
TestingDomain='acmetest.xyz'
/root/.acme.sh/acme.sh --issue -d "acmetest.xyz" --dns dns_gandi_livedns --dnssleep "60" [1;31;32m [PASS][0m
/root/.acme.sh/acmetest.xyz/acmetest.xyz.cer is cert ? 'acmetest.xyz' 'Fake LE Intermediate X1'[1;31;32m [PASS][0m
/root/.acme.sh/acmetest.xyz/ca.cer is cert ? 'Fake LE Intermediate X1'[1;31;32m [PASS][0m
/root/.acme.sh/acme.sh --deactivate -d "acmetest.xyz" >/dev/null 2>&1[1;31;32m [PASS][0m
------------------------------------------
