Sending build context to Docker daemon  2.048kB
Step 1/2 : FROM debian:8
 ---> bb5d89f9b6cb
Step 2/2 : RUN apt-get -y update  2>&1 && apt-get -y install openssl cron socat curl idn  2>&1
 ---> Using cache
 ---> 98ea53181251
Successfully built 98ea53181251
Successfully tagged mydebian:8
Fri, 01 Mar 2019 17:06:39 UTC
Testing branch: master
Progress: 0/1/21
==Running le_test_dependencies please wait
no crontab for root
no crontab for root
curl installed. [PASS]
crontab installed. [PASS]
openssl installed. [PASS]
socat installed. [PASS]
------------------------------------------
Progress: 0/2/21
==Running le_test_install please wait
./acme.sh install [PASS]
/root/.acme.sh/acme.sh exists. [PASS]
_contains '41 0 * * * "/root/.acme.sh"/acme.sh --cron --home "/root/.acme.sh" > /dev/null' '0 \* \* \* "/root/.acme.sh"/acme.sh --cron --home "/root/.acme.sh" > /dev/null' [PASS]
/root/.acme.sh/acme.sh uninstall  > /dev/null [PASS]
------------------------------------------
Progress: 0/3/21
==Running le_test_uninstall please wait
./acme.sh install [PASS]
/root/.acme.sh/acme.sh uninstall [PASS]
/root/.acme.sh/acme.sh no exists. [PASS]
equals  [PASS]
------------------------------------------
Progress: 0/4/21
==Running le_test_installtodir please wait
./acme.sh install [PASS]
/root/myle/acme.sh exists. [PASS]
_contains '43 0 * * * "/root/myle"/acme.sh --cron --home "/root/myle" > /dev/null' '0 \* \* \* "/root/myle"/acme.sh --cron --home "/root/myle" > /dev/null' [PASS]
/root/myle/acme.sh uninstall [PASS]
------------------------------------------
Progress: 0/5/21
==Running le_test_uninstalltodir please wait
./acme.sh install [PASS]
/root/myle/acme.sh uninstall [PASS]
/root/myle/acme.sh no exists. [PASS]
equals  [PASS]
------------------------------------------
Progress: 0/6/21
==Running le_test_install_config_home please wait
./acme.sh --install --config-home /root/etc/acme [PASS]
/root/.acme.sh/acme.sh exists. [PASS]
_contains '44 0 * * * "/root/.acme.sh"/acme.sh --cron --home "/root/.acme.sh" --config-home "/root/etc/acme" > /dev/null' '0 \* \* \* "/root/.acme.sh"/acme.sh --cron --home "/root/.acme.sh" --config-home "/root/etc/acme" > /dev/null' [PASS]
/root/etc/acme/account.conf exists. [PASS]
/root/.acme.sh/account.conf no exists. [PASS]
/root/.acme.sh/acme.sh --cron --config-home /root/etc/acme > /dev/null [PASS]
/root/.acme.sh/acme.sh --uninstall --config-home /root/etc/acme > /dev/null [PASS]
/root/etc/acme/account.conf exists. [PASS]
/root/.acme.sh/account.conf no exists. [PASS]
------------------------------------------
Progress: 0/7/21
==Running le_test_standandalone_renew please wait
/root/.acme.sh/acme.sh issue no testdocker.acme.sh [PASS]
FORCE=1 /root/.acme.sh/acme.sh renew testdocker.acme.sh [PASS]
------------------------------------------
Progress: 0/8/21
==Running le_test_standandalone_renew_v2 please wait
/root/.acme.sh/acme.sh --issue -d testdocker.acme.sh --standalone --certpath '/acmetest/certs/domain.cer' --keypath '/acmetest/certs/domain.key'  --capath '/acmetest/certs/ca.cer'  --reloadcmd 'echo this is reload'  --fullchainpath  '/acmetest/certs/full.cer' [PASS]
'/root/.acme.sh/testdocker.acme.sh/testdocker.acme.sh.cer' equals '/acmetest/certs/domain.cer' [PASS]
'/root/.acme.sh/testdocker.acme.sh/testdocker.acme.sh.key' equals '/acmetest/certs/domain.key' [PASS]
'/root/.acme.sh/testdocker.acme.sh/ca.cer' equals '/acmetest/certs/ca.cer' [PASS]
'/root/.acme.sh/testdocker.acme.sh/fullchain.cer' equals '/acmetest/certs/full.cer' [PASS]
/root/.acme.sh/acme.sh --renew -d testdocker.acme.sh --force [PASS]
/root/.acme.sh/testdocker.acme.sh/testdocker.acme.sh.cer is cert ? 'testdocker.acme.sh' 'Fake LE Intermediate X1' [PASS]
/root/.acme.sh/testdocker.acme.sh/ca.cer is cert ? 'Fake LE Intermediate X1' [PASS]
'/root/.acme.sh/testdocker.acme.sh/testdocker.acme.sh.cer' equals '/acmetest/certs/domain.cer' [PASS]
'/root/.acme.sh/testdocker.acme.sh/testdocker.acme.sh.key' equals '/acmetest/certs/domain.key' [PASS]
'/root/.acme.sh/testdocker.acme.sh/ca.cer' equals '/acmetest/certs/ca.cer' [PASS]
'/root/.acme.sh/testdocker.acme.sh/fullchain.cer' equals '/acmetest/certs/full.cer' [PASS]
------------------------------------------
Progress: 0/9/21
==Running le_test_standandalone_renew_localaddress_v2 please wait
/root/.acme.sh/acme.sh --issue -d testdocker.acme.sh --standalone --local-address 0.0.0.0 --certpath '/acmetest/certs/domain.cer' --keypath '/acmetest/certs/domain.key'  --capath '/acmetest/certs/ca.cer'  --reloadcmd 'echo this is reload'  --fullchainpath  '/acmetest/certs/full.cer' [PASS]
'/root/.acme.sh/testdocker.acme.sh/testdocker.acme.sh.cer' equals '/acmetest/certs/domain.cer' [PASS]
'/root/.acme.sh/testdocker.acme.sh/testdocker.acme.sh.key' equals '/acmetest/certs/domain.key' [PASS]
'/root/.acme.sh/testdocker.acme.sh/ca.cer' equals '/acmetest/certs/ca.cer' [PASS]
'/root/.acme.sh/testdocker.acme.sh/fullchain.cer' equals '/acmetest/certs/full.cer' [PASS]
/root/.acme.sh/acme.sh --renew -d testdocker.acme.sh --force [PASS]
/root/.acme.sh/testdocker.acme.sh/testdocker.acme.sh.cer is cert ? 'testdocker.acme.sh' 'Fake LE Intermediate X1' [PASS]
/root/.acme.sh/testdocker.acme.sh/ca.cer is cert ? 'Fake LE Intermediate X1' [PASS]
'/root/.acme.sh/testdocker.acme.sh/testdocker.acme.sh.cer' equals '/acmetest/certs/domain.cer' [PASS]
'/root/.acme.sh/testdocker.acme.sh/testdocker.acme.sh.key' equals '/acmetest/certs/domain.key' [PASS]
'/root/.acme.sh/testdocker.acme.sh/ca.cer' equals '/acmetest/certs/ca.cer' [PASS]
'/root/.acme.sh/testdocker.acme.sh/fullchain.cer' equals '/acmetest/certs/full.cer' [PASS]
------------------------------------------
Progress: 0/10/21
==Running le_test_standandalone_listen_v4_v2 please wait
/root/.acme.sh/acme.sh --issue -d testdocker.acme.sh --standalone --listen-v4 --cert-file '/acmetest/certs/domain.cer' --key-file '/acmetest/certs/domain.key'  --ca-file '/acmetest/certs/ca.cer'  --reloadcmd 'echo this is reload'  --fullchain-file  '/acmetest/certs/full.cer' [PASS]
'/root/.acme.sh/testdocker.acme.sh/testdocker.acme.sh.cer' equals '/acmetest/certs/domain.cer' [PASS]
'/root/.acme.sh/testdocker.acme.sh/testdocker.acme.sh.key' equals '/acmetest/certs/domain.key' [PASS]
'/root/.acme.sh/testdocker.acme.sh/ca.cer' equals '/acmetest/certs/ca.cer' [PASS]
'/root/.acme.sh/testdocker.acme.sh/fullchain.cer' equals '/acmetest/certs/full.cer' [PASS]
/root/.acme.sh/acme.sh --renew -d testdocker.acme.sh --force [PASS]
/root/.acme.sh/testdocker.acme.sh/testdocker.acme.sh.cer is cert ? 'testdocker.acme.sh' 'Fake LE Intermediate X1' [PASS]
/root/.acme.sh/testdocker.acme.sh/ca.cer is cert ? 'Fake LE Intermediate X1' [PASS]
'/root/.acme.sh/testdocker.acme.sh/testdocker.acme.sh.cer' equals '/acmetest/certs/domain.cer' [PASS]
'/root/.acme.sh/testdocker.acme.sh/testdocker.acme.sh.key' equals '/acmetest/certs/domain.key' [PASS]
'/root/.acme.sh/testdocker.acme.sh/ca.cer' equals '/acmetest/certs/ca.cer' [PASS]
'/root/.acme.sh/testdocker.acme.sh/fullchain.cer' equals '/acmetest/certs/full.cer' [PASS]
------------------------------------------
Progress: 0/11/21
==Running le_test_standandalone_listen_v6_v2 please wait
Skipped by TEST_IPV6
------------------------------------------
Progress: 0/12/21
==Running le_test_standandalone_deactivate_v2 please wait
/root/.acme.sh/acme.sh --issue -d testdocker.acme.sh --standalone --certpath '/acmetest/certs/domain.cer' --keypath '/acmetest/certs/domain.key'  --capath '/acmetest/certs/ca.cer'  --reloadcmd 'echo this is reload'  --fullchainpath  '/acmetest/certs/full.cer' [PASS]
'/root/.acme.sh/testdocker.acme.sh/testdocker.acme.sh.cer' equals '/acmetest/certs/domain.cer' [PASS]
'/root/.acme.sh/testdocker.acme.sh/testdocker.acme.sh.key' equals '/acmetest/certs/domain.key' [PASS]
'/root/.acme.sh/testdocker.acme.sh/ca.cer' equals '/acmetest/certs/ca.cer' [PASS]
'/root/.acme.sh/testdocker.acme.sh/fullchain.cer' equals '/acmetest/certs/full.cer' [PASS]
/root/.acme.sh/acme.sh --deactivate -d testdocker.acme.sh [PASS]
------------------------------------------
Progress: 0/13/21
==Running le_test_standandalone please wait
/root/.acme.sh/acme.sh issue no testdocker.acme.sh [PASS]
/root/.acme.sh/testdocker.acme.sh/testdocker.acme.sh.cer is cert ? 'testdocker.acme.sh' 'Fake LE Intermediate X1' [PASS]
/root/.acme.sh/testdocker.acme.sh/ca.cer is cert ? 'Fake LE Intermediate X1' [PASS]
------------------------------------------
Progress: 0/14/21
==Running le_test_standandalone_SAN please wait
/root/.acme.sh/acme.sh issue no "testdocker.acme.sh" "testdocker2.acme.sh" [PASS]
/root/.acme.sh/testdocker.acme.sh/testdocker.acme.sh.cer is cert ? 'testdocker.acme.sh' 'Fake LE Intermediate X1' [PASS]
/root/.acme.sh/testdocker.acme.sh/ca.cer is cert ? 'Fake LE Intermediate X1' [PASS]
------------------------------------------
Progress: 0/15/21
==Running le_test_standandalone_ECDSA_256 please wait
/root/.acme.sh/acme.sh issue no testdocker.acme.sh no ec-256 [PASS]
/root/.acme.sh/testdocker.acme.sh_ecc/testdocker.acme.sh.cer is cert ? 'testdocker.acme.sh' 'Fake LE Intermediate X1' [PASS]
/root/.acme.sh/testdocker.acme.sh_ecc/ca.cer is cert ? 'Fake LE Intermediate X1' [PASS]
------------------------------------------
Progress: 0/16/21
==Running le_test_standandalone_ECDSA_256_renew please wait
/root/.acme.sh/acme.sh issue no testdocker.acme.sh no ec-256 [PASS]
FORCE=1 /root/.acme.sh/acme.sh renew testdocker.acme.sh [PASS]
------------------------------------------
Progress: 0/17/21
==Running le_test_standandalone_ECDSA_256_SAN_renew please wait
/root/.acme.sh/acme.sh issue no "testdocker.acme.sh" "testdocker2.acme.sh" ec-256 [PASS]
FORCE=1 /root/.acme.sh/acme.sh renew "testdocker.acme.sh" [PASS]
------------------------------------------
Progress: 0/18/21
==Running le_test_standandalone_ECDSA_256_SAN_renew_v2 please wait
/root/.acme.sh/acme.sh --issue -d "testdocker.acme.sh" -d "testdocker2.acme.sh" --standalone --keylength ec-256 --certpath '/acmetest/certs/domain.cer' --keypath '/acmetest/certs/domain.key'  --capath '/acmetest/certs/ca.cer'  --reloadcmd 'echo this is reload'  --fullchainpath  '/acmetest/certs/full.cer' [PASS]
'/root/.acme.sh/testdocker.acme.sh_ecc/testdocker.acme.sh.cer' equals '/acmetest/certs/domain.cer' [PASS]
'/root/.acme.sh/testdocker.acme.sh_ecc/testdocker.acme.sh.key' equals '/acmetest/certs/domain.key' [PASS]
'/root/.acme.sh/testdocker.acme.sh_ecc/ca.cer' equals '/acmetest/certs/ca.cer' [PASS]
'/root/.acme.sh/testdocker.acme.sh_ecc/fullchain.cer' equals '/acmetest/certs/full.cer' [PASS]
/root/.acme.sh/acme.sh --renew --ecc -d "testdocker.acme.sh" --force [PASS]
/root/.acme.sh/testdocker.acme.sh_ecc/testdocker.acme.sh.cer is cert ? 'testdocker.acme.sh' 'Fake LE Intermediate X1' [PASS]
/root/.acme.sh/testdocker.acme.sh_ecc/ca.cer is cert ? 'Fake LE Intermediate X1' [PASS]
'/root/.acme.sh/testdocker.acme.sh_ecc/testdocker.acme.sh.cer' equals '/acmetest/certs/domain.cer' [PASS]
'/root/.acme.sh/testdocker.acme.sh_ecc/testdocker.acme.sh.key' equals '/acmetest/certs/domain.key' [PASS]
'/root/.acme.sh/testdocker.acme.sh_ecc/ca.cer' equals '/acmetest/certs/ca.cer' [PASS]
'/root/.acme.sh/testdocker.acme.sh_ecc/fullchain.cer' equals '/acmetest/certs/full.cer' [PASS]
------------------------------------------
Progress: 0/19/21
==Running le_test_standandalone_ECDSA_384 please wait
/root/.acme.sh/acme.sh issue no "testdocker.acme.sh" no ec-384 [PASS]
/root/.acme.sh/testdocker.acme.sh_ecc/testdocker.acme.sh.cer is cert ? 'testdocker.acme.sh' 'Fake LE Intermediate X1' [PASS]
/root/.acme.sh/testdocker.acme.sh_ecc/ca.cer is cert ? 'Fake LE Intermediate X1' [PASS]
------------------------------------------
Progress: 0/20/21
==Running le_test_standandalone_renew_idn_v2 please wait
Skipped by TEST_IDN
------------------------------------------
Progress: 0/21/21
==Running le_test_dnsapi please wait
The test domain Test_CF_Domain is not defined, skip:ClourFlare_api
The test domain Test_CX_Domain is not defined, skip:CloudXNS.com_api
Testing dns_dp Dnspod.cn_api
TestingDomain='typeof.cc'
/root/.acme.sh/acme.sh --issue -d "typeof.cc" --dns dns_dp --dnssleep ""  [PASS]
/root/.acme.sh/typeof.cc/typeof.cc.cer is cert ? 'typeof.cc' 'Fake LE Intermediate X1' [PASS]
/root/.acme.sh/typeof.cc/ca.cer is cert ? 'Fake LE Intermediate X1' [PASS]
/root/.acme.sh/acme.sh --deactivate -d "typeof.cc" >/dev/null 2>&1 [PASS]
Testing dns_gd Godaddy_api
TestingDomain='testgdapi.xyz'
/root/.acme.sh/acme.sh --issue -d "testgdapi.xyz" --dns dns_gd --dnssleep ""  [PASS]
/root/.acme.sh/testgdapi.xyz/testgdapi.xyz.cer is cert ? 'testgdapi.xyz' 'Fake LE Intermediate X1' [PASS]
/root/.acme.sh/testgdapi.xyz/ca.cer is cert ? 'Fake LE Intermediate X1' [PASS]
/root/.acme.sh/acme.sh --deactivate -d "testgdapi.xyz" >/dev/null 2>&1 [PASS]
Testing dns_aws Amazon_Route53_api
TestingDomain='awsroute53.acme.sh'
/root/.acme.sh/acme.sh --issue -d "awsroute53.acme.sh" --dns dns_aws --dnssleep ""  [PASS]
/root/.acme.sh/awsroute53.acme.sh/awsroute53.acme.sh.cer is cert ? 'awsroute53.acme.sh' 'Fake LE Intermediate X1' [PASS]
/root/.acme.sh/awsroute53.acme.sh/ca.cer is cert ? 'Fake LE Intermediate X1' [PASS]
/root/.acme.sh/acme.sh --deactivate -d "awsroute53.acme.sh" >/dev/null 2>&1 [PASS]
Testing dns_lua luadns.com_api
TestingDomain='luadns.acme.sh'
/root/.acme.sh/acme.sh --issue -d "luadns.acme.sh" --dns dns_lua --dnssleep ""  [PASS]
/root/.acme.sh/luadns.acme.sh/luadns.acme.sh.cer is cert ? 'luadns.acme.sh' 'Fake LE Intermediate X1' [PASS]
/root/.acme.sh/luadns.acme.sh/ca.cer is cert ? 'Fake LE Intermediate X1' [PASS]
/root/.acme.sh/acme.sh --deactivate -d "luadns.acme.sh" >/dev/null 2>&1 [PASS]
ME_Key is not defined, skip:dnsmadeeasy.com_api
NSUPDATE_KEY is not defined, skip:nsupdate_api
OVH_AK is not defined, skip:OVH.com_api
PDNS_Token is not defined, skip:powerdns.com_api
The test domain Test_ALI_Domain is not defined, skip:aliyun_api
Testing dns_gandi_livedns gandi_livedns
TestingDomain='testgandiapi.pw'
/root/.acme.sh/acme.sh --issue -d "testgandiapi.pw" --dns dns_gandi_livedns --dnssleep ""  [PASS]
/root/.acme.sh/testgandiapi.pw/testgandiapi.pw.cer is cert ? 'testgandiapi.pw' 'Fake LE Intermediate X1' [PASS]
/root/.acme.sh/testgandiapi.pw/ca.cer is cert ? 'Fake LE Intermediate X1' [PASS]
/root/.acme.sh/acme.sh --deactivate -d "testgandiapi.pw" >/dev/null 2>&1 [PASS]
Testing dns_dynu dynu_api
TestingDomain='dynu.acme.sh'
/root/.acme.sh/acme.sh --issue -d "dynu.acme.sh" --dns dns_dynu --dnssleep ""  [PASS]
/root/.acme.sh/dynu.acme.sh/dynu.acme.sh.cer is cert ? 'dynu.acme.sh' 'Fake LE Intermediate X1' [PASS]
/root/.acme.sh/dynu.acme.sh/ca.cer is cert ? 'Fake LE Intermediate X1' [PASS]
/root/.acme.sh/acme.sh --deactivate -d "dynu.acme.sh" >/dev/null 2>&1 [PASS]
Testing dns_he dns_he_net
TestingDomain='he.acme.sh'
/root/.acme.sh/acme.sh --issue -d "he.acme.sh" --dns dns_he --dnssleep ""  [PASS]
/root/.acme.sh/he.acme.sh/he.acme.sh.cer is cert ? 'he.acme.sh' 'Fake LE Intermediate X1' [PASS]
/root/.acme.sh/he.acme.sh/ca.cer is cert ? 'Fake LE Intermediate X1' [PASS]
/root/.acme.sh/acme.sh --deactivate -d "he.acme.sh" >/dev/null 2>&1 [PASS]
Testing dns_zonomi dns_zonomi
TestingDomain='zonomi.acme.sh'
/root/.acme.sh/acme.sh --issue -d "zonomi.acme.sh" --dns dns_zonomi --dnssleep ""  [PASS]
/root/.acme.sh/zonomi.acme.sh/zonomi.acme.sh.cer is cert ? 'zonomi.acme.sh' 'Fake LE Intermediate X1' [PASS]
/root/.acme.sh/zonomi.acme.sh/ca.cer is cert ? 'Fake LE Intermediate X1' [PASS]
/root/.acme.sh/acme.sh --deactivate -d "zonomi.acme.sh" >/dev/null 2>&1 [PASS]
------------------------------------------
