Sending build context to Docker daemon  2.048kB
Step 1/2 : FROM fedora:29
29: Pulling from library/fedora
01eb078129a0: Pulling fs layer
01eb078129a0: Verifying Checksum
01eb078129a0: Download complete
01eb078129a0: Pull complete
Digest: sha256:2c20e5bb324735427f8a659e36f4fe14d6955c74c7baa25067418dddbb71d67a
Status: Downloaded newer image for fedora:29
 ---> d09302f77cfc
Step 2/2 : RUN yum  -y update     2>&1 && yum  -y install    tar openssl crontabs socat curl  2>&1
 ---> Running in 6b64c63343e5
Fedora Modular 29 - x86_64                      367 kB/s | 1.5 MB     00:04    
Fedora Modular 29 - x86_64 - Updates            555 kB/s | 2.1 MB     00:03    
Fedora 29 - x86_64 - Updates                    4.0 MB/s |  30 MB     00:07    
Fedora 29 - x86_64                              5.1 MB/s |  62 MB     00:12    
Last metadata expiration check: 0:00:01 ago on Tue Mar  3 04:26:31 2020.
Dependencies resolved.
================================================================================
 Package                   Arch   Version                         Repo     Size
================================================================================
Upgrading:
 audit-libs                x86_64 3.0-0.9.20190507gitf58ec40.fc29 updates 105 k
 coreutils                 x86_64 8.30-7.fc29                     updates 992 k
 coreutils-common          x86_64 8.30-7.fc29                     updates 1.9 M
 crypto-policies           noarch 20190527-1.git0b3add8.fc29      updates  51 k
 curl                      x86_64 7.61.1-12.fc29                  updates 309 k
 dnf                       noarch 4.2.5-5.fc29                    updates 390 k
 dnf-data                  noarch 4.2.5-5.fc29                    updates  43 k
 dnf-yum                   noarch 4.2.5-5.fc29                    updates  40 k
 expat                     x86_64 2.2.8-1.fc29                    updates 107 k
 fedora-gpg-keys           noarch 29-6                            updates 104 k
 fedora-release            noarch 29-11                           updates  32 k
 fedora-release-container  noarch 29-11                           updates  23 k
 fedora-repos              noarch 29-6                            updates  10 k
 file-libs                 x86_64 5.34-15.fc29                    updates 528 k
 glibc                     x86_64 2.28-39.fc29                    updates 3.8 M
 glibc-common              x86_64 2.28-39.fc29                    updates 802 k
 glibc-langpack-en         x86_64 2.28-39.fc29                    updates 814 k
 glibc-minimal-langpack    x86_64 2.28-39.fc29                    updates  43 k
 gnupg2                    x86_64 2.2.17-1.fc29                   updates 2.3 M
 gnutls                    x86_64 3.6.7-1.fc29                    updates 869 k
 gzip                      x86_64 1.9-9.fc29                      updates 151 k
 krb5-libs                 x86_64 1.16.1-26.fc29                  updates 732 k
 libarchive                x86_64 3.3.3-6.fc29                    updates 342 k
 libargon2                 x86_64 20161029-7.fc29                 updates  27 k
 libcap-ng                 x86_64 0.7.9-5.fc29                    updates  26 k
 libcom_err                x86_64 1.44.6-1.fc29                   updates  26 k
 libcomps                  x86_64 0.1.11-1.fc29                   updates  72 k
 libcurl                   x86_64 7.61.1-12.fc29                  updates 246 k
 libdnf                    x86_64 0.31.0-10.fc29                  updates 581 k
 libgcrypt                 x86_64 1.8.5-1.fc29                    updates 437 k
 libidn2                   x86_64 2.2.0-1.fc29                    updates  89 k
 libmodulemd1              x86_64 1.8.16-1.fc29                   updates 167 k
 libnghttp2                x86_64 1.39.2-1.fc29                   updates  69 k
 libpcap                   x86_64 14:1.9.1-1.fc29                 updates 160 k
 librepo                   x86_64 1.10.5-1.fc29                   updates  88 k
 libreport-filesystem      noarch 2.11.3-2.fc29                   updates  14 k
 libseccomp                x86_64 2.4.1-0.fc29                    updates  61 k
 libsolv                   x86_64 0.7.5-1.fc29                    updates 376 k
 libsss_idmap              x86_64 2.2.0-3.fc29                    updates  45 k
 libsss_nss_idmap          x86_64 2.2.0-3.fc29                    updates  51 k
 libxcrypt                 x86_64 4.4.10-1.fc29                   updates 123 k
 libzstd                   x86_64 1.4.2-1.fc29                    updates 249 k
 lz4-libs                  x86_64 1.9.1-1.fc29                    updates  62 k
 openldap                  x86_64 2.4.46-10.fc29                  updates 281 k
 openssl                   x86_64 1:1.1.1d-2.fc29                 updates 638 k
 openssl-libs              x86_64 1:1.1.1d-2.fc29                 updates 1.4 M
 openssl-pkcs11            x86_64 0.4.10-3.fc29                   updates  66 k
 p11-kit                   x86_64 0.23.16.1-1.fc29                updates 239 k
 p11-kit-trust             x86_64 0.23.16.1-1.fc29                updates 124 k
 pcre                      x86_64 8.43-2.fc29                     updates 185 k
 pcre2                     x86_64 10.33-15.fc29                   updates 252 k
 python-pip-wheel          noarch 18.1-2.fc29                     updates 1.2 M
 python-setuptools-wheel   noarch 40.8.0-1.fc29                   updates 278 k
 python3                   x86_64 3.7.5-1.fc29                    updates  34 k
 python3-dnf               noarch 4.2.5-5.fc29                    updates 408 k
 python3-hawkey            x86_64 0.31.0-10.fc29                  updates  90 k
 python3-libcomps          x86_64 0.1.11-1.fc29                   updates  44 k
 python3-libdnf            x86_64 0.31.0-10.fc29                  updates 643 k
 python3-libs              x86_64 3.7.5-1.fc29                    updates 8.0 M
 python3-pip               noarch 18.1-2.fc29                     updates 1.9 M
 python3-rpm               x86_64 4.14.2.1-3.fc29                 updates  64 k
 python3-setuptools        noarch 40.8.0-1.fc29                   updates 635 k
 rpm                       x86_64 4.14.2.1-3.fc29                 updates 478 k
 rpm-build-libs            x86_64 4.14.2.1-3.fc29                 updates  84 k
 rpm-libs                  x86_64 4.14.2.1-3.fc29                 updates 262 k
 rpm-plugin-selinux        x86_64 4.14.2.1-3.fc29                 updates  16 k
 rpm-plugin-systemd-inhibit
                           x86_64 4.14.2.1-3.fc29                 updates  17 k
 rpm-sign-libs             x86_64 4.14.2.1-3.fc29                 updates  22 k
 setup                     noarch 2.12.1-2.fc29                   updates 148 k
 sqlite-libs               x86_64 3.26.0-4.fc29                   updates 539 k
 sssd-client               x86_64 2.2.0-3.fc29                    updates  96 k
 systemd                   x86_64 239-14.git33ccd62.fc29          updates 3.4 M
 systemd-libs              x86_64 239-14.git33ccd62.fc29          updates 442 k
 systemd-pam               x86_64 239-14.git33ccd62.fc29          updates 155 k
 tzdata                    noarch 2019c-1.fc29                    updates 430 k
 vim-minimal               x86_64 2:8.1.2198-1.fc29               updates 644 k
 whois-mkpasswd            x86_64 5.5.3-1.fc29                    updates  40 k
 whois-nls                 noarch 5.5.3-1.fc29                    updates  32 k
 zchunk-libs               x86_64 1.1.2-2.fc29                    updates  46 k
 zlib                      x86_64 1.2.11-18.fc29                  updates  91 k
Installing dependencies:
 dracut                    x86_64 049-26.git20181204.fc29         updates 318 k
 file                      x86_64 5.34-15.fc29                    updates  48 k
 findutils                 x86_64 1:4.6.0-21.fc29                 updates 504 k
 gettext                   x86_64 0.19.8.1-18.fc29                updates 1.0 M
 gettext-libs              x86_64 0.19.8.1-18.fc29                updates 275 k
 libgomp                   x86_64 8.3.1-2.fc29                    updates 210 k
 libsecret                 x86_64 0.18.7-1.fc29                   updates 152 k
 systemd-udev              x86_64 239-14.git33ccd62.fc29          updates 1.2 M
 xkeyboard-config          noarch 2.24-5.fc29                     updates 822 k
 cpio                      x86_64 2.12-9.fc29                     fedora  252 k
 grub2-common              noarch 1:2.02-62.fc29                  fedora  865 k
 grub2-tools               x86_64 1:2.02-62.fc29                  fedora  1.9 M
 grub2-tools-minimal       x86_64 1:2.02-62.fc29                  fedora  180 k
 kbd-legacy                noarch 2.0.4-9.fc29                    fedora  465 k
 kbd-misc                  noarch 2.0.4-9.fc29                    fedora  1.4 M
 kmod                      x86_64 25-3.fc29                       fedora  112 k
 libcroco                  x86_64 0.6.12-5.fc29                   fedora  107 k
 libkcapi                  x86_64 1.1.1-16.fc29                   fedora   43 k
 libkcapi-hmaccalc         x86_64 1.1.1-16.fc29                   fedora   26 k
 os-prober                 x86_64 1.74-7.fc29                     fedora   44 k
 procps-ng                 x86_64 3.3.15-4.fc29                   fedora  321 k
 trousers-lib              x86_64 0.3.13-11.fc29                  fedora  161 k
 which                     x86_64 2.21-11.fc29                    fedora   41 k
 xz                        x86_64 5.2.4-3.fc29                    fedora  146 k
Installing weak dependencies:
 gnupg2-smime              x86_64 2.2.17-1.fc29                   updates 252 k
 kpartx                    x86_64 0.7.7-6.gitef6d98b.fc29         updates  54 k
 grubby                    x86_64 8.40-18.fc29                    fedora  132 k
 hardlink                  x86_64 1:1.3-7.fc29                    fedora   24 k
 kbd                       x86_64 2.0.4-9.fc29                    fedora  349 k
 libxkbcommon              x86_64 0.8.2-1.fc29                    fedora  109 k
 pigz                      x86_64 2.4-3.fc29                      fedora   75 k
 pinentry                  x86_64 1.1.0-4.fc29                    fedora   92 k
 systemd-bootchart         x86_64 233-3.fc29                      fedora   69 k
 trousers                  x86_64 0.3.13-11.fc29                  fedora  146 k

Transaction Summary
================================================================================
Install  34 Packages
Upgrade  80 Packages

Total download size: 52 M
Downloading Packages:
(1/114): file-5.34-15.fc29.x86_64.rpm            43 kB/s |  48 kB     00:01    
(2/114): dracut-049-26.git20181204.fc29.x86_64. 270 kB/s | 318 kB     00:01    
(3/114): gettext-libs-0.19.8.1-18.fc29.x86_64.r 3.6 MB/s | 275 kB     00:00    
(4/114): findutils-4.6.0-21.fc29.x86_64.rpm     401 kB/s | 504 kB     00:01    
(5/114): kpartx-0.7.7-6.gitef6d98b.fc29.x86_64. 1.5 MB/s |  54 kB     00:00    
(6/114): gnupg2-smime-2.2.17-1.fc29.x86_64.rpm  4.6 MB/s | 252 kB     00:00    
(7/114): libsecret-0.18.7-1.fc29.x86_64.rpm     3.9 MB/s | 152 kB     00:00    
(8/114): libgomp-8.3.1-2.fc29.x86_64.rpm        3.4 MB/s | 210 kB     00:00    
(9/114): gettext-0.19.8.1-18.fc29.x86_64.rpm    3.6 MB/s | 1.0 MB     00:00    
(10/114): systemd-udev-239-14.git33ccd62.fc29.x 5.8 MB/s | 1.2 MB     00:00    
(11/114): xkeyboard-config-2.24-5.fc29.noarch.r 3.4 MB/s | 822 kB     00:00    
(12/114): cpio-2.12-9.fc29.x86_64.rpm           236 kB/s | 252 kB     00:01    
(13/114): grub2-tools-2.02-62.fc29.x86_64.rpm   1.3 MB/s | 1.9 MB     00:01    
(14/114): grubby-8.40-18.fc29.x86_64.rpm        880 kB/s | 132 kB     00:00    
(15/114): grub2-tools-minimal-2.02-62.fc29.x86_ 247 kB/s | 180 kB     00:00    
(16/114): hardlink-1.3-7.fc29.x86_64.rpm        233 kB/s |  24 kB     00:00    
(17/114): grub2-common-2.02-62.fc29.noarch.rpm  482 kB/s | 865 kB     00:01    
(18/114): kbd-legacy-2.0.4-9.fc29.noarch.rpm    2.9 MB/s | 465 kB     00:00    
(19/114): kmod-25-3.fc29.x86_64.rpm             1.5 MB/s | 112 kB     00:00    
(20/114): kbd-2.0.4-9.fc29.x86_64.rpm           1.2 MB/s | 349 kB     00:00    
(21/114): libkcapi-1.1.1-16.fc29.x86_64.rpm     429 kB/s |  43 kB     00:00    
(22/114): kbd-misc-2.0.4-9.fc29.noarch.rpm      5.3 MB/s | 1.4 MB     00:00    
(23/114): libcroco-0.6.12-5.fc29.x86_64.rpm     662 kB/s | 107 kB     00:00    
(24/114): libkcapi-hmaccalc-1.1.1-16.fc29.x86_6 265 kB/s |  26 kB     00:00    
(25/114): os-prober-1.74-7.fc29.x86_64.rpm      460 kB/s |  44 kB     00:00    
(26/114): libxkbcommon-0.8.2-1.fc29.x86_64.rpm  738 kB/s | 109 kB     00:00    
(27/114): pigz-2.4-3.fc29.x86_64.rpm            616 kB/s |  75 kB     00:00    
(28/114): procps-ng-3.3.15-4.fc29.x86_64.rpm    2.4 MB/s | 321 kB     00:00    
(29/114): systemd-bootchart-233-3.fc29.x86_64.r 540 kB/s |  69 kB     00:00    
(30/114): trousers-0.3.13-11.fc29.x86_64.rpm    962 kB/s | 146 kB     00:00    
(31/114): pinentry-1.1.0-4.fc29.x86_64.rpm      256 kB/s |  92 kB     00:00    
(32/114): trousers-lib-0.3.13-11.fc29.x86_64.rp 725 kB/s | 161 kB     00:00    
(33/114): xz-5.2.4-3.fc29.x86_64.rpm            1.6 MB/s | 146 kB     00:00    
(34/114): audit-libs-3.0-0.9.20190507gitf58ec40 1.8 MB/s | 105 kB     00:00    
(35/114): which-2.21-11.fc29.x86_64.rpm         219 kB/s |  41 kB     00:00    
(36/114): crypto-policies-20190527-1.git0b3add8 608 kB/s |  51 kB     00:00    
(37/114): curl-7.61.1-12.fc29.x86_64.rpm        2.7 MB/s | 309 kB     00:00    
(38/114): coreutils-8.30-7.fc29.x86_64.rpm      2.9 MB/s | 992 kB     00:00    
(39/114): dnf-data-4.2.5-5.fc29.noarch.rpm      1.3 MB/s |  43 kB     00:00    
(40/114): dnf-4.2.5-5.fc29.noarch.rpm           2.9 MB/s | 390 kB     00:00    
(41/114): coreutils-common-8.30-7.fc29.x86_64.r 5.5 MB/s | 1.9 MB     00:00    
(42/114): dnf-yum-4.2.5-5.fc29.noarch.rpm       1.5 MB/s |  40 kB     00:00    
(43/114): expat-2.2.8-1.fc29.x86_64.rpm         3.3 MB/s | 107 kB     00:00    
(44/114): fedora-release-29-11.noarch.rpm       1.2 MB/s |  32 kB     00:00    
(45/114): fedora-gpg-keys-29-6.noarch.rpm       3.1 MB/s | 104 kB     00:00    
(46/114): fedora-release-container-29-11.noarch 819 kB/s |  23 kB     00:00    
(47/114): fedora-repos-29-6.noarch.rpm          575 kB/s |  10 kB     00:00    
(48/114): file-libs-5.34-15.fc29.x86_64.rpm     2.6 MB/s | 528 kB     00:00    
(49/114): glibc-common-2.28-39.fc29.x86_64.rpm  2.6 MB/s | 802 kB     00:00    
(50/114): glibc-minimal-langpack-2.28-39.fc29.x 937 kB/s |  43 kB     00:00    
(51/114): glibc-langpack-en-2.28-39.fc29.x86_64 2.9 MB/s | 814 kB     00:00    
(52/114): glibc-2.28-39.fc29.x86_64.rpm         5.6 MB/s | 3.8 MB     00:00    
(53/114): gzip-1.9-9.fc29.x86_64.rpm            4.1 MB/s | 151 kB     00:00    
(54/114): gnutls-3.6.7-1.fc29.x86_64.rpm        3.1 MB/s | 869 kB     00:00    
(55/114): krb5-libs-1.16.1-26.fc29.x86_64.rpm   5.3 MB/s | 732 kB     00:00    
(56/114): libarchive-3.3.3-6.fc29.x86_64.rpm    2.8 MB/s | 342 kB     00:00    
(57/114): libargon2-20161029-7.fc29.x86_64.rpm  1.6 MB/s |  27 kB     00:00    
(58/114): libcap-ng-0.7.9-5.fc29.x86_64.rpm     1.2 MB/s |  26 kB     00:00    
(59/114): libcom_err-1.44.6-1.fc29.x86_64.rpm   1.4 MB/s |  26 kB     00:00    
(60/114): libcomps-0.1.11-1.fc29.x86_64.rpm     3.1 MB/s |  72 kB     00:00    
(61/114): libcurl-7.61.1-12.fc29.x86_64.rpm     3.9 MB/s | 246 kB     00:00    
(62/114): libgcrypt-1.8.5-1.fc29.x86_64.rpm     5.1 MB/s | 437 kB     00:00    
(63/114): gnupg2-2.2.17-1.fc29.x86_64.rpm       3.3 MB/s | 2.3 MB     00:00    
(64/114): libidn2-2.2.0-1.fc29.x86_64.rpm       3.4 MB/s |  89 kB     00:00    
(65/114): libdnf-0.31.0-10.fc29.x86_64.rpm      3.4 MB/s | 581 kB     00:00    
(66/114): libnghttp2-1.39.2-1.fc29.x86_64.rpm   2.9 MB/s |  69 kB     00:00    
(67/114): libmodulemd1-1.8.16-1.fc29.x86_64.rpm 4.3 MB/s | 167 kB     00:00    
(68/114): librepo-1.10.5-1.fc29.x86_64.rpm      3.6 MB/s |  88 kB     00:00    
(69/114): libreport-filesystem-2.11.3-2.fc29.no 748 kB/s |  14 kB     00:00    
(70/114): libpcap-1.9.1-1.fc29.x86_64.rpm       3.0 MB/s | 160 kB     00:00    
(71/114): libseccomp-2.4.1-0.fc29.x86_64.rpm    3.0 MB/s |  61 kB     00:00    
(72/114): libsss_idmap-2.2.0-3.fc29.x86_64.rpm  2.2 MB/s |  45 kB     00:00    
(73/114): libsss_nss_idmap-2.2.0-3.fc29.x86_64. 2.2 MB/s |  51 kB     00:00    
(74/114): libxcrypt-4.4.10-1.fc29.x86_64.rpm    4.2 MB/s | 123 kB     00:00    
(75/114): lz4-libs-1.9.1-1.fc29.x86_64.rpm      1.7 MB/s |  62 kB     00:00    
(76/114): libsolv-0.7.5-1.fc29.x86_64.rpm       3.1 MB/s | 376 kB     00:00    
(77/114): libzstd-1.4.2-1.fc29.x86_64.rpm       3.1 MB/s | 249 kB     00:00    
(78/114): openldap-2.4.46-10.fc29.x86_64.rpm    3.9 MB/s | 281 kB     00:00    
(79/114): openssl-pkcs11-0.4.10-3.fc29.x86_64.r 2.1 MB/s |  66 kB     00:00    
(80/114): openssl-1.1.1d-2.fc29.x86_64.rpm      4.8 MB/s | 638 kB     00:00    
(81/114): p11-kit-0.23.16.1-1.fc29.x86_64.rpm   4.0 MB/s | 239 kB     00:00    
(82/114): p11-kit-trust-0.23.16.1-1.fc29.x86_64 4.3 MB/s | 124 kB     00:00    
(83/114): pcre-8.43-2.fc29.x86_64.rpm           3.1 MB/s | 185 kB     00:00    
(84/114): pcre2-10.33-15.fc29.x86_64.rpm        4.4 MB/s | 252 kB     00:00    
(85/114): python-setuptools-wheel-40.8.0-1.fc29 4.2 MB/s | 278 kB     00:00    
(86/114): python3-3.7.5-1.fc29.x86_64.rpm       1.6 MB/s |  34 kB     00:00    
(87/114): python3-dnf-4.2.5-5.fc29.noarch.rpm   4.3 MB/s | 408 kB     00:00    
(88/114): python3-hawkey-0.31.0-10.fc29.x86_64. 3.2 MB/s |  90 kB     00:00    
(89/114): python3-libcomps-0.1.11-1.fc29.x86_64 1.9 MB/s |  44 kB     00:00    
(90/114): openssl-libs-1.1.1d-2.fc29.x86_64.rpm 3.0 MB/s | 1.4 MB     00:00    
(91/114): python-pip-wheel-18.1-2.fc29.noarch.r 4.3 MB/s | 1.2 MB     00:00    
(92/114): python3-libdnf-0.31.0-10.fc29.x86_64. 5.0 MB/s | 643 kB     00:00    
(93/114): python3-rpm-4.14.2.1-3.fc29.x86_64.rp 2.2 MB/s |  64 kB     00:00    
(94/114): python3-setuptools-40.8.0-1.fc29.noar 3.6 MB/s | 635 kB     00:00    
(95/114): rpm-4.14.2.1-3.fc29.x86_64.rpm        4.4 MB/s | 478 kB     00:00    
(96/114): rpm-build-libs-4.14.2.1-3.fc29.x86_64 3.1 MB/s |  84 kB     00:00    
(97/114): python3-pip-18.1-2.fc29.noarch.rpm    4.2 MB/s | 1.9 MB     00:00    
(98/114): rpm-libs-4.14.2.1-3.fc29.x86_64.rpm   5.5 MB/s | 262 kB     00:00    
(99/114): rpm-plugin-selinux-4.14.2.1-3.fc29.x8 635 kB/s |  16 kB     00:00    
(100/114): rpm-plugin-systemd-inhibit-4.14.2.1- 988 kB/s |  17 kB     00:00    
(101/114): rpm-sign-libs-4.14.2.1-3.fc29.x86_64 1.0 MB/s |  22 kB     00:00    
(102/114): setup-2.12.1-2.fc29.noarch.rpm       3.4 MB/s | 148 kB     00:00    
(103/114): sssd-client-2.2.0-3.fc29.x86_64.rpm  1.9 MB/s |  96 kB     00:00    
(104/114): sqlite-libs-3.26.0-4.fc29.x86_64.rpm 3.8 MB/s | 539 kB     00:00    
(105/114): systemd-libs-239-14.git33ccd62.fc29. 3.6 MB/s | 442 kB     00:00    
(106/114): systemd-pam-239-14.git33ccd62.fc29.x 2.3 MB/s | 155 kB     00:00    
(107/114): tzdata-2019c-1.fc29.noarch.rpm       3.5 MB/s | 430 kB     00:00    
(108/114): vim-minimal-8.1.2198-1.fc29.x86_64.r 2.9 MB/s | 644 kB     00:00    
(109/114): whois-mkpasswd-5.5.3-1.fc29.x86_64.r 1.2 MB/s |  40 kB     00:00    
(110/114): whois-nls-5.5.3-1.fc29.noarch.rpm    792 kB/s |  32 kB     00:00    
(111/114): zchunk-libs-1.1.2-2.fc29.x86_64.rpm  1.8 MB/s |  46 kB     00:00    
(112/114): systemd-239-14.git33ccd62.fc29.x86_6 4.9 MB/s | 3.4 MB     00:00    
(113/114): zlib-1.2.11-18.fc29.x86_64.rpm       2.1 MB/s |  91 kB     00:00    
(114/114): python3-libs-3.7.5-1.fc29.x86_64.rpm 4.3 MB/s | 8.0 MB     00:01    
--------------------------------------------------------------------------------
Total                                           5.0 MB/s |  52 MB     00:10     
Running transaction check
Transaction check succeeded.
Running transaction test
Transaction test succeeded.
Running transaction
  Preparing        :                                                        1/1 
  Running scriptlet: grub2-common-1:2.02-62.fc29.noarch                     1/1 
  Installing       : grub2-common-1:2.02-62.fc29.noarch                   1/194 
  Upgrading        : whois-nls-5.5.3-1.fc29.noarch                        2/194 
  Upgrading        : tzdata-2019c-1.fc29.noarch                           3/194 
  Upgrading        : glibc-common-2.28-39.fc29.x86_64                     4/194 
  Upgrading        : glibc-langpack-en-2.28-39.fc29.x86_64                5/194 
  Running scriptlet: glibc-2.28-39.fc29.x86_64                            6/194 
  Upgrading        : glibc-2.28-39.fc29.x86_64                            6/194 
  Running scriptlet: glibc-2.28-39.fc29.x86_64                            6/194 
  Upgrading        : zlib-1.2.11-18.fc29.x86_64                           7/194 
  Upgrading        : libzstd-1.4.2-1.fc29.x86_64                          8/194 
  Upgrading        : sqlite-libs-3.26.0-4.fc29.x86_64                     9/194 
  Upgrading        : libgcrypt-1.8.5-1.fc29.x86_64                       10/194 
  Upgrading        : libxcrypt-4.4.10-1.fc29.x86_64                      11/194 
  Upgrading        : libmodulemd1-1.8.16-1.fc29.x86_64                   12/194 
  Installing       : kmod-25-3.fc29.x86_64                               13/194 
  Upgrading        : expat-2.2.8-1.fc29.x86_64                           14/194 
  Upgrading        : libcom_err-1.44.6-1.fc29.x86_64                     15/194 
  Upgrading        : libidn2-2.2.0-1.fc29.x86_64                         16/194 
  Upgrading        : lz4-libs-1.9.1-1.fc29.x86_64                        17/194 
  Upgrading        : file-libs-5.34-15.fc29.x86_64                       18/194 
  Installing       : libgomp-8.3.1-2.fc29.x86_64                         19/194 
  Running scriptlet: libgomp-8.3.1-2.fc29.x86_64                         19/194 
  Installing       : libcroco-0.6.12-5.fc29.x86_64                       20/194 
  Running scriptlet: libcroco-0.6.12-5.fc29.x86_64                       20/194 
  Upgrading        : p11-kit-0.23.16.1-1.fc29.x86_64                     21/194 
  Running scriptlet: p11-kit-0.23.16.1-1.fc29.x86_64                     21/194 
  Upgrading        : p11-kit-trust-0.23.16.1-1.fc29.x86_64               22/194 
  Running scriptlet: p11-kit-trust-0.23.16.1-1.fc29.x86_64               22/194 
  Upgrading        : pcre2-10.33-15.fc29.x86_64                          23/194 
  Installing       : hardlink-1:1.3-7.fc29.x86_64                        24/194 
  Installing       : gettext-libs-0.19.8.1-18.fc29.x86_64                25/194 
  Installing       : gettext-0.19.8.1-18.fc29.x86_64                     26/194 
  Installing       : grub2-tools-minimal-1:2.02-62.fc29.x86_64           27/194 
  Installing       : file-5.34-15.fc29.x86_64                            28/194 
  Upgrading        : libcomps-0.1.11-1.fc29.x86_64                       29/194 
  Installing       : libsecret-0.18.7-1.fc29.x86_64                      30/194 
  Installing       : pinentry-1.1.0-4.fc29.x86_64                        31/194 
  Running scriptlet: pinentry-1.1.0-4.fc29.x86_64                        31/194 
  Installing       : pigz-2.4-3.fc29.x86_64                              32/194 
  Installing       : findutils-1:4.6.0-21.fc29.x86_64                    33/194 
  Running scriptlet: findutils-1:4.6.0-21.fc29.x86_64                    33/194 
  Installing       : kpartx-0.7.7-6.gitef6d98b.fc29.x86_64               34/194 
  Installing       : cpio-2.12-9.fc29.x86_64                             35/194 
  Installing       : which-2.21-11.fc29.x86_64                           36/194 
  Installing       : xz-5.2.4-3.fc29.x86_64                              37/194 
  Upgrading        : libcap-ng-0.7.9-5.fc29.x86_64                       38/194 
  Upgrading        : audit-libs-3.0-0.9.20190507gitf58ec40.fc29.x86_6    39/194 
  Upgrading        : libnghttp2-1.39.2-1.fc29.x86_64                     40/194 
  Upgrading        : libseccomp-2.4.1-0.fc29.x86_64                      41/194 
  Upgrading        : libsss_idmap-2.2.0-3.fc29.x86_64                    42/194 
  Running scriptlet: libsss_idmap-2.2.0-3.fc29.x86_64                    42/194 
  Upgrading        : libsss_nss_idmap-2.2.0-3.fc29.x86_64                43/194 
  Running scriptlet: libsss_nss_idmap-2.2.0-3.fc29.x86_64                43/194 
  Upgrading        : python-setuptools-wheel-40.8.0-1.fc29.noarch        44/194 
  Upgrading        : python-pip-wheel-18.1-2.fc29.noarch                 45/194 
  Upgrading        : libreport-filesystem-2.11.3-2.fc29.noarch           46/194 
  Upgrading        : dnf-data-4.2.5-5.fc29.noarch                        47/194 
  Upgrading        : fedora-gpg-keys-29-6.noarch                         48/194 
  Upgrading        : fedora-release-29-11.noarch                         49/194 
  Running scriptlet: fedora-release-29-11.noarch                         49/194 
  Upgrading        : fedora-repos-29-6.noarch                            50/194 
  Upgrading        : coreutils-common-8.30-7.fc29.x86_64                 51/194 
  Running scriptlet: coreutils-common-8.30-7.fc29.x86_64                 51/194 
  Installing       : kbd-misc-2.0.4-9.fc29.noarch                        52/194 
  Installing       : kbd-legacy-2.0.4-9.fc29.noarch                      53/194 
  Installing       : kbd-2.0.4-9.fc29.x86_64                             54/194 
  Installing       : xkeyboard-config-2.24-5.fc29.noarch                 55/194 
  Installing       : libxkbcommon-0.8.2-1.fc29.x86_64                    56/194 
  Upgrading        : krb5-libs-1.16.1-26.fc29.x86_64                     57/194 
  Upgrading        : openldap-2.4.46-10.fc29.x86_64                      58/194 
  Upgrading        : libcurl-7.61.1-12.fc29.x86_64                       59/194 
  Upgrading        : libarchive-3.3.3-6.fc29.x86_64                      60/194 
  Upgrading        : curl-7.61.1-12.fc29.x86_64                          61/194 
  Upgrading        : openssl-1:1.1.1d-2.fc29.x86_64                      62/194 
  Installing       : libkcapi-1.1.1-16.fc29.x86_64                       63/194 
  Installing       : libkcapi-hmaccalc-1.1.1-16.fc29.x86_64              64/194 
  Upgrading        : gzip-1.9-9.fc29.x86_64                              65/194 
  Installing       : procps-ng-3.3.15-4.fc29.x86_64                      66/194 
  Upgrading        : openssl-pkcs11-0.4.10-3.fc29.x86_64                 67/194 
  Upgrading        : rpm-4.14.2.1-3.fc29.x86_64                          68/194 
  Upgrading        : rpm-plugin-selinux-4.14.2.1-3.fc29.x86_64           69/194 
  Installing       : trousers-lib-0.3.13-11.fc29.x86_64                  70/194 
  Running scriptlet: trousers-lib-0.3.13-11.fc29.x86_64                  70/194 
  Upgrading        : coreutils-8.30-7.fc29.x86_64                        71/194 
  Upgrading        : systemd-libs-239-14.git33ccd62.fc29.x86_64          72/194 
  Running scriptlet: systemd-libs-239-14.git33ccd62.fc29.x86_64          72/194 
  Upgrading        : rpm-libs-4.14.2.1-3.fc29.x86_64                     73/194 
  Installing       : os-prober-1.74-7.fc29.x86_64                        74/194 
  Upgrading        : gnutls-3.6.7-1.fc29.x86_64                          75/194 
  Upgrading        : systemd-pam-239-14.git33ccd62.fc29.x86_64           76/194 
  Upgrading        : openssl-libs-1:1.1.1d-2.fc29.x86_64                 77/194 
  Running scriptlet: systemd-239-14.git33ccd62.fc29.x86_64               78/194 
  Upgrading        : systemd-239-14.git33ccd62.fc29.x86_64               78/194 
  Running scriptlet: systemd-239-14.git33ccd62.fc29.x86_64               78/194 
  Installing       : systemd-bootchart-233-3.fc29.x86_64                 79/194 
  Running scriptlet: systemd-bootchart-233-3.fc29.x86_64                 79/194 
  Installing       : systemd-udev-239-14.git33ccd62.fc29.x86_64          80/194 
  Running scriptlet: systemd-udev-239-14.git33ccd62.fc29.x86_64          80/194 
  Installing       : dracut-049-26.git20181204.fc29.x86_64               81/194 
  Running scriptlet: grub2-tools-1:2.02-62.fc29.x86_64                   82/194 
  Installing       : grub2-tools-1:2.02-62.fc29.x86_64                   82/194 
  Running scriptlet: grub2-tools-1:2.02-62.fc29.x86_64                   82/194 
install-info: No such file or directory for /usr/share/info/grub2.info.gz
install-info: No such file or directory for /usr/share/info/grub2-dev.info.gz

  Installing       : grubby-8.40-18.fc29.x86_64                          83/194 
  Upgrading        : crypto-policies-20190527-1.git0b3add8.fc29.noarc    84/194 
  Running scriptlet: crypto-policies-20190527-1.git0b3add8.fc29.noarc    84/194 
  Running scriptlet: trousers-0.3.13-11.fc29.x86_64                      85/194 
  Installing       : trousers-0.3.13-11.fc29.x86_64                      85/194 
  Running scriptlet: trousers-0.3.13-11.fc29.x86_64                      85/194 
  Upgrading        : python3-pip-18.1-2.fc29.noarch                      86/194 
  Upgrading        : python3-setuptools-40.8.0-1.fc29.noarch             87/194 
  Upgrading        : python3-3.7.5-1.fc29.x86_64                         88/194 
  Upgrading        : python3-libs-3.7.5-1.fc29.x86_64                    89/194 
  Upgrading        : zchunk-libs-1.1.2-2.fc29.x86_64                     90/194 
  Upgrading        : librepo-1.10.5-1.fc29.x86_64                        91/194 
  Upgrading        : libsolv-0.7.5-1.fc29.x86_64                         92/194 
  Upgrading        : libdnf-0.31.0-10.fc29.x86_64                        93/194 
  Upgrading        : python3-libdnf-0.31.0-10.fc29.x86_64                94/194 
  Installing       : gnupg2-smime-2.2.17-1.fc29.x86_64                   95/194 
  Upgrading        : gnupg2-2.2.17-1.fc29.x86_64                         96/194 
  Upgrading        : rpm-sign-libs-4.14.2.1-3.fc29.x86_64                97/194 
  Upgrading        : python3-hawkey-0.31.0-10.fc29.x86_64                98/194 
  Upgrading        : python3-libcomps-0.1.11-1.fc29.x86_64               99/194 
  Upgrading        : rpm-build-libs-4.14.2.1-3.fc29.x86_64              100/194 
  Upgrading        : python3-rpm-4.14.2.1-3.fc29.x86_64                 101/194 
  Upgrading        : rpm-plugin-systemd-inhibit-4.14.2.1-3.fc29.x86_6   102/194 
  Upgrading        : python3-dnf-4.2.5-5.fc29.noarch                    103/194 
  Upgrading        : dnf-4.2.5-5.fc29.noarch                            104/194 
  Running scriptlet: dnf-4.2.5-5.fc29.noarch                            104/194 
  Upgrading        : dnf-yum-4.2.5-5.fc29.noarch                        105/194 
  Upgrading        : vim-minimal-2:8.1.2198-1.fc29.x86_64               106/194 
  Upgrading        : sssd-client-2.2.0-3.fc29.x86_64                    107/194 
  Running scriptlet: sssd-client-2.2.0-3.fc29.x86_64                    107/194 
  Upgrading        : fedora-release-container-29-11.noarch              108/194 
  Running scriptlet: fedora-release-container-29-11.noarch              108/194 
  Upgrading        : setup-2.12.1-2.fc29.noarch                         109/194 
  Running scriptlet: setup-2.12.1-2.fc29.noarch                         109/194 
warning: /etc/shadow created as /etc/shadow.rpmnew

  Upgrading        : whois-mkpasswd-5.5.3-1.fc29.x86_64                 110/194 
  Upgrading        : glibc-minimal-langpack-2.28-39.fc29.x86_64         111/194 
  Upgrading        : libargon2-20161029-7.fc29.x86_64                   112/194 
  Upgrading        : libpcap-14:1.9.1-1.fc29.x86_64                     113/194 
  Upgrading        : pcre-8.43-2.fc29.x86_64                            114/194 
  Cleanup          : glibc-minimal-langpack-2.28-26.fc29.x86_64         115/194 
  Cleanup          : setup-2.12.1-1.fc29.noarch                         116/194 
  Running scriptlet: fedora-release-container-29-7.noarch               117/194 
  Cleanup          : fedora-release-container-29-7.noarch               117/194 
  Cleanup          : fedora-release-29-7.noarch                         118/194 
  Cleanup          : fedora-repos-29-3.noarch                           119/194 
  Cleanup          : dnf-yum-4.1.0-1.fc29.noarch                        120/194 
  Running scriptlet: sssd-client-2.0.0-5.fc29.x86_64                    121/194 
  Cleanup          : sssd-client-2.0.0-5.fc29.x86_64                    121/194 
  Running scriptlet: sssd-client-2.0.0-5.fc29.x86_64                    121/194 
  Cleanup          : libsss_nss_idmap-2.0.0-5.fc29.x86_64               122/194 
  Running scriptlet: libsss_nss_idmap-2.0.0-5.fc29.x86_64               122/194 
  Cleanup          : libsss_idmap-2.0.0-5.fc29.x86_64                   123/194 
  Running scriptlet: libsss_idmap-2.0.0-5.fc29.x86_64                   123/194 
  Cleanup          : libpcap-14:1.9.0-2.fc29.x86_64                     124/194 
  Cleanup          : gzip-1.9-7.fc29.x86_64                             125/194 
  Cleanup          : vim-minimal-2:8.1.994-1.fc29.x86_64                126/194 
  Cleanup          : pcre-8.43-1.fc29.x86_64                            127/194 
  Cleanup          : libargon2-20161029-6.fc29.x86_64                   128/194 
  Running scriptlet: dnf-4.1.0-1.fc29.noarch                            129/194 
  Cleanup          : dnf-4.1.0-1.fc29.noarch                            129/194 
  Running scriptlet: dnf-4.1.0-1.fc29.noarch                            129/194 
  Cleanup          : python3-dnf-4.1.0-1.fc29.noarch                    130/194 
  Cleanup          : dnf-data-4.1.0-1.fc29.noarch                       131/194 
  Cleanup          : libreport-filesystem-2.10.0-1.fc29.noarch          132/194 
  Cleanup          : fedora-gpg-keys-29-3.noarch                        133/194 
  Running scriptlet: systemd-239-12.git8bca462.fc29.x86_64              134/194 
  Cleanup          : systemd-239-12.git8bca462.fc29.x86_64              134/194 
  Cleanup          : systemd-libs-239-12.git8bca462.fc29.x86_64         135/194 
  Cleanup          : python3-hawkey-0.26.0-1.fc29.x86_64                136/194 
  Cleanup          : systemd-pam-239-12.git8bca462.fc29.x86_64          137/194 
  Cleanup          : python3-libdnf-0.26.0-1.fc29.x86_64                138/194 
  Cleanup          : libdnf-0.26.0-1.fc29.x86_64                        139/194 
  Cleanup          : libsolv-0.7.2-2.fc29.x86_64                        140/194 
  Cleanup          : python3-rpm-4.14.2.1-2.fc29.x86_64                 141/194 
  Cleanup          : rpm-build-libs-4.14.2.1-2.fc29.x86_64              142/194 
  Cleanup          : rpm-sign-libs-4.14.2.1-2.fc29.x86_64               143/194 
  Cleanup          : gnupg2-2.2.13-1.fc29.x86_64                        144/194 
  Cleanup          : gnutls-3.6.6-1.fc29.x86_64                         145/194 
  Cleanup          : rpm-plugin-systemd-inhibit-4.14.2.1-2.fc29.x86_6   146/194 
  Cleanup          : rpm-4.14.2.1-2.fc29.x86_64                         147/194 
  Cleanup          : rpm-libs-4.14.2.1-2.fc29.x86_64                    148/194 
  Cleanup          : curl-7.61.1-10.fc29.x86_64                         149/194 
  Cleanup          : libarchive-3.3.3-2.fc29.x86_64                     150/194 
  Cleanup          : file-libs-5.34-13.fc29.x86_64                      151/194 
  Cleanup          : python3-libcomps-0.1.10-2.fc29.x86_64              152/194 
  Cleanup          : python3-libs-3.7.2-4.fc29.x86_64                   153/194 
  Cleanup          : python3-pip-18.1-1.fc29.noarch                     154/194 
  Cleanup          : python3-setuptools-40.4.3-1.fc29.noarch            155/194 
  Cleanup          : python3-3.7.2-4.fc29.x86_64                        156/194 
  Cleanup          : sqlite-libs-3.26.0-1.fc29.x86_64                   157/194 
  Cleanup          : libcomps-0.1.10-2.fc29.x86_64                      158/194 
  Cleanup          : rpm-plugin-selinux-4.14.2.1-2.fc29.x86_64          159/194 
  Cleanup          : libgcrypt-1.8.4-1.fc29.x86_64                      160/194 
  Running scriptlet: libgcrypt-1.8.4-1.fc29.x86_64                      160/194 
  Cleanup          : librepo-1.9.4-1.fc29.x86_64                        161/194 
  Cleanup          : libcurl-7.61.1-10.fc29.x86_64                      162/194 
  Cleanup          : krb5-libs-1.16.1-25.fc29.x86_64                    163/194 
  Cleanup          : openldap-2.4.46-9.fc29.x86_64                      164/194 
  Cleanup          : libcom_err-1.44.4-1.fc29.x86_64                    165/194 
  Running scriptlet: libcom_err-1.44.4-1.fc29.x86_64                    165/194 
  Cleanup          : zchunk-libs-1.0.3-1.fc29.x86_64                    166/194 
  Cleanup          : crypto-policies-20190211-2.gite3eacfc.fc29.noarc   167/194 
  Cleanup          : openssl-1:1.1.1b-2.fc29.x86_64                     168/194 
  Cleanup          : coreutils-8.30-6.fc29.x86_64                       169/194 
  Cleanup          : openssl-libs-1:1.1.1b-2.fc29.x86_64                170/194 
  Cleanup          : openssl-pkcs11-0.4.9-1.fc29.x86_64                 171/194 
  Cleanup          : p11-kit-trust-0.23.15-2.fc29.x86_64                172/194 
  Running scriptlet: p11-kit-trust-0.23.15-2.fc29.x86_64                172/194 
  Cleanup          : p11-kit-0.23.15-2.fc29.x86_64                      173/194 
  Running scriptlet: p11-kit-0.23.15-2.fc29.x86_64                      173/194 
  Cleanup          : libxcrypt-4.4.3-10.fc29.x86_64                     174/194 
  Cleanup          : audit-libs-3.0-0.5.20181218gitbdb72c0.fc29.x86_6   175/194 
  Cleanup          : libcap-ng-0.7.9-4.fc29.x86_64                      176/194 
  Cleanup          : pcre2-10.32-8.fc29.x86_64                          177/194 
  Cleanup          : expat-2.2.6-1.fc29.x86_64                          178/194 
  Cleanup          : libseccomp-2.3.3-3.fc29.x86_64                     179/194 
  Running scriptlet: libseccomp-2.3.3-3.fc29.x86_64                     179/194 
  Cleanup          : zlib-1.2.11-14.fc29.x86_64                         180/194 
  Cleanup          : libzstd-1.3.8-1.fc29.x86_64                        181/194 
  Cleanup          : libidn2-2.1.1a-1.fc29.x86_64                       182/194 
  Cleanup          : libnghttp2-1.34.0-1.fc29.x86_64                    183/194 
  Cleanup          : libmodulemd1-1.8.2-3.fc29.x86_64                   184/194 
  Cleanup          : whois-mkpasswd-5.4.1-1.fc29.x86_64                 185/194 
  Cleanup          : lz4-libs-1.8.3-1.fc29.x86_64                       186/194 
  Cleanup          : whois-nls-5.4.1-1.fc29.noarch                      187/194 
  Running scriptlet: coreutils-common-8.30-6.fc29.x86_64                188/194 
  Cleanup          : coreutils-common-8.30-6.fc29.x86_64                188/194 
  Cleanup          : python-pip-wheel-18.1-1.fc29.noarch                189/194 
  Cleanup          : python-setuptools-wheel-40.4.3-1.fc29.noarch       190/194 
  Cleanup          : glibc-2.28-26.fc29.x86_64                          191/194 
  Cleanup          : glibc-langpack-en-2.28-26.fc29.x86_64              192/194 
  Cleanup          : glibc-common-2.28-26.fc29.x86_64                   193/194 
  Cleanup          : tzdata-2018i-1.fc29.noarch                         194/194 
  Running scriptlet: fedora-release-29-11.noarch                        194/194 
  Running scriptlet: tzdata-2018i-1.fc29.noarch                         194/194 
  Running scriptlet: glibc-common-2.28-39.fc29.x86_64                   194/194 
  Running scriptlet: systemd-239-14.git33ccd62.fc29.x86_64              194/194 
  Running scriptlet: systemd-udev-239-14.git33ccd62.fc29.x86_64         194/194 
  Verifying        : dracut-049-26.git20181204.fc29.x86_64                1/194 
  Verifying        : file-5.34-15.fc29.x86_64                             2/194 
  Verifying        : findutils-1:4.6.0-21.fc29.x86_64                     3/194 
  Verifying        : gettext-0.19.8.1-18.fc29.x86_64                      4/194 
  Verifying        : gettext-libs-0.19.8.1-18.fc29.x86_64                 5/194 
  Verifying        : gnupg2-smime-2.2.17-1.fc29.x86_64                    6/194 
  Verifying        : kpartx-0.7.7-6.gitef6d98b.fc29.x86_64                7/194 
  Verifying        : libgomp-8.3.1-2.fc29.x86_64                          8/194 
  Verifying        : libsecret-0.18.7-1.fc29.x86_64                       9/194 
  Verifying        : systemd-udev-239-14.git33ccd62.fc29.x86_64          10/194 
  Verifying        : xkeyboard-config-2.24-5.fc29.noarch                 11/194 
  Verifying        : cpio-2.12-9.fc29.x86_64                             12/194 
  Verifying        : grub2-common-1:2.02-62.fc29.noarch                  13/194 
  Verifying        : grub2-tools-1:2.02-62.fc29.x86_64                   14/194 
  Verifying        : grub2-tools-minimal-1:2.02-62.fc29.x86_64           15/194 
  Verifying        : grubby-8.40-18.fc29.x86_64                          16/194 
  Verifying        : hardlink-1:1.3-7.fc29.x86_64                        17/194 
  Verifying        : kbd-2.0.4-9.fc29.x86_64                             18/194 
  Verifying        : kbd-legacy-2.0.4-9.fc29.noarch                      19/194 
  Verifying        : kbd-misc-2.0.4-9.fc29.noarch                        20/194 
  Verifying        : kmod-25-3.fc29.x86_64                               21/194 
  Verifying        : libcroco-0.6.12-5.fc29.x86_64                       22/194 
  Verifying        : libkcapi-1.1.1-16.fc29.x86_64                       23/194 
  Verifying        : libkcapi-hmaccalc-1.1.1-16.fc29.x86_64              24/194 
  Verifying        : libxkbcommon-0.8.2-1.fc29.x86_64                    25/194 
  Verifying        : os-prober-1.74-7.fc29.x86_64                        26/194 
  Verifying        : pigz-2.4-3.fc29.x86_64                              27/194 
  Verifying        : pinentry-1.1.0-4.fc29.x86_64                        28/194 
  Verifying        : procps-ng-3.3.15-4.fc29.x86_64                      29/194 
  Verifying        : systemd-bootchart-233-3.fc29.x86_64                 30/194 
  Verifying        : trousers-0.3.13-11.fc29.x86_64                      31/194 
  Verifying        : trousers-lib-0.3.13-11.fc29.x86_64                  32/194 
  Verifying        : which-2.21-11.fc29.x86_64                           33/194 
  Verifying        : xz-5.2.4-3.fc29.x86_64                              34/194 
  Verifying        : audit-libs-3.0-0.9.20190507gitf58ec40.fc29.x86_6    35/194 
  Verifying        : audit-libs-3.0-0.5.20181218gitbdb72c0.fc29.x86_6    36/194 
  Verifying        : coreutils-8.30-7.fc29.x86_64                        37/194 
  Verifying        : coreutils-8.30-6.fc29.x86_64                        38/194 
  Verifying        : coreutils-common-8.30-7.fc29.x86_64                 39/194 
  Verifying        : coreutils-common-8.30-6.fc29.x86_64                 40/194 
  Verifying        : crypto-policies-20190527-1.git0b3add8.fc29.noarc    41/194 
  Verifying        : crypto-policies-20190211-2.gite3eacfc.fc29.noarc    42/194 
  Verifying        : curl-7.61.1-12.fc29.x86_64                          43/194 
  Verifying        : curl-7.61.1-10.fc29.x86_64                          44/194 
  Verifying        : dnf-4.2.5-5.fc29.noarch                             45/194 
  Verifying        : dnf-4.1.0-1.fc29.noarch                             46/194 
  Verifying        : dnf-data-4.2.5-5.fc29.noarch                        47/194 
  Verifying        : dnf-data-4.1.0-1.fc29.noarch                        48/194 
  Verifying        : dnf-yum-4.2.5-5.fc29.noarch                         49/194 
  Verifying        : dnf-yum-4.1.0-1.fc29.noarch                         50/194 
  Verifying        : expat-2.2.8-1.fc29.x86_64                           51/194 
  Verifying        : expat-2.2.6-1.fc29.x86_64                           52/194 
  Verifying        : fedora-gpg-keys-29-6.noarch                         53/194 
  Verifying        : fedora-gpg-keys-29-3.noarch                         54/194 
  Verifying        : fedora-release-29-11.noarch                         55/194 
  Verifying        : fedora-release-29-7.noarch                          56/194 
  Verifying        : fedora-release-container-29-11.noarch               57/194 
  Verifying        : fedora-release-container-29-7.noarch                58/194 
  Verifying        : fedora-repos-29-6.noarch                            59/194 
  Verifying        : fedora-repos-29-3.noarch                            60/194 
  Verifying        : file-libs-5.34-15.fc29.x86_64                       61/194 
  Verifying        : file-libs-5.34-13.fc29.x86_64                       62/194 
  Verifying        : glibc-2.28-39.fc29.x86_64                           63/194 
  Verifying        : glibc-2.28-26.fc29.x86_64                           64/194 
  Verifying        : glibc-common-2.28-39.fc29.x86_64                    65/194 
  Verifying        : glibc-common-2.28-26.fc29.x86_64                    66/194 
  Verifying        : glibc-langpack-en-2.28-39.fc29.x86_64               67/194 
  Verifying        : glibc-langpack-en-2.28-26.fc29.x86_64               68/194 
  Verifying        : glibc-minimal-langpack-2.28-39.fc29.x86_64          69/194 
  Verifying        : glibc-minimal-langpack-2.28-26.fc29.x86_64          70/194 
  Verifying        : gnupg2-2.2.17-1.fc29.x86_64                         71/194 
  Verifying        : gnupg2-2.2.13-1.fc29.x86_64                         72/194 
  Verifying        : gnutls-3.6.7-1.fc29.x86_64                          73/194 
  Verifying        : gnutls-3.6.6-1.fc29.x86_64                          74/194 
  Verifying        : gzip-1.9-9.fc29.x86_64                              75/194 
  Verifying        : gzip-1.9-7.fc29.x86_64                              76/194 
  Verifying        : krb5-libs-1.16.1-26.fc29.x86_64                     77/194 
  Verifying        : krb5-libs-1.16.1-25.fc29.x86_64                     78/194 
  Verifying        : libarchive-3.3.3-6.fc29.x86_64                      79/194 
  Verifying        : libarchive-3.3.3-2.fc29.x86_64                      80/194 
  Verifying        : libargon2-20161029-7.fc29.x86_64                    81/194 
  Verifying        : libargon2-20161029-6.fc29.x86_64                    82/194 
  Verifying        : libcap-ng-0.7.9-5.fc29.x86_64                       83/194 
  Verifying        : libcap-ng-0.7.9-4.fc29.x86_64                       84/194 
  Verifying        : libcom_err-1.44.6-1.fc29.x86_64                     85/194 
  Verifying        : libcom_err-1.44.4-1.fc29.x86_64                     86/194 
  Verifying        : libcomps-0.1.11-1.fc29.x86_64                       87/194 
  Verifying        : libcomps-0.1.10-2.fc29.x86_64                       88/194 
  Verifying        : libcurl-7.61.1-12.fc29.x86_64                       89/194 
  Verifying        : libcurl-7.61.1-10.fc29.x86_64                       90/194 
  Verifying        : libdnf-0.31.0-10.fc29.x86_64                        91/194 
  Verifying        : libdnf-0.26.0-1.fc29.x86_64                         92/194 
  Verifying        : libgcrypt-1.8.5-1.fc29.x86_64                       93/194 
  Verifying        : libgcrypt-1.8.4-1.fc29.x86_64                       94/194 
  Verifying        : libidn2-2.2.0-1.fc29.x86_64                         95/194 
  Verifying        : libidn2-2.1.1a-1.fc29.x86_64                        96/194 
  Verifying        : libmodulemd1-1.8.16-1.fc29.x86_64                   97/194 
  Verifying        : libmodulemd1-1.8.2-3.fc29.x86_64                    98/194 
  Verifying        : libnghttp2-1.39.2-1.fc29.x86_64                     99/194 
  Verifying        : libnghttp2-1.34.0-1.fc29.x86_64                    100/194 
  Verifying        : libpcap-14:1.9.1-1.fc29.x86_64                     101/194 
  Verifying        : libpcap-14:1.9.0-2.fc29.x86_64                     102/194 
  Verifying        : librepo-1.10.5-1.fc29.x86_64                       103/194 
  Verifying        : librepo-1.9.4-1.fc29.x86_64                        104/194 
  Verifying        : libreport-filesystem-2.11.3-2.fc29.noarch          105/194 
  Verifying        : libreport-filesystem-2.10.0-1.fc29.noarch          106/194 
  Verifying        : libseccomp-2.4.1-0.fc29.x86_64                     107/194 
  Verifying        : libseccomp-2.3.3-3.fc29.x86_64                     108/194 
  Verifying        : libsolv-0.7.5-1.fc29.x86_64                        109/194 
  Verifying        : libsolv-0.7.2-2.fc29.x86_64                        110/194 
  Verifying        : libsss_idmap-2.2.0-3.fc29.x86_64                   111/194 
  Verifying        : libsss_idmap-2.0.0-5.fc29.x86_64                   112/194 
  Verifying        : libsss_nss_idmap-2.2.0-3.fc29.x86_64               113/194 
  Verifying        : libsss_nss_idmap-2.0.0-5.fc29.x86_64               114/194 
  Verifying        : libxcrypt-4.4.10-1.fc29.x86_64                     115/194 
  Verifying        : libxcrypt-4.4.3-10.fc29.x86_64                     116/194 
  Verifying        : libzstd-1.4.2-1.fc29.x86_64                        117/194 
  Verifying        : libzstd-1.3.8-1.fc29.x86_64                        118/194 
  Verifying        : lz4-libs-1.9.1-1.fc29.x86_64                       119/194 
  Verifying        : lz4-libs-1.8.3-1.fc29.x86_64                       120/194 
  Verifying        : openldap-2.4.46-10.fc29.x86_64                     121/194 
  Verifying        : openldap-2.4.46-9.fc29.x86_64                      122/194 
  Verifying        : openssl-1:1.1.1d-2.fc29.x86_64                     123/194 
  Verifying        : openssl-1:1.1.1b-2.fc29.x86_64                     124/194 
  Verifying        : openssl-libs-1:1.1.1d-2.fc29.x86_64                125/194 
  Verifying        : openssl-libs-1:1.1.1b-2.fc29.x86_64                126/194 
  Verifying        : openssl-pkcs11-0.4.10-3.fc29.x86_64                127/194 
  Verifying        : openssl-pkcs11-0.4.9-1.fc29.x86_64                 128/194 
  Verifying        : p11-kit-0.23.16.1-1.fc29.x86_64                    129/194 
  Verifying        : p11-kit-0.23.15-2.fc29.x86_64                      130/194 
  Verifying        : p11-kit-trust-0.23.16.1-1.fc29.x86_64              131/194 
  Verifying        : p11-kit-trust-0.23.15-2.fc29.x86_64                132/194 
  Verifying        : pcre-8.43-2.fc29.x86_64                            133/194 
  Verifying        : pcre-8.43-1.fc29.x86_64                            134/194 
  Verifying        : pcre2-10.33-15.fc29.x86_64                         135/194 
  Verifying        : pcre2-10.32-8.fc29.x86_64                          136/194 
  Verifying        : python-pip-wheel-18.1-2.fc29.noarch                137/194 
  Verifying        : python-pip-wheel-18.1-1.fc29.noarch                138/194 
  Verifying        : python-setuptools-wheel-40.8.0-1.fc29.noarch       139/194 
  Verifying        : python-setuptools-wheel-40.4.3-1.fc29.noarch       140/194 
  Verifying        : python3-3.7.5-1.fc29.x86_64                        141/194 
  Verifying        : python3-3.7.2-4.fc29.x86_64                        142/194 
  Verifying        : python3-dnf-4.2.5-5.fc29.noarch                    143/194 
  Verifying        : python3-dnf-4.1.0-1.fc29.noarch                    144/194 
  Verifying        : python3-hawkey-0.31.0-10.fc29.x86_64               145/194 
  Verifying        : python3-hawkey-0.26.0-1.fc29.x86_64                146/194 
  Verifying        : python3-libcomps-0.1.11-1.fc29.x86_64              147/194 
  Verifying        : python3-libcomps-0.1.10-2.fc29.x86_64              148/194 
  Verifying        : python3-libdnf-0.31.0-10.fc29.x86_64               149/194 
  Verifying        : python3-libdnf-0.26.0-1.fc29.x86_64                150/194 
  Verifying        : python3-libs-3.7.5-1.fc29.x86_64                   151/194 
  Verifying        : python3-libs-3.7.2-4.fc29.x86_64                   152/194 
  Verifying        : python3-pip-18.1-2.fc29.noarch                     153/194 
  Verifying        : python3-pip-18.1-1.fc29.noarch                     154/194 
  Verifying        : python3-rpm-4.14.2.1-3.fc29.x86_64                 155/194 
  Verifying        : python3-rpm-4.14.2.1-2.fc29.x86_64                 156/194 
  Verifying        : python3-setuptools-40.8.0-1.fc29.noarch            157/194 
  Verifying        : python3-setuptools-40.4.3-1.fc29.noarch            158/194 
  Verifying        : rpm-4.14.2.1-3.fc29.x86_64                         159/194 
  Verifying        : rpm-4.14.2.1-2.fc29.x86_64                         160/194 
  Verifying        : rpm-build-libs-4.14.2.1-3.fc29.x86_64              161/194 
  Verifying        : rpm-build-libs-4.14.2.1-2.fc29.x86_64              162/194 
  Verifying        : rpm-libs-4.14.2.1-3.fc29.x86_64                    163/194 
  Verifying        : rpm-libs-4.14.2.1-2.fc29.x86_64                    164/194 
  Verifying        : rpm-plugin-selinux-4.14.2.1-3.fc29.x86_64          165/194 
  Verifying        : rpm-plugin-selinux-4.14.2.1-2.fc29.x86_64          166/194 
  Verifying        : rpm-plugin-systemd-inhibit-4.14.2.1-3.fc29.x86_6   167/194 
  Verifying        : rpm-plugin-systemd-inhibit-4.14.2.1-2.fc29.x86_6   168/194 
  Verifying        : rpm-sign-libs-4.14.2.1-3.fc29.x86_64               169/194 
  Verifying        : rpm-sign-libs-4.14.2.1-2.fc29.x86_64               170/194 
  Verifying        : setup-2.12.1-2.fc29.noarch                         171/194 
  Verifying        : setup-2.12.1-1.fc29.noarch                         172/194 
  Verifying        : sqlite-libs-3.26.0-4.fc29.x86_64                   173/194 
  Verifying        : sqlite-libs-3.26.0-1.fc29.x86_64                   174/194 
  Verifying        : sssd-client-2.2.0-3.fc29.x86_64                    175/194 
  Verifying        : sssd-client-2.0.0-5.fc29.x86_64                    176/194 
  Verifying        : systemd-239-14.git33ccd62.fc29.x86_64              177/194 
  Verifying        : systemd-239-12.git8bca462.fc29.x86_64              178/194 
  Verifying        : systemd-libs-239-14.git33ccd62.fc29.x86_64         179/194 
  Verifying        : systemd-libs-239-12.git8bca462.fc29.x86_64         180/194 
  Verifying        : systemd-pam-239-14.git33ccd62.fc29.x86_64          181/194 
  Verifying        : systemd-pam-239-12.git8bca462.fc29.x86_64          182/194 
  Verifying        : tzdata-2019c-1.fc29.noarch                         183/194 
  Verifying        : tzdata-2018i-1.fc29.noarch                         184/194 
  Verifying        : vim-minimal-2:8.1.2198-1.fc29.x86_64               185/194 
  Verifying        : vim-minimal-2:8.1.994-1.fc29.x86_64                186/194 
  Verifying        : whois-mkpasswd-5.5.3-1.fc29.x86_64                 187/194 
  Verifying        : whois-mkpasswd-5.4.1-1.fc29.x86_64                 188/194 
  Verifying        : whois-nls-5.5.3-1.fc29.noarch                      189/194 
  Verifying        : whois-nls-5.4.1-1.fc29.noarch                      190/194 
  Verifying        : zchunk-libs-1.1.2-2.fc29.x86_64                    191/194 
  Verifying        : zchunk-libs-1.0.3-1.fc29.x86_64                    192/194 
  Verifying        : zlib-1.2.11-18.fc29.x86_64                         193/194 
  Verifying        : zlib-1.2.11-14.fc29.x86_64                         194/194 

Upgraded:
  audit-libs-3.0-0.9.20190507gitf58ec40.fc29.x86_64                             
  coreutils-8.30-7.fc29.x86_64                                                  
  coreutils-common-8.30-7.fc29.x86_64                                           
  crypto-policies-20190527-1.git0b3add8.fc29.noarch                             
  curl-7.61.1-12.fc29.x86_64                                                    
  dnf-4.2.5-5.fc29.noarch                                                       
  dnf-data-4.2.5-5.fc29.noarch                                                  
  dnf-yum-4.2.5-5.fc29.noarch                                                   
  expat-2.2.8-1.fc29.x86_64                                                     
  fedora-gpg-keys-29-6.noarch                                                   
  fedora-release-29-11.noarch                                                   
  fedora-release-container-29-11.noarch                                         
  fedora-repos-29-6.noarch                                                      
  file-libs-5.34-15.fc29.x86_64                                                 
  glibc-2.28-39.fc29.x86_64                                                     
  glibc-common-2.28-39.fc29.x86_64                                              
  glibc-langpack-en-2.28-39.fc29.x86_64                                         
  glibc-minimal-langpack-2.28-39.fc29.x86_64                                    
  gnupg2-2.2.17-1.fc29.x86_64                                                   
  gnutls-3.6.7-1.fc29.x86_64                                                    
  gzip-1.9-9.fc29.x86_64                                                        
  krb5-libs-1.16.1-26.fc29.x86_64                                               
  libarchive-3.3.3-6.fc29.x86_64                                                
  libargon2-20161029-7.fc29.x86_64                                              
  libcap-ng-0.7.9-5.fc29.x86_64                                                 
  libcom_err-1.44.6-1.fc29.x86_64                                               
  libcomps-0.1.11-1.fc29.x86_64                                                 
  libcurl-7.61.1-12.fc29.x86_64                                                 
  libdnf-0.31.0-10.fc29.x86_64                                                  
  libgcrypt-1.8.5-1.fc29.x86_64                                                 
  libidn2-2.2.0-1.fc29.x86_64                                                   
  libmodulemd1-1.8.16-1.fc29.x86_64                                             
  libnghttp2-1.39.2-1.fc29.x86_64                                               
  libpcap-14:1.9.1-1.fc29.x86_64                                                
  librepo-1.10.5-1.fc29.x86_64                                                  
  libreport-filesystem-2.11.3-2.fc29.noarch                                     
  libseccomp-2.4.1-0.fc29.x86_64                                                
  libsolv-0.7.5-1.fc29.x86_64                                                   
  libsss_idmap-2.2.0-3.fc29.x86_64                                              
  libsss_nss_idmap-2.2.0-3.fc29.x86_64                                          
  libxcrypt-4.4.10-1.fc29.x86_64                                                
  libzstd-1.4.2-1.fc29.x86_64                                                   
  lz4-libs-1.9.1-1.fc29.x86_64                                                  
  openldap-2.4.46-10.fc29.x86_64                                                
  openssl-1:1.1.1d-2.fc29.x86_64                                                
  openssl-libs-1:1.1.1d-2.fc29.x86_64                                           
  openssl-pkcs11-0.4.10-3.fc29.x86_64                                           
  p11-kit-0.23.16.1-1.fc29.x86_64                                               
  p11-kit-trust-0.23.16.1-1.fc29.x86_64                                         
  pcre-8.43-2.fc29.x86_64                                                       
  pcre2-10.33-15.fc29.x86_64                                                    
  python-pip-wheel-18.1-2.fc29.noarch                                           
  python-setuptools-wheel-40.8.0-1.fc29.noarch                                  
  python3-3.7.5-1.fc29.x86_64                                                   
  python3-dnf-4.2.5-5.fc29.noarch                                               
  python3-hawkey-0.31.0-10.fc29.x86_64                                          
  python3-libcomps-0.1.11-1.fc29.x86_64                                         
  python3-libdnf-0.31.0-10.fc29.x86_64                                          
  python3-libs-3.7.5-1.fc29.x86_64                                              
  python3-pip-18.1-2.fc29.noarch                                                
  python3-rpm-4.14.2.1-3.fc29.x86_64                                            
  python3-setuptools-40.8.0-1.fc29.noarch                                       
  rpm-4.14.2.1-3.fc29.x86_64                                                    
  rpm-build-libs-4.14.2.1-3.fc29.x86_64                                         
  rpm-libs-4.14.2.1-3.fc29.x86_64                                               
  rpm-plugin-selinux-4.14.2.1-3.fc29.x86_64                                     
  rpm-plugin-systemd-inhibit-4.14.2.1-3.fc29.x86_64                             
  rpm-sign-libs-4.14.2.1-3.fc29.x86_64                                          
  setup-2.12.1-2.fc29.noarch                                                    
  sqlite-libs-3.26.0-4.fc29.x86_64                                              
  sssd-client-2.2.0-3.fc29.x86_64                                               
  systemd-239-14.git33ccd62.fc29.x86_64                                         
  systemd-libs-239-14.git33ccd62.fc29.x86_64                                    
  systemd-pam-239-14.git33ccd62.fc29.x86_64                                     
  tzdata-2019c-1.fc29.noarch                                                    
  vim-minimal-2:8.1.2198-1.fc29.x86_64                                          
  whois-mkpasswd-5.5.3-1.fc29.x86_64                                            
  whois-nls-5.5.3-1.fc29.noarch                                                 
  zchunk-libs-1.1.2-2.fc29.x86_64                                               
  zlib-1.2.11-18.fc29.x86_64                                                    

Installed:
  gnupg2-smime-2.2.17-1.fc29.x86_64                                             
  kpartx-0.7.7-6.gitef6d98b.fc29.x86_64                                         
  grubby-8.40-18.fc29.x86_64                                                    
  hardlink-1:1.3-7.fc29.x86_64                                                  
  kbd-2.0.4-9.fc29.x86_64                                                       
  libxkbcommon-0.8.2-1.fc29.x86_64                                              
  pigz-2.4-3.fc29.x86_64                                                        
  pinentry-1.1.0-4.fc29.x86_64                                                  
  systemd-bootchart-233-3.fc29.x86_64                                           
  trousers-0.3.13-11.fc29.x86_64                                                
  dracut-049-26.git20181204.fc29.x86_64                                         
  file-5.34-15.fc29.x86_64                                                      
  findutils-1:4.6.0-21.fc29.x86_64                                              
  gettext-0.19.8.1-18.fc29.x86_64                                               
  gettext-libs-0.19.8.1-18.fc29.x86_64                                          
  libgomp-8.3.1-2.fc29.x86_64                                                   
  libsecret-0.18.7-1.fc29.x86_64                                                
  systemd-udev-239-14.git33ccd62.fc29.x86_64                                    
  xkeyboard-config-2.24-5.fc29.noarch                                           
  cpio-2.12-9.fc29.x86_64                                                       
  grub2-common-1:2.02-62.fc29.noarch                                            
  grub2-tools-1:2.02-62.fc29.x86_64                                             
  grub2-tools-minimal-1:2.02-62.fc29.x86_64                                     
  kbd-legacy-2.0.4-9.fc29.noarch                                                
  kbd-misc-2.0.4-9.fc29.noarch                                                  
  kmod-25-3.fc29.x86_64                                                         
  libcroco-0.6.12-5.fc29.x86_64                                                 
  libkcapi-1.1.1-16.fc29.x86_64                                                 
  libkcapi-hmaccalc-1.1.1-16.fc29.x86_64                                        
  os-prober-1.74-7.fc29.x86_64                                                  
  procps-ng-3.3.15-4.fc29.x86_64                                                
  trousers-lib-0.3.13-11.fc29.x86_64                                            
  which-2.21-11.fc29.x86_64                                                     
  xz-5.2.4-3.fc29.x86_64                                                        

Complete!
Last metadata expiration check: 0:02:22 ago on Tue Mar  3 04:26:31 2020.
Package tar-2:1.30-6.fc29.x86_64 is already installed.
Package openssl-1:1.1.1d-2.fc29.x86_64 is already installed.
Package curl-7.61.1-12.fc29.x86_64 is already installed.
Dependencies resolved.
================================================================================
 Package            Arch       Version                        Repository   Size
================================================================================
Installing:
 crontabs           noarch     1.11-17.20150630git.fc29       fedora       18 k
 socat              x86_64     1.7.3.2-7.fc29                 fedora      293 k
Installing dependencies:
 cronie-anacron     x86_64     1.5.4-1.fc29                   updates      29 k
Installing weak dependencies:
 cronie             x86_64     1.5.4-1.fc29                   updates     103 k

Transaction Summary
================================================================================
Install  4 Packages

Total download size: 443 k
Installed size: 1.5 M
Downloading Packages:
(1/4): cronie-anacron-1.5.4-1.fc29.x86_64.rpm   300 kB/s |  29 kB     00:00    
(2/4): cronie-1.5.4-1.fc29.x86_64.rpm           749 kB/s | 103 kB     00:00    
(3/4): crontabs-1.11-17.20150630git.fc29.noarch 128 kB/s |  18 kB     00:00    
(4/4): socat-1.7.3.2-7.fc29.x86_64.rpm          1.1 MB/s | 293 kB     00:00    
--------------------------------------------------------------------------------
Total                                           323 kB/s | 443 kB     00:01     
Running transaction check
Transaction check succeeded.
Running transaction test
Transaction test succeeded.
Running transaction
  Preparing        :                                                        1/1 
  Installing       : cronie-anacron-1.5.4-1.fc29.x86_64                     1/4 
  Running scriptlet: cronie-anacron-1.5.4-1.fc29.x86_64                     1/4 
  Installing       : cronie-1.5.4-1.fc29.x86_64                             2/4 
  Running scriptlet: cronie-1.5.4-1.fc29.x86_64                             2/4 
  Installing       : crontabs-1.11-17.20150630git.fc29.noarch               3/4 
  Installing       : socat-1.7.3.2-7.fc29.x86_64                            4/4 
  Running scriptlet: socat-1.7.3.2-7.fc29.x86_64                            4/4 
  Verifying        : cronie-1.5.4-1.fc29.x86_64                             1/4 
  Verifying        : cronie-anacron-1.5.4-1.fc29.x86_64                     2/4 
  Verifying        : crontabs-1.11-17.20150630git.fc29.noarch               3/4 
  Verifying        : socat-1.7.3.2-7.fc29.x86_64                            4/4 

Installed:
  crontabs-1.11-17.20150630git.fc29.noarch  socat-1.7.3.2-7.fc29.x86_64        
  cronie-1.5.4-1.fc29.x86_64                cronie-anacron-1.5.4-1.fc29.x86_64 

Complete!
Removing intermediate container 6b64c63343e5
 ---> b65ef1ab62d9
Successfully built b65ef1ab62d9
Successfully tagged myfedora:29
Tue, 03 Mar 2020 04:29:37 UTC
Testing branch: master
Progress: 0/1/21
==Running le_test_dependencies please wait
no crontab for root
no crontab for root
curl installed. [PASS]
crontab installed. [PASS]
openssl installed. [PASS]
socat installed. [PASS]
------------------------------------------
Progress: 0/2/21
==Running le_test_install please wait
./acme.sh --install [PASS]
/root/.acme.sh/acme.sh exists. [PASS]
_contains '39 0 * * * "/root/.acme.sh"/acme.sh --cron --home "/root/.acme.sh" > /dev/null' '0 \* \* \* "/root/.acme.sh"/acme.sh --cron --home "/root/.acme.sh" > /dev/null' [PASS]
/root/.acme.sh/acme.sh --uninstall  > /dev/null [PASS]
------------------------------------------
Progress: 0/3/21
==Running le_test_uninstall please wait
./acme.sh --install [PASS]
/root/.acme.sh/acme.sh --uninstall [PASS]
/root/.acme.sh/acme.sh no exists. [PASS]
equals  [PASS]
------------------------------------------
Progress: 0/4/21
==Running le_test_installtodir please wait
./acme.sh --install [PASS]
/root/myle/acme.sh exists. [PASS]
_contains '43 0 * * * "/root/myle"/acme.sh --cron --home "/root/myle" > /dev/null' '0 \* \* \* "/root/myle"/acme.sh --cron --home "/root/myle" > /dev/null' [PASS]
/root/myle/acme.sh --uninstall [PASS]
------------------------------------------
Progress: 0/5/21
==Running le_test_uninstalltodir please wait
./acme.sh --install [PASS]
/root/myle/acme.sh --uninstall [PASS]
/root/myle/acme.sh no exists. [PASS]
equals  [PASS]
------------------------------------------
Progress: 0/6/21
==Running le_test_install_config_home please wait
./acme.sh --install --config-home /root/etc/acme [PASS]
/root/.acme.sh/acme.sh exists. [PASS]
_contains '45 0 * * * "/root/.acme.sh"/acme.sh --cron --home "/root/.acme.sh" --config-home "/root/etc/acme" > /dev/null' '0 \* \* \* "/root/.acme.sh"/acme.sh --cron --home "/root/.acme.sh" --config-home "/root/etc/acme" > /dev/null' [PASS]
/root/etc/acme/account.conf exists. [PASS]
/root/.acme.sh/account.conf no exists. [PASS]
/root/.acme.sh/acme.sh --cron --config-home /root/etc/acme > /dev/null [PASS]
/root/.acme.sh/acme.sh --uninstall --config-home /root/etc/acme > /dev/null [PASS]
/root/etc/acme/account.conf exists. [PASS]
/root/.acme.sh/account.conf no exists. [PASS]
------------------------------------------
Progress: 0/7/21
==Running le_test_standandalone_renew please wait
/root/.acme.sh/acme.sh --issue -d testdocker.acme.sh --standalone [PASS]
/root/.acme.sh/acme.sh --renew -d testdocker.acme.sh -f [PASS]
------------------------------------------
Progress: 0/8/21
==Running le_test_standandalone_renew_v2 please wait
/root/.acme.sh/acme.sh --issue -d testdocker.acme.sh --standalone --certpath '/acmetest/certs/domain.cer' --keypath '/acmetest/certs/domain.key'  --capath '/acmetest/certs/ca.cer'  --reloadcmd 'echo this is reload'  --fullchainpath  '/acmetest/certs/full.cer' [PASS]
'/root/.acme.sh/testdocker.acme.sh/testdocker.acme.sh.cer' equals '/acmetest/certs/domain.cer' [PASS]
'/root/.acme.sh/testdocker.acme.sh/testdocker.acme.sh.key' equals '/acmetest/certs/domain.key' [PASS]
'/root/.acme.sh/testdocker.acme.sh/ca.cer' equals '/acmetest/certs/ca.cer' [PASS]
'/root/.acme.sh/testdocker.acme.sh/fullchain.cer' equals '/acmetest/certs/full.cer' [PASS]
/root/.acme.sh/acme.sh --renew -d testdocker.acme.sh --force [PASS]
/root/.acme.sh/testdocker.acme.sh/testdocker.acme.sh.cer is cert ? 'testdocker.acme.sh' 'Fake LE Intermediate X1' [PASS]
/root/.acme.sh/testdocker.acme.sh/ca.cer is cert ? 'Fake LE Intermediate X1' [PASS]
'/root/.acme.sh/testdocker.acme.sh/testdocker.acme.sh.cer' equals '/acmetest/certs/domain.cer' [PASS]
'/root/.acme.sh/testdocker.acme.sh/testdocker.acme.sh.key' equals '/acmetest/certs/domain.key' [PASS]
'/root/.acme.sh/testdocker.acme.sh/ca.cer' equals '/acmetest/certs/ca.cer' [PASS]
'/root/.acme.sh/testdocker.acme.sh/fullchain.cer' equals '/acmetest/certs/full.cer' [PASS]
------------------------------------------
Progress: 0/9/21
==Running le_test_standandalone_renew_localaddress_v2 please wait
/root/.acme.sh/acme.sh --issue -d testdocker.acme.sh --standalone --local-address 0.0.0.0 --certpath '/acmetest/certs/domain.cer' --keypath '/acmetest/certs/domain.key'  --capath '/acmetest/certs/ca.cer'  --reloadcmd 'echo this is reload'  --fullchainpath  '/acmetest/certs/full.cer' [PASS]
'/root/.acme.sh/testdocker.acme.sh/testdocker.acme.sh.cer' equals '/acmetest/certs/domain.cer' [PASS]
'/root/.acme.sh/testdocker.acme.sh/testdocker.acme.sh.key' equals '/acmetest/certs/domain.key' [PASS]
'/root/.acme.sh/testdocker.acme.sh/ca.cer' equals '/acmetest/certs/ca.cer' [PASS]
'/root/.acme.sh/testdocker.acme.sh/fullchain.cer' equals '/acmetest/certs/full.cer' [PASS]
/root/.acme.sh/acme.sh --renew -d testdocker.acme.sh --force [PASS]
/root/.acme.sh/testdocker.acme.sh/testdocker.acme.sh.cer is cert ? 'testdocker.acme.sh' 'Fake LE Intermediate X1' [PASS]
/root/.acme.sh/testdocker.acme.sh/ca.cer is cert ? 'Fake LE Intermediate X1' [PASS]
'/root/.acme.sh/testdocker.acme.sh/testdocker.acme.sh.cer' equals '/acmetest/certs/domain.cer' [PASS]
'/root/.acme.sh/testdocker.acme.sh/testdocker.acme.sh.key' equals '/acmetest/certs/domain.key' [PASS]
'/root/.acme.sh/testdocker.acme.sh/ca.cer' equals '/acmetest/certs/ca.cer' [PASS]
'/root/.acme.sh/testdocker.acme.sh/fullchain.cer' equals '/acmetest/certs/full.cer' [PASS]
------------------------------------------
Progress: 0/10/21
==Running le_test_standandalone_listen_v4_v2 please wait
/root/.acme.sh/acme.sh --issue -d testdocker.acme.sh --standalone --listen-v4 --cert-file '/acmetest/certs/domain.cer' --key-file '/acmetest/certs/domain.key'  --ca-file '/acmetest/certs/ca.cer'  --reloadcmd 'echo this is reload'  --fullchain-file  '/acmetest/certs/full.cer' [PASS]
'/root/.acme.sh/testdocker.acme.sh/testdocker.acme.sh.cer' equals '/acmetest/certs/domain.cer' [PASS]
'/root/.acme.sh/testdocker.acme.sh/testdocker.acme.sh.key' equals '/acmetest/certs/domain.key' [PASS]
'/root/.acme.sh/testdocker.acme.sh/ca.cer' equals '/acmetest/certs/ca.cer' [PASS]
'/root/.acme.sh/testdocker.acme.sh/fullchain.cer' equals '/acmetest/certs/full.cer' [PASS]
/root/.acme.sh/acme.sh --renew -d testdocker.acme.sh --force [PASS]
/root/.acme.sh/testdocker.acme.sh/testdocker.acme.sh.cer is cert ? 'testdocker.acme.sh' 'Fake LE Intermediate X1' [PASS]
/root/.acme.sh/testdocker.acme.sh/ca.cer is cert ? 'Fake LE Intermediate X1' [PASS]
'/root/.acme.sh/testdocker.acme.sh/testdocker.acme.sh.cer' equals '/acmetest/certs/domain.cer' [PASS]
'/root/.acme.sh/testdocker.acme.sh/testdocker.acme.sh.key' equals '/acmetest/certs/domain.key' [PASS]
'/root/.acme.sh/testdocker.acme.sh/ca.cer' equals '/acmetest/certs/ca.cer' [PASS]
'/root/.acme.sh/testdocker.acme.sh/fullchain.cer' equals '/acmetest/certs/full.cer' [PASS]
------------------------------------------
Progress: 0/11/21
==Running le_test_standandalone_listen_v6_v2 please wait
Skipped by TEST_IPV6
------------------------------------------
Progress: 0/12/21
==Running le_test_standandalone_deactivate_v2 please wait
/root/.acme.sh/acme.sh --issue -d testdocker.acme.sh --standalone --certpath '/acmetest/certs/domain.cer' --keypath '/acmetest/certs/domain.key'  --capath '/acmetest/certs/ca.cer'  --reloadcmd 'echo this is reload'  --fullchainpath  '/acmetest/certs/full.cer' [PASS]
'/root/.acme.sh/testdocker.acme.sh/testdocker.acme.sh.cer' equals '/acmetest/certs/domain.cer' [PASS]
'/root/.acme.sh/testdocker.acme.sh/testdocker.acme.sh.key' equals '/acmetest/certs/domain.key' [PASS]
'/root/.acme.sh/testdocker.acme.sh/ca.cer' equals '/acmetest/certs/ca.cer' [PASS]
'/root/.acme.sh/testdocker.acme.sh/fullchain.cer' equals '/acmetest/certs/full.cer' [PASS]
/root/.acme.sh/acme.sh --deactivate -d testdocker.acme.sh [PASS]
------------------------------------------
Progress: 0/13/21
==Running le_test_standandalone please wait
/root/.acme.sh/acme.sh --issue -d testdocker.acme.sh --standalone [PASS]
/root/.acme.sh/testdocker.acme.sh/testdocker.acme.sh.cer is cert ? 'testdocker.acme.sh' 'Fake LE Intermediate X1' [PASS]
/root/.acme.sh/testdocker.acme.sh/ca.cer is cert ? 'Fake LE Intermediate X1' [PASS]
------------------------------------------
Progress: 0/14/21
==Running le_test_standandalone_SAN please wait
/root/.acme.sh/acme.sh --issue -d "testdocker.acme.sh" -d "testdocker2.acme.sh" --standalone [PASS]
/root/.acme.sh/testdocker.acme.sh/testdocker.acme.sh.cer is cert ? 'testdocker.acme.sh' 'Fake LE Intermediate X1' [PASS]
/root/.acme.sh/testdocker.acme.sh/ca.cer is cert ? 'Fake LE Intermediate X1' [PASS]
------------------------------------------
Progress: 0/15/21
==Running le_test_standandalone_ECDSA_256 please wait
/root/.acme.sh/acme.sh --issue -d testdocker.acme.sh --standalone -k ec-256 [PASS]
/root/.acme.sh/testdocker.acme.sh_ecc/testdocker.acme.sh.cer is cert ? 'testdocker.acme.sh' 'Fake LE Intermediate X1' [PASS]
/root/.acme.sh/testdocker.acme.sh_ecc/ca.cer is cert ? 'Fake LE Intermediate X1' [PASS]
------------------------------------------
Progress: 0/16/21
==Running le_test_standandalone_ECDSA_256_renew please wait
/root/.acme.sh/acme.sh --issue --standalone -d testdocker.acme.sh  -k ec-256 [PASS]
/root/.acme.sh/acme.sh --renew -d testdocker.acme.sh --force --ecc [PASS]
------------------------------------------
Progress: 0/17/21
==Running le_test_standandalone_ECDSA_256_SAN_renew please wait
/root/.acme.sh/acme.sh --issue --standalone -d "testdocker.acme.sh" -d "testdocker2.acme.sh" -k ec-256 [PASS]
/root/.acme.sh/acme.sh --renew -d "testdocker.acme.sh" --force --ecc [PASS]
------------------------------------------
Progress: 0/18/21
==Running le_test_standandalone_ECDSA_256_SAN_renew_v2 please wait
/root/.acme.sh/acme.sh --issue -d "testdocker.acme.sh" -d "testdocker2.acme.sh" --standalone --keylength ec-256 --certpath '/acmetest/certs/domain.cer' --keypath '/acmetest/certs/domain.key'  --capath '/acmetest/certs/ca.cer'  --reloadcmd 'echo this is reload'  --fullchainpath  '/acmetest/certs/full.cer' [PASS]
'/root/.acme.sh/testdocker.acme.sh_ecc/testdocker.acme.sh.cer' equals '/acmetest/certs/domain.cer' [PASS]
'/root/.acme.sh/testdocker.acme.sh_ecc/testdocker.acme.sh.key' equals '/acmetest/certs/domain.key' [PASS]
'/root/.acme.sh/testdocker.acme.sh_ecc/ca.cer' equals '/acmetest/certs/ca.cer' [PASS]
'/root/.acme.sh/testdocker.acme.sh_ecc/fullchain.cer' equals '/acmetest/certs/full.cer' [PASS]
/root/.acme.sh/acme.sh --renew --ecc -d "testdocker.acme.sh" --force [PASS]
/root/.acme.sh/testdocker.acme.sh_ecc/testdocker.acme.sh.cer is cert ? 'testdocker.acme.sh' 'Fake LE Intermediate X1' [PASS]
/root/.acme.sh/testdocker.acme.sh_ecc/ca.cer is cert ? 'Fake LE Intermediate X1' [PASS]
'/root/.acme.sh/testdocker.acme.sh_ecc/testdocker.acme.sh.cer' equals '/acmetest/certs/domain.cer' [PASS]
'/root/.acme.sh/testdocker.acme.sh_ecc/testdocker.acme.sh.key' equals '/acmetest/certs/domain.key' [PASS]
'/root/.acme.sh/testdocker.acme.sh_ecc/ca.cer' equals '/acmetest/certs/ca.cer' [PASS]
'/root/.acme.sh/testdocker.acme.sh_ecc/fullchain.cer' equals '/acmetest/certs/full.cer' [PASS]
------------------------------------------
Progress: 0/19/21
==Running le_test_standandalone_ECDSA_384 please wait
/root/.acme.sh/acme.sh --issue --standalone -d "testdocker.acme.sh" -k ec-384 [PASS]
/root/.acme.sh/testdocker.acme.sh_ecc/testdocker.acme.sh.cer is cert ? 'testdocker.acme.sh' 'Fake LE Intermediate X1' [PASS]
/root/.acme.sh/testdocker.acme.sh_ecc/ca.cer is cert ? 'Fake LE Intermediate X1' [PASS]
------------------------------------------
Progress: 0/20/21
==Running le_test_standandalone_renew_idn_v2 please wait
Skipped by TEST_IDN
------------------------------------------
Progress: 0/21/21
==Running le_test_dnsapi please wait
Skipped by TEST_DNS
------------------------------------------
