Sending build context to Docker daemon  2.048kB
Step 1/2 : FROM fedora:24
 ---> f623aaef07f0
Step 2/2 : RUN yum -q -y update     2>&1 && yum -q -y install    tar openssl crontabs nc curl  2>&1
 ---> Using cache
 ---> 77136439b8a8
Successfully built 77136439b8a8
Successfully tagged myfedora:24
Fri, 30 Jun 2017 05:53:35 UTC
Testing branch: master
Progress: 1/23
==Running le_test_dependencies please wait
no crontab for root
no crontab for root
curl installed. [PASS]
crontab installed. [PASS]
openssl installed. [PASS]
nc installed. [PASS]
------------------------------------------
Progress: 2/23
==Running le_test_install please wait
./acme.sh install [PASS]
/root/.acme.sh/acme.sh exists. [PASS]
_contains '37 0 * * * "/root/.acme.sh"/acme.sh --cron --home "/root/.acme.sh" > /dev/null' '0 \* \* \* "/root/.acme.sh"/acme.sh --cron --home "/root/.acme.sh" > /dev/null' [PASS]
/root/.acme.sh/acme.sh uninstall  > /dev/null [PASS]
------------------------------------------
Progress: 3/23
==Running le_test_uninstall please wait
./acme.sh install [PASS]
/root/.acme.sh/acme.sh uninstall [PASS]
/root/.acme.sh/acme.sh no exists. [PASS]
equals  [PASS]
------------------------------------------
Progress: 4/23
==Running le_test_installtodir please wait
./acme.sh install [PASS]
/root/myle/acme.sh exists. [PASS]
_contains '38 0 * * * "/root/myle"/acme.sh --cron --home "/root/myle" > /dev/null' '0 \* \* \* "/root/myle"/acme.sh --cron --home "/root/myle" > /dev/null' [PASS]
/root/myle/acme.sh uninstall [PASS]
------------------------------------------
Progress: 5/23
==Running le_test_uninstalltodir please wait
./acme.sh install [PASS]
/root/myle/acme.sh uninstall [PASS]
/root/myle/acme.sh no exists. [PASS]
equals  [PASS]
------------------------------------------
Progress: 6/23
==Running le_test_install_config_home please wait
./acme.sh --install --config-home /root/etc/acme [PASS]
/root/.acme.sh/acme.sh exists. [PASS]
_contains '39 0 * * * "/root/.acme.sh"/acme.sh --cron --home "/root/.acme.sh" --config-home "/root/etc/acme" > /dev/null' '0 \* \* \* "/root/.acme.sh"/acme.sh --cron --home "/root/.acme.sh" --config-home "/root/etc/acme" > /dev/null' [PASS]
/root/etc/acme/account.conf exists. [PASS]
/root/.acme.sh/account.conf no exists. [PASS]
/root/.acme.sh/acme.sh --cron --config-home /root/etc/acme > /dev/null [PASS]
/root/.acme.sh/acme.sh --uninstall --config-home /root/etc/acme > /dev/null [PASS]
/root/etc/acme/account.conf exists. [PASS]
/root/.acme.sh/account.conf no exists. [PASS]
------------------------------------------
Progress: 7/23
==Running le_test_standandalone_renew please wait
/root/.acme.sh/acme.sh issue no testdocker.acme.sh [FAIL] 
------------------------------------------
Progress: 8/23
==Running le_test_standandalone_renew_v2 please wait
/root/.acme.sh/acme.sh --issue -d testdocker.acme.sh --standalone --certpath '/acmetest/certs/domain.cer' --keypath '/acmetest/certs/domain.key'  --capath '/acmetest/certs/ca.cer'  --reloadcmd 'echo this is reload'  --fullchainpath  '/acmetest/certs/full.cer' [FAIL] 
------------------------------------------
Progress: 9/23
==Running le_test_standandalone_renew_localaddress_v2 please wait
/root/.acme.sh/acme.sh --issue -d testdocker.acme.sh --standalone --local-address 0.0.0.0 --certpath '/acmetest/certs/domain.cer' --keypath '/acmetest/certs/domain.key'  --capath '/acmetest/certs/ca.cer'  --reloadcmd 'echo this is reload'  --fullchainpath  '/acmetest/certs/full.cer' [FAIL] 
------------------------------------------
Progress: 10/23
==Running le_test_standandalone_listen_v4_v2 please wait
/root/.acme.sh/acme.sh --issue -d testdocker.acme.sh --standalone --listen-v4 --cert-file '/acmetest/certs/domain.cer' --key-file '/acmetest/certs/domain.key'  --ca-file '/acmetest/certs/ca.cer'  --reloadcmd 'echo this is reload'  --fullchain-file  '/acmetest/certs/full.cer' [FAIL] 
------------------------------------------
Progress: 11/23
==Running le_test_standandalone_listen_v6_v2 please wait
Skipped by TEST_IPV6
------------------------------------------
Progress: 12/23
==Running le_test_standandalone_deactivate_v2 please wait
/root/.acme.sh/acme.sh --issue -d testdocker.acme.sh --standalone --certpath '/acmetest/certs/domain.cer' --keypath '/acmetest/certs/domain.key'  --capath '/acmetest/certs/ca.cer'  --reloadcmd 'echo this is reload'  --fullchainpath  '/acmetest/certs/full.cer' [FAIL] 
------------------------------------------
Progress: 13/23
==Running le_test_standandalone please wait
/root/.acme.sh/acme.sh issue no testdocker.acme.sh [FAIL] 
------------------------------------------
Progress: 14/23
==Running le_test_standandalone_SAN please wait
/root/.acme.sh/acme.sh issue no "testdocker.acme.sh" "testdocker2.acme.sh" [FAIL] 
------------------------------------------
Progress: 15/23
==Running le_test_standandalone_ECDSA_256 please wait
/root/.acme.sh/acme.sh issue no testdocker.acme.sh no ec-256 [FAIL] 
------------------------------------------
Progress: 16/23
==Running le_test_standandalone_ECDSA_256_renew please wait
/root/.acme.sh/acme.sh issue no testdocker.acme.sh no ec-256 [FAIL] 
------------------------------------------
Progress: 17/23
==Running le_test_standandalone_ECDSA_256_SAN_renew please wait
/root/.acme.sh/acme.sh issue no "testdocker.acme.sh" "testdocker2.acme.sh" ec-256 [FAIL] 
------------------------------------------
Progress: 18/23
==Running le_test_standandalone_ECDSA_256_SAN_renew_v2 please wait
/root/.acme.sh/acme.sh --issue -d "testdocker.acme.sh" -d "testdocker2.acme.sh" --standalone --keylength ec-256 --certpath '/acmetest/certs/domain.cer' --keypath '/acmetest/certs/domain.key'  --capath '/acmetest/certs/ca.cer'  --reloadcmd 'echo this is reload'  --fullchainpath  '/acmetest/certs/full.cer' [FAIL] 
------------------------------------------
Progress: 19/23
==Running le_test_standandalone_ECDSA_384 please wait
/root/.acme.sh/acme.sh issue no "testdocker.acme.sh" no ec-384 [FAIL] 
------------------------------------------
Progress: 20/23
==Running le_test_standandalone_tls_renew_SAN_v2 please wait
/root/.acme.sh/acme.sh --issue -d "testdocker.acme.sh" --tls  -d "testdocker2.acme.sh" --standalone  [FAIL] 
------------------------------------------
Progress: 21/23
==Running le_test_tls_renew_SAN_v2 please wait
/root/.acme.sh/acme.sh --issue -d "testdocker.acme.sh" -d "testdocker2.acme.sh" --tls [FAIL] 
------------------------------------------
Progress: 22/23
==Running le_test_standandalone_renew_idn_v2 please wait
Skipped by TEST_IDN
------------------------------------------
Progress: 23/23
==Running le_test_dnsapi please wait
The test domain Test_CF_Domain is not defined, skip:ClourFlare_api
The test domain Test_CX_Domain is not defined, skip:CloudXNS.com_api
The test domain Test_DP_Domain is not defined, skip:Dnspod.cn_api
Testing dns_gd Godaddy_api
TestingDomain='acmetalk.xyz'
/root/.acme.sh/acme.sh --issue -d "acmetalk.xyz" --dns dns_gd --dnssleep ""  [FAIL] 
------------------------------------------
