Sending build context to Docker daemon  2.048kB
Step 1/2 : FROM fedora:27
27: Pulling from library/fedora
b93b55b43f66: Pulling fs layer
b93b55b43f66: Verifying Checksum
b93b55b43f66: Download complete
b93b55b43f66: Pull complete
Digest: sha256:d9697056b7add7d075b02d1920ec6b587063ac93fe21d83a354b3220ba18bc02
Status: Downloaded newer image for fedora:27
 ---> f89698585456
Step 2/2 : RUN yum  -y update     2>&1 && yum  -y install    tar openssl crontabs socat curl  2>&1
 ---> Running in d81611ae929f
Fedora 27 - x86_64 - Updates                    9.8 MB/s |  27 MB     00:02    
Fedora 27 - x86_64                              7.4 MB/s |  58 MB     00:07    
Last metadata expiration check: 0:00:09 ago on Tue Mar  3 04:41:14 2020.
Dependencies resolved.
================================================================================
 Package                       Arch      Version               Repository  Size
================================================================================
Upgrading:
 ca-certificates               noarch    2018.2.26-1.0.fc27    updates    394 k
 curl                          x86_64    7.55.1-14.fc27        updates    313 k
 fedora-gpg-keys               noarch    27-4                  updates     98 k
 fedora-repos                  noarch    27-4                  updates    8.8 k
 glibc                         x86_64    2.26-30.fc27          updates    3.4 M
 glibc-common                  x86_64    2.26-30.fc27          updates    791 k
 glibc-langpack-en             x86_64    2.26-30.fc27          updates    280 k
 libcrypt-nss                  x86_64    2.26-30.fc27          updates     42 k
 libcurl                       x86_64    7.55.1-14.fc27        updates    274 k
 libdnf                        x86_64    0.11.1-2.fc27         updates    132 k
 libsss_idmap                  x86_64    1.16.3-2.fc27         updates     94 k
 libsss_nss_idmap              x86_64    1.16.3-2.fc27         updates    100 k
 libxkbcommon                  x86_64    0.8.2-1.fc27          updates    114 k
 libzstd                       x86_64    1.3.6-1.fc27          updates    250 k
 nspr                          x86_64    4.20.0-1.fc27         updates    139 k
 nss                           x86_64    3.39.0-1.0.fc27       updates    681 k
 nss-softokn                   x86_64    3.39.0-1.0.fc27       updates    396 k
 nss-softokn-freebl            x86_64    3.39.0-1.0.fc27       updates    234 k
 nss-sysinit                   x86_64    3.39.0-1.0.fc27       updates     64 k
 nss-tools                     x86_64    3.39.0-1.0.fc27       updates    538 k
 nss-util                      x86_64    3.39.0-1.0.fc27       updates     90 k
 openssl-libs                  x86_64    1:1.1.0i-1.fc27       updates    1.3 M
 p11-kit                       x86_64    0.23.14-1.fc27        updates    264 k
 p11-kit-trust                 x86_64    0.23.14-1.fc27        updates    135 k
 pcre                          x86_64    8.42-5.fc27           updates    206 k
 pcre2                         x86_64    10.32-4.fc27          updates    242 k
 python3-hawkey                x86_64    0.11.1-2.fc27         updates     57 k
 python3-rpm                   x86_64    4.14.2.1-1.fc27       updates    117 k
 rpm                           x86_64    4.14.2.1-1.fc27       updates    531 k
 rpm-build-libs                x86_64    4.14.2.1-1.fc27       updates    144 k
 rpm-libs                      x86_64    4.14.2.1-1.fc27       updates    327 k
 rpm-plugin-selinux            x86_64    4.14.2.1-1.fc27       updates     66 k
 rpm-plugin-systemd-inhibit    x86_64    4.14.2.1-1.fc27       updates     67 k
 sssd-client                   x86_64    1.16.3-2.fc27         updates    151 k
 vim-minimal                   x86_64    2:8.1.513-2.fc27      updates    589 k

Transaction Summary
================================================================================
Upgrade  35 Packages

Total download size: 12 M
Downloading Packages:
(1/35): libcurl-7.55.1-14.fc27.x86_64.rpm       295 kB/s | 274 kB     00:00    
(2/35): curl-7.55.1-14.fc27.x86_64.rpm          318 kB/s | 313 kB     00:00    
(3/35): ca-certificates-2018.2.26-1.0.fc27.noar 378 kB/s | 394 kB     00:01    
(4/35): fedora-gpg-keys-27-4.noarch.rpm         606 kB/s |  98 kB     00:00    
(5/35): fedora-repos-27-4.noarch.rpm             81 kB/s | 8.8 kB     00:00    
(6/35): glibc-langpack-en-2.26-30.fc27.x86_64.r 737 kB/s | 280 kB     00:00    
(7/35): glibc-common-2.26-30.fc27.x86_64.rpm    1.4 MB/s | 791 kB     00:00    
(8/35): libcrypt-nss-2.26-30.fc27.x86_64.rpm    171 kB/s |  42 kB     00:00    
(9/35): libdnf-0.11.1-2.fc27.x86_64.rpm         359 kB/s | 132 kB     00:00    
(10/35): python3-hawkey-0.11.1-2.fc27.x86_64.rp 176 kB/s |  57 kB     00:00    
(11/35): libsss_idmap-1.16.3-2.fc27.x86_64.rpm  725 kB/s |  94 kB     00:00    
(12/35): libsss_nss_idmap-1.16.3-2.fc27.x86_64. 707 kB/s | 100 kB     00:00    
(13/35): glibc-2.26-30.fc27.x86_64.rpm          2.4 MB/s | 3.4 MB     00:01    
(14/35): libxkbcommon-0.8.2-1.fc27.x86_64.rpm   333 kB/s | 114 kB     00:00    
(15/35): libzstd-1.3.6-1.fc27.x86_64.rpm        643 kB/s | 250 kB     00:00    
(16/35): nspr-4.20.0-1.fc27.x86_64.rpm          1.1 MB/s | 139 kB     00:00    
(17/35): nss-3.39.0-1.0.fc27.x86_64.rpm         2.0 MB/s | 681 kB     00:00    
(18/35): nss-softokn-3.39.0-1.0.fc27.x86_64.rpm 1.1 MB/s | 396 kB     00:00    
(19/35): nss-util-3.39.0-1.0.fc27.x86_64.rpm    176 kB/s |  90 kB     00:00    
(20/35): nss-softokn-freebl-3.39.0-1.0.fc27.x86 626 kB/s | 234 kB     00:00    
(21/35): nss-tools-3.39.0-1.0.fc27.x86_64.rpm   1.0 MB/s | 538 kB     00:00    
(22/35): nss-sysinit-3.39.0-1.0.fc27.x86_64.rpm 186 kB/s |  64 kB     00:00    
(23/35): openssl-libs-1.1.0i-1.fc27.x86_64.rpm  994 kB/s | 1.3 MB     00:01    
(24/35): p11-kit-trust-0.23.14-1.fc27.x86_64.rp 113 kB/s | 135 kB     00:01    
(25/35): pcre-8.42-5.fc27.x86_64.rpm            1.5 MB/s | 206 kB     00:00    
(26/35): p11-kit-0.23.14-1.fc27.x86_64.rpm      177 kB/s | 264 kB     00:01    
(27/35): python3-rpm-4.14.2.1-1.fc27.x86_64.rpm 324 kB/s | 117 kB     00:00    
(28/35): pcre2-10.32-4.fc27.x86_64.rpm          391 kB/s | 242 kB     00:00    
(29/35): rpm-libs-4.14.2.1-1.fc27.x86_64.rpm    728 kB/s | 327 kB     00:00    
(30/35): rpm-plugin-selinux-4.14.2.1-1.fc27.x86 301 kB/s |  66 kB     00:00    
(31/35): rpm-4.14.2.1-1.fc27.x86_64.rpm         1.0 MB/s | 531 kB     00:00    
(32/35): rpm-plugin-systemd-inhibit-4.14.2.1-1. 323 kB/s |  67 kB     00:00    
(33/35): rpm-build-libs-4.14.2.1-1.fc27.x86_64. 597 kB/s | 144 kB     00:00    
(34/35): sssd-client-1.16.3-2.fc27.x86_64.rpm   610 kB/s | 151 kB     00:00    
(35/35): vim-minimal-8.1.513-2.fc27.x86_64.rpm  2.0 MB/s | 589 kB     00:00    
--------------------------------------------------------------------------------
Total                                           1.8 MB/s |  12 MB     00:06     
Running transaction check
Transaction check succeeded.
Running transaction test
Transaction test succeeded.
Running transaction
  Preparing        :                                                        1/1 
  Upgrading        : glibc-common-2.26-30.fc27.x86_64                      1/70 
  Upgrading        : glibc-langpack-en-2.26-30.fc27.x86_64                 2/70 
  Running scriptlet: glibc-2.26-30.fc27.x86_64                             3/70 
  Upgrading        : glibc-2.26-30.fc27.x86_64                             3/70 
  Running scriptlet: glibc-2.26-30.fc27.x86_64                             3/70 
  Upgrading        : nspr-4.20.0-1.fc27.x86_64                             4/70 
  Running scriptlet: nspr-4.20.0-1.fc27.x86_64                             4/70 
  Upgrading        : nss-util-3.39.0-1.0.fc27.x86_64                       5/70 
  Running scriptlet: nss-util-3.39.0-1.0.fc27.x86_64                       5/70 
  Upgrading        : libzstd-1.3.6-1.fc27.x86_64                           6/70 
  Running scriptlet: libzstd-1.3.6-1.fc27.x86_64                           6/70 
  Upgrading        : nss-softokn-freebl-3.39.0-1.0.fc27.x86_64             7/70 
  Upgrading        : nss-softokn-3.39.0-1.0.fc27.x86_64                    8/70 
  Running scriptlet: nss-softokn-3.39.0-1.0.fc27.x86_64                    8/70 
  Upgrading        : p11-kit-0.23.14-1.fc27.x86_64                         9/70 
  Running scriptlet: p11-kit-0.23.14-1.fc27.x86_64                         9/70 
  Upgrading        : p11-kit-trust-0.23.14-1.fc27.x86_64                  10/70 
  Running scriptlet: p11-kit-trust-0.23.14-1.fc27.x86_64                  10/70 
  Upgrading        : nss-sysinit-3.39.0-1.0.fc27.x86_64                   11/70 
  Upgrading        : nss-3.39.0-1.0.fc27.x86_64                           12/70 
  Running scriptlet: nss-3.39.0-1.0.fc27.x86_64                           12/70 
  Running scriptlet: ca-certificates-2018.2.26-1.0.fc27.noarch            13/70 
  Upgrading        : ca-certificates-2018.2.26-1.0.fc27.noarch            13/70 
  Running scriptlet: ca-certificates-2018.2.26-1.0.fc27.noarch            13/70 
  Upgrading        : openssl-libs-1:1.1.0i-1.fc27.x86_64                  14/70 
  Running scriptlet: openssl-libs-1:1.1.0i-1.fc27.x86_64                  14/70 
  Upgrading        : libcurl-7.55.1-14.fc27.x86_64                        15/70 
  Running scriptlet: libcurl-7.55.1-14.fc27.x86_64                        15/70 
  Upgrading        : curl-7.55.1-14.fc27.x86_64                           16/70 
  Upgrading        : rpm-4.14.2.1-1.fc27.x86_64                           17/70 
  Upgrading        : rpm-libs-4.14.2.1-1.fc27.x86_64                      18/70 
  Running scriptlet: rpm-libs-4.14.2.1-1.fc27.x86_64                      18/70 
  Upgrading        : rpm-plugin-selinux-4.14.2.1-1.fc27.x86_64            19/70 
  Upgrading        : libdnf-0.11.1-2.fc27.x86_64                          20/70 
  Running scriptlet: libdnf-0.11.1-2.fc27.x86_64                          20/70 
  Upgrading        : rpm-build-libs-4.14.2.1-1.fc27.x86_64                21/70 
  Running scriptlet: rpm-build-libs-4.14.2.1-1.fc27.x86_64                21/70 
  Upgrading        : libsss_idmap-1.16.3-2.fc27.x86_64                    22/70 
  Running scriptlet: libsss_idmap-1.16.3-2.fc27.x86_64                    22/70 
  Upgrading        : libsss_nss_idmap-1.16.3-2.fc27.x86_64                23/70 
  Running scriptlet: libsss_nss_idmap-1.16.3-2.fc27.x86_64                23/70 
  Upgrading        : fedora-gpg-keys-27-4.noarch                          24/70 
  Upgrading        : fedora-repos-27-4.noarch                             25/70 
  Upgrading        : sssd-client-1.16.3-2.fc27.x86_64                     26/70 
  Running scriptlet: sssd-client-1.16.3-2.fc27.x86_64                     26/70 
  Upgrading        : python3-rpm-4.14.2.1-1.fc27.x86_64                   27/70 
  Upgrading        : python3-hawkey-0.11.1-2.fc27.x86_64                  28/70 
  Upgrading        : rpm-plugin-systemd-inhibit-4.14.2.1-1.fc27.x86_64    29/70 
  Upgrading        : nss-tools-3.39.0-1.0.fc27.x86_64                     30/70 
  Upgrading        : libcrypt-nss-2.26-30.fc27.x86_64                     31/70 
  Running scriptlet: libcrypt-nss-2.26-30.fc27.x86_64                     31/70 
  Upgrading        : libxkbcommon-0.8.2-1.fc27.x86_64                     32/70 
  Running scriptlet: libxkbcommon-0.8.2-1.fc27.x86_64                     32/70 
  Upgrading        : pcre-8.42-5.fc27.x86_64                              33/70 
  Running scriptlet: pcre-8.42-5.fc27.x86_64                              33/70 
  Upgrading        : pcre2-10.32-4.fc27.x86_64                            34/70 
  Running scriptlet: pcre2-10.32-4.fc27.x86_64                            34/70 
  Upgrading        : vim-minimal-2:8.1.513-2.fc27.x86_64                  35/70 
  Cleanup          : fedora-repos-27-2.noarch                             36/70 
  Cleanup          : nss-tools-3.38.0-1.0.fc27.x86_64                     37/70 
  Cleanup          : nss-3.38.0-1.0.fc27.x86_64                           38/70 
  Running scriptlet: nss-3.38.0-1.0.fc27.x86_64                           38/70 
  Cleanup          : nss-softokn-3.38.0-1.0.fc27.x86_64                   39/70 
  Running scriptlet: nss-softokn-3.38.0-1.0.fc27.x86_64                   39/70 
  Running scriptlet: sssd-client-1.16.2-4.fc27.x86_64                     40/70 
  Cleanup          : sssd-client-1.16.2-4.fc27.x86_64                     40/70 
  Running scriptlet: sssd-client-1.16.2-4.fc27.x86_64                     40/70 
  Cleanup          : libsss_nss_idmap-1.16.2-4.fc27.x86_64                41/70 
  Running scriptlet: libsss_nss_idmap-1.16.2-4.fc27.x86_64                41/70 
  Cleanup          : nss-sysinit-3.38.0-1.0.fc27.x86_64                   42/70 
  Cleanup          : rpm-plugin-systemd-inhibit-4.14.1-1.fc27.x86_64      43/70 
  Cleanup          : python3-rpm-4.14.1-1.fc27.x86_64                     44/70 
  Cleanup          : rpm-build-libs-4.14.1-1.fc27.x86_64                  45/70 
  Running scriptlet: rpm-build-libs-4.14.1-1.fc27.x86_64                  45/70 
  Cleanup          : libsss_idmap-1.16.2-4.fc27.x86_64                    46/70 
  Running scriptlet: libsss_idmap-1.16.2-4.fc27.x86_64                    46/70 
  Cleanup          : pcre2-10.31-8.fc27.x86_64                            47/70 
  Running scriptlet: pcre2-10.31-8.fc27.x86_64                            47/70 
  Cleanup          : pcre-8.42-2.fc27.x86_64                              48/70 
  Running scriptlet: pcre-8.42-2.fc27.x86_64                              48/70 
  Cleanup          : libxkbcommon-0.7.1-5.fc27.x86_64                     49/70 
  Running scriptlet: libxkbcommon-0.7.1-5.fc27.x86_64                     49/70 
  Cleanup          : vim-minimal-2:8.1.209-1.fc27.x86_64                  50/70 
  Cleanup          : libcrypt-nss-2.26-28.fc27.x86_64                     51/70 
  Running scriptlet: libcrypt-nss-2.26-28.fc27.x86_64                     51/70 
  Cleanup          : nss-softokn-freebl-3.38.0-1.0.fc27.x86_64            52/70 
  Cleanup          : nss-util-3.38.0-1.0.fc27.x86_64                      53/70 
  Running scriptlet: nss-util-3.38.0-1.0.fc27.x86_64                      53/70 
  Cleanup          : nspr-4.19.0-1.fc27.x86_64                            54/70 
  Running scriptlet: nspr-4.19.0-1.fc27.x86_64                            54/70 
  Cleanup          : python3-hawkey-0.11.1-1.fc27.x86_64                  55/70 
  Cleanup          : fedora-gpg-keys-27-2.noarch                          56/70 
  Cleanup          : libdnf-0.11.1-1.fc27.x86_64                          57/70 
  Running scriptlet: libdnf-0.11.1-1.fc27.x86_64                          57/70 
  Cleanup          : rpm-libs-4.14.1-1.fc27.x86_64                        58/70 
  Running scriptlet: rpm-libs-4.14.1-1.fc27.x86_64                        58/70 
  Cleanup          : rpm-4.14.1-1.fc27.x86_64                             59/70 
  Cleanup          : curl-7.55.1-12.fc27.x86_64                           60/70 
  Cleanup          : libcurl-7.55.1-12.fc27.x86_64                        61/70 
  Running scriptlet: libcurl-7.55.1-12.fc27.x86_64                        61/70 
  Cleanup          : rpm-plugin-selinux-4.14.1-1.fc27.x86_64              62/70 
  Cleanup          : openssl-libs-1:1.1.0h-3.fc27.x86_64                  63/70 
  Running scriptlet: openssl-libs-1:1.1.0h-3.fc27.x86_64                  63/70 
  Cleanup          : libzstd-1.3.5-1.fc27.x86_64                          64/70 
  Running scriptlet: libzstd-1.3.5-1.fc27.x86_64                          64/70 
  Cleanup          : ca-certificates-2018.2.24-1.0.fc27.noarch            65/70 
  Cleanup          : p11-kit-trust-0.23.12-1.fc27.x86_64                  66/70 
  Running scriptlet: p11-kit-trust-0.23.12-1.fc27.x86_64                  66/70 
  Cleanup          : p11-kit-0.23.12-1.fc27.x86_64                        67/70 
  Running scriptlet: p11-kit-0.23.12-1.fc27.x86_64                        67/70 
  Cleanup          : glibc-2.26-28.fc27.x86_64                            68/70 
  Running scriptlet: glibc-2.26-28.fc27.x86_64                            68/70 
  Cleanup          : glibc-langpack-en-2.26-28.fc27.x86_64                69/70 
  Cleanup          : glibc-common-2.26-28.fc27.x86_64                     70/70 
  Verifying        : ca-certificates-2018.2.26-1.0.fc27.noarch             1/70 
  Verifying        : curl-7.55.1-14.fc27.x86_64                            2/70 
  Verifying        : libcurl-7.55.1-14.fc27.x86_64                         3/70 
  Verifying        : fedora-gpg-keys-27-4.noarch                           4/70 
  Verifying        : fedora-repos-27-4.noarch                              5/70 
  Verifying        : glibc-2.26-30.fc27.x86_64                             6/70 
  Verifying        : glibc-common-2.26-30.fc27.x86_64                      7/70 
  Verifying        : glibc-langpack-en-2.26-30.fc27.x86_64                 8/70 
  Verifying        : libcrypt-nss-2.26-30.fc27.x86_64                      9/70 
  Verifying        : libdnf-0.11.1-2.fc27.x86_64                          10/70 
  Verifying        : python3-hawkey-0.11.1-2.fc27.x86_64                  11/70 
  Verifying        : libsss_idmap-1.16.3-2.fc27.x86_64                    12/70 
  Verifying        : libsss_nss_idmap-1.16.3-2.fc27.x86_64                13/70 
  Verifying        : libxkbcommon-0.8.2-1.fc27.x86_64                     14/70 
  Verifying        : libzstd-1.3.6-1.fc27.x86_64                          15/70 
  Verifying        : nspr-4.20.0-1.fc27.x86_64                            16/70 
  Verifying        : nss-3.39.0-1.0.fc27.x86_64                           17/70 
  Verifying        : nss-softokn-3.39.0-1.0.fc27.x86_64                   18/70 
  Verifying        : nss-util-3.39.0-1.0.fc27.x86_64                      19/70 
  Verifying        : nss-softokn-freebl-3.39.0-1.0.fc27.x86_64            20/70 
  Verifying        : nss-tools-3.39.0-1.0.fc27.x86_64                     21/70 
  Verifying        : nss-sysinit-3.39.0-1.0.fc27.x86_64                   22/70 
  Verifying        : openssl-libs-1:1.1.0i-1.fc27.x86_64                  23/70 
  Verifying        : p11-kit-0.23.14-1.fc27.x86_64                        24/70 
  Verifying        : p11-kit-trust-0.23.14-1.fc27.x86_64                  25/70 
  Verifying        : pcre-8.42-5.fc27.x86_64                              26/70 
  Verifying        : pcre2-10.32-4.fc27.x86_64                            27/70 
  Verifying        : python3-rpm-4.14.2.1-1.fc27.x86_64                   28/70 
  Verifying        : rpm-libs-4.14.2.1-1.fc27.x86_64                      29/70 
  Verifying        : rpm-4.14.2.1-1.fc27.x86_64                           30/70 
  Verifying        : rpm-plugin-selinux-4.14.2.1-1.fc27.x86_64            31/70 
  Verifying        : rpm-plugin-systemd-inhibit-4.14.2.1-1.fc27.x86_64    32/70 
  Verifying        : rpm-build-libs-4.14.2.1-1.fc27.x86_64                33/70 
  Verifying        : sssd-client-1.16.3-2.fc27.x86_64                     34/70 
  Verifying        : vim-minimal-2:8.1.513-2.fc27.x86_64                  35/70 
  Verifying        : pcre-8.42-2.fc27.x86_64                              36/70 
  Verifying        : pcre2-10.31-8.fc27.x86_64                            37/70 
  Verifying        : ca-certificates-2018.2.24-1.0.fc27.noarch            38/70 
  Verifying        : python3-hawkey-0.11.1-1.fc27.x86_64                  39/70 
  Verifying        : curl-7.55.1-12.fc27.x86_64                           40/70 
  Verifying        : python3-rpm-4.14.1-1.fc27.x86_64                     41/70 
  Verifying        : rpm-4.14.1-1.fc27.x86_64                             42/70 
  Verifying        : rpm-build-libs-4.14.1-1.fc27.x86_64                  43/70 
  Verifying        : rpm-libs-4.14.1-1.fc27.x86_64                        44/70 
  Verifying        : rpm-plugin-selinux-4.14.1-1.fc27.x86_64              45/70 
  Verifying        : rpm-plugin-systemd-inhibit-4.14.1-1.fc27.x86_64      46/70 
  Verifying        : fedora-gpg-keys-27-2.noarch                          47/70 
  Verifying        : fedora-repos-27-2.noarch                             48/70 
  Verifying        : sssd-client-1.16.2-4.fc27.x86_64                     49/70 
  Verifying        : glibc-2.26-28.fc27.x86_64                            50/70 
  Verifying        : glibc-common-2.26-28.fc27.x86_64                     51/70 
  Verifying        : glibc-langpack-en-2.26-28.fc27.x86_64                52/70 
  Verifying        : vim-minimal-2:8.1.209-1.fc27.x86_64                  53/70 
  Verifying        : libcrypt-nss-2.26-28.fc27.x86_64                     54/70 
  Verifying        : libcurl-7.55.1-12.fc27.x86_64                        55/70 
  Verifying        : libdnf-0.11.1-1.fc27.x86_64                          56/70 
  Verifying        : libsss_idmap-1.16.2-4.fc27.x86_64                    57/70 
  Verifying        : libsss_nss_idmap-1.16.2-4.fc27.x86_64                58/70 
  Verifying        : libxkbcommon-0.7.1-5.fc27.x86_64                     59/70 
  Verifying        : libzstd-1.3.5-1.fc27.x86_64                          60/70 
  Verifying        : nspr-4.19.0-1.fc27.x86_64                            61/70 
  Verifying        : nss-3.38.0-1.0.fc27.x86_64                           62/70 
  Verifying        : nss-softokn-3.38.0-1.0.fc27.x86_64                   63/70 
  Verifying        : nss-softokn-freebl-3.38.0-1.0.fc27.x86_64            64/70 
  Verifying        : nss-sysinit-3.38.0-1.0.fc27.x86_64                   65/70 
  Verifying        : nss-tools-3.38.0-1.0.fc27.x86_64                     66/70 
  Verifying        : nss-util-3.38.0-1.0.fc27.x86_64                      67/70 
  Verifying        : openssl-libs-1:1.1.0h-3.fc27.x86_64                  68/70 
  Verifying        : p11-kit-0.23.12-1.fc27.x86_64                        69/70 
  Verifying        : p11-kit-trust-0.23.12-1.fc27.x86_64                  70/70 

Upgraded:
  ca-certificates.noarch 2018.2.26-1.0.fc27                                     
  curl.x86_64 7.55.1-14.fc27                                                    
  fedora-gpg-keys.noarch 27-4                                                   
  fedora-repos.noarch 27-4                                                      
  glibc.x86_64 2.26-30.fc27                                                     
  glibc-common.x86_64 2.26-30.fc27                                              
  glibc-langpack-en.x86_64 2.26-30.fc27                                         
  libcrypt-nss.x86_64 2.26-30.fc27                                              
  libcurl.x86_64 7.55.1-14.fc27                                                 
  libdnf.x86_64 0.11.1-2.fc27                                                   
  libsss_idmap.x86_64 1.16.3-2.fc27                                             
  libsss_nss_idmap.x86_64 1.16.3-2.fc27                                         
  libxkbcommon.x86_64 0.8.2-1.fc27                                              
  libzstd.x86_64 1.3.6-1.fc27                                                   
  nspr.x86_64 4.20.0-1.fc27                                                     
  nss.x86_64 3.39.0-1.0.fc27                                                    
  nss-softokn.x86_64 3.39.0-1.0.fc27                                            
  nss-softokn-freebl.x86_64 3.39.0-1.0.fc27                                     
  nss-sysinit.x86_64 3.39.0-1.0.fc27                                            
  nss-tools.x86_64 3.39.0-1.0.fc27                                              
  nss-util.x86_64 3.39.0-1.0.fc27                                               
  openssl-libs.x86_64 1:1.1.0i-1.fc27                                           
  p11-kit.x86_64 0.23.14-1.fc27                                                 
  p11-kit-trust.x86_64 0.23.14-1.fc27                                           
  pcre.x86_64 8.42-5.fc27                                                       
  pcre2.x86_64 10.32-4.fc27                                                     
  python3-hawkey.x86_64 0.11.1-2.fc27                                           
  python3-rpm.x86_64 4.14.2.1-1.fc27                                            
  rpm.x86_64 4.14.2.1-1.fc27                                                    
  rpm-build-libs.x86_64 4.14.2.1-1.fc27                                         
  rpm-libs.x86_64 4.14.2.1-1.fc27                                               
  rpm-plugin-selinux.x86_64 4.14.2.1-1.fc27                                     
  rpm-plugin-systemd-inhibit.x86_64 4.14.2.1-1.fc27                             
  sssd-client.x86_64 1.16.3-2.fc27                                              
  vim-minimal.x86_64 2:8.1.513-2.fc27                                           

Complete!
Last metadata expiration check: 0:01:41 ago on Tue Mar  3 04:41:14 2020.
Package tar-2:1.29-7.fc27.x86_64 is already installed, skipping.
Package curl-7.55.1-14.fc27.x86_64 is already installed, skipping.
Dependencies resolved.
================================================================================
 Package              Arch      Version                        Repository  Size
================================================================================
Installing:
 crontabs             noarch    1.11-15.20150630git.fc27       fedora      24 k
 openssl              x86_64    1:1.1.0i-1.fc27                updates    575 k
 socat                x86_64    1.7.3.2-4.fc27                 fedora     296 k
Installing dependencies:
 cronie-anacron       x86_64    1.5.1-8.fc27                   fedora      39 k
 gc                   x86_64    7.6.0-7.fc27                   fedora     110 k
 guile                x86_64    5:2.0.14-3.fc27                fedora     3.5 M
 libatomic_ops        x86_64    7.4.6-3.fc27                   fedora      33 k
 libstdc++            x86_64    7.3.1-6.fc27                   updates    486 k
 libtool-ltdl         x86_64    2.4.6-20.fc27                  fedora      55 k
 make                 x86_64    1:4.2.1-4.fc27                 fedora     494 k
 tcp_wrappers-libs    x86_64    7.6-87.fc27                    fedora      72 k
Installing weak dependencies:
 cronie               x86_64    1.5.1-8.fc27                   fedora     104 k

Transaction Summary
================================================================================
Install  12 Packages

Total download size: 5.7 M
Installed size: 17 M
Downloading Packages:
(1/12): crontabs-1.11-15.20150630git.fc27.noarc 168 kB/s |  24 kB     00:00    
(2/12): socat-1.7.3.2-4.fc27.x86_64.rpm         1.9 MB/s | 296 kB     00:00    
(3/12): tcp_wrappers-libs-7.6-87.fc27.x86_64.rp 398 kB/s |  72 kB     00:00    
(4/12): gc-7.6.0-7.fc27.x86_64.rpm              2.2 MB/s | 110 kB     00:00    
(5/12): make-4.2.1-4.fc27.x86_64.rpm            4.8 MB/s | 494 kB     00:00    
(6/12): libatomic_ops-7.4.6-3.fc27.x86_64.rpm   719 kB/s |  33 kB     00:00    
(7/12): libtool-ltdl-2.4.6-20.fc27.x86_64.rpm   896 kB/s |  55 kB     00:00    
(8/12): openssl-1.1.0i-1.fc27.x86_64.rpm        1.4 MB/s | 575 kB     00:00    
(9/12): cronie-1.5.1-8.fc27.x86_64.rpm          2.3 MB/s | 104 kB     00:00    
(10/12): cronie-anacron-1.5.1-8.fc27.x86_64.rpm 922 kB/s |  39 kB     00:00    
(11/12): guile-2.0.14-3.fc27.x86_64.rpm         7.9 MB/s | 3.5 MB     00:00    
(12/12): libstdc++-7.3.1-6.fc27.x86_64.rpm      1.3 MB/s | 486 kB     00:00    
--------------------------------------------------------------------------------
Total                                           3.5 MB/s | 5.7 MB     00:01     
Running transaction check
Transaction check succeeded.
Running transaction test
Transaction test succeeded.
Running transaction
  Preparing        :                                                        1/1 
  Installing       : cronie-1.5.1-8.fc27.x86_64                            1/12 
  Running scriptlet: cronie-1.5.1-8.fc27.x86_64                            1/12 
  Installing       : crontabs-1.11-15.20150630git.fc27.noarch              2/12 
  Installing       : cronie-anacron-1.5.1-8.fc27.x86_64                    3/12 
  Running scriptlet: cronie-anacron-1.5.1-8.fc27.x86_64                    3/12 
  Installing       : libstdc++-7.3.1-6.fc27.x86_64                         4/12 
  Running scriptlet: libstdc++-7.3.1-6.fc27.x86_64                         4/12 
  Installing       : libtool-ltdl-2.4.6-20.fc27.x86_64                     5/12 
  Running scriptlet: libtool-ltdl-2.4.6-20.fc27.x86_64                     5/12 
  Installing       : libatomic_ops-7.4.6-3.fc27.x86_64                     6/12 
  Running scriptlet: libatomic_ops-7.4.6-3.fc27.x86_64                     6/12 
  Installing       : gc-7.6.0-7.fc27.x86_64                                7/12 
  Running scriptlet: gc-7.6.0-7.fc27.x86_64                                7/12 
  Installing       : guile-5:2.0.14-3.fc27.x86_64                          8/12 
  Running scriptlet: guile-5:2.0.14-3.fc27.x86_64                          8/12 
  Installing       : make-1:4.2.1-4.fc27.x86_64                            9/12 
  Running scriptlet: make-1:4.2.1-4.fc27.x86_64                            9/12 
  Installing       : tcp_wrappers-libs-7.6-87.fc27.x86_64                 10/12 
  Running scriptlet: tcp_wrappers-libs-7.6-87.fc27.x86_64                 10/12 
  Installing       : socat-1.7.3.2-4.fc27.x86_64                          11/12 
  Installing       : openssl-1:1.1.0i-1.fc27.x86_64                       12/12 
  Running scriptlet: guile-5:2.0.14-3.fc27.x86_64                         12/12 
  Verifying        : crontabs-1.11-15.20150630git.fc27.noarch              1/12 
  Verifying        : socat-1.7.3.2-4.fc27.x86_64                           2/12 
  Verifying        : tcp_wrappers-libs-7.6-87.fc27.x86_64                  3/12 
  Verifying        : openssl-1:1.1.0i-1.fc27.x86_64                        4/12 
  Verifying        : make-1:4.2.1-4.fc27.x86_64                            5/12 
  Verifying        : gc-7.6.0-7.fc27.x86_64                                6/12 
  Verifying        : guile-5:2.0.14-3.fc27.x86_64                          7/12 
  Verifying        : libatomic_ops-7.4.6-3.fc27.x86_64                     8/12 
  Verifying        : libtool-ltdl-2.4.6-20.fc27.x86_64                     9/12 
  Verifying        : libstdc++-7.3.1-6.fc27.x86_64                        10/12 
  Verifying        : cronie-1.5.1-8.fc27.x86_64                           11/12 
  Verifying        : cronie-anacron-1.5.1-8.fc27.x86_64                   12/12 

Installed:
  crontabs.noarch 1.11-15.20150630git.fc27 openssl.x86_64 1:1.1.0i-1.fc27      
  socat.x86_64 1.7.3.2-4.fc27              cronie.x86_64 1.5.1-8.fc27          
  cronie-anacron.x86_64 1.5.1-8.fc27       gc.x86_64 7.6.0-7.fc27              
  guile.x86_64 5:2.0.14-3.fc27             libatomic_ops.x86_64 7.4.6-3.fc27   
  libstdc++.x86_64 7.3.1-6.fc27            libtool-ltdl.x86_64 2.4.6-20.fc27   
  make.x86_64 1:4.2.1-4.fc27               tcp_wrappers-libs.x86_64 7.6-87.fc27

Complete!
Removing intermediate container d81611ae929f
 ---> a1461e9d338e
Successfully built a1461e9d338e
Successfully tagged myfedora:27
Tue, 03 Mar 2020 04:43:29 UTC
Testing branch: master
Progress: 0/1/21
==Running le_test_dependencies please wait
no crontab for root
no crontab for root
curl installed. [PASS]
crontab installed. [PASS]
openssl installed. [PASS]
socat installed. [PASS]
------------------------------------------
Progress: 0/2/21
==Running le_test_install please wait
./acme.sh --install [PASS]
/root/.acme.sh/acme.sh exists. [PASS]
_contains '32 0 * * * "/root/.acme.sh"/acme.sh --cron --home "/root/.acme.sh" > /dev/null' '0 \* \* \* "/root/.acme.sh"/acme.sh --cron --home "/root/.acme.sh" > /dev/null' [PASS]
/root/.acme.sh/acme.sh --uninstall  > /dev/null [PASS]
------------------------------------------
Progress: 0/3/21
==Running le_test_uninstall please wait
./acme.sh --install [PASS]
/root/.acme.sh/acme.sh --uninstall [PASS]
/root/.acme.sh/acme.sh no exists. [PASS]
equals  [PASS]
------------------------------------------
Progress: 0/4/21
==Running le_test_installtodir please wait
./acme.sh --install [PASS]
/root/myle/acme.sh exists. [PASS]
_contains '35 0 * * * "/root/myle"/acme.sh --cron --home "/root/myle" > /dev/null' '0 \* \* \* "/root/myle"/acme.sh --cron --home "/root/myle" > /dev/null' [PASS]
/root/myle/acme.sh --uninstall [PASS]
------------------------------------------
Progress: 0/5/21
==Running le_test_uninstalltodir please wait
./acme.sh --install [PASS]
/root/myle/acme.sh --uninstall [PASS]
/root/myle/acme.sh no exists. [PASS]
equals  [PASS]
------------------------------------------
Progress: 0/6/21
==Running le_test_install_config_home please wait
./acme.sh --install --config-home /root/etc/acme [PASS]
/root/.acme.sh/acme.sh exists. [PASS]
_contains '37 0 * * * "/root/.acme.sh"/acme.sh --cron --home "/root/.acme.sh" --config-home "/root/etc/acme" > /dev/null' '0 \* \* \* "/root/.acme.sh"/acme.sh --cron --home "/root/.acme.sh" --config-home "/root/etc/acme" > /dev/null' [PASS]
/root/etc/acme/account.conf exists. [PASS]
/root/.acme.sh/account.conf no exists. [PASS]
/root/.acme.sh/acme.sh --cron --config-home /root/etc/acme > /dev/null [PASS]
/root/.acme.sh/acme.sh --uninstall --config-home /root/etc/acme > /dev/null [PASS]
/root/etc/acme/account.conf exists. [PASS]
/root/.acme.sh/account.conf no exists. [PASS]
------------------------------------------
Progress: 0/7/21
==Running le_test_standandalone_renew please wait
/root/.acme.sh/acme.sh --issue -d testdocker.acme.sh --standalone [PASS]
/root/.acme.sh/acme.sh --renew -d testdocker.acme.sh -f [PASS]
------------------------------------------
Progress: 0/8/21
==Running le_test_standandalone_renew_v2 please wait
/root/.acme.sh/acme.sh --issue -d testdocker.acme.sh --standalone --certpath '/acmetest/certs/domain.cer' --keypath '/acmetest/certs/domain.key'  --capath '/acmetest/certs/ca.cer'  --reloadcmd 'echo this is reload'  --fullchainpath  '/acmetest/certs/full.cer' [PASS]
'/root/.acme.sh/testdocker.acme.sh/testdocker.acme.sh.cer' equals '/acmetest/certs/domain.cer' [PASS]
'/root/.acme.sh/testdocker.acme.sh/testdocker.acme.sh.key' equals '/acmetest/certs/domain.key' [PASS]
'/root/.acme.sh/testdocker.acme.sh/ca.cer' equals '/acmetest/certs/ca.cer' [PASS]
'/root/.acme.sh/testdocker.acme.sh/fullchain.cer' equals '/acmetest/certs/full.cer' [PASS]
/root/.acme.sh/acme.sh --renew -d testdocker.acme.sh --force [PASS]
/root/.acme.sh/testdocker.acme.sh/testdocker.acme.sh.cer is cert ? 'testdocker.acme.sh' 'Fake LE Intermediate X1' [PASS]
/root/.acme.sh/testdocker.acme.sh/ca.cer is cert ? 'Fake LE Intermediate X1' [PASS]
'/root/.acme.sh/testdocker.acme.sh/testdocker.acme.sh.cer' equals '/acmetest/certs/domain.cer' [PASS]
'/root/.acme.sh/testdocker.acme.sh/testdocker.acme.sh.key' equals '/acmetest/certs/domain.key' [PASS]
'/root/.acme.sh/testdocker.acme.sh/ca.cer' equals '/acmetest/certs/ca.cer' [PASS]
'/root/.acme.sh/testdocker.acme.sh/fullchain.cer' equals '/acmetest/certs/full.cer' [PASS]
------------------------------------------
Progress: 0/9/21
==Running le_test_standandalone_renew_localaddress_v2 please wait
/root/.acme.sh/acme.sh --issue -d testdocker.acme.sh --standalone --local-address 0.0.0.0 --certpath '/acmetest/certs/domain.cer' --keypath '/acmetest/certs/domain.key'  --capath '/acmetest/certs/ca.cer'  --reloadcmd 'echo this is reload'  --fullchainpath  '/acmetest/certs/full.cer' [PASS]
'/root/.acme.sh/testdocker.acme.sh/testdocker.acme.sh.cer' equals '/acmetest/certs/domain.cer' [PASS]
'/root/.acme.sh/testdocker.acme.sh/testdocker.acme.sh.key' equals '/acmetest/certs/domain.key' [PASS]
'/root/.acme.sh/testdocker.acme.sh/ca.cer' equals '/acmetest/certs/ca.cer' [PASS]
'/root/.acme.sh/testdocker.acme.sh/fullchain.cer' equals '/acmetest/certs/full.cer' [PASS]
/root/.acme.sh/acme.sh --renew -d testdocker.acme.sh --force [PASS]
/root/.acme.sh/testdocker.acme.sh/testdocker.acme.sh.cer is cert ? 'testdocker.acme.sh' 'Fake LE Intermediate X1' [PASS]
/root/.acme.sh/testdocker.acme.sh/ca.cer is cert ? 'Fake LE Intermediate X1' [PASS]
'/root/.acme.sh/testdocker.acme.sh/testdocker.acme.sh.cer' equals '/acmetest/certs/domain.cer' [PASS]
'/root/.acme.sh/testdocker.acme.sh/testdocker.acme.sh.key' equals '/acmetest/certs/domain.key' [PASS]
'/root/.acme.sh/testdocker.acme.sh/ca.cer' equals '/acmetest/certs/ca.cer' [PASS]
'/root/.acme.sh/testdocker.acme.sh/fullchain.cer' equals '/acmetest/certs/full.cer' [PASS]
------------------------------------------
Progress: 0/10/21
==Running le_test_standandalone_listen_v4_v2 please wait
/root/.acme.sh/acme.sh --issue -d testdocker.acme.sh --standalone --listen-v4 --cert-file '/acmetest/certs/domain.cer' --key-file '/acmetest/certs/domain.key'  --ca-file '/acmetest/certs/ca.cer'  --reloadcmd 'echo this is reload'  --fullchain-file  '/acmetest/certs/full.cer' [PASS]
'/root/.acme.sh/testdocker.acme.sh/testdocker.acme.sh.cer' equals '/acmetest/certs/domain.cer' [PASS]
'/root/.acme.sh/testdocker.acme.sh/testdocker.acme.sh.key' equals '/acmetest/certs/domain.key' [PASS]
'/root/.acme.sh/testdocker.acme.sh/ca.cer' equals '/acmetest/certs/ca.cer' [PASS]
'/root/.acme.sh/testdocker.acme.sh/fullchain.cer' equals '/acmetest/certs/full.cer' [PASS]
/root/.acme.sh/acme.sh --renew -d testdocker.acme.sh --force [PASS]
/root/.acme.sh/testdocker.acme.sh/testdocker.acme.sh.cer is cert ? 'testdocker.acme.sh' 'Fake LE Intermediate X1' [PASS]
/root/.acme.sh/testdocker.acme.sh/ca.cer is cert ? 'Fake LE Intermediate X1' [PASS]
'/root/.acme.sh/testdocker.acme.sh/testdocker.acme.sh.cer' equals '/acmetest/certs/domain.cer' [PASS]
'/root/.acme.sh/testdocker.acme.sh/testdocker.acme.sh.key' equals '/acmetest/certs/domain.key' [PASS]
'/root/.acme.sh/testdocker.acme.sh/ca.cer' equals '/acmetest/certs/ca.cer' [PASS]
'/root/.acme.sh/testdocker.acme.sh/fullchain.cer' equals '/acmetest/certs/full.cer' [PASS]
------------------------------------------
Progress: 0/11/21
==Running le_test_standandalone_listen_v6_v2 please wait
Skipped by TEST_IPV6
------------------------------------------
Progress: 0/12/21
==Running le_test_standandalone_deactivate_v2 please wait
/root/.acme.sh/acme.sh --issue -d testdocker.acme.sh --standalone --certpath '/acmetest/certs/domain.cer' --keypath '/acmetest/certs/domain.key'  --capath '/acmetest/certs/ca.cer'  --reloadcmd 'echo this is reload'  --fullchainpath  '/acmetest/certs/full.cer' [PASS]
'/root/.acme.sh/testdocker.acme.sh/testdocker.acme.sh.cer' equals '/acmetest/certs/domain.cer' [PASS]
'/root/.acme.sh/testdocker.acme.sh/testdocker.acme.sh.key' equals '/acmetest/certs/domain.key' [PASS]
'/root/.acme.sh/testdocker.acme.sh/ca.cer' equals '/acmetest/certs/ca.cer' [PASS]
'/root/.acme.sh/testdocker.acme.sh/fullchain.cer' equals '/acmetest/certs/full.cer' [PASS]
/root/.acme.sh/acme.sh --deactivate -d testdocker.acme.sh [PASS]
------------------------------------------
Progress: 0/13/21
==Running le_test_standandalone please wait
/root/.acme.sh/acme.sh --issue -d testdocker.acme.sh --standalone [PASS]
/root/.acme.sh/testdocker.acme.sh/testdocker.acme.sh.cer is cert ? 'testdocker.acme.sh' 'Fake LE Intermediate X1' [PASS]
/root/.acme.sh/testdocker.acme.sh/ca.cer is cert ? 'Fake LE Intermediate X1' [PASS]
------------------------------------------
Progress: 0/14/21
==Running le_test_standandalone_SAN please wait
/root/.acme.sh/acme.sh --issue -d "testdocker.acme.sh" -d "testdocker2.acme.sh" --standalone [PASS]
/root/.acme.sh/testdocker.acme.sh/testdocker.acme.sh.cer is cert ? 'testdocker.acme.sh' 'Fake LE Intermediate X1' [PASS]
/root/.acme.sh/testdocker.acme.sh/ca.cer is cert ? 'Fake LE Intermediate X1' [PASS]
------------------------------------------
Progress: 0/15/21
==Running le_test_standandalone_ECDSA_256 please wait
/root/.acme.sh/acme.sh --issue -d testdocker.acme.sh --standalone -k ec-256 [PASS]
/root/.acme.sh/testdocker.acme.sh_ecc/testdocker.acme.sh.cer is cert ? 'testdocker.acme.sh' 'Fake LE Intermediate X1' [PASS]
/root/.acme.sh/testdocker.acme.sh_ecc/ca.cer is cert ? 'Fake LE Intermediate X1' [PASS]
------------------------------------------
Progress: 0/16/21
==Running le_test_standandalone_ECDSA_256_renew please wait
/root/.acme.sh/acme.sh --issue --standalone -d testdocker.acme.sh  -k ec-256 [PASS]
/root/.acme.sh/acme.sh --renew -d testdocker.acme.sh --force --ecc [PASS]
------------------------------------------
Progress: 0/17/21
==Running le_test_standandalone_ECDSA_256_SAN_renew please wait
/root/.acme.sh/acme.sh --issue --standalone -d "testdocker.acme.sh" -d "testdocker2.acme.sh" -k ec-256 [PASS]
/root/.acme.sh/acme.sh --renew -d "testdocker.acme.sh" --force --ecc [PASS]
------------------------------------------
Progress: 0/18/21
==Running le_test_standandalone_ECDSA_256_SAN_renew_v2 please wait
/root/.acme.sh/acme.sh --issue -d "testdocker.acme.sh" -d "testdocker2.acme.sh" --standalone --keylength ec-256 --certpath '/acmetest/certs/domain.cer' --keypath '/acmetest/certs/domain.key'  --capath '/acmetest/certs/ca.cer'  --reloadcmd 'echo this is reload'  --fullchainpath  '/acmetest/certs/full.cer' [PASS]
'/root/.acme.sh/testdocker.acme.sh_ecc/testdocker.acme.sh.cer' equals '/acmetest/certs/domain.cer' [PASS]
'/root/.acme.sh/testdocker.acme.sh_ecc/testdocker.acme.sh.key' equals '/acmetest/certs/domain.key' [PASS]
'/root/.acme.sh/testdocker.acme.sh_ecc/ca.cer' equals '/acmetest/certs/ca.cer' [PASS]
'/root/.acme.sh/testdocker.acme.sh_ecc/fullchain.cer' equals '/acmetest/certs/full.cer' [PASS]
/root/.acme.sh/acme.sh --renew --ecc -d "testdocker.acme.sh" --force [PASS]
/root/.acme.sh/testdocker.acme.sh_ecc/testdocker.acme.sh.cer is cert ? 'testdocker.acme.sh' 'Fake LE Intermediate X1' [PASS]
/root/.acme.sh/testdocker.acme.sh_ecc/ca.cer is cert ? 'Fake LE Intermediate X1' [PASS]
'/root/.acme.sh/testdocker.acme.sh_ecc/testdocker.acme.sh.cer' equals '/acmetest/certs/domain.cer' [PASS]
'/root/.acme.sh/testdocker.acme.sh_ecc/testdocker.acme.sh.key' equals '/acmetest/certs/domain.key' [PASS]
'/root/.acme.sh/testdocker.acme.sh_ecc/ca.cer' equals '/acmetest/certs/ca.cer' [PASS]
'/root/.acme.sh/testdocker.acme.sh_ecc/fullchain.cer' equals '/acmetest/certs/full.cer' [PASS]
------------------------------------------
Progress: 0/19/21
==Running le_test_standandalone_ECDSA_384 please wait
/root/.acme.sh/acme.sh --issue --standalone -d "testdocker.acme.sh" -k ec-384 [PASS]
/root/.acme.sh/testdocker.acme.sh_ecc/testdocker.acme.sh.cer is cert ? 'testdocker.acme.sh' 'Fake LE Intermediate X1' [PASS]
/root/.acme.sh/testdocker.acme.sh_ecc/ca.cer is cert ? 'Fake LE Intermediate X1' [PASS]
------------------------------------------
Progress: 0/20/21
==Running le_test_standandalone_renew_idn_v2 please wait
Skipped by TEST_IDN
------------------------------------------
Progress: 0/21/21
==Running le_test_dnsapi please wait
Skipped by TEST_DNS
------------------------------------------
