Sending build context to Docker daemon 2.048 kB
Step 1 : FROM fedora:23
 ---> ddd5c9c1d0f2
Step 2 : RUN yum -q -y update     2>&1
 ---> Running in 58742c88b0d1
Yum command has been deprecated, redirecting to '/usr/bin/dnf -q -y update'.
See 'man dnf' and 'man yum2dnf' for more information.
To transfer transaction metadata from yum to DNF, run:
'dnf install python-dnf-plugins-extras-migrate && dnf-2 migrate'

/usr/share/locale/cs/LC_MESSAGES/cryptsetup.mo: No such file or directory
cannot reconstruct rpm from disk files
/usr/share/locale/de/LC_MESSAGES/elfutils.mo: No such file or directory
cannot reconstruct rpm from disk files
/usr/share/locale/en@boldquot/LC_MESSAGES/bash.mo: No such file or directory
cannot reconstruct rpm from disk files
/usr/share/doc/libarchive/NEWS: No such file or directory
cannot reconstruct rpm from disk files
/usr/share/doc/libassuan/AUTHORS: No such file or directory
cannot reconstruct rpm from disk files
/usr/share/locale/ca/LC_MESSAGES/glib20.mo: No such file or directory
cannot reconstruct rpm from disk files
/usr/share/locale/en@boldquot/LC_MESSAGES/libidn.mo: No such file or directory
cannot reconstruct rpm from disk files
/usr/share/locale/de/LC_MESSAGES/libgpg-error.mo: No such file or directory
cannot reconstruct rpm from disk files
/usr/share/doc/libmnl/README: No such file or directory
cannot reconstruct rpm from disk files
/usr/share/doc/libseccomp/CHANGELOG: No such file or directory
cannot reconstruct rpm from disk files
/usr/share/doc/libksba/AUTHORS: No such file or directory
cannot reconstruct rpm from disk files
/usr/share/doc/libxkbcommon/COPYING: No such file or directory
cannot reconstruct rpm from disk files
/usr/share/doc/libtasn1/AUTHORS: No such file or directory
cannot reconstruct rpm from disk files
/usr/share/doc/libgcrypt/AUTHORS: No such file or directory
cannot reconstruct rpm from disk files
/usr/share/locale/fi/LC_MESSAGES/rpm.mo: No such file or directory
cannot reconstruct rpm from disk files
/usr/share/doc/python3-pygpgme/PKG-INFO: No such file or directory
cannot reconstruct rpm from disk files
/usr/share/doc/shadow-utils/HOWTO: No such file or directory
cannot reconstruct rpm from disk files
/usr/share/doc/sqlite-libs/README.md: No such file or directory
cannot reconstruct rpm from disk files
/usr/share/man/man8/systemd-random-seed.service.8.gz: No such file or directory
cannot reconstruct rpm from disk files
/usr/lib64/python3.4/email/architecture.rst: No such file or directory
cannot reconstruct rpm from disk files
 ---> 617a167ffb41
Removing intermediate container 58742c88b0d1
Step 3 : RUN yum -q -y install    tar openssl crontabs nc curl  2>&1
 ---> Running in 4e19cafbcfe5
Redirecting to '/usr/bin/dnf -q -y install tar openssl crontabs nc curl' (see 'man yum2dnf')

Package curl-7.43.0-10.fc23.x86_64 is already installed, skipping.
 ---> 8fc3c39836db
Removing intermediate container 4e19cafbcfe5
Successfully built 8fc3c39836db
Testing branch: nc
[1;31;32mProgress: 1/20[0m
==Running le_test_dependencies please wait
no crontab for root
no crontab for root
curl installed.[1;31;32m [PASS][0m
crontab installed.[1;31;32m [PASS][0m
openssl installed.[1;31;32m [PASS][0m
nc installed.[1;31;32m [PASS][0m
------------------------------------------
[1;31;32mProgress: 2/20[0m
==Running le_test_install please wait
./acme.sh install[1;31;32m [PASS][0m
/root/.acme.sh/acme.sh exists.[1;31;32m [PASS][0m
equals 0 0 * * * "/root/.acme.sh"/acme.sh --cron --home "/root/.acme.sh" > /dev/null[1;31;32m [PASS][0m
/root/.acme.sh/acme.sh uninstall  > /dev/null[1;31;32m [PASS][0m
------------------------------------------
[1;31;32mProgress: 3/20[0m
==Running le_test_uninstall please wait
./acme.sh install[1;31;32m [PASS][0m
/root/.acme.sh/acme.sh uninstall[1;31;32m [PASS][0m
/root/.acme.sh/acme.sh no exists.[1;31;32m [PASS][0m
equals [1;31;32m [PASS][0m
------------------------------------------
[1;31;32mProgress: 4/20[0m
==Running le_test_installtodir please wait
./acme.sh install[1;31;32m [PASS][0m
/root/myle/acme.sh exists.[1;31;32m [PASS][0m
equals 0 0 * * * "/root/myle"/acme.sh --cron --home "/root/myle" > /dev/null[1;31;32m [PASS][0m
/root/myle/acme.sh uninstall[1;31;32m [PASS][0m
------------------------------------------
[1;31;32mProgress: 5/20[0m
==Running le_test_uninstalltodir please wait
./acme.sh install[1;31;32m [PASS][0m
/root/myle/acme.sh uninstall[1;31;32m [PASS][0m
/root/myle/acme.sh no exists.[1;31;32m [PASS][0m
equals [1;31;32m [PASS][0m
------------------------------------------
[1;31;32mProgress: 6/20[0m
==Running le_test_standandalone_renew please wait
/root/.acme.sh/acme.sh issue no testdocker.acme.sh[1;31;32m [PASS][0m
FORCE=1 /root/.acme.sh/acme.sh renew testdocker.acme.sh[1;31;32m [PASS][0m
------------------------------------------
[1;31;32mProgress: 7/20[0m
==Running le_test_standandalone_renew_v2 please wait
/root/.acme.sh/acme.sh --issue -d testdocker.acme.sh --standalone --certpath '/acmetest/certs/domain.cer' --keypath '/acmetest/certs/domain.key'  --capath '/acmetest/certs/ca.cer'  --reloadcmd 'echo this is reload'  --fullchainpath  '/acmetest/certs/full.cer'[1;31;32m [PASS][0m
'/root/.acme.sh/testdocker.acme.sh/testdocker.acme.sh.cer' equals '/acmetest/certs/domain.cer'[1;31;32m [PASS][0m
'/root/.acme.sh/testdocker.acme.sh/testdocker.acme.sh.key' equals '/acmetest/certs/domain.key'[1;31;32m [PASS][0m
'/root/.acme.sh/testdocker.acme.sh/ca.cer' equals '/acmetest/certs/ca.cer'[1;31;32m [PASS][0m
'/root/.acme.sh/testdocker.acme.sh/fullchain.cer' equals '/acmetest/certs/full.cer'[1;31;32m [PASS][0m
/root/.acme.sh/acme.sh --renew -d testdocker.acme.sh --force[1;31;32m [PASS][0m
/root/.acme.sh/testdocker.acme.sh/testdocker.acme.sh.cer is cert ? 'testdocker.acme.sh' 'Fake LE Intermediate X1'[1;31;32m [PASS][0m
/root/.acme.sh/testdocker.acme.sh/ca.cer is cert ? 'Fake LE Intermediate X1'[1;31;32m [PASS][0m
'/root/.acme.sh/testdocker.acme.sh/testdocker.acme.sh.cer' equals '/acmetest/certs/domain.cer'[1;31;32m [PASS][0m
'/root/.acme.sh/testdocker.acme.sh/testdocker.acme.sh.key' equals '/acmetest/certs/domain.key'[1;31;32m [PASS][0m
'/root/.acme.sh/testdocker.acme.sh/ca.cer' equals '/acmetest/certs/ca.cer'[1;31;32m [PASS][0m
'/root/.acme.sh/testdocker.acme.sh/fullchain.cer' equals '/acmetest/certs/full.cer'[1;31;32m [PASS][0m
------------------------------------------
[1;31;32mProgress: 8/20[0m
==Running le_test_standandalone_renew_localaddress_v2 please wait
/root/.acme.sh/acme.sh --issue -d testdocker.acme.sh --standalone --local-address 0.0.0.0 --certpath '/acmetest/certs/domain.cer' --keypath '/acmetest/certs/domain.key'  --capath '/acmetest/certs/ca.cer'  --reloadcmd 'echo this is reload'  --fullchainpath  '/acmetest/certs/full.cer'[1;31;32m [PASS][0m
'/root/.acme.sh/testdocker.acme.sh/testdocker.acme.sh.cer' equals '/acmetest/certs/domain.cer'[1;31;32m [PASS][0m
'/root/.acme.sh/testdocker.acme.sh/testdocker.acme.sh.key' equals '/acmetest/certs/domain.key'[1;31;32m [PASS][0m
'/root/.acme.sh/testdocker.acme.sh/ca.cer' equals '/acmetest/certs/ca.cer'[1;31;32m [PASS][0m
'/root/.acme.sh/testdocker.acme.sh/fullchain.cer' equals '/acmetest/certs/full.cer'[1;31;32m [PASS][0m
/root/.acme.sh/acme.sh --renew -d testdocker.acme.sh --force[1;31;32m [PASS][0m
/root/.acme.sh/testdocker.acme.sh/testdocker.acme.sh.cer is cert ? 'testdocker.acme.sh' 'Fake LE Intermediate X1'[1;31;32m [PASS][0m
/root/.acme.sh/testdocker.acme.sh/ca.cer is cert ? 'Fake LE Intermediate X1'[1;31;32m [PASS][0m
'/root/.acme.sh/testdocker.acme.sh/testdocker.acme.sh.cer' equals '/acmetest/certs/domain.cer'[1;31;32m [PASS][0m
'/root/.acme.sh/testdocker.acme.sh/testdocker.acme.sh.key' equals '/acmetest/certs/domain.key'[1;31;32m [PASS][0m
'/root/.acme.sh/testdocker.acme.sh/ca.cer' equals '/acmetest/certs/ca.cer'[1;31;32m [PASS][0m
'/root/.acme.sh/testdocker.acme.sh/fullchain.cer' equals '/acmetest/certs/full.cer'[1;31;32m [PASS][0m
------------------------------------------
[1;31;32mProgress: 9/20[0m
==Running le_test_standandalone_listen_v4_v2 please wait
/root/.acme.sh/acme.sh --issue -d testdocker.acme.sh --standalone --listen-v4 --certpath '/acmetest/certs/domain.cer' --keypath '/acmetest/certs/domain.key'  --capath '/acmetest/certs/ca.cer'  --reloadcmd 'echo this is reload'  --fullchainpath  '/acmetest/certs/full.cer'[1;31;32m [PASS][0m
'/root/.acme.sh/testdocker.acme.sh/testdocker.acme.sh.cer' equals '/acmetest/certs/domain.cer'[1;31;32m [PASS][0m
'/root/.acme.sh/testdocker.acme.sh/testdocker.acme.sh.key' equals '/acmetest/certs/domain.key'[1;31;32m [PASS][0m
'/root/.acme.sh/testdocker.acme.sh/ca.cer' equals '/acmetest/certs/ca.cer'[1;31;32m [PASS][0m
'/root/.acme.sh/testdocker.acme.sh/fullchain.cer' equals '/acmetest/certs/full.cer'[1;31;32m [PASS][0m
/root/.acme.sh/acme.sh --renew -d testdocker.acme.sh --force[1;31;32m [PASS][0m
/root/.acme.sh/testdocker.acme.sh/testdocker.acme.sh.cer is cert ? 'testdocker.acme.sh' 'Fake LE Intermediate X1'[1;31;32m [PASS][0m
/root/.acme.sh/testdocker.acme.sh/ca.cer is cert ? 'Fake LE Intermediate X1'[1;31;32m [PASS][0m
'/root/.acme.sh/testdocker.acme.sh/testdocker.acme.sh.cer' equals '/acmetest/certs/domain.cer'[1;31;32m [PASS][0m
'/root/.acme.sh/testdocker.acme.sh/testdocker.acme.sh.key' equals '/acmetest/certs/domain.key'[1;31;32m [PASS][0m
'/root/.acme.sh/testdocker.acme.sh/ca.cer' equals '/acmetest/certs/ca.cer'[1;31;32m [PASS][0m
'/root/.acme.sh/testdocker.acme.sh/fullchain.cer' equals '/acmetest/certs/full.cer'[1;31;32m [PASS][0m
------------------------------------------
[1;31;32mProgress: 10/20[0m
==Running le_test_standandalone_listen_v6_v2 please wait
Skip
------------------------------------------
[1;31;32mProgress: 11/20[0m
==Running le_test_standandalone_deactivate_v2 please wait
/root/.acme.sh/acme.sh --issue -d testdocker.acme.sh --standalone --certpath '/acmetest/certs/domain.cer' --keypath '/acmetest/certs/domain.key'  --capath '/acmetest/certs/ca.cer'  --reloadcmd 'echo this is reload'  --fullchainpath  '/acmetest/certs/full.cer'[1;31;32m [PASS][0m
'/root/.acme.sh/testdocker.acme.sh/testdocker.acme.sh.cer' equals '/acmetest/certs/domain.cer'[1;31;32m [PASS][0m
'/root/.acme.sh/testdocker.acme.sh/testdocker.acme.sh.key' equals '/acmetest/certs/domain.key'[1;31;32m [PASS][0m
'/root/.acme.sh/testdocker.acme.sh/ca.cer' equals '/acmetest/certs/ca.cer'[1;31;32m [PASS][0m
'/root/.acme.sh/testdocker.acme.sh/fullchain.cer' equals '/acmetest/certs/full.cer'[1;31;32m [PASS][0m
/root/.acme.sh/acme.sh --deactivate -d testdocker.acme.sh[1;31;32m [PASS][0m
------------------------------------------
[1;31;32mProgress: 12/20[0m
==Running le_test_standandalone please wait
/root/.acme.sh/acme.sh issue no testdocker.acme.sh[1;31;32m [PASS][0m
/root/.acme.sh/testdocker.acme.sh/testdocker.acme.sh.cer is cert ? 'testdocker.acme.sh' 'Fake LE Intermediate X1'[1;31;32m [PASS][0m
/root/.acme.sh/testdocker.acme.sh/ca.cer is cert ? 'Fake LE Intermediate X1'[1;31;32m [PASS][0m
------------------------------------------
[1;31;32mProgress: 13/20[0m
==Running le_test_standandalone_SAN please wait
/root/.acme.sh/acme.sh issue no testdocker.acme.sh testdocker2.acme.sh[1;31;32m [PASS][0m
/root/.acme.sh/testdocker.acme.sh/testdocker.acme.sh.cer is cert ? 'testdocker.acme.sh' 'Fake LE Intermediate X1'[1;31;32m [PASS][0m
/root/.acme.sh/testdocker.acme.sh/ca.cer is cert ? 'Fake LE Intermediate X1'[1;31;32m [PASS][0m
------------------------------------------
[1;31;32mProgress: 14/20[0m
==Running le_test_standandalone_ECDSA_256 please wait
/root/.acme.sh/acme.sh issue no testdocker.acme.sh no ec-256[1;31;32m [PASS][0m
/root/.acme.sh/testdocker.acme.sh_ecc/testdocker.acme.sh.cer is cert ? 'testdocker.acme.sh' 'Fake LE Intermediate X1'[1;31;32m [PASS][0m
/root/.acme.sh/testdocker.acme.sh_ecc/ca.cer is cert ? 'Fake LE Intermediate X1'[1;31;32m [PASS][0m
------------------------------------------
[1;31;32mProgress: 15/20[0m
==Running le_test_standandalone_ECDSA_256_renew please wait
/root/.acme.sh/acme.sh issue no testdocker.acme.sh no ec-256[1;31;32m [PASS][0m
FORCE=1 /root/.acme.sh/acme.sh renew testdocker.acme.sh[1;31;32m [PASS][0m
------------------------------------------
[1;31;32mProgress: 16/20[0m
==Running le_test_standandalone_ECDSA_256_SAN_renew please wait
/root/.acme.sh/acme.sh issue no testdocker.acme.sh testdocker2.acme.sh ec-256[1;31;32m [PASS][0m
FORCE=1 /root/.acme.sh/acme.sh renew testdocker.acme.sh[1;31;32m [PASS][0m
------------------------------------------
[1;31;32mProgress: 17/20[0m
==Running le_test_standandalone_ECDSA_256_SAN_renew_v2 please wait
/root/.acme.sh/acme.sh --issue -d testdocker.acme.sh -d testdocker2.acme.sh --standalone --keylength ec-256 --certpath '/acmetest/certs/domain.cer' --keypath '/acmetest/certs/domain.key'  --capath '/acmetest/certs/ca.cer'  --reloadcmd 'echo this is reload'  --fullchainpath  '/acmetest/certs/full.cer'[1;31;32m [PASS][0m
'/root/.acme.sh/testdocker.acme.sh_ecc/testdocker.acme.sh.cer' equals '/acmetest/certs/domain.cer'[1;31;32m [PASS][0m
'/root/.acme.sh/testdocker.acme.sh_ecc/testdocker.acme.sh.key' equals '/acmetest/certs/domain.key'[1;31;32m [PASS][0m
'/root/.acme.sh/testdocker.acme.sh_ecc/ca.cer' equals '/acmetest/certs/ca.cer'[1;31;32m [PASS][0m
'/root/.acme.sh/testdocker.acme.sh_ecc/fullchain.cer' equals '/acmetest/certs/full.cer'[1;31;32m [PASS][0m
/root/.acme.sh/acme.sh --renew --ecc -d testdocker.acme.sh --force[1;31;32m [PASS][0m
/root/.acme.sh/testdocker.acme.sh_ecc/testdocker.acme.sh.cer is cert ? 'testdocker.acme.sh' 'Fake LE Intermediate X1'[1;31;32m [PASS][0m
/root/.acme.sh/testdocker.acme.sh_ecc/ca.cer is cert ? 'Fake LE Intermediate X1'[1;31;32m [PASS][0m
'/root/.acme.sh/testdocker.acme.sh_ecc/testdocker.acme.sh.cer' equals '/acmetest/certs/domain.cer'[1;31;32m [PASS][0m
'/root/.acme.sh/testdocker.acme.sh_ecc/testdocker.acme.sh.key' equals '/acmetest/certs/domain.key'[1;31;32m [PASS][0m
'/root/.acme.sh/testdocker.acme.sh_ecc/ca.cer' equals '/acmetest/certs/ca.cer'[1;31;32m [PASS][0m
'/root/.acme.sh/testdocker.acme.sh_ecc/fullchain.cer' equals '/acmetest/certs/full.cer'[1;31;32m [PASS][0m
------------------------------------------
[1;31;32mProgress: 18/20[0m
==Running le_test_standandalone_ECDSA_384 please wait
/root/.acme.sh/acme.sh issue no testdocker.acme.sh no ec-384[1;31;32m [PASS][0m
/root/.acme.sh/testdocker.acme.sh_ecc/testdocker.acme.sh.cer is cert ? 'testdocker.acme.sh' 'Fake LE Intermediate X1'[1;31;32m [PASS][0m
/root/.acme.sh/testdocker.acme.sh_ecc/ca.cer is cert ? 'Fake LE Intermediate X1'[1;31;32m [PASS][0m
------------------------------------------
[1;31;32mProgress: 19/20[0m
==Running le_test_standandalone_tls_renew_SAN_v2 please wait
/root/.acme.sh/acme.sh --issue -d testdocker.acme.sh --tls  -d testdocker2.acme.sh --standalone [1;31;32m [PASS][0m
/root/.acme.sh/acme.sh --renew -d testdocker.acme.sh --force[1;31;32m [PASS][0m
/root/.acme.sh/testdocker.acme.sh/testdocker.acme.sh.cer is cert ? 'testdocker.acme.sh' 'Fake LE Intermediate X1'[1;31;32m [PASS][0m
/root/.acme.sh/testdocker.acme.sh/ca.cer is cert ? 'Fake LE Intermediate X1'[1;31;32m [PASS][0m
------------------------------------------
[1;31;32mProgress: 20/20[0m
==Running le_test_tls_renew_SAN_v2 please wait
/root/.acme.sh/acme.sh --issue -d testdocker.acme.sh -d testdocker2.acme.sh --tls[1;31;32m [PASS][0m
/root/.acme.sh/acme.sh --renew -d testdocker.acme.sh --force[1;31;32m [PASS][0m
/root/.acme.sh/testdocker.acme.sh/testdocker.acme.sh.cer is cert ? 'testdocker.acme.sh' 'Fake LE Intermediate X1'[1;31;32m [PASS][0m
/root/.acme.sh/testdocker.acme.sh/ca.cer is cert ? 'Fake LE Intermediate X1'[1;31;32m [PASS][0m
------------------------------------------
