
Fri, 11 Nov 2016 20:04:38 UTC
Testing branch: dev
[1;31;32mProgress: 1/21[0m
==Running le_test_dependencies please wait
curl installed.[1;31;32m [PASS][0m
crontab installed.[1;31;32m [PASS][0m
openssl installed.[1;31;32m [PASS][0m
nc installed.[1;31;32m [PASS][0m
------------------------------------------
[1;31;32mProgress: 2/21[0m
==Running le_test_install please wait
./acme.sh install[1;31;32m [PASS][0m
/root/.acme.sh/acme.sh exists.[1;31;32m [PASS][0m
equals 0 0 * * * "/root/.acme.sh"/acme.sh --cron --home "/root/.acme.sh" > /dev/null[1;31;32m [PASS][0m
/root/.acme.sh/acme.sh uninstall  > /dev/null[1;31;32m [PASS][0m
------------------------------------------
[1;31;32mProgress: 3/21[0m
==Running le_test_uninstall please wait
./acme.sh install[1;31;32m [PASS][0m
/root/.acme.sh/acme.sh uninstall[1;31;32m [PASS][0m
/root/.acme.sh/acme.sh no exists.[1;31;32m [PASS][0m
equals [1;31;32m [PASS][0m
------------------------------------------
[1;31;32mProgress: 4/21[0m
==Running le_test_installtodir please wait
./acme.sh install[1;31;32m [PASS][0m
/root/myle/acme.sh exists.[1;31;32m [PASS][0m
equals 0 0 * * * "/root/myle"/acme.sh --cron --home "/root/myle" > /dev/null[1;31;32m [PASS][0m
/root/myle/acme.sh uninstall[1;31;32m [PASS][0m
------------------------------------------
[1;31;32mProgress: 5/21[0m
==Running le_test_uninstalltodir please wait
./acme.sh install[1;31;32m [PASS][0m
/root/myle/acme.sh uninstall[1;31;32m [PASS][0m
/root/myle/acme.sh no exists.[1;31;32m [PASS][0m
equals [1;31;32m [PASS][0m
------------------------------------------
[1;31;32mProgress: 6/21[0m
==Running le_test_standandalone_renew please wait
/root/.acme.sh/acme.sh issue no testfreebsd.acme.sh[1;31;32m [PASS][0m
FORCE=1 /root/.acme.sh/acme.sh renew testfreebsd.acme.sh[1;31;32m [PASS][0m
------------------------------------------
[1;31;32mProgress: 7/21[0m
==Running le_test_standandalone_renew_v2 please wait
/root/.acme.sh/acme.sh --issue -d testfreebsd.acme.sh --standalone --certpath '/root/acmetest/certs/domain.cer' --keypath '/root/acmetest/certs/domain.key'  --capath '/root/acmetest/certs/ca.cer'  --reloadcmd 'echo this is reload'  --fullchainpath  '/root/acmetest/certs/full.cer'[1;31;32m [PASS][0m
'/root/.acme.sh/testfreebsd.acme.sh/testfreebsd.acme.sh.cer' equals '/root/acmetest/certs/domain.cer'[1;31;32m [PASS][0m
'/root/.acme.sh/testfreebsd.acme.sh/testfreebsd.acme.sh.key' equals '/root/acmetest/certs/domain.key'[1;31;32m [PASS][0m
'/root/.acme.sh/testfreebsd.acme.sh/ca.cer' equals '/root/acmetest/certs/ca.cer'[1;31;32m [PASS][0m
'/root/.acme.sh/testfreebsd.acme.sh/fullchain.cer' equals '/root/acmetest/certs/full.cer'[1;31;32m [PASS][0m
/root/.acme.sh/acme.sh --renew -d testfreebsd.acme.sh --force[1;31;32m [PASS][0m
/root/.acme.sh/testfreebsd.acme.sh/testfreebsd.acme.sh.cer is cert ? 'testfreebsd.acme.sh' 'Fake LE Intermediate X1'[1;31;32m [PASS][0m
/root/.acme.sh/testfreebsd.acme.sh/ca.cer is cert ? 'Fake LE Intermediate X1'[1;31;32m [PASS][0m
'/root/.acme.sh/testfreebsd.acme.sh/testfreebsd.acme.sh.cer' equals '/root/acmetest/certs/domain.cer'[1;31;32m [PASS][0m
'/root/.acme.sh/testfreebsd.acme.sh/testfreebsd.acme.sh.key' equals '/root/acmetest/certs/domain.key'[1;31;32m [PASS][0m
'/root/.acme.sh/testfreebsd.acme.sh/ca.cer' equals '/root/acmetest/certs/ca.cer'[1;31;32m [PASS][0m
'/root/.acme.sh/testfreebsd.acme.sh/fullchain.cer' equals '/root/acmetest/certs/full.cer'[1;31;32m [PASS][0m
------------------------------------------
[1;31;32mProgress: 8/21[0m
==Running le_test_standandalone_renew_localaddress_v2 please wait
/root/.acme.sh/acme.sh --issue -d testfreebsd.acme.sh --standalone --local-address 0.0.0.0 --certpath '/root/acmetest/certs/domain.cer' --keypath '/root/acmetest/certs/domain.key'  --capath '/root/acmetest/certs/ca.cer'  --reloadcmd 'echo this is reload'  --fullchainpath  '/root/acmetest/certs/full.cer'[1;31;32m [PASS][0m
'/root/.acme.sh/testfreebsd.acme.sh/testfreebsd.acme.sh.cer' equals '/root/acmetest/certs/domain.cer'[1;31;32m [PASS][0m
'/root/.acme.sh/testfreebsd.acme.sh/testfreebsd.acme.sh.key' equals '/root/acmetest/certs/domain.key'[1;31;32m [PASS][0m
'/root/.acme.sh/testfreebsd.acme.sh/ca.cer' equals '/root/acmetest/certs/ca.cer'[1;31;32m [PASS][0m
'/root/.acme.sh/testfreebsd.acme.sh/fullchain.cer' equals '/root/acmetest/certs/full.cer'[1;31;32m [PASS][0m
/root/.acme.sh/acme.sh --renew -d testfreebsd.acme.sh --force[1;31;32m [PASS][0m
/root/.acme.sh/testfreebsd.acme.sh/testfreebsd.acme.sh.cer is cert ? 'testfreebsd.acme.sh' 'Fake LE Intermediate X1'[1;31;32m [PASS][0m
/root/.acme.sh/testfreebsd.acme.sh/ca.cer is cert ? 'Fake LE Intermediate X1'[1;31;32m [PASS][0m
'/root/.acme.sh/testfreebsd.acme.sh/testfreebsd.acme.sh.cer' equals '/root/acmetest/certs/domain.cer'[1;31;32m [PASS][0m
'/root/.acme.sh/testfreebsd.acme.sh/testfreebsd.acme.sh.key' equals '/root/acmetest/certs/domain.key'[1;31;32m [PASS][0m
'/root/.acme.sh/testfreebsd.acme.sh/ca.cer' equals '/root/acmetest/certs/ca.cer'[1;31;32m [PASS][0m
'/root/.acme.sh/testfreebsd.acme.sh/fullchain.cer' equals '/root/acmetest/certs/full.cer'[1;31;32m [PASS][0m
------------------------------------------
[1;31;32mProgress: 9/21[0m
==Running le_test_standandalone_listen_v4_v2 please wait
/root/.acme.sh/acme.sh --issue -d testfreebsd.acme.sh --standalone --listen-v4 --certpath '/root/acmetest/certs/domain.cer' --keypath '/root/acmetest/certs/domain.key'  --capath '/root/acmetest/certs/ca.cer'  --reloadcmd 'echo this is reload'  --fullchainpath  '/root/acmetest/certs/full.cer'[1;31;32m [PASS][0m
'/root/.acme.sh/testfreebsd.acme.sh/testfreebsd.acme.sh.cer' equals '/root/acmetest/certs/domain.cer'[1;31;32m [PASS][0m
'/root/.acme.sh/testfreebsd.acme.sh/testfreebsd.acme.sh.key' equals '/root/acmetest/certs/domain.key'[1;31;32m [PASS][0m
'/root/.acme.sh/testfreebsd.acme.sh/ca.cer' equals '/root/acmetest/certs/ca.cer'[1;31;32m [PASS][0m
'/root/.acme.sh/testfreebsd.acme.sh/fullchain.cer' equals '/root/acmetest/certs/full.cer'[1;31;32m [PASS][0m
/root/.acme.sh/acme.sh --renew -d testfreebsd.acme.sh --force[1;31;32m [PASS][0m
/root/.acme.sh/testfreebsd.acme.sh/testfreebsd.acme.sh.cer is cert ? 'testfreebsd.acme.sh' 'Fake LE Intermediate X1'[1;31;32m [PASS][0m
/root/.acme.sh/testfreebsd.acme.sh/ca.cer is cert ? 'Fake LE Intermediate X1'[1;31;32m [PASS][0m
'/root/.acme.sh/testfreebsd.acme.sh/testfreebsd.acme.sh.cer' equals '/root/acmetest/certs/domain.cer'[1;31;32m [PASS][0m
'/root/.acme.sh/testfreebsd.acme.sh/testfreebsd.acme.sh.key' equals '/root/acmetest/certs/domain.key'[1;31;32m [PASS][0m
'/root/.acme.sh/testfreebsd.acme.sh/ca.cer' equals '/root/acmetest/certs/ca.cer'[1;31;32m [PASS][0m
'/root/.acme.sh/testfreebsd.acme.sh/fullchain.cer' equals '/root/acmetest/certs/full.cer'[1;31;32m [PASS][0m
------------------------------------------
[1;31;32mProgress: 10/21[0m
==Running le_test_standandalone_listen_v6_v2 please wait
Skip
------------------------------------------
[1;31;32mProgress: 11/21[0m
==Running le_test_standandalone_deactivate_v2 please wait
/root/.acme.sh/acme.sh --issue -d testfreebsd.acme.sh --standalone --certpath '/root/acmetest/certs/domain.cer' --keypath '/root/acmetest/certs/domain.key'  --capath '/root/acmetest/certs/ca.cer'  --reloadcmd 'echo this is reload'  --fullchainpath  '/root/acmetest/certs/full.cer'[1;31;32m [PASS][0m
'/root/.acme.sh/testfreebsd.acme.sh/testfreebsd.acme.sh.cer' equals '/root/acmetest/certs/domain.cer'[1;31;32m [PASS][0m
'/root/.acme.sh/testfreebsd.acme.sh/testfreebsd.acme.sh.key' equals '/root/acmetest/certs/domain.key'[1;31;32m [PASS][0m
'/root/.acme.sh/testfreebsd.acme.sh/ca.cer' equals '/root/acmetest/certs/ca.cer'[1;31;32m [PASS][0m
'/root/.acme.sh/testfreebsd.acme.sh/fullchain.cer' equals '/root/acmetest/certs/full.cer'[1;31;32m [PASS][0m
/root/.acme.sh/acme.sh --deactivate -d testfreebsd.acme.sh[1;31;32m [PASS][0m
------------------------------------------
[1;31;32mProgress: 12/21[0m
==Running le_test_standandalone please wait
/root/.acme.sh/acme.sh issue no testfreebsd.acme.sh[1;31;32m [PASS][0m
/root/.acme.sh/testfreebsd.acme.sh/testfreebsd.acme.sh.cer is cert ? 'testfreebsd.acme.sh' 'Fake LE Intermediate X1'[1;31;32m [PASS][0m
/root/.acme.sh/testfreebsd.acme.sh/ca.cer is cert ? 'Fake LE Intermediate X1'[1;31;32m [PASS][0m
------------------------------------------
[1;31;32mProgress: 13/21[0m
==Running le_test_standandalone_SAN please wait
/root/.acme.sh/acme.sh issue no testfreebsd.acme.sh testfreebsd2.acme.sh[1;31;32m [PASS][0m
/root/.acme.sh/testfreebsd.acme.sh/testfreebsd.acme.sh.cer is cert ? 'testfreebsd.acme.sh' 'Fake LE Intermediate X1'[1;31;32m [PASS][0m
/root/.acme.sh/testfreebsd.acme.sh/ca.cer is cert ? 'Fake LE Intermediate X1'[1;31;32m [PASS][0m
------------------------------------------
[1;31;32mProgress: 14/21[0m
==Running le_test_standandalone_ECDSA_256 please wait
/root/.acme.sh/acme.sh issue no testfreebsd.acme.sh no ec-256[1;31;32m [PASS][0m
/root/.acme.sh/testfreebsd.acme.sh_ecc/testfreebsd.acme.sh.cer is cert ? 'testfreebsd.acme.sh' 'Fake LE Intermediate X1'[1;31;32m [PASS][0m
/root/.acme.sh/testfreebsd.acme.sh_ecc/ca.cer is cert ? 'Fake LE Intermediate X1'[1;31;32m [PASS][0m
------------------------------------------
[1;31;32mProgress: 15/21[0m
==Running le_test_standandalone_ECDSA_256_renew please wait
/root/.acme.sh/acme.sh issue no testfreebsd.acme.sh no ec-256[1;31;32m [PASS][0m
FORCE=1 /root/.acme.sh/acme.sh renew testfreebsd.acme.sh[1;31;32m [PASS][0m
------------------------------------------
[1;31;32mProgress: 16/21[0m
==Running le_test_standandalone_ECDSA_256_SAN_renew please wait
/root/.acme.sh/acme.sh issue no testfreebsd.acme.sh testfreebsd2.acme.sh ec-256[1;31;32m [PASS][0m
FORCE=1 /root/.acme.sh/acme.sh renew testfreebsd.acme.sh[1;31;32m [PASS][0m
------------------------------------------
[1;31;32mProgress: 17/21[0m
==Running le_test_standandalone_ECDSA_256_SAN_renew_v2 please wait
/root/.acme.sh/acme.sh --issue -d testfreebsd.acme.sh -d testfreebsd2.acme.sh --standalone --keylength ec-256 --certpath '/root/acmetest/certs/domain.cer' --keypath '/root/acmetest/certs/domain.key'  --capath '/root/acmetest/certs/ca.cer'  --reloadcmd 'echo this is reload'  --fullchainpath  '/root/acmetest/certs/full.cer'[1;31;32m [PASS][0m
'/root/.acme.sh/testfreebsd.acme.sh_ecc/testfreebsd.acme.sh.cer' equals '/root/acmetest/certs/domain.cer'[1;31;32m [PASS][0m
'/root/.acme.sh/testfreebsd.acme.sh_ecc/testfreebsd.acme.sh.key' equals '/root/acmetest/certs/domain.key'[1;31;32m [PASS][0m
'/root/.acme.sh/testfreebsd.acme.sh_ecc/ca.cer' equals '/root/acmetest/certs/ca.cer'[1;31;32m [PASS][0m
'/root/.acme.sh/testfreebsd.acme.sh_ecc/fullchain.cer' equals '/root/acmetest/certs/full.cer'[1;31;32m [PASS][0m
/root/.acme.sh/acme.sh --renew --ecc -d testfreebsd.acme.sh --force[1;31;32m [PASS][0m
/root/.acme.sh/testfreebsd.acme.sh_ecc/testfreebsd.acme.sh.cer is cert ? 'testfreebsd.acme.sh' 'Fake LE Intermediate X1'[1;31;32m [PASS][0m
/root/.acme.sh/testfreebsd.acme.sh_ecc/ca.cer is cert ? 'Fake LE Intermediate X1'[1;31;32m [PASS][0m
'/root/.acme.sh/testfreebsd.acme.sh_ecc/testfreebsd.acme.sh.cer' equals '/root/acmetest/certs/domain.cer'[1;31;32m [PASS][0m
'/root/.acme.sh/testfreebsd.acme.sh_ecc/testfreebsd.acme.sh.key' equals '/root/acmetest/certs/domain.key'[1;31;32m [PASS][0m
'/root/.acme.sh/testfreebsd.acme.sh_ecc/ca.cer' equals '/root/acmetest/certs/ca.cer'[1;31;32m [PASS][0m
'/root/.acme.sh/testfreebsd.acme.sh_ecc/fullchain.cer' equals '/root/acmetest/certs/full.cer'[1;31;32m [PASS][0m
------------------------------------------
[1;31;32mProgress: 18/21[0m
==Running le_test_standandalone_ECDSA_384 please wait
/root/.acme.sh/acme.sh issue no testfreebsd.acme.sh no ec-384[1;31;32m [PASS][0m
/root/.acme.sh/testfreebsd.acme.sh_ecc/testfreebsd.acme.sh.cer is cert ? 'testfreebsd.acme.sh' 'Fake LE Intermediate X1'[1;31;32m [PASS][0m
/root/.acme.sh/testfreebsd.acme.sh_ecc/ca.cer is cert ? 'Fake LE Intermediate X1'[1;31;32m [PASS][0m
------------------------------------------
[1;31;32mProgress: 19/21[0m
==Running le_test_standandalone_tls_renew_SAN_v2 please wait
/root/.acme.sh/acme.sh --issue -d testfreebsd.acme.sh --tls  -d testfreebsd2.acme.sh --standalone [1;31;32m [PASS][0m
/root/.acme.sh/acme.sh --renew -d testfreebsd.acme.sh --force[1;31;32m [PASS][0m
/root/.acme.sh/testfreebsd.acme.sh/testfreebsd.acme.sh.cer is cert ? 'testfreebsd.acme.sh' 'Fake LE Intermediate X1'[1;31;32m [PASS][0m
/root/.acme.sh/testfreebsd.acme.sh/ca.cer is cert ? 'Fake LE Intermediate X1'[1;31;32m [PASS][0m
------------------------------------------
[1;31;32mProgress: 20/21[0m
==Running le_test_tls_renew_SAN_v2 please wait
/root/.acme.sh/acme.sh --issue -d testfreebsd.acme.sh -d testfreebsd2.acme.sh --tls[1;31;32m [PASS][0m
/root/.acme.sh/acme.sh --renew -d testfreebsd.acme.sh --force[1;31;32m [PASS][0m
/root/.acme.sh/testfreebsd.acme.sh/testfreebsd.acme.sh.cer is cert ? 'testfreebsd.acme.sh' 'Fake LE Intermediate X1'[1;31;32m [PASS][0m
/root/.acme.sh/testfreebsd.acme.sh/ca.cer is cert ? 'Fake LE Intermediate X1'[1;31;32m [PASS][0m
------------------------------------------
[1;31;32mProgress: 21/21[0m
==Running le_test_standandalone_renew_idn_v2 please wait
Skip by TEST_IDN
------------------------------------------
