Sending build context to Docker daemon 2.048 kB
Step 1 : FROM gentoo/stage3-amd64
 ---> 56c111cc7807
Step 2 : RUN emerge --sync  2>&1
 ---> Using cache
 ---> eaa99dbf93c2
Step 3 : RUN ACCEPT_KEYWORDS="~amd64" emerge   net-misc/curl sys-process/vixie-cron net-analyzer/openbsd-netcat  2>&1
 ---> Using cache
 ---> 7e14b55b9c06
Successfully built 7e14b55b9c06
Fri, 09 Dec 2016 17:57:32 UTC
Testing branch: master
Progress: 1/22
==Running le_test_dependencies please wait
no crontab for root
no crontab for root
curl installed. [PASS]
crontab installed. [PASS]
openssl installed. [PASS]
nc installed. [PASS]
------------------------------------------
Progress: 2/22
==Running le_test_install please wait
./acme.sh install [PASS]
/root/.acme.sh/acme.sh exists. [PASS]
equals 0 0 * * * "/root/.acme.sh"/acme.sh --cron --home "/root/.acme.sh" > /dev/null [PASS]
/root/.acme.sh/acme.sh uninstall  > /dev/null [PASS]
------------------------------------------
Progress: 3/22
==Running le_test_uninstall please wait
./acme.sh install [PASS]
/root/.acme.sh/acme.sh uninstall [PASS]
/root/.acme.sh/acme.sh no exists. [PASS]
equals  [PASS]
------------------------------------------
Progress: 4/22
==Running le_test_installtodir please wait
./acme.sh install [PASS]
/root/myle/acme.sh exists. [PASS]
equals 0 0 * * * "/root/myle"/acme.sh --cron --home "/root/myle" > /dev/null [PASS]
/root/myle/acme.sh uninstall [PASS]
------------------------------------------
Progress: 5/22
==Running le_test_uninstalltodir please wait
./acme.sh install [PASS]
/root/myle/acme.sh uninstall [PASS]
/root/myle/acme.sh no exists. [PASS]
equals  [PASS]
------------------------------------------
Progress: 6/22
==Running le_test_standandalone_renew please wait
/root/.acme.sh/acme.sh issue no testdocker.acme.sh [PASS]
FORCE=1 /root/.acme.sh/acme.sh renew testdocker.acme.sh [PASS]
------------------------------------------
Progress: 7/22
==Running le_test_standandalone_renew_v2 please wait
/root/.acme.sh/acme.sh --issue -d testdocker.acme.sh --standalone --certpath '/acmetest/certs/domain.cer' --keypath '/acmetest/certs/domain.key'  --capath '/acmetest/certs/ca.cer'  --reloadcmd 'echo this is reload'  --fullchainpath  '/acmetest/certs/full.cer' [PASS]
'/root/.acme.sh/testdocker.acme.sh/testdocker.acme.sh.cer' equals '/acmetest/certs/domain.cer' [PASS]
'/root/.acme.sh/testdocker.acme.sh/testdocker.acme.sh.key' equals '/acmetest/certs/domain.key' [PASS]
'/root/.acme.sh/testdocker.acme.sh/ca.cer' equals '/acmetest/certs/ca.cer' [PASS]
'/root/.acme.sh/testdocker.acme.sh/fullchain.cer' equals '/acmetest/certs/full.cer' [PASS]
/root/.acme.sh/acme.sh --renew -d testdocker.acme.sh --force [PASS]
/root/.acme.sh/testdocker.acme.sh/testdocker.acme.sh.cer is cert ? 'testdocker.acme.sh' 'Fake LE Intermediate X1' [PASS]
/root/.acme.sh/testdocker.acme.sh/ca.cer is cert ? 'Fake LE Intermediate X1' [PASS]
'/root/.acme.sh/testdocker.acme.sh/testdocker.acme.sh.cer' equals '/acmetest/certs/domain.cer' [PASS]
'/root/.acme.sh/testdocker.acme.sh/testdocker.acme.sh.key' equals '/acmetest/certs/domain.key' [PASS]
'/root/.acme.sh/testdocker.acme.sh/ca.cer' equals '/acmetest/certs/ca.cer' [PASS]
'/root/.acme.sh/testdocker.acme.sh/fullchain.cer' equals '/acmetest/certs/full.cer' [PASS]
------------------------------------------
Progress: 8/22
==Running le_test_standandalone_renew_localaddress_v2 please wait
/root/.acme.sh/acme.sh --issue -d testdocker.acme.sh --standalone --local-address 0.0.0.0 --certpath '/acmetest/certs/domain.cer' --keypath '/acmetest/certs/domain.key'  --capath '/acmetest/certs/ca.cer'  --reloadcmd 'echo this is reload'  --fullchainpath  '/acmetest/certs/full.cer' [PASS]
'/root/.acme.sh/testdocker.acme.sh/testdocker.acme.sh.cer' equals '/acmetest/certs/domain.cer' [PASS]
'/root/.acme.sh/testdocker.acme.sh/testdocker.acme.sh.key' equals '/acmetest/certs/domain.key' [PASS]
'/root/.acme.sh/testdocker.acme.sh/ca.cer' equals '/acmetest/certs/ca.cer' [PASS]
'/root/.acme.sh/testdocker.acme.sh/fullchain.cer' equals '/acmetest/certs/full.cer' [PASS]
/root/.acme.sh/acme.sh --renew -d testdocker.acme.sh --force [PASS]
/root/.acme.sh/testdocker.acme.sh/testdocker.acme.sh.cer is cert ? 'testdocker.acme.sh' 'Fake LE Intermediate X1' [PASS]
/root/.acme.sh/testdocker.acme.sh/ca.cer is cert ? 'Fake LE Intermediate X1' [PASS]
'/root/.acme.sh/testdocker.acme.sh/testdocker.acme.sh.cer' equals '/acmetest/certs/domain.cer' [PASS]
'/root/.acme.sh/testdocker.acme.sh/testdocker.acme.sh.key' equals '/acmetest/certs/domain.key' [PASS]
'/root/.acme.sh/testdocker.acme.sh/ca.cer' equals '/acmetest/certs/ca.cer' [PASS]
'/root/.acme.sh/testdocker.acme.sh/fullchain.cer' equals '/acmetest/certs/full.cer' [PASS]
------------------------------------------
Progress: 9/22
==Running le_test_standandalone_listen_v4_v2 please wait
/root/.acme.sh/acme.sh --issue -d testdocker.acme.sh --standalone --listen-v4 --certpath '/acmetest/certs/domain.cer' --keypath '/acmetest/certs/domain.key'  --capath '/acmetest/certs/ca.cer'  --reloadcmd 'echo this is reload'  --fullchainpath  '/acmetest/certs/full.cer' [PASS]
'/root/.acme.sh/testdocker.acme.sh/testdocker.acme.sh.cer' equals '/acmetest/certs/domain.cer' [PASS]
'/root/.acme.sh/testdocker.acme.sh/testdocker.acme.sh.key' equals '/acmetest/certs/domain.key' [PASS]
'/root/.acme.sh/testdocker.acme.sh/ca.cer' equals '/acmetest/certs/ca.cer' [PASS]
'/root/.acme.sh/testdocker.acme.sh/fullchain.cer' equals '/acmetest/certs/full.cer' [PASS]
/root/.acme.sh/acme.sh --renew -d testdocker.acme.sh --force [PASS]
/root/.acme.sh/testdocker.acme.sh/testdocker.acme.sh.cer is cert ? 'testdocker.acme.sh' 'Fake LE Intermediate X1' [PASS]
/root/.acme.sh/testdocker.acme.sh/ca.cer is cert ? 'Fake LE Intermediate X1' [PASS]
'/root/.acme.sh/testdocker.acme.sh/testdocker.acme.sh.cer' equals '/acmetest/certs/domain.cer' [PASS]
'/root/.acme.sh/testdocker.acme.sh/testdocker.acme.sh.key' equals '/acmetest/certs/domain.key' [PASS]
'/root/.acme.sh/testdocker.acme.sh/ca.cer' equals '/acmetest/certs/ca.cer' [PASS]
'/root/.acme.sh/testdocker.acme.sh/fullchain.cer' equals '/acmetest/certs/full.cer' [PASS]
------------------------------------------
Progress: 10/22
==Running le_test_standandalone_listen_v6_v2 please wait
Skipped by TEST_IPV6
------------------------------------------
Progress: 11/22
==Running le_test_standandalone_deactivate_v2 please wait
/root/.acme.sh/acme.sh --issue -d testdocker.acme.sh --standalone --certpath '/acmetest/certs/domain.cer' --keypath '/acmetest/certs/domain.key'  --capath '/acmetest/certs/ca.cer'  --reloadcmd 'echo this is reload'  --fullchainpath  '/acmetest/certs/full.cer' [PASS]
'/root/.acme.sh/testdocker.acme.sh/testdocker.acme.sh.cer' equals '/acmetest/certs/domain.cer' [PASS]
'/root/.acme.sh/testdocker.acme.sh/testdocker.acme.sh.key' equals '/acmetest/certs/domain.key' [PASS]
'/root/.acme.sh/testdocker.acme.sh/ca.cer' equals '/acmetest/certs/ca.cer' [PASS]
'/root/.acme.sh/testdocker.acme.sh/fullchain.cer' equals '/acmetest/certs/full.cer' [PASS]
/root/.acme.sh/acme.sh --deactivate -d testdocker.acme.sh [PASS]
------------------------------------------
Progress: 12/22
==Running le_test_standandalone please wait
/root/.acme.sh/acme.sh issue no testdocker.acme.sh [PASS]
/root/.acme.sh/testdocker.acme.sh/testdocker.acme.sh.cer is cert ? 'testdocker.acme.sh' 'Fake LE Intermediate X1' [PASS]
/root/.acme.sh/testdocker.acme.sh/ca.cer is cert ? 'Fake LE Intermediate X1' [PASS]
------------------------------------------
Progress: 13/22
==Running le_test_standandalone_SAN please wait
/root/.acme.sh/acme.sh issue no "testdocker.acme.sh" "testdocker2.acme.sh" [PASS]
/root/.acme.sh/testdocker.acme.sh/testdocker.acme.sh.cer is cert ? 'testdocker.acme.sh' 'Fake LE Intermediate X1' [PASS]
/root/.acme.sh/testdocker.acme.sh/ca.cer is cert ? 'Fake LE Intermediate X1' [PASS]
------------------------------------------
Progress: 14/22
==Running le_test_standandalone_ECDSA_256 please wait
Skipped by NO_ECC_CASES
------------------------------------------
Progress: 15/22
==Running le_test_standandalone_ECDSA_256_renew please wait
Skipped by NO_ECC_CASES
------------------------------------------
Progress: 16/22
==Running le_test_standandalone_ECDSA_256_SAN_renew please wait
Skipped by NO_ECC_CASES
------------------------------------------
Progress: 17/22
==Running le_test_standandalone_ECDSA_256_SAN_renew_v2 please wait
Skipped by NO_ECC_CASES
------------------------------------------
Progress: 18/22
==Running le_test_standandalone_ECDSA_384 please wait
Skipped by NO_ECC_CASES
------------------------------------------
Progress: 19/22
==Running le_test_standandalone_tls_renew_SAN_v2 please wait
Skipped by NO_TLS_CASES
------------------------------------------
Progress: 20/22
==Running le_test_tls_renew_SAN_v2 please wait
Skipped by NO_TLS_CASES
------------------------------------------
Progress: 21/22
==Running le_test_standandalone_renew_idn_v2 please wait
Skipped by TEST_IDN
------------------------------------------
Progress: 22/22
==Running le_test_dnsapi please wait
Skipped by TEST_DNS
------------------------------------------
