Sending build context to Docker daemon  2.048kB
Step 1/2 : FROM kalilinux/kali-linux-docker
 ---> 468e6235b128
Step 2/2 : RUN apt-get -qqy update 2>&1 && apt-get -qqy install openssl cron netcat-openbsd curl idn  2>&1
 ---> Using cache
 ---> a1d2c22e2399
Successfully built a1d2c22e2399
Successfully tagged mykalilinux-kali-linux-docker:latest
Fri, 19 May 2017 10:16:18 UTC
Testing branch: master
[1;31;32mProgress: 1/23[0m
==Running le_test_dependencies please wait
no crontab for root
no crontab for root
curl installed.[1;31;32m [PASS][0m
crontab installed.[1;31;32m [PASS][0m
openssl installed.[1;31;32m [PASS][0m
nc installed.[1;31;32m [PASS][0m
------------------------------------------
[1;31;32mProgress: 2/23[0m
==Running le_test_install please wait
./acme.sh install[1;31;32m [PASS][0m
/root/.acme.sh/acme.sh exists.[1;31;32m [PASS][0m
_contains '20 0 * * * "/root/.acme.sh"/acme.sh --cron --home "/root/.acme.sh" > /dev/null' '0 \* \* \* "/root/.acme.sh"/acme.sh --cron --home "/root/.acme.sh" > /dev/null'[1;31;32m [PASS][0m
/root/.acme.sh/acme.sh uninstall  > /dev/null[1;31;32m [PASS][0m
------------------------------------------
[1;31;32mProgress: 3/23[0m
==Running le_test_uninstall please wait
./acme.sh install[1;31;32m [PASS][0m
/root/.acme.sh/acme.sh uninstall[1;31;32m [PASS][0m
/root/.acme.sh/acme.sh no exists.[1;31;32m [PASS][0m
equals [1;31;32m [PASS][0m
------------------------------------------
[1;31;32mProgress: 4/23[0m
==Running le_test_installtodir please wait
./acme.sh install[1;31;32m [PASS][0m
/root/myle/acme.sh exists.[1;31;32m [PASS][0m
_contains '21 0 * * * "/root/myle"/acme.sh --cron --home "/root/myle" > /dev/null' '0 \* \* \* "/root/myle"/acme.sh --cron --home "/root/myle" > /dev/null'[1;31;32m [PASS][0m
/root/myle/acme.sh uninstall[1;31;32m [PASS][0m
------------------------------------------
[1;31;32mProgress: 5/23[0m
==Running le_test_uninstalltodir please wait
./acme.sh install[1;31;32m [PASS][0m
/root/myle/acme.sh uninstall[1;31;32m [PASS][0m
/root/myle/acme.sh no exists.[1;31;32m [PASS][0m
equals [1;31;32m [PASS][0m
------------------------------------------
[1;31;32mProgress: 6/23[0m
==Running le_test_install_config_home please wait
./acme.sh --install --config-home /root/etc/acme[1;31;32m [PASS][0m
/root/.acme.sh/acme.sh exists.[1;31;32m [PASS][0m
_contains '21 0 * * * "/root/.acme.sh"/acme.sh --cron --home "/root/.acme.sh" --config-home "/root/etc/acme" > /dev/null' '0 \* \* \* "/root/.acme.sh"/acme.sh --cron --home "/root/.acme.sh" --config-home "/root/etc/acme" > /dev/null'[1;31;32m [PASS][0m
/root/etc/acme/account.conf exists.[1;31;32m [PASS][0m
/root/.acme.sh/account.conf no exists.[1;31;32m [PASS][0m
/root/.acme.sh/acme.sh --cron --config-home /root/etc/acme > /dev/null[1;31;32m [PASS][0m
/root/.acme.sh/acme.sh --uninstall --config-home /root/etc/acme > /dev/null[1;31;32m [PASS][0m
/root/etc/acme/account.conf exists.[1;31;32m [PASS][0m
/root/.acme.sh/account.conf no exists.[1;31;32m [PASS][0m
------------------------------------------
[1;31;32mProgress: 7/23[0m
==Running le_test_standandalone_renew please wait
/root/.acme.sh/acme.sh issue no testdocker.acme.sh[1;31;40m [FAIL] [0m
------------------------------------------
[1;31;32mProgress: 8/23[0m
==Running le_test_standandalone_renew_v2 please wait
/root/.acme.sh/acme.sh --issue -d testdocker.acme.sh --standalone --certpath '/acmetest/certs/domain.cer' --keypath '/acmetest/certs/domain.key'  --capath '/acmetest/certs/ca.cer'  --reloadcmd 'echo this is reload'  --fullchainpath  '/acmetest/certs/full.cer'[1;31;40m [FAIL] [0m
------------------------------------------
[1;31;32mProgress: 9/23[0m
==Running le_test_standandalone_renew_localaddress_v2 please wait
/root/.acme.sh/acme.sh --issue -d testdocker.acme.sh --standalone --local-address 0.0.0.0 --certpath '/acmetest/certs/domain.cer' --keypath '/acmetest/certs/domain.key'  --capath '/acmetest/certs/ca.cer'  --reloadcmd 'echo this is reload'  --fullchainpath  '/acmetest/certs/full.cer'[1;31;40m [FAIL] [0m
------------------------------------------
[1;31;32mProgress: 10/23[0m
==Running le_test_standandalone_listen_v4_v2 please wait
/root/.acme.sh/acme.sh --issue -d testdocker.acme.sh --standalone --listen-v4 --cert-file '/acmetest/certs/domain.cer' --key-file '/acmetest/certs/domain.key'  --ca-file '/acmetest/certs/ca.cer'  --reloadcmd 'echo this is reload'  --fullchain-file  '/acmetest/certs/full.cer'[1;31;40m [FAIL] [0m
------------------------------------------
[1;31;32mProgress: 11/23[0m
==Running le_test_standandalone_listen_v6_v2 please wait
Skipped by TEST_IPV6
------------------------------------------
[1;31;32mProgress: 12/23[0m
==Running le_test_standandalone_deactivate_v2 please wait
/root/.acme.sh/acme.sh --issue -d testdocker.acme.sh --standalone --certpath '/acmetest/certs/domain.cer' --keypath '/acmetest/certs/domain.key'  --capath '/acmetest/certs/ca.cer'  --reloadcmd 'echo this is reload'  --fullchainpath  '/acmetest/certs/full.cer'[1;31;40m [FAIL] [0m
------------------------------------------
[1;31;32mProgress: 13/23[0m
==Running le_test_standandalone please wait
/root/.acme.sh/acme.sh issue no testdocker.acme.sh[1;31;40m [FAIL] [0m
------------------------------------------
[1;31;32mProgress: 14/23[0m
==Running le_test_standandalone_SAN please wait
/root/.acme.sh/acme.sh issue no "testdocker.acme.sh" "testdocker2.acme.sh"[1;31;40m [FAIL] [0m
------------------------------------------
[1;31;32mProgress: 15/23[0m
==Running le_test_standandalone_ECDSA_256 please wait
/root/.acme.sh/acme.sh issue no testdocker.acme.sh no ec-256[1;31;40m [FAIL] [0m
------------------------------------------
[1;31;32mProgress: 16/23[0m
==Running le_test_standandalone_ECDSA_256_renew please wait
/root/.acme.sh/acme.sh issue no testdocker.acme.sh no ec-256[1;31;40m [FAIL] [0m
------------------------------------------
[1;31;32mProgress: 17/23[0m
==Running le_test_standandalone_ECDSA_256_SAN_renew please wait
/root/.acme.sh/acme.sh issue no "testdocker.acme.sh" "testdocker2.acme.sh" ec-256[1;31;40m [FAIL] [0m
------------------------------------------
[1;31;32mProgress: 18/23[0m
==Running le_test_standandalone_ECDSA_256_SAN_renew_v2 please wait
/root/.acme.sh/acme.sh --issue -d "testdocker.acme.sh" -d "testdocker2.acme.sh" --standalone --keylength ec-256 --certpath '/acmetest/certs/domain.cer' --keypath '/acmetest/certs/domain.key'  --capath '/acmetest/certs/ca.cer'  --reloadcmd 'echo this is reload'  --fullchainpath  '/acmetest/certs/full.cer'[1;31;40m [FAIL] [0m
------------------------------------------
[1;31;32mProgress: 19/23[0m
==Running le_test_standandalone_ECDSA_384 please wait
/root/.acme.sh/acme.sh issue no "testdocker.acme.sh" no ec-384[1;31;40m [FAIL] [0m
------------------------------------------
[1;31;32mProgress: 20/23[0m
==Running le_test_standandalone_tls_renew_SAN_v2 please wait
/root/.acme.sh/acme.sh --issue -d "testdocker.acme.sh" --tls  -d "testdocker2.acme.sh" --standalone [1;31;40m [FAIL] [0m
------------------------------------------
[1;31;32mProgress: 21/23[0m
==Running le_test_tls_renew_SAN_v2 please wait
/root/.acme.sh/acme.sh --issue -d "testdocker.acme.sh" -d "testdocker2.acme.sh" --tls[1;31;40m [FAIL] [0m
------------------------------------------
[1;31;32mProgress: 22/23[0m
==Running le_test_standandalone_renew_idn_v2 please wait
Skipped by TEST_IDN
------------------------------------------
[1;31;32mProgress: 23/23[0m
==Running le_test_dnsapi please wait
The test domain Test_CF_Domain is not defined, skip:ClourFlare_api
The test domain Test_CX_Domain is not defined, skip:CloudXNS.com_api
The test domain Test_DP_Domain is not defined, skip:Dnspod.cn_api
The test domain Test_GD_Domain is not defined, skip:Godaddy_api
Testing dns_aws Amazon_Route53_api
TestingDomain='awsroute53.acme.sh'
/root/.acme.sh/acme.sh --issue -d "awsroute53.acme.sh" --dns dns_aws --dnssleep "60" [1;31;40m [FAIL] [0m
------------------------------------------
