Sending build context to Docker daemon 2.048 kB
Step 1 : FROM opensuse:42.1
 ---> 7617deda9fe6
Step 2 : RUN zypper update -y  2>&1 && zypper install  -y   tar openssl cron netcat curl libidn  2>&1
 ---> Running in 868b4ffdcd48
Retrieving repository 'NON-OSS' metadata [.done]
Building repository 'NON-OSS' cache [....done]
Retrieving repository 'OSS' metadata [...done]
Building repository 'OSS' cache [....done]
Retrieving repository 'OSS Update' metadata [.....done]
Building repository 'OSS Update' cache [....done]
Retrieving repository 'Update Non-Oss' metadata [.done]
Building repository 'Update Non-Oss' cache [....done]
Loading repository data...
Reading installed packages...

The following 12 NEW packages are going to be installed:
  aaa_base cron cronie dbus-1 dracut kbd kmod logrotate ncurses-utils pkg-config systemd-sysvinit udev

The following 63 packages are going to be upgraded:
  bash bzip2 ca-certificates-mozilla coreutils cpio cracklib cracklib-dict-small device-mapper dirmngr expat findutils glibc insserv-compat kmod-compat krb5-mini libapparmor1 libaugeas0 libblkid1 libbz2-1 libcap2 libcrack2 libcurl4 libdbus-1-3 libexpat1 libffi4 libgcc_s1 libgcrypt20 libidn11 libkmod2 libksba8 libldap-2_4-2 libmount1 libopenssl1_0_0 libp11-kit0 libpcre1 libprocps3 libreadline6 libsgutils2-2 libsmartcols1 libsolv-tools libssh2-1 libstdc++6 libtasn1 libtasn1-6 libudev1 libuuid1 libxml2-2 libz1 libzypp netcfg openssl p11-kit p11-kit-tools perl-base permissions procps shadow suse-module-tools systemd systemd-presets-branding-openSUSE update-alternatives util-linux zypper

63 packages to upgrade, 12 new.
Overall download size: 23.9 MiB. Already cached: 0 B. After the operation, additional 10.0 MiB will be used.
Continue? [y/n/? shows all options] (y): y
Retrieving package cracklib-dict-small-2.9.0-7.1.x86_64 (1/75),  96.5 KiB (243.0 KiB unpacked)
Retrieving: cracklib-dict-small-2.9.0-7.1.x86_64.rpm [done]
Retrieving package glibc-2.19-22.1.x86_64 (2/75),   1.6 MiB (  6.3 MiB unpacked)
Retrieving: glibc-2.19-22.1.x86_64.rpm [.done (7.2 MiB/s)]
Retrieving package insserv-compat-0.1-15.1.noarch (3/75),   9.1 KiB (  8.2 KiB unpacked)
Retrieving: insserv-compat-0.1-15.1.noarch.rpm [done]
Retrieving package update-alternatives-1.16.10-11.1.x86_64 (4/75),  35.5 KiB ( 65.8 KiB unpacked)
Retrieving: update-alternatives-1.16.10-11.1.x86_64.rpm [done]
Retrieving package perl-base-5.18.2-5.1.x86_64 (5/75),   1.1 MiB (  3.4 MiB unpacked)
Retrieving: perl-base-5.18.2-5.1.x86_64.rpm [done]
Retrieving package libz1-1.2.8-8.1.x86_64 (6/75),  51.4 KiB ( 86.1 KiB unpacked)
Retrieving: libz1-1.2.8-8.1.x86_64.rpm [done]
Retrieving package libuuid1-2.25-21.1.x86_64 (7/75),  62.2 KiB ( 18.7 KiB unpacked)
Retrieving: libuuid1-2.25-21.1.x86_64.rpm [done]
Retrieving package libsmartcols1-2.25-21.1.x86_64 (8/75), 107.4 KiB (136.0 KiB unpacked)
Retrieving: libsmartcols1-2.25-21.1.x86_64.rpm [done]
Retrieving package libsgutils2-2-1.42-11.1.x86_64 (9/75),  69.2 KiB (176.9 KiB unpacked)
Retrieving: libsgutils2-2-1.42-11.1.x86_64.rpm [done]
Retrieving package libreadline6-6.2-81.1.x86_64 (10/75), 130.7 KiB (319.9 KiB unpacked)
Retrieving: libreadline6-6.2-81.1.x86_64.rpm [done]
Retrieving package libprocps3-3.3.9-6.1.x86_64 (11/75),  52.1 KiB ( 71.0 KiB unpacked)
Retrieving: libprocps3-3.3.9-6.1.x86_64.rpm [done]
Retrieving package libpcre1-8.39-5.1.x86_64 (12/75), 256.9 KiB (801.8 KiB unpacked)
Retrieving: libpcre1-8.39-5.1.x86_64.rpm [.done]
Retrieving package libksba8-1.3.0-7.1.x86_64 (13/75),  91.9 KiB (243.4 KiB unpacked)
Retrieving: libksba8-1.3.0-7.1.x86_64.rpm [done]
Retrieving package libkmod2-17-8.1.x86_64 (14/75),  44.5 KiB ( 82.9 KiB unpacked)
Retrieving: libkmod2-17-8.1.x86_64.rpm [done]
Retrieving package libidn11-1.28-6.1.x86_64 (15/75),  45.8 KiB (206.6 KiB unpacked)
Retrieving: libidn11-1.28-6.1.x86_64.rpm [done]
Retrieving package libgcrypt20-1.6.1-32.1.x86_64 (16/75), 330.3 KiB (944.7 KiB unpacked)
Retrieving: libgcrypt20-1.6.1-32.1.x86_64.rpm [done]
Retrieving package libgcc_s1-5.3.1+r233831-6.1.x86_64 (17/75),  47.7 KiB ( 90.4 KiB unpacked)
Retrieving: libgcc_s1-5.3.1+r233831-6.1.x86_64.rpm [done]
Retrieving package libffi4-5.3.1+r233831-6.1.x86_64 (18/75),  25.4 KiB ( 34.4 KiB unpacked)
Retrieving: libffi4-5.3.1+r233831-6.1.x86_64.rpm [done]
Retrieving package libexpat1-2.1.0-20.1.x86_64 (19/75),  57.9 KiB (166.2 KiB unpacked)
Retrieving: libexpat1-2.1.0-20.1.x86_64.rpm [done]
Retrieving package libdbus-1-3-1.8.22-13.1.x86_64 (20/75), 162.1 KiB (284.0 KiB unpacked)
Retrieving: libdbus-1-3-1.8.22-13.1.x86_64.rpm [done]
Retrieving package libcap2-2.22-16.1.x86_64 (21/75),  11.6 KiB ( 18.5 KiB unpacked)
Retrieving: libcap2-2.22-16.1.x86_64.rpm [done]
Retrieving package libbz2-1-1.0.6-32.1.x86_64 (22/75),  33.4 KiB ( 61.4 KiB unpacked)
Retrieving: libbz2-1-1.0.6-32.1.x86_64.rpm [done]
Retrieving package libapparmor1-2.10.2-9.1.x86_64 (23/75),  61.9 KiB ( 67.5 KiB unpacked)
Retrieving: libapparmor1-2.10.2-9.1.x86_64.rpm [done]
Retrieving package libxml2-2-2.9.1-22.1.x86_64 (24/75), 559.8 KiB (  1.5 MiB unpacked)
Retrieving: libxml2-2-2.9.1-22.1.x86_64.rpm [.done]
Retrieving package libopenssl1_0_0-1.0.1i-21.1.x86_64 (25/75), 838.6 KiB (  2.5 MiB unpacked)
Retrieving: libopenssl1_0_0-1.0.1i-21.1.x86_64.rpm [done]
Retrieving package libblkid1-2.25-21.1.x86_64 (26/75), 151.3 KiB (253.0 KiB unpacked)
Retrieving: libblkid1-2.25-21.1.x86_64.rpm [done]
Retrieving package bash-4.2-81.1.x86_64 (27/75), 344.3 KiB (703.9 KiB unpacked)
Retrieving: bash-4.2-81.1.x86_64.rpm [done]
Retrieving package libstdc++6-5.3.1+r233831-6.1.x86_64 (28/75), 361.7 KiB (  1.5 MiB unpacked)
Retrieving: libstdc++6-5.3.1+r233831-6.1.x86_64.rpm [done]
Retrieving package libp11-kit0-0.20.3-10.1.x86_64 (29/75), 146.6 KiB (565.9 KiB unpacked)
Retrieving: libp11-kit0-0.20.3-10.1.x86_64.rpm [done]
Retrieving package expat-2.1.0-20.1.x86_64 (30/75),  54.0 KiB (152.4 KiB unpacked)
Retrieving: expat-2.1.0-20.1.x86_64.rpm [done]
Retrieving package libaugeas0-1.2.0-8.1.x86_64 (31/75), 182.6 KiB (369.8 KiB unpacked)
Retrieving: libaugeas0-1.2.0-8.1.x86_64.rpm [done]
Retrieving package libssh2-1-1.4.3-15.1.x86_64 (32/75),  71.6 KiB (175.5 KiB unpacked)
Retrieving: libssh2-1-1.4.3-15.1.x86_64.rpm [done]
Retrieving package libldap-2_4-2-2.4.41-14.1.x86_64 (33/75), 214.5 KiB (697.9 KiB unpacked)
Retrieving: libldap-2_4-2-2.4.41-14.1.x86_64.rpm [.done (2.1 MiB/s)]
Retrieving package libmount1-2.25-21.1.x86_64 (34/75), 160.6 KiB (281.6 KiB unpacked)
Retrieving: libmount1-2.25-21.1.x86_64.rpm [done]
Retrieving package openssl-1.0.1i-21.1.x86_64 (35/75), 562.7 KiB (  1.3 MiB unpacked)
Retrieving: openssl-1.0.1i-21.1.x86_64.rpm [done]
Retrieving package libtasn1-6-3.7-12.1.x86_64 (36/75),  43.4 KiB ( 78.5 KiB unpacked)
Retrieving: libtasn1-6-3.7-12.1.x86_64.rpm [done]
Retrieving package findutils-4.5.12-10.1.x86_64 (37/75), 280.0 KiB (658.4 KiB unpacked)
Retrieving: findutils-4.5.12-10.1.x86_64.rpm [done]
Retrieving package cracklib-2.9.0-7.1.x86_64 (38/75),  56.9 KiB (187.3 KiB unpacked)
Retrieving: cracklib-2.9.0-7.1.x86_64.rpm [done]
Retrieving package cpio-2.11-32.1.x86_64 (39/75),  83.5 KiB (220.5 KiB unpacked)
Retrieving: cpio-2.11-32.1.x86_64.rpm [done]
Retrieving package coreutils-8.22-6.1.x86_64 (40/75),   1.2 MiB (  5.5 MiB unpacked)
Retrieving: coreutils-8.22-6.1.x86_64.rpm [done]
Retrieving package ca-certificates-mozilla-2.7-7.1.noarch (41/75), 217.5 KiB (377.4 KiB unpacked)
Retrieving: ca-certificates-mozilla-2.7-7.1.noarch.rpm [done]
Retrieving package bzip2-1.0.6-32.1.x86_64 (42/75),  36.1 KiB ( 64.8 KiB unpacked)
Retrieving: bzip2-1.0.6-32.1.x86_64.rpm [.done]
Retrieving package libtasn1-3.7-12.1.x86_64 (43/75),  89.1 KiB (120.5 KiB unpacked)
Retrieving: libtasn1-3.7-12.1.x86_64.rpm [done]
Retrieving package libcrack2-2.9.0-7.1.x86_64 (44/75),  18.7 KiB ( 38.5 KiB unpacked)
Retrieving: libcrack2-2.9.0-7.1.x86_64.rpm [done]
Retrieving package permissions-2015.09.28.1626-11.2.x86_64 (45/75),  31.8 KiB ( 92.5 KiB unpacked)
Retrieving: permissions-2015.09.28.1626-11.2.x86_64.rpm [done]
Retrieving package krb5-mini-1.12.1-36.1.x86_64 (46/75), 1017.5 KiB (  3.2 MiB unpacked)
Retrieving: krb5-mini-1.12.1-36.1.x86_64.rpm [done]
Retrieving package kmod-17-8.1.x86_64 (47/75),  67.8 KiB (142.2 KiB unpacked)
Retrieving: kmod-17-8.1.x86_64.rpm [done]
Retrieving package kbd-1.15.5-15.1.x86_64 (48/75),   1.2 MiB (  3.0 MiB unpacked)
Retrieving: kbd-1.15.5-15.1.x86_64.rpm [done]
Retrieving package p11-kit-tools-0.20.3-10.1.x86_64 (49/75),  75.0 KiB (182.2 KiB unpacked)
Retrieving: p11-kit-tools-0.20.3-10.1.x86_64.rpm [done]
Retrieving package p11-kit-0.20.3-10.1.x86_64 (50/75),  85.2 KiB (224.4 KiB unpacked)
Retrieving: p11-kit-0.20.3-10.1.x86_64.rpm [done]
Retrieving package util-linux-2.25-21.1.x86_64 (51/75), 963.3 KiB (  3.4 MiB unpacked)
Retrieving: util-linux-2.25-21.1.x86_64.rpm [.done]
Retrieving package libcurl4-7.37.0-16.1.x86_64 (52/75), 198.9 KiB (449.4 KiB unpacked)
Retrieving: libcurl4-7.37.0-16.1.x86_64.rpm [done]
Retrieving package kmod-compat-17-8.1.x86_64 (53/75),  29.8 KiB ( 15.9 KiB unpacked)
Retrieving: kmod-compat-17-8.1.x86_64.rpm [done]
Retrieving package pkg-config-0.28-8.4.x86_64 (54/75), 195.9 KiB (611.5 KiB unpacked)
Retrieving: pkg-config-0.28-8.4.x86_64.rpm [done]
Retrieving package ncurses-utils-5.9-53.4.x86_64 (55/75), 154.6 KiB (120.3 KiB unpacked)
Retrieving: ncurses-utils-5.9-53.4.x86_64.rpm [done]
Retrieving package aaa_base-13.2+git20140911.61c1681-22.1.x86_64 (56/75), 131.6 KiB (262.0 KiB unpacked)
Retrieving: aaa_base-13.2+git20140911.61c1681-22.1.x86_64.rpm [done]
Retrieving package shadow-4.1.5.1-19.1.x86_64 (57/75), 516.8 KiB (  2.8 MiB unpacked)
Retrieving: shadow-4.1.5.1-19.1.x86_64.rpm [done]
Retrieving package netcfg-11.5-28.1.noarch (58/75), 165.0 KiB (871.1 KiB unpacked)
Retrieving: netcfg-11.5-28.1.noarch.rpm [done]
Retrieving package dbus-1-1.8.22-13.1.x86_64 (59/75), 315.3 KiB (898.2 KiB unpacked)
Retrieving: dbus-1-1.8.22-13.1.x86_64.rpm [done]
Retrieving package systemd-210-104.1.x86_64 (60/75),   2.2 MiB ( 11.5 MiB unpacked)
Retrieving: systemd-210-104.1.x86_64.rpm [.done]
Retrieving package systemd-presets-branding-openSUSE-0.3.0-28.1.noarch (61/75),   7.4 KiB (  839   B unpacked)
Retrieving: systemd-presets-branding-openSUSE-0.3.0-28.1.noarch.rpm [done]
Retrieving package systemd-sysvinit-210-104.1.x86_64 (62/75), 242.1 KiB (  4.0 KiB unpacked)
Retrieving: systemd-sysvinit-210-104.1.x86_64.rpm [done]
Retrieving package udev-210-104.1.x86_64 (63/75),   1.1 MiB (  5.9 MiB unpacked)
Retrieving: udev-210-104.1.x86_64.rpm [done]
Retrieving package procps-3.3.9-6.1.x86_64 (64/75), 230.0 KiB (577.2 KiB unpacked)
Retrieving: procps-3.3.9-6.1.x86_64.rpm [.done (2.1 MiB/s)]
Retrieving package dracut-037-80.1.x86_64 (65/75), 358.0 KiB (  1.0 MiB unpacked)
Retrieving: dracut-037-80.1.x86_64.rpm [done]
Retrieving package suse-module-tools-12.3-18.1.x86_64 (66/75),  25.8 KiB ( 55.7 KiB unpacked)
Retrieving: suse-module-tools-12.3-18.1.x86_64.rpm [done]
Retrieving package libudev1-210-104.1.x86_64 (67/75), 264.9 KiB ( 70.1 KiB unpacked)
Retrieving: libudev1-210-104.1.x86_64.rpm [done]
Retrieving package libsolv-tools-0.6.23-16.1.x86_64 (68/75), 522.5 KiB (  4.2 MiB unpacked)
Retrieving: libsolv-tools-0.6.23-16.1.x86_64.rpm [done]
Retrieving package device-mapper-1.02.97-73.1.x86_64 (69/75), 518.7 KiB (  2.0 MiB unpacked)
Retrieving: device-mapper-1.02.97-73.1.x86_64.rpm [done]
Retrieving package libzypp-15.23.1-16.1.x86_64 (70/75),   2.0 MiB (  7.2 MiB unpacked)
Retrieving: libzypp-15.23.1-16.1.x86_64.rpm [.done (10.0 MiB/s)]
Retrieving package zypper-1.12.45-16.1.x86_64 (71/75),   1.1 MiB (  5.8 MiB unpacked)
Retrieving: zypper-1.12.45-16.1.x86_64.rpm [done]
Retrieving package cron-4.2-57.5.x86_64 (72/75),  12.0 KiB (  181   B unpacked)
Retrieving: cron-4.2-57.5.x86_64.rpm [done]
Retrieving package cronie-1.4.11-57.5.x86_64 (73/75),  90.1 KiB (223.9 KiB unpacked)
Retrieving: cronie-1.4.11-57.5.x86_64.rpm [done]
Retrieving package logrotate-3.8.7-7.1.x86_64 (74/75),  54.8 KiB ( 99.8 KiB unpacked)
Retrieving: logrotate-3.8.7-7.1.x86_64.rpm [done]
Retrieving package dirmngr-1.1.1-8.1.x86_64 (75/75), 194.7 KiB (481.4 KiB unpacked)
Retrieving: dirmngr-1.1.1-8.1.x86_64.rpm [done]
Checking for file conflicts: [..........done]
( 1/75) Installing: cracklib-dict-small-2.9.0-7.1 [..........done]
( 2/75) Installing: glibc-2.19-22.1 [...................done]
( 3/75) Installing: insserv-compat-0.1-15.1 [.............done]
( 4/75) Installing: update-alternatives-1.16.10-11.1 [..............done]
( 5/75) Installing: perl-base-5.18.2-5.1 [...................done]
( 6/75) Installing: libz1-1.2.8-8.1 [.........done]
( 7/75) Installing: libuuid1-2.25-21.1 [........done]
( 8/75) Installing: libsmartcols1-2.25-21.1 [........done]
( 9/75) Installing: libsgutils2-2-1.42-11.1 [.........done]
(10/75) Installing: libreadline6-6.2-81.1 [...........done]
(11/75) Installing: libprocps3-3.3.9-6.1 [........done]
(12/75) Installing: libpcre1-8.39-5.1 [...............done]
(13/75) Installing: libksba8-1.3.0-7.1 [.............done]
(14/75) Installing: libkmod2-17-8.1 [...........done]
(15/75) Installing: libidn11-1.28-6.1 [.........done]
(16/75) Installing: libgcrypt20-1.6.1-32.1 [............done]
(17/75) Installing: libgcc_s1-5.3.1+r233831-6.1 [........done]
(18/75) Installing: libffi4-5.3.1+r233831-6.1 [........done]
(19/75) Installing: libexpat1-2.1.0-20.1 [.........done]
(20/75) Installing: libdbus-1-3-1.8.22-13.1 [................done]
(21/75) Installing: libcap2-2.22-16.1 [........done]
(22/75) Installing: libbz2-1-1.0.6-32.1 [........done]
(23/75) Installing: libapparmor1-2.10.2-9.1 [........done]
(24/75) Installing: libxml2-2-2.9.1-22.1 [...............done]
(25/75) Installing: libopenssl1_0_0-1.0.1i-21.1 [................done]
(26/75) Installing: libblkid1-2.25-21.1 [.........done]
(27/75) Installing: bash-4.2-81.1 [..................done]
(28/75) Installing: libstdc++6-5.3.1+r233831-6.1 [...........done]
(29/75) Installing: libp11-kit0-0.20.3-10.1 [.............done]
(30/75) Installing: expat-2.1.0-20.1 [..............done]
(31/75) Installing: libaugeas0-1.2.0-8.1 [...........done]
(32/75) Installing: libssh2-1-1.4.3-15.1 [.........done]
(33/75) Installing: libldap-2_4-2-2.4.41-14.1 [..............done]
(34/75) Installing: libmount1-2.25-21.1 [.........done]
(35/75) Installing: openssl-1.0.1i-21.1 [..................done]
(36/75) Installing: libtasn1-6-3.7-12.1 [.........done]
(37/75) Installing: findutils-4.5.12-10.1 [.................done]
(38/75) Installing: cracklib-2.9.0-7.1 [...................done]
(39/75) Installing: cpio-2.11-32.1 [.............done]
(40/75) Installing: coreutils-8.22-6.1 [...................done]
(41/75) Installing: ca-certificates-mozilla-2.7-7.1 [...................done]
(42/75) Installing: bzip2-1.0.6-32.1 [.................done]
(43/75) Installing: libtasn1-3.7-12.1 [.................done]
(44/75) Installing: libcrack2-2.9.0-7.1 [........done]
(45/75) Installing: permissions-2015.09.28.1626-11.2 [................done]
Additional rpm output:
Updating /etc/sysconfig/security...
Checking permissions and ownerships - using the permissions files
	/etc/permissions
	/etc/permissions.easy
	/etc/permissions.local
setting /usr/bin/chage to root:shadow 2755. (wrong permissions 4755)
setting /usr/bin/ping to root:root 0755 "= cap_net_raw+ep". (wrong missing capabilities)
setting /usr/bin/ping6 to root:root 0755 "= cap_net_raw+ep". (wrong missing capabilities)


(46/75) Installing: krb5-mini-1.12.1-36.1 [...................done]
Additional rpm output:
Updating /etc/sysconfig/kadmind...
Updating /etc/sysconfig/krb5kdc...


(47/75) Installing: kmod-17-8.1 [.....done]
(48/75) Installing: kbd-1.15.5-15.1 [............done]
Additional rpm output:
Updating /etc/sysconfig/console...
Updating /etc/sysconfig/keyboard...


(49/75) Installing: p11-kit-tools-0.20.3-10.1 [.........done]
(50/75) Installing: p11-kit-0.20.3-10.1 [...............done]
(51/75) Installing: util-linux-2.25-21.1 [...................done]
Additional rpm output:
setting /usr/bin/wall to root:tty 2755. (wrong permissions 0755)
setting /usr/bin/write to root:tty 2755. (wrong permissions 0755)


(52/75) Installing: libcurl4-7.37.0-16.1 [..........done]
(53/75) Installing: kmod-compat-17-8.1 [.................done]
(54/75) Installing: pkg-config-0.28-8.4 [..........done]
(55/75) Installing: ncurses-utils-5.9-53.4 [.........done]
(56/75) Installing: aaa_base-13.2+git20140911.61c1681-22.1 [..........done]
Additional rpm output:
Updating /etc/sysconfig/language...
Updating /etc/sysconfig/backup...
Updating /etc/sysconfig/proxy...
Updating /etc/sysconfig/windowmanager...
Updating /etc/sysconfig/news...
Updating etc/passwd...unchanged
Updating etc/group...unchanged
Updating etc/shadow...unchanged


(57/75) Installing: shadow-4.1.5.1-19.1 [...................done]
(58/75) Installing: netcfg-11.5-28.1 [................done]
(59/75) Installing: dbus-1-1.8.22-13.1 [...........done]
Additional rpm output:
can't open dbus: No such file or directory at /sbin/insserv line 80.


(60/75) Installing: systemd-210-104.1 [...................done]
(61/75) Installing: systemd-presets-branding-openSUSE-0.3.0-28.1 [.........done]
(62/75) Installing: systemd-sysvinit-210-104.1 [........done]
(63/75) Installing: udev-210-104.1 [............done]
(64/75) Installing: procps-3.3.9-6.1 [..................done]
(65/75) Installing: dracut-037-80.1 [...........done]
(66/75) Installing: suse-module-tools-12.3-18.1 [................done]
(67/75) Installing: libudev1-210-104.1 [........done]
(68/75) Installing: libsolv-tools-0.6.23-16.1 [...................done]
(69/75) Installing: device-mapper-1.02.97-73.1 [...................done]
(70/75) Installing: libzypp-15.23.1-16.1 [...................done]
Additional rpm output:
warning: /etc/zypp/zypp.conf created as /etc/zypp/zypp.conf.rpmnew


(71/75) Installing: zypper-1.12.45-16.1 [...................done]
(72/75) Installing: cron-4.2-57.5 [.....done]
(73/75) Installing: cronie-1.4.11-57.5 [.......done]
Additional rpm output:
setting /usr/bin/crontab to root:trusted 4755. (wrong permissions 4750)
Updating /etc/sysconfig/cron...


(74/75) Installing: logrotate-3.8.7-7.1 [.......done]
(75/75) Installing: dirmngr-1.1.1-8.1 [..................done]
Output of udev-210-104.1.x86_64.rpm %posttrans script:
    No kernel found in /boot or bad modules dir in /lib/modules

Warning: udev-210-104.1.x86_64.rpm %posttrans script failed (returned 1)
Loading repository data...
Reading installed packages...
'cron' is already installed.
No update candidate for 'cron-4.2-57.5.x86_64'. The highest available version is already installed.
'openssl' is already installed.
No update candidate for 'openssl-1.0.1i-21.1.x86_64'. The highest available version is already installed.
'libidn' not found in package names. Trying capabilities.
'netcat' not found in package names. Trying capabilities.
Resolving package dependencies...

The following 5 NEW packages are going to be installed:
  curl libglib-2_0-0 libidn-tools netcat-openbsd tar

The following package is recommended, but will not be installed (only required packages will be installed):
  tar-lang

5 new packages to install.
Overall download size: 1.4 MiB. Already cached: 0 B. After the operation, additional 3.7 MiB will be used.
Continue? [y/n/? shows all options] (y): y
Retrieving package libglib-2_0-0-2.44.1-2.3.x86_64 (1/5), 567.4 KiB (  1.4 MiB unpacked)
Retrieving: libglib-2_0-0-2.44.1-2.3.x86_64.rpm [done]
Retrieving package netcat-openbsd-1.89-94.1.x86_64 (2/5),  23.3 KiB ( 39.2 KiB unpacked)
Retrieving: netcat-openbsd-1.89-94.1.x86_64.rpm [done]
Retrieving package curl-7.37.0-16.1.x86_64 (3/5), 149.6 KiB (312.9 KiB unpacked)
Retrieving: curl-7.37.0-16.1.x86_64.rpm [done]
Retrieving package libidn-tools-1.28-6.1.x86_64 (4/5), 206.5 KiB (849.2 KiB unpacked)
Retrieving: libidn-tools-1.28-6.1.x86_64.rpm [done]
Retrieving package tar-1.27.1-12.1.x86_64 (5/5), 492.9 KiB (  1.2 MiB unpacked)
Retrieving: tar-1.27.1-12.1.x86_64.rpm [done]
Checking for file conflicts: [.......done]
(1/5) Installing: libglib-2_0-0-2.44.1-2.3.x86_64 [..........done]
(2/5) Installing: netcat-openbsd-1.89-94.1.x86_64 [....done]
Additional rpm output:
update-alternatives: using /usr/bin/nc to provide /usr/bin/netcat (netcat) in auto mode
update-alternatives: warning: skip creation of /usr/share/man/man1/netcat.1.gz because associated file /usr/share/man/man1/nc.1.gz (of link group netcat) doesn't exist


(3/5) Installing: curl-7.37.0-16.1.x86_64 [........done]
(4/5) Installing: libidn-tools-1.28-6.1.x86_64 [........done]
(5/5) Installing: tar-1.27.1-12.1.x86_64 [.........done]
 ---> 707b34b55830
Removing intermediate container 868b4ffdcd48
Successfully built 707b34b55830
Fri, 31 Mar 2017 02:29:04 UTC
Testing branch: master
[1;31;32mProgress: 1/23[0m
==Running le_test_dependencies please wait
no crontab for root
no crontab for root
curl installed.[1;31;32m [PASS][0m
crontab installed.[1;31;32m [PASS][0m
openssl installed.[1;31;32m [PASS][0m
nc installed.[1;31;32m [PASS][0m
------------------------------------------
[1;31;32mProgress: 2/23[0m
==Running le_test_install please wait
./acme.sh install[1;31;32m [PASS][0m
/root/.acme.sh/acme.sh exists.[1;31;32m [PASS][0m
_contains '5 0 * * * "/root/.acme.sh"/acme.sh --cron --home "/root/.acme.sh" > /dev/null' '0 \* \* \* "/root/.acme.sh"/acme.sh --cron --home "/root/.acme.sh" > /dev/null'[1;31;32m [PASS][0m
/root/.acme.sh/acme.sh uninstall  > /dev/null[1;31;32m [PASS][0m
------------------------------------------
[1;31;32mProgress: 3/23[0m
==Running le_test_uninstall please wait
./acme.sh install[1;31;32m [PASS][0m
/root/.acme.sh/acme.sh uninstall[1;31;32m [PASS][0m
/root/.acme.sh/acme.sh no exists.[1;31;32m [PASS][0m
equals [1;31;32m [PASS][0m
------------------------------------------
[1;31;32mProgress: 4/23[0m
==Running le_test_installtodir please wait
./acme.sh install[1;31;32m [PASS][0m
/root/myle/acme.sh exists.[1;31;32m [PASS][0m
_contains '6 0 * * * "/root/myle"/acme.sh --cron --home "/root/myle" > /dev/null' '0 \* \* \* "/root/myle"/acme.sh --cron --home "/root/myle" > /dev/null'[1;31;32m [PASS][0m
/root/myle/acme.sh uninstall[1;31;32m [PASS][0m
------------------------------------------
[1;31;32mProgress: 5/23[0m
==Running le_test_uninstalltodir please wait
./acme.sh install[1;31;32m [PASS][0m
/root/myle/acme.sh uninstall[1;31;32m [PASS][0m
/root/myle/acme.sh no exists.[1;31;32m [PASS][0m
equals [1;31;32m [PASS][0m
------------------------------------------
[1;31;32mProgress: 6/23[0m
==Running le_test_install_config_home please wait
./acme.sh --install --config-home /root/etc/acme[1;31;32m [PASS][0m
/root/.acme.sh/acme.sh exists.[1;31;32m [PASS][0m
_contains '7 0 * * * "/root/.acme.sh"/acme.sh --cron --home "/root/.acme.sh" --config-home "/root/etc/acme" > /dev/null' '0 \* \* \* "/root/.acme.sh"/acme.sh --cron --home "/root/.acme.sh" --config-home "/root/etc/acme" > /dev/null'[1;31;32m [PASS][0m
/root/etc/acme/account.conf exists.[1;31;32m [PASS][0m
/root/.acme.sh/account.conf no exists.[1;31;32m [PASS][0m
/root/.acme.sh/acme.sh --cron --config-home /root/etc/acme > /dev/null[1;31;32m [PASS][0m
/root/.acme.sh/acme.sh --uninstall --config-home /root/etc/acme > /dev/null[1;31;32m [PASS][0m
/root/etc/acme/account.conf exists.[1;31;32m [PASS][0m
/root/.acme.sh/account.conf no exists.[1;31;32m [PASS][0m
------------------------------------------
[1;31;32mProgress: 7/23[0m
==Running le_test_standandalone_renew please wait
/root/.acme.sh/acme.sh issue no testdocker.acme.sh[1;31;32m [PASS][0m
FORCE=1 /root/.acme.sh/acme.sh renew testdocker.acme.sh[1;31;32m [PASS][0m
------------------------------------------
[1;31;32mProgress: 8/23[0m
==Running le_test_standandalone_renew_v2 please wait
/root/.acme.sh/acme.sh --issue -d testdocker.acme.sh --standalone --certpath '/acmetest/certs/domain.cer' --keypath '/acmetest/certs/domain.key'  --capath '/acmetest/certs/ca.cer'  --reloadcmd 'echo this is reload'  --fullchainpath  '/acmetest/certs/full.cer'[1;31;32m [PASS][0m
'/root/.acme.sh/testdocker.acme.sh/testdocker.acme.sh.cer' equals '/acmetest/certs/domain.cer'[1;31;32m [PASS][0m
'/root/.acme.sh/testdocker.acme.sh/testdocker.acme.sh.key' equals '/acmetest/certs/domain.key'[1;31;32m [PASS][0m
'/root/.acme.sh/testdocker.acme.sh/ca.cer' equals '/acmetest/certs/ca.cer'[1;31;32m [PASS][0m
'/root/.acme.sh/testdocker.acme.sh/fullchain.cer' equals '/acmetest/certs/full.cer'[1;31;32m [PASS][0m
/root/.acme.sh/acme.sh --renew -d testdocker.acme.sh --force[1;31;32m [PASS][0m
/root/.acme.sh/testdocker.acme.sh/testdocker.acme.sh.cer is cert ? 'testdocker.acme.sh' 'Fake LE Intermediate X1'[1;31;32m [PASS][0m
/root/.acme.sh/testdocker.acme.sh/ca.cer is cert ? 'Fake LE Intermediate X1'[1;31;32m [PASS][0m
'/root/.acme.sh/testdocker.acme.sh/testdocker.acme.sh.cer' equals '/acmetest/certs/domain.cer'[1;31;32m [PASS][0m
'/root/.acme.sh/testdocker.acme.sh/testdocker.acme.sh.key' equals '/acmetest/certs/domain.key'[1;31;32m [PASS][0m
'/root/.acme.sh/testdocker.acme.sh/ca.cer' equals '/acmetest/certs/ca.cer'[1;31;32m [PASS][0m
'/root/.acme.sh/testdocker.acme.sh/fullchain.cer' equals '/acmetest/certs/full.cer'[1;31;32m [PASS][0m
------------------------------------------
[1;31;32mProgress: 9/23[0m
==Running le_test_standandalone_renew_localaddress_v2 please wait
/root/.acme.sh/acme.sh --issue -d testdocker.acme.sh --standalone --local-address 0.0.0.0 --certpath '/acmetest/certs/domain.cer' --keypath '/acmetest/certs/domain.key'  --capath '/acmetest/certs/ca.cer'  --reloadcmd 'echo this is reload'  --fullchainpath  '/acmetest/certs/full.cer'[1;31;32m [PASS][0m
'/root/.acme.sh/testdocker.acme.sh/testdocker.acme.sh.cer' equals '/acmetest/certs/domain.cer'[1;31;32m [PASS][0m
'/root/.acme.sh/testdocker.acme.sh/testdocker.acme.sh.key' equals '/acmetest/certs/domain.key'[1;31;32m [PASS][0m
'/root/.acme.sh/testdocker.acme.sh/ca.cer' equals '/acmetest/certs/ca.cer'[1;31;32m [PASS][0m
'/root/.acme.sh/testdocker.acme.sh/fullchain.cer' equals '/acmetest/certs/full.cer'[1;31;32m [PASS][0m
/root/.acme.sh/acme.sh --renew -d testdocker.acme.sh --force[1;31;32m [PASS][0m
/root/.acme.sh/testdocker.acme.sh/testdocker.acme.sh.cer is cert ? 'testdocker.acme.sh' 'Fake LE Intermediate X1'[1;31;32m [PASS][0m
/root/.acme.sh/testdocker.acme.sh/ca.cer is cert ? 'Fake LE Intermediate X1'[1;31;32m [PASS][0m
'/root/.acme.sh/testdocker.acme.sh/testdocker.acme.sh.cer' equals '/acmetest/certs/domain.cer'[1;31;32m [PASS][0m
'/root/.acme.sh/testdocker.acme.sh/testdocker.acme.sh.key' equals '/acmetest/certs/domain.key'[1;31;32m [PASS][0m
'/root/.acme.sh/testdocker.acme.sh/ca.cer' equals '/acmetest/certs/ca.cer'[1;31;32m [PASS][0m
'/root/.acme.sh/testdocker.acme.sh/fullchain.cer' equals '/acmetest/certs/full.cer'[1;31;32m [PASS][0m
------------------------------------------
[1;31;32mProgress: 10/23[0m
==Running le_test_standandalone_listen_v4_v2 please wait
/root/.acme.sh/acme.sh --issue -d testdocker.acme.sh --standalone --listen-v4 --cert-file '/acmetest/certs/domain.cer' --key-file '/acmetest/certs/domain.key'  --ca-file '/acmetest/certs/ca.cer'  --reloadcmd 'echo this is reload'  --fullchain-file  '/acmetest/certs/full.cer'[1;31;32m [PASS][0m
'/root/.acme.sh/testdocker.acme.sh/testdocker.acme.sh.cer' equals '/acmetest/certs/domain.cer'[1;31;32m [PASS][0m
'/root/.acme.sh/testdocker.acme.sh/testdocker.acme.sh.key' equals '/acmetest/certs/domain.key'[1;31;32m [PASS][0m
'/root/.acme.sh/testdocker.acme.sh/ca.cer' equals '/acmetest/certs/ca.cer'[1;31;32m [PASS][0m
'/root/.acme.sh/testdocker.acme.sh/fullchain.cer' equals '/acmetest/certs/full.cer'[1;31;32m [PASS][0m
/root/.acme.sh/acme.sh --renew -d testdocker.acme.sh --force[1;31;32m [PASS][0m
/root/.acme.sh/testdocker.acme.sh/testdocker.acme.sh.cer is cert ? 'testdocker.acme.sh' 'Fake LE Intermediate X1'[1;31;32m [PASS][0m
/root/.acme.sh/testdocker.acme.sh/ca.cer is cert ? 'Fake LE Intermediate X1'[1;31;32m [PASS][0m
'/root/.acme.sh/testdocker.acme.sh/testdocker.acme.sh.cer' equals '/acmetest/certs/domain.cer'[1;31;32m [PASS][0m
'/root/.acme.sh/testdocker.acme.sh/testdocker.acme.sh.key' equals '/acmetest/certs/domain.key'[1;31;32m [PASS][0m
'/root/.acme.sh/testdocker.acme.sh/ca.cer' equals '/acmetest/certs/ca.cer'[1;31;32m [PASS][0m
'/root/.acme.sh/testdocker.acme.sh/fullchain.cer' equals '/acmetest/certs/full.cer'[1;31;32m [PASS][0m
------------------------------------------
[1;31;32mProgress: 11/23[0m
==Running le_test_standandalone_listen_v6_v2 please wait
Skipped by TEST_IPV6
------------------------------------------
[1;31;32mProgress: 12/23[0m
==Running le_test_standandalone_deactivate_v2 please wait
/root/.acme.sh/acme.sh --issue -d testdocker.acme.sh --standalone --certpath '/acmetest/certs/domain.cer' --keypath '/acmetest/certs/domain.key'  --capath '/acmetest/certs/ca.cer'  --reloadcmd 'echo this is reload'  --fullchainpath  '/acmetest/certs/full.cer'[1;31;32m [PASS][0m
'/root/.acme.sh/testdocker.acme.sh/testdocker.acme.sh.cer' equals '/acmetest/certs/domain.cer'[1;31;32m [PASS][0m
'/root/.acme.sh/testdocker.acme.sh/testdocker.acme.sh.key' equals '/acmetest/certs/domain.key'[1;31;32m [PASS][0m
'/root/.acme.sh/testdocker.acme.sh/ca.cer' equals '/acmetest/certs/ca.cer'[1;31;32m [PASS][0m
'/root/.acme.sh/testdocker.acme.sh/fullchain.cer' equals '/acmetest/certs/full.cer'[1;31;32m [PASS][0m
/root/.acme.sh/acme.sh --deactivate -d testdocker.acme.sh[1;31;32m [PASS][0m
------------------------------------------
[1;31;32mProgress: 13/23[0m
==Running le_test_standandalone please wait
/root/.acme.sh/acme.sh issue no testdocker.acme.sh[1;31;32m [PASS][0m
/root/.acme.sh/testdocker.acme.sh/testdocker.acme.sh.cer is cert ? 'testdocker.acme.sh' 'Fake LE Intermediate X1'[1;31;32m [PASS][0m
/root/.acme.sh/testdocker.acme.sh/ca.cer is cert ? 'Fake LE Intermediate X1'[1;31;32m [PASS][0m
------------------------------------------
[1;31;32mProgress: 14/23[0m
==Running le_test_standandalone_SAN please wait
/root/.acme.sh/acme.sh issue no "testdocker.acme.sh" "testdocker2.acme.sh"[1;31;32m [PASS][0m
/root/.acme.sh/testdocker.acme.sh/testdocker.acme.sh.cer is cert ? 'testdocker.acme.sh' 'Fake LE Intermediate X1'[1;31;32m [PASS][0m
/root/.acme.sh/testdocker.acme.sh/ca.cer is cert ? 'Fake LE Intermediate X1'[1;31;32m [PASS][0m
------------------------------------------
[1;31;32mProgress: 15/23[0m
==Running le_test_standandalone_ECDSA_256 please wait
/root/.acme.sh/acme.sh issue no testdocker.acme.sh no ec-256[1;31;32m [PASS][0m
/root/.acme.sh/testdocker.acme.sh_ecc/testdocker.acme.sh.cer is cert ? 'testdocker.acme.sh' 'Fake LE Intermediate X1'[1;31;32m [PASS][0m
/root/.acme.sh/testdocker.acme.sh_ecc/ca.cer is cert ? 'Fake LE Intermediate X1'[1;31;32m [PASS][0m
------------------------------------------
[1;31;32mProgress: 16/23[0m
==Running le_test_standandalone_ECDSA_256_renew please wait
/root/.acme.sh/acme.sh issue no testdocker.acme.sh no ec-256[1;31;32m [PASS][0m
FORCE=1 /root/.acme.sh/acme.sh renew testdocker.acme.sh[1;31;32m [PASS][0m
------------------------------------------
[1;31;32mProgress: 17/23[0m
==Running le_test_standandalone_ECDSA_256_SAN_renew please wait
/root/.acme.sh/acme.sh issue no "testdocker.acme.sh" "testdocker2.acme.sh" ec-256[1;31;32m [PASS][0m
FORCE=1 /root/.acme.sh/acme.sh renew "testdocker.acme.sh"[1;31;32m [PASS][0m
------------------------------------------
[1;31;32mProgress: 18/23[0m
==Running le_test_standandalone_ECDSA_256_SAN_renew_v2 please wait
/root/.acme.sh/acme.sh --issue -d "testdocker.acme.sh" -d "testdocker2.acme.sh" --standalone --keylength ec-256 --certpath '/acmetest/certs/domain.cer' --keypath '/acmetest/certs/domain.key'  --capath '/acmetest/certs/ca.cer'  --reloadcmd 'echo this is reload'  --fullchainpath  '/acmetest/certs/full.cer'[1;31;32m [PASS][0m
'/root/.acme.sh/testdocker.acme.sh_ecc/testdocker.acme.sh.cer' equals '/acmetest/certs/domain.cer'[1;31;32m [PASS][0m
'/root/.acme.sh/testdocker.acme.sh_ecc/testdocker.acme.sh.key' equals '/acmetest/certs/domain.key'[1;31;32m [PASS][0m
'/root/.acme.sh/testdocker.acme.sh_ecc/ca.cer' equals '/acmetest/certs/ca.cer'[1;31;32m [PASS][0m
'/root/.acme.sh/testdocker.acme.sh_ecc/fullchain.cer' equals '/acmetest/certs/full.cer'[1;31;32m [PASS][0m
/root/.acme.sh/acme.sh --renew --ecc -d "testdocker.acme.sh" --force[1;31;32m [PASS][0m
/root/.acme.sh/testdocker.acme.sh_ecc/testdocker.acme.sh.cer is cert ? 'testdocker.acme.sh' 'Fake LE Intermediate X1'[1;31;32m [PASS][0m
/root/.acme.sh/testdocker.acme.sh_ecc/ca.cer is cert ? 'Fake LE Intermediate X1'[1;31;32m [PASS][0m
'/root/.acme.sh/testdocker.acme.sh_ecc/testdocker.acme.sh.cer' equals '/acmetest/certs/domain.cer'[1;31;32m [PASS][0m
'/root/.acme.sh/testdocker.acme.sh_ecc/testdocker.acme.sh.key' equals '/acmetest/certs/domain.key'[1;31;32m [PASS][0m
'/root/.acme.sh/testdocker.acme.sh_ecc/ca.cer' equals '/acmetest/certs/ca.cer'[1;31;32m [PASS][0m
'/root/.acme.sh/testdocker.acme.sh_ecc/fullchain.cer' equals '/acmetest/certs/full.cer'[1;31;32m [PASS][0m
------------------------------------------
[1;31;32mProgress: 19/23[0m
==Running le_test_standandalone_ECDSA_384 please wait
/root/.acme.sh/acme.sh issue no "testdocker.acme.sh" no ec-384[1;31;32m [PASS][0m
/root/.acme.sh/testdocker.acme.sh_ecc/testdocker.acme.sh.cer is cert ? 'testdocker.acme.sh' 'Fake LE Intermediate X1'[1;31;32m [PASS][0m
/root/.acme.sh/testdocker.acme.sh_ecc/ca.cer is cert ? 'Fake LE Intermediate X1'[1;31;32m [PASS][0m
------------------------------------------
[1;31;32mProgress: 20/23[0m
==Running le_test_standandalone_tls_renew_SAN_v2 please wait
/root/.acme.sh/acme.sh --issue -d "testdocker.acme.sh" --tls  -d "testdocker2.acme.sh" --standalone [1;31;32m [PASS][0m
/root/.acme.sh/acme.sh --renew -d "testdocker.acme.sh" --force[1;31;32m [PASS][0m
/root/.acme.sh/testdocker.acme.sh/testdocker.acme.sh.cer is cert ? 'testdocker.acme.sh' 'Fake LE Intermediate X1'[1;31;32m [PASS][0m
/root/.acme.sh/testdocker.acme.sh/ca.cer is cert ? 'Fake LE Intermediate X1'[1;31;32m [PASS][0m
------------------------------------------
[1;31;32mProgress: 21/23[0m
==Running le_test_tls_renew_SAN_v2 please wait
/root/.acme.sh/acme.sh --issue -d "testdocker.acme.sh" -d "testdocker2.acme.sh" --tls[1;31;32m [PASS][0m
/root/.acme.sh/acme.sh --renew -d "testdocker.acme.sh" --force[1;31;32m [PASS][0m
/root/.acme.sh/testdocker.acme.sh/testdocker.acme.sh.cer is cert ? 'testdocker.acme.sh' 'Fake LE Intermediate X1'[1;31;32m [PASS][0m
/root/.acme.sh/testdocker.acme.sh/ca.cer is cert ? 'Fake LE Intermediate X1'[1;31;32m [PASS][0m
------------------------------------------
[1;31;32mProgress: 22/23[0m
==Running le_test_standandalone_renew_idn_v2 please wait
Skipped by TEST_IDN
------------------------------------------
[1;31;32mProgress: 23/23[0m
==Running le_test_dnsapi please wait
The test domain Test_CF_Domain is not defined, skip:ClourFlare_api
The test domain Test_CX_Domain is not defined, skip:CloudXNS.com_api
The test domain Test_DP_Domain is not defined, skip:Dnspod.cn_api
The test domain Test_GD_Domain is not defined, skip:Godaddy_api
The test domain Test_AWS_Domain is not defined, skip:Amazon_Route53_api
The test domain Test_LUA_Domain is not defined, skip:luadns.com_api
ME_Key is not defined, skip:dnsmadeeasy.com_api
NSUPDATE_KEY is not defined, skip:nsupdate_api
OVH_AK is not defined, skip:OVH.com_api
PDNS_Token is not defined, skip:powerdns.com_api
The test domain Test_ALI_Domain is not defined, skip:aliyun_api
Testing dns_gandi_livedns gandi_livedns
TestingDomain='acmetest.xyz'
/root/.acme.sh/acme.sh --issue -d "acmetest.xyz" --dns dns_gandi_livedns --dnssleep "60" [1;31;32m [PASS][0m
/root/.acme.sh/acmetest.xyz/acmetest.xyz.cer is cert ? 'acmetest.xyz' 'Fake LE Intermediate X1'[1;31;32m [PASS][0m
/root/.acme.sh/acmetest.xyz/ca.cer is cert ? 'Fake LE Intermediate X1'[1;31;32m [PASS][0m
/root/.acme.sh/acme.sh --deactivate -d "acmetest.xyz" >/dev/null 2>&1[1;31;32m [PASS][0m
------------------------------------------
