Sending build context to Docker daemon 2.048 kB
Step 1 : FROM opensuse:13.2
 ---> dbd7a8c508bb
Step 2 : RUN zypper update -y  2>&1 && zypper install  -y   tar openssl cron netcat curl libidn  2>&1
 ---> Running in 660962ba93d9
Warning: Legacy commandline option -y/--no-confirm detected. Please use global option -n/--non-interactive instead.
Retrieving repository 'NON-OSS' metadata [..done]
Building repository 'NON-OSS' cache [....done]
Retrieving repository 'OSS' metadata [..done]
Building repository 'OSS' cache [....done]
Retrieving repository 'OSS Update' metadata [...done]
Building repository 'OSS Update' cache [....done]
Retrieving repository 'Update Non-Oss' metadata [..done]
Building repository 'Update Non-Oss' cache [....done]
Loading repository data...
Warning: Repository 'OSS Update' appears to be outdated. Consider using a different mirror or server.
Reading installed packages...

The following 8 NEW packages are going to be installed:
  dbus-1 dracut kbd kmod pinentry pkg-config systemd-sysvinit udev

The following 43 packages are going to be upgraded:
  bash bzip2 ca-certificates-mozilla dirmngr expat findutils glibc gpg2 krb5-mini libapparmor1 libblkid1 libbz2-1 libcurl4 libdbus-1-3 libexpat1 libffi4 libgcc_s1 libgcrypt20 libidn11 libksba8 libmount1 libopenssl1_0_0 libpcre1 libreadline6 libsmartcols1 libsolv-tools libssh2-1 libstdc++6 libtasn1 libtasn1-6 libudev1 libuuid1 libxml2-2 libz1 libzypp openssl perl-base pigz suse-module-tools systemd update-alternatives util-linux zypper

43 packages to upgrade, 8 new.
Overall download size: 20.9 MiB. Already cached: 0 B  After the operation, additional 11.2 MiB will be used.
Continue? [y/n/? shows all options] (y): y
Retrieving package glibc-2.19-16.28.1.x86_64 (1/51),   1.6 MiB (  6.3 MiB unpacked)
Retrieving: glibc-2.19-16.28.1.x86_64.rpm [done]
Retrieving package update-alternatives-1.16.16-8.6.1.x86_64 (2/51),  35.5 KiB ( 65.8 KiB unpacked)
Retrieving: update-alternatives-1.16.16-8.6.1.x86_64.rpm [done]
Retrieving package perl-base-5.20.1-3.1.x86_64 (3/51),   1.1 MiB (  3.6 MiB unpacked)
Retrieving: perl-base-5.20.1-3.1.x86_64.rpm [done]
Retrieving package libz1-1.2.8-5.8.1.x86_64 (4/51),  51.7 KiB ( 86.1 KiB unpacked)
Retrieving: libz1-1.2.8-5.8.1.x86_64.rpm [done]
Retrieving package libuuid1-2.25.1-23.1.x86_64 (5/51),  53.2 KiB ( 18.6 KiB unpacked)
Retrieving: libuuid1-2.25.1-23.1.x86_64.rpm [done]
Retrieving package libsmartcols1-2.25.1-23.1.x86_64 (6/51),  97.6 KiB (135.9 KiB unpacked)
Retrieving: libsmartcols1-2.25.1-23.1.x86_64.rpm [done]
Retrieving package libreadline6-6.2-75.5.1.x86_64 (7/51), 131.1 KiB (320.0 KiB unpacked)
Retrieving: libreadline6-6.2-75.5.1.x86_64.rpm [done]
Retrieving package libpcre1-8.39-3.8.1.x86_64 (8/51), 258.7 KiB (805.4 KiB unpacked)
Retrieving: libpcre1-8.39-3.8.1.x86_64.rpm [done]
Retrieving package libksba8-1.3.1-12.1.x86_64 (9/51),  93.1 KiB (246.4 KiB unpacked)
Retrieving: libksba8-1.3.1-12.1.x86_64.rpm [done]
Retrieving package libidn11-1.33-3.6.1.x86_64 (10/51),  46.9 KiB (206.6 KiB unpacked)
Retrieving: libidn11-1.33-3.6.1.x86_64.rpm [done]
Retrieving package libgcrypt20-1.6.1-8.19.1.x86_64 (11/51), 322.9 KiB (936.5 KiB unpacked)
Retrieving: libgcrypt20-1.6.1-8.19.1.x86_64.rpm [done]
Retrieving package libgcc_s1-4.8.3+r212056-2.4.4.x86_64 (12/51),  49.1 KiB ( 90.4 KiB unpacked)
Retrieving: libgcc_s1-4.8.3+r212056-2.4.4.x86_64.rpm [done]
Retrieving package libffi4-4.8.3+r212056-2.4.4.x86_64 (13/51),  27.6 KiB ( 30.4 KiB unpacked)
Retrieving: libffi4-4.8.3+r212056-2.4.4.x86_64.rpm [done]
Retrieving package libexpat1-2.1.0-14.3.1.x86_64 (14/51),  57.6 KiB (166.2 KiB unpacked)
Retrieving: libexpat1-2.1.0-14.3.1.x86_64.rpm [done]
Retrieving package libdbus-1-3-1.8.22-19.1.x86_64 (15/51), 160.3 KiB (283.9 KiB unpacked)
Retrieving: libdbus-1-3-1.8.22-19.1.x86_64.rpm [done]
Retrieving package libbz2-1-1.0.6-29.4.1.x86_64 (16/51),  33.7 KiB ( 61.4 KiB unpacked)
Retrieving: libbz2-1-1.0.6-29.4.1.x86_64.rpm [done]
Retrieving package libapparmor1-2.9.4-10.1.x86_64 (17/51),  50.9 KiB ( 51.0 KiB unpacked)
Retrieving: libapparmor1-2.9.4-10.1.x86_64.rpm [done]
Retrieving package pigz-2.3-4.3.1.x86_64 (18/51),  51.6 KiB (103.1 KiB unpacked)
Retrieving: pigz-2.3-4.3.1.x86_64.rpm [done]
Retrieving package libxml2-2-2.9.4-7.20.1.x86_64 (19/51), 568.6 KiB (  1.6 MiB unpacked)
Retrieving: libxml2-2-2.9.4-7.20.1.x86_64.rpm [done]
Retrieving package libopenssl1_0_0-1.0.1k-2.39.1.x86_64 (20/51), 895.0 KiB (  2.6 MiB unpacked)
Retrieving: libopenssl1_0_0-1.0.1k-2.39.1.x86_64.rpm [done]
Retrieving package libblkid1-2.25.1-23.1.x86_64 (21/51), 140.9 KiB (248.9 KiB unpacked)
Retrieving: libblkid1-2.25.1-23.1.x86_64.rpm [done]
Retrieving package bash-4.2-75.5.1.x86_64 (22/51), 345.3 KiB (703.9 KiB unpacked)
Retrieving: bash-4.2-75.5.1.x86_64.rpm [done]
Retrieving package libstdc++6-4.8.3+r212056-2.4.4.x86_64 (23/51), 246.4 KiB (972.2 KiB unpacked)
Retrieving: libstdc++6-4.8.3+r212056-2.4.4.x86_64.rpm [done]
Retrieving package expat-2.1.0-14.3.1.x86_64 (24/51),  53.7 KiB (152.4 KiB unpacked)
Retrieving: expat-2.1.0-14.3.1.x86_64.rpm [done]
Retrieving package libssh2-1-1.5.0-9.10.1.x86_64 (25/51),  74.5 KiB (167.4 KiB unpacked)
Retrieving: libssh2-1-1.5.0-9.10.1.x86_64.rpm [done]
Retrieving package libmount1-2.25.1-23.1.x86_64 (26/51), 148.5 KiB (273.5 KiB unpacked)
Retrieving: libmount1-2.25.1-23.1.x86_64.rpm [done]
Retrieving package openssl-1.0.1k-2.39.1.x86_64 (27/51), 610.8 KiB (  1.4 MiB unpacked)
Retrieving: openssl-1.0.1k-2.39.1.x86_64.rpm [.done]
Retrieving package libtasn1-6-3.7-2.7.1.x86_64 (28/51),  43.4 KiB ( 78.5 KiB unpacked)
Retrieving: libtasn1-6-3.7-2.7.1.x86_64.rpm [done]
Retrieving package krb5-mini-1.12.2-24.1.x86_64 (29/51),   1.0 MiB (  3.3 MiB unpacked)
Retrieving: krb5-mini-1.12.2-24.1.x86_64.rpm [done]
Retrieving package kbd-2.0.2-2.10.1.x86_64 (30/51),   1.3 MiB (  3.1 MiB unpacked)
Retrieving: kbd-2.0.2-2.10.1.x86_64.rpm [done]
Retrieving package findutils-4.5.14-2.7.1.x86_64 (31/51), 281.5 KiB (659.5 KiB unpacked)
Retrieving: findutils-4.5.14-2.7.1.x86_64.rpm [done]
Retrieving package ca-certificates-mozilla-2.7-3.7.1.noarch (32/51), 217.5 KiB (377.4 KiB unpacked)
Retrieving: ca-certificates-mozilla-2.7-3.7.1.noarch.rpm [done]
Retrieving package bzip2-1.0.6-29.4.1.x86_64 (33/51),  36.5 KiB ( 64.8 KiB unpacked)
Retrieving: bzip2-1.0.6-29.4.1.x86_64.rpm [done]
Retrieving package util-linux-2.25.1-23.1.x86_64 (34/51), 939.3 KiB (  3.3 MiB unpacked)
Retrieving: util-linux-2.25.1-23.1.x86_64.rpm [.done (6.0 MiB/s)]
Retrieving package libtasn1-3.7-2.7.1.x86_64 (35/51),  89.0 KiB (120.5 KiB unpacked)
Retrieving: libtasn1-3.7-2.7.1.x86_64.rpm [done]
Retrieving package libcurl4-7.42.1-25.1.x86_64 (36/51), 204.5 KiB (461.5 KiB unpacked)
Retrieving: libcurl4-7.42.1-25.1.x86_64.rpm [done]
Retrieving package pkg-config-0.28-7.1.2.x86_64 (37/51), 195.8 KiB (611.5 KiB unpacked)
Retrieving: pkg-config-0.28-7.1.2.x86_64.rpm [done]
Retrieving package pinentry-0.8.4-1.1.x86_64 (38/51),  53.8 KiB (133.6 KiB unpacked)
Retrieving: pinentry-0.8.4-1.1.x86_64.rpm [done]
Retrieving package kmod-18-2.2.2.x86_64 (39/51),  69.3 KiB (146.3 KiB unpacked)
Retrieving: kmod-18-2.2.2.x86_64.rpm [done]
Retrieving package dbus-1-1.8.22-19.1.x86_64 (40/51), 314.0 KiB (897.9 KiB unpacked)
Retrieving: dbus-1-1.8.22-19.1.x86_64.rpm [done]
Retrieving package systemd-210.1484047020.83cb8e58d-25.56.1.x86_64 (41/51),   2.3 MiB ( 11.7 MiB unpacked)
Retrieving: systemd-210.1484047020.83cb8e58d-25.56.1.x86_64.rpm [.done (9.5 MiB/s)]
Retrieving package systemd-sysvinit-210.1484047020.83cb8e58d-25.56.1.x86_64 (42/51), 240.8 KiB (  4.0 KiB unpacked)
Retrieving: systemd-sysvinit-210.1484047020.83cb8e58d-25.56.1.x86_64.rpm [done]
Retrieving package dracut-037-17.33.1.x86_64 (43/51), 351.4 KiB (  1.0 MiB unpacked)
Retrieving: dracut-037-17.33.1.x86_64.rpm [done]
Retrieving package suse-module-tools-12.3-14.7.1.x86_64 (44/51),  25.5 KiB ( 55.7 KiB unpacked)
Retrieving: suse-module-tools-12.3-14.7.1.x86_64.rpm [done]
Retrieving package udev-210.1484047020.83cb8e58d-25.56.1.x86_64 (45/51),   1.1 MiB (  5.9 MiB unpacked)
Retrieving: udev-210.1484047020.83cb8e58d-25.56.1.x86_64.rpm [done]
Retrieving package libudev1-210.1484047020.83cb8e58d-25.56.1.x86_64 (46/51), 263.3 KiB ( 70.1 KiB unpacked)
Retrieving: libudev1-210.1484047020.83cb8e58d-25.56.1.x86_64.rpm [done]
Retrieving package dirmngr-1.1.1-2.7.1.x86_64 (47/51), 194.9 KiB (481.3 KiB unpacked)
Retrieving: dirmngr-1.1.1-2.7.1.x86_64.rpm [done]
Retrieving package gpg2-2.0.26-2.6.1.x86_64 (48/51),   1.1 MiB (  4.0 MiB unpacked)
Retrieving: gpg2-2.0.26-2.6.1.x86_64.rpm [done]
Retrieving package libsolv-tools-0.6.22-27.1.x86_64 (49/51), 521.3 KiB (  4.2 MiB unpacked)
Retrieving: libsolv-tools-0.6.22-27.1.x86_64.rpm [done]
Retrieving package libzypp-14.43.0-43.1.x86_64 (50/51),   2.0 MiB (  7.1 MiB unpacked)
Retrieving: libzypp-14.43.0-43.1.x86_64.rpm [done]
Retrieving package zypper-1.11.54-40.2.x86_64 (51/51),   1.0 MiB (  5.4 MiB unpacked)
Retrieving: zypper-1.11.54-40.2.x86_64.rpm [done]
Checking for file conflicts: [.........done]
( 1/51) Installing: glibc-2.19-16.28.1 [...................done]
( 2/51) Installing: update-alternatives-1.16.16-8.6.1 [..............done]
( 3/51) Installing: perl-base-5.20.1-3.1 [...................done]
( 4/51) Installing: libz1-1.2.8-5.8.1 [.........done]
( 5/51) Installing: libuuid1-2.25.1-23.1 [........done]
( 6/51) Installing: libsmartcols1-2.25.1-23.1 [........done]
( 7/51) Installing: libreadline6-6.2-75.5.1 [...........done]
( 8/51) Installing: libpcre1-8.39-3.8.1 [...............done]
( 9/51) Installing: libksba8-1.3.1-12.1 [..............done]
(10/51) Installing: libidn11-1.33-3.6.1 [.........done]
(11/51) Installing: libgcrypt20-1.6.1-8.19.1 [............done]
(12/51) Installing: libgcc_s1-4.8.3+r212056-2.4.4 [........done]
(13/51) Installing: libffi4-4.8.3+r212056-2.4.4 [........done]
(14/51) Installing: libexpat1-2.1.0-14.3.1 [.........done]
(15/51) Installing: libdbus-1-3-1.8.22-19.1 [................done]
(16/51) Installing: libbz2-1-1.0.6-29.4.1 [........done]
(17/51) Installing: libapparmor1-2.9.4-10.1 [........done]
(18/51) Installing: pigz-2.3-4.3.1 [.............done]
(19/51) Installing: libxml2-2-2.9.4-7.20.1 [...............done]
(20/51) Installing: libopenssl1_0_0-1.0.1k-2.39.1 [..............done]
(21/51) Installing: libblkid1-2.25.1-23.1 [.........done]
(22/51) Installing: bash-4.2-75.5.1 [..................done]
(23/51) Installing: libstdc++6-4.8.3+r212056-2.4.4 [..........done]
(24/51) Installing: expat-2.1.0-14.3.1 [..............done]
(25/51) Installing: libssh2-1-1.5.0-9.10.1 [.........done]
(26/51) Installing: libmount1-2.25.1-23.1 [.........done]
(27/51) Installing: openssl-1.0.1k-2.39.1 [..................done]
(28/51) Installing: libtasn1-6-3.7-2.7.1 [.........done]
(29/51) Installing: krb5-mini-1.12.2-24.1 [...................done]
Additional rpm output:
Updating /etc/sysconfig/kadmind...
Updating /etc/sysconfig/krb5kdc...


(30/51) Installing: kbd-2.0.2-2.10.1 [............done]
Additional rpm output:
Updating /etc/sysconfig/console...
Updating /etc/sysconfig/keyboard...


(31/51) Installing: findutils-4.5.14-2.7.1 [.................done]
(32/51) Installing: ca-certificates-mozilla-2.7-3.7.1 [...................done]
(33/51) Installing: bzip2-1.0.6-29.4.1 [.................done]
(34/51) Installing: util-linux-2.25.1-23.1 [...................done]
Additional rpm output:
setting /usr/bin/wall to root:tty 2755. (wrong permissions 0755)
setting /usr/bin/write to root:tty 2755. (wrong permissions 0755)


(35/51) Installing: libtasn1-3.7-2.7.1 [.................done]
(36/51) Installing: libcurl4-7.42.1-25.1 [..........done]
(37/51) Installing: pkg-config-0.28-7.1.2 [..........done]
(38/51) Installing: pinentry-0.8.4-1.1 [........done]
(39/51) Installing: kmod-18-2.2.2 [......done]
(40/51) Installing: dbus-1-1.8.22-19.1 [...........done]
(41/51) Installing: systemd-210.1484047020.83cb8e58d-25.56.1 [...................done]
(42/51) Installing: systemd-sysvinit-210.1484047020.83cb8e58d-25.56.1 [........done]
(43/51) Installing: dracut-037-17.33.1 [...........done]
(44/51) Installing: suse-module-tools-12.3-14.7.1 [................done]
(45/51) Installing: udev-210.1484047020.83cb8e58d-25.56.1 [............done]
(46/51) Installing: libudev1-210.1484047020.83cb8e58d-25.56.1 [........done]
(47/51) Installing: dirmngr-1.1.1-2.7.1 [..................done]
(48/51) Installing: gpg2-2.0.26-2.6.1 [...................done]
(49/51) Installing: libsolv-tools-0.6.22-27.1 [...................done]
(50/51) Installing: libzypp-14.43.0-43.1 [...................done]
(51/51) Installing: zypper-1.11.54-40.2 [...................done]
Output of dracut-037-17.33.1.x86_64.rpm %posttrans script:
    No kernel found in /boot or bad modules dir in /lib/modules

Warning: dracut-037-17.33.1.x86_64.rpm %posttrans script failed (returned 1)
Warning: Legacy commandline option -y/--no-confirm detected. Please use global option -n/--non-interactive instead.
Loading repository data...
Warning: Repository 'OSS Update' appears to be outdated. Consider using a different mirror or server.
Reading installed packages...
'openssl' is already installed.
No update candidate for 'openssl-1.0.1k-2.39.1.x86_64'. The highest available version is already installed.
'libidn' not found in package names. Trying capabilities.
'netcat' not found in package names. Trying capabilities.
Resolving package dependencies...

The following 7 NEW packages are going to be installed:
  cron cronie curl libidn-tools libmetalink3 netcat-openbsd tar

The following 22 packages are recommended, but will not be installed (only required packages will be installed):
  bundle-lang-common-ar bundle-lang-common-ca bundle-lang-common-cs bundle-lang-common-da bundle-lang-common-de bundle-lang-common-el bundle-lang-common-en bundle-lang-common-es bundle-lang-common-fi bundle-lang-common-fr bundle-lang-common-hu bundle-lang-common-it bundle-lang-common-ja bundle-lang-common-ko bundle-lang-common-nb bundle-lang-common-nl bundle-lang-common-pl bundle-lang-common-pt bundle-lang-common-ru bundle-lang-common-sv bundle-lang-common-zh tar-lang

7 new packages to install.
Overall download size: 1.0 MiB. Already cached: 0 B  After the operation, additional 2.7 MiB will be used.
Continue? [y/n/? shows all options] (y): y
Retrieving package libidn-tools-1.28-3.1.2.x86_64 (1/7), 206.0 KiB (849.1 KiB unpacked)
Retrieving: libidn-tools-1.28-3.1.2.x86_64.rpm [done]
Retrieving package libmetalink3-0.1.2-6.1.2.x86_64 (2/7),  22.7 KiB ( 68.1 KiB unpacked)
Retrieving: libmetalink3-0.1.2-6.1.2.x86_64.rpm [done]
Retrieving package netcat-openbsd-1.89-93.1.3.x86_64 (3/7),  22.8 KiB ( 35.2 KiB unpacked)
Retrieving: netcat-openbsd-1.89-93.1.3.x86_64.rpm [done]
Retrieving package cron-4.2-56.8.1.x86_64 (4/7),  12.3 KiB (  181   B unpacked)
Retrieving: cron-4.2-56.8.1.x86_64.rpm [done]
Retrieving package tar-1.28-2.22.1.x86_64 (5/7), 513.9 KiB (  1.2 MiB unpacked)
Retrieving: tar-1.28-2.22.1.x86_64.rpm [done]
Retrieving package curl-7.42.1-25.1.x86_64 (6/7), 154.9 KiB (327.7 KiB unpacked)
Retrieving: curl-7.42.1-25.1.x86_64.rpm [done]
Retrieving package cronie-1.4.12-56.8.1.x86_64 (7/7),  97.3 KiB (246.2 KiB unpacked)
Retrieving: cronie-1.4.12-56.8.1.x86_64.rpm [done]
Checking for file conflicts: [.......done]
(1/7) Installing: libidn-tools-1.28-3.1.2 [........done]
(2/7) Installing: libmetalink3-0.1.2-6.1.2 [....done]
(3/7) Installing: netcat-openbsd-1.89-93.1.3 [....done]
Additional rpm output:
update-alternatives: using /usr/bin/nc to provide /usr/bin/netcat (netcat) in auto mode
update-alternatives: warning: skip creation of /usr/share/man/man1/netcat.1.gz because associated file /usr/share/man/man1/nc.1.gz (of link group netcat) doesn't exist


(4/7) Installing: cron-4.2-56.8.1 [.....done]
(5/7) Installing: tar-1.28-2.22.1 [........done]
(6/7) Installing: curl-7.42.1-25.1 [........done]
(7/7) Installing: cronie-1.4.12-56.8.1 [.......done]
Additional rpm output:
setting /usr/bin/crontab to root:trusted 4755. (wrong permissions 4750)
Updating /etc/sysconfig/cron...


 ---> 2eb19cec888b
Removing intermediate container 660962ba93d9
Successfully built 2eb19cec888b
Fri, 31 Mar 2017 02:21:32 UTC
Testing branch: master
[1;31;32mProgress: 1/23[0m
==Running le_test_dependencies please wait
no crontab for root
no crontab for root
curl installed.[1;31;32m [PASS][0m
crontab installed.[1;31;32m [PASS][0m
openssl installed.[1;31;32m [PASS][0m
nc installed.[1;31;32m [PASS][0m
------------------------------------------
[1;31;32mProgress: 2/23[0m
==Running le_test_install please wait
./acme.sh install[1;31;32m [PASS][0m
/root/.acme.sh/acme.sh exists.[1;31;32m [PASS][0m
_contains '33 0 * * * "/root/.acme.sh"/acme.sh --cron --home "/root/.acme.sh" > /dev/null' '0 \* \* \* "/root/.acme.sh"/acme.sh --cron --home "/root/.acme.sh" > /dev/null'[1;31;32m [PASS][0m
/root/.acme.sh/acme.sh uninstall  > /dev/null[1;31;32m [PASS][0m
------------------------------------------
[1;31;32mProgress: 3/23[0m
==Running le_test_uninstall please wait
./acme.sh install[1;31;32m [PASS][0m
/root/.acme.sh/acme.sh uninstall[1;31;32m [PASS][0m
/root/.acme.sh/acme.sh no exists.[1;31;32m [PASS][0m
equals [1;31;32m [PASS][0m
------------------------------------------
[1;31;32mProgress: 4/23[0m
==Running le_test_installtodir please wait
./acme.sh install[1;31;32m [PASS][0m
/root/myle/acme.sh exists.[1;31;32m [PASS][0m
_contains '34 0 * * * "/root/myle"/acme.sh --cron --home "/root/myle" > /dev/null' '0 \* \* \* "/root/myle"/acme.sh --cron --home "/root/myle" > /dev/null'[1;31;32m [PASS][0m
/root/myle/acme.sh uninstall[1;31;32m [PASS][0m
------------------------------------------
[1;31;32mProgress: 5/23[0m
==Running le_test_uninstalltodir please wait
./acme.sh install[1;31;32m [PASS][0m
/root/myle/acme.sh uninstall[1;31;32m [PASS][0m
/root/myle/acme.sh no exists.[1;31;32m [PASS][0m
equals [1;31;32m [PASS][0m
------------------------------------------
[1;31;32mProgress: 6/23[0m
==Running le_test_install_config_home please wait
./acme.sh --install --config-home /root/etc/acme[1;31;32m [PASS][0m
/root/.acme.sh/acme.sh exists.[1;31;32m [PASS][0m
_contains '34 0 * * * "/root/.acme.sh"/acme.sh --cron --home "/root/.acme.sh" --config-home "/root/etc/acme" > /dev/null' '0 \* \* \* "/root/.acme.sh"/acme.sh --cron --home "/root/.acme.sh" --config-home "/root/etc/acme" > /dev/null'[1;31;32m [PASS][0m
/root/etc/acme/account.conf exists.[1;31;32m [PASS][0m
/root/.acme.sh/account.conf no exists.[1;31;32m [PASS][0m
/root/.acme.sh/acme.sh --cron --config-home /root/etc/acme > /dev/null[1;31;32m [PASS][0m
/root/.acme.sh/acme.sh --uninstall --config-home /root/etc/acme > /dev/null[1;31;32m [PASS][0m
/root/etc/acme/account.conf exists.[1;31;32m [PASS][0m
/root/.acme.sh/account.conf no exists.[1;31;32m [PASS][0m
------------------------------------------
[1;31;32mProgress: 7/23[0m
==Running le_test_standandalone_renew please wait
/root/.acme.sh/acme.sh issue no testdocker.acme.sh[1;31;32m [PASS][0m
FORCE=1 /root/.acme.sh/acme.sh renew testdocker.acme.sh[1;31;32m [PASS][0m
------------------------------------------
[1;31;32mProgress: 8/23[0m
==Running le_test_standandalone_renew_v2 please wait
/root/.acme.sh/acme.sh --issue -d testdocker.acme.sh --standalone --certpath '/acmetest/certs/domain.cer' --keypath '/acmetest/certs/domain.key'  --capath '/acmetest/certs/ca.cer'  --reloadcmd 'echo this is reload'  --fullchainpath  '/acmetest/certs/full.cer'[1;31;32m [PASS][0m
'/root/.acme.sh/testdocker.acme.sh/testdocker.acme.sh.cer' equals '/acmetest/certs/domain.cer'[1;31;32m [PASS][0m
'/root/.acme.sh/testdocker.acme.sh/testdocker.acme.sh.key' equals '/acmetest/certs/domain.key'[1;31;32m [PASS][0m
'/root/.acme.sh/testdocker.acme.sh/ca.cer' equals '/acmetest/certs/ca.cer'[1;31;32m [PASS][0m
'/root/.acme.sh/testdocker.acme.sh/fullchain.cer' equals '/acmetest/certs/full.cer'[1;31;32m [PASS][0m
/root/.acme.sh/acme.sh --renew -d testdocker.acme.sh --force[1;31;32m [PASS][0m
/root/.acme.sh/testdocker.acme.sh/testdocker.acme.sh.cer is cert ? 'testdocker.acme.sh' 'Fake LE Intermediate X1'[1;31;32m [PASS][0m
/root/.acme.sh/testdocker.acme.sh/ca.cer is cert ? 'Fake LE Intermediate X1'[1;31;32m [PASS][0m
'/root/.acme.sh/testdocker.acme.sh/testdocker.acme.sh.cer' equals '/acmetest/certs/domain.cer'[1;31;32m [PASS][0m
'/root/.acme.sh/testdocker.acme.sh/testdocker.acme.sh.key' equals '/acmetest/certs/domain.key'[1;31;32m [PASS][0m
'/root/.acme.sh/testdocker.acme.sh/ca.cer' equals '/acmetest/certs/ca.cer'[1;31;32m [PASS][0m
'/root/.acme.sh/testdocker.acme.sh/fullchain.cer' equals '/acmetest/certs/full.cer'[1;31;32m [PASS][0m
------------------------------------------
[1;31;32mProgress: 9/23[0m
==Running le_test_standandalone_renew_localaddress_v2 please wait
/root/.acme.sh/acme.sh --issue -d testdocker.acme.sh --standalone --local-address 0.0.0.0 --certpath '/acmetest/certs/domain.cer' --keypath '/acmetest/certs/domain.key'  --capath '/acmetest/certs/ca.cer'  --reloadcmd 'echo this is reload'  --fullchainpath  '/acmetest/certs/full.cer'[1;31;32m [PASS][0m
'/root/.acme.sh/testdocker.acme.sh/testdocker.acme.sh.cer' equals '/acmetest/certs/domain.cer'[1;31;32m [PASS][0m
'/root/.acme.sh/testdocker.acme.sh/testdocker.acme.sh.key' equals '/acmetest/certs/domain.key'[1;31;32m [PASS][0m
'/root/.acme.sh/testdocker.acme.sh/ca.cer' equals '/acmetest/certs/ca.cer'[1;31;32m [PASS][0m
'/root/.acme.sh/testdocker.acme.sh/fullchain.cer' equals '/acmetest/certs/full.cer'[1;31;32m [PASS][0m
/root/.acme.sh/acme.sh --renew -d testdocker.acme.sh --force[1;31;32m [PASS][0m
/root/.acme.sh/testdocker.acme.sh/testdocker.acme.sh.cer is cert ? 'testdocker.acme.sh' 'Fake LE Intermediate X1'[1;31;32m [PASS][0m
/root/.acme.sh/testdocker.acme.sh/ca.cer is cert ? 'Fake LE Intermediate X1'[1;31;32m [PASS][0m
'/root/.acme.sh/testdocker.acme.sh/testdocker.acme.sh.cer' equals '/acmetest/certs/domain.cer'[1;31;32m [PASS][0m
'/root/.acme.sh/testdocker.acme.sh/testdocker.acme.sh.key' equals '/acmetest/certs/domain.key'[1;31;32m [PASS][0m
'/root/.acme.sh/testdocker.acme.sh/ca.cer' equals '/acmetest/certs/ca.cer'[1;31;32m [PASS][0m
'/root/.acme.sh/testdocker.acme.sh/fullchain.cer' equals '/acmetest/certs/full.cer'[1;31;32m [PASS][0m
------------------------------------------
[1;31;32mProgress: 10/23[0m
==Running le_test_standandalone_listen_v4_v2 please wait
/root/.acme.sh/acme.sh --issue -d testdocker.acme.sh --standalone --listen-v4 --cert-file '/acmetest/certs/domain.cer' --key-file '/acmetest/certs/domain.key'  --ca-file '/acmetest/certs/ca.cer'  --reloadcmd 'echo this is reload'  --fullchain-file  '/acmetest/certs/full.cer'[1;31;32m [PASS][0m
'/root/.acme.sh/testdocker.acme.sh/testdocker.acme.sh.cer' equals '/acmetest/certs/domain.cer'[1;31;32m [PASS][0m
'/root/.acme.sh/testdocker.acme.sh/testdocker.acme.sh.key' equals '/acmetest/certs/domain.key'[1;31;32m [PASS][0m
'/root/.acme.sh/testdocker.acme.sh/ca.cer' equals '/acmetest/certs/ca.cer'[1;31;32m [PASS][0m
'/root/.acme.sh/testdocker.acme.sh/fullchain.cer' equals '/acmetest/certs/full.cer'[1;31;32m [PASS][0m
/root/.acme.sh/acme.sh --renew -d testdocker.acme.sh --force[1;31;32m [PASS][0m
/root/.acme.sh/testdocker.acme.sh/testdocker.acme.sh.cer is cert ? 'testdocker.acme.sh' 'Fake LE Intermediate X1'[1;31;32m [PASS][0m
/root/.acme.sh/testdocker.acme.sh/ca.cer is cert ? 'Fake LE Intermediate X1'[1;31;32m [PASS][0m
'/root/.acme.sh/testdocker.acme.sh/testdocker.acme.sh.cer' equals '/acmetest/certs/domain.cer'[1;31;32m [PASS][0m
'/root/.acme.sh/testdocker.acme.sh/testdocker.acme.sh.key' equals '/acmetest/certs/domain.key'[1;31;32m [PASS][0m
'/root/.acme.sh/testdocker.acme.sh/ca.cer' equals '/acmetest/certs/ca.cer'[1;31;32m [PASS][0m
'/root/.acme.sh/testdocker.acme.sh/fullchain.cer' equals '/acmetest/certs/full.cer'[1;31;32m [PASS][0m
------------------------------------------
[1;31;32mProgress: 11/23[0m
==Running le_test_standandalone_listen_v6_v2 please wait
Skipped by TEST_IPV6
------------------------------------------
[1;31;32mProgress: 12/23[0m
==Running le_test_standandalone_deactivate_v2 please wait
/root/.acme.sh/acme.sh --issue -d testdocker.acme.sh --standalone --certpath '/acmetest/certs/domain.cer' --keypath '/acmetest/certs/domain.key'  --capath '/acmetest/certs/ca.cer'  --reloadcmd 'echo this is reload'  --fullchainpath  '/acmetest/certs/full.cer'[1;31;32m [PASS][0m
'/root/.acme.sh/testdocker.acme.sh/testdocker.acme.sh.cer' equals '/acmetest/certs/domain.cer'[1;31;32m [PASS][0m
'/root/.acme.sh/testdocker.acme.sh/testdocker.acme.sh.key' equals '/acmetest/certs/domain.key'[1;31;32m [PASS][0m
'/root/.acme.sh/testdocker.acme.sh/ca.cer' equals '/acmetest/certs/ca.cer'[1;31;32m [PASS][0m
'/root/.acme.sh/testdocker.acme.sh/fullchain.cer' equals '/acmetest/certs/full.cer'[1;31;32m [PASS][0m
/root/.acme.sh/acme.sh --deactivate -d testdocker.acme.sh[1;31;32m [PASS][0m
------------------------------------------
[1;31;32mProgress: 13/23[0m
==Running le_test_standandalone please wait
/root/.acme.sh/acme.sh issue no testdocker.acme.sh[1;31;32m [PASS][0m
/root/.acme.sh/testdocker.acme.sh/testdocker.acme.sh.cer is cert ? 'testdocker.acme.sh' 'Fake LE Intermediate X1'[1;31;32m [PASS][0m
/root/.acme.sh/testdocker.acme.sh/ca.cer is cert ? 'Fake LE Intermediate X1'[1;31;32m [PASS][0m
------------------------------------------
[1;31;32mProgress: 14/23[0m
==Running le_test_standandalone_SAN please wait
/root/.acme.sh/acme.sh issue no "testdocker.acme.sh" "testdocker2.acme.sh"[1;31;32m [PASS][0m
/root/.acme.sh/testdocker.acme.sh/testdocker.acme.sh.cer is cert ? 'testdocker.acme.sh' 'Fake LE Intermediate X1'[1;31;32m [PASS][0m
/root/.acme.sh/testdocker.acme.sh/ca.cer is cert ? 'Fake LE Intermediate X1'[1;31;32m [PASS][0m
------------------------------------------
[1;31;32mProgress: 15/23[0m
==Running le_test_standandalone_ECDSA_256 please wait
/root/.acme.sh/acme.sh issue no testdocker.acme.sh no ec-256[1;31;32m [PASS][0m
/root/.acme.sh/testdocker.acme.sh_ecc/testdocker.acme.sh.cer is cert ? 'testdocker.acme.sh' 'Fake LE Intermediate X1'[1;31;32m [PASS][0m
/root/.acme.sh/testdocker.acme.sh_ecc/ca.cer is cert ? 'Fake LE Intermediate X1'[1;31;32m [PASS][0m
------------------------------------------
[1;31;32mProgress: 16/23[0m
==Running le_test_standandalone_ECDSA_256_renew please wait
/root/.acme.sh/acme.sh issue no testdocker.acme.sh no ec-256[1;31;32m [PASS][0m
FORCE=1 /root/.acme.sh/acme.sh renew testdocker.acme.sh[1;31;32m [PASS][0m
------------------------------------------
[1;31;32mProgress: 17/23[0m
==Running le_test_standandalone_ECDSA_256_SAN_renew please wait
/root/.acme.sh/acme.sh issue no "testdocker.acme.sh" "testdocker2.acme.sh" ec-256[1;31;32m [PASS][0m
FORCE=1 /root/.acme.sh/acme.sh renew "testdocker.acme.sh"[1;31;32m [PASS][0m
------------------------------------------
[1;31;32mProgress: 18/23[0m
==Running le_test_standandalone_ECDSA_256_SAN_renew_v2 please wait
/root/.acme.sh/acme.sh --issue -d "testdocker.acme.sh" -d "testdocker2.acme.sh" --standalone --keylength ec-256 --certpath '/acmetest/certs/domain.cer' --keypath '/acmetest/certs/domain.key'  --capath '/acmetest/certs/ca.cer'  --reloadcmd 'echo this is reload'  --fullchainpath  '/acmetest/certs/full.cer'[1;31;32m [PASS][0m
'/root/.acme.sh/testdocker.acme.sh_ecc/testdocker.acme.sh.cer' equals '/acmetest/certs/domain.cer'[1;31;32m [PASS][0m
'/root/.acme.sh/testdocker.acme.sh_ecc/testdocker.acme.sh.key' equals '/acmetest/certs/domain.key'[1;31;32m [PASS][0m
'/root/.acme.sh/testdocker.acme.sh_ecc/ca.cer' equals '/acmetest/certs/ca.cer'[1;31;32m [PASS][0m
'/root/.acme.sh/testdocker.acme.sh_ecc/fullchain.cer' equals '/acmetest/certs/full.cer'[1;31;32m [PASS][0m
/root/.acme.sh/acme.sh --renew --ecc -d "testdocker.acme.sh" --force[1;31;32m [PASS][0m
/root/.acme.sh/testdocker.acme.sh_ecc/testdocker.acme.sh.cer is cert ? 'testdocker.acme.sh' 'Fake LE Intermediate X1'[1;31;32m [PASS][0m
/root/.acme.sh/testdocker.acme.sh_ecc/ca.cer is cert ? 'Fake LE Intermediate X1'[1;31;32m [PASS][0m
'/root/.acme.sh/testdocker.acme.sh_ecc/testdocker.acme.sh.cer' equals '/acmetest/certs/domain.cer'[1;31;32m [PASS][0m
'/root/.acme.sh/testdocker.acme.sh_ecc/testdocker.acme.sh.key' equals '/acmetest/certs/domain.key'[1;31;32m [PASS][0m
'/root/.acme.sh/testdocker.acme.sh_ecc/ca.cer' equals '/acmetest/certs/ca.cer'[1;31;32m [PASS][0m
'/root/.acme.sh/testdocker.acme.sh_ecc/fullchain.cer' equals '/acmetest/certs/full.cer'[1;31;32m [PASS][0m
------------------------------------------
[1;31;32mProgress: 19/23[0m
==Running le_test_standandalone_ECDSA_384 please wait
/root/.acme.sh/acme.sh issue no "testdocker.acme.sh" no ec-384[1;31;32m [PASS][0m
/root/.acme.sh/testdocker.acme.sh_ecc/testdocker.acme.sh.cer is cert ? 'testdocker.acme.sh' 'Fake LE Intermediate X1'[1;31;32m [PASS][0m
/root/.acme.sh/testdocker.acme.sh_ecc/ca.cer is cert ? 'Fake LE Intermediate X1'[1;31;32m [PASS][0m
------------------------------------------
[1;31;32mProgress: 20/23[0m
==Running le_test_standandalone_tls_renew_SAN_v2 please wait
/root/.acme.sh/acme.sh --issue -d "testdocker.acme.sh" --tls  -d "testdocker2.acme.sh" --standalone [1;31;32m [PASS][0m
/root/.acme.sh/acme.sh --renew -d "testdocker.acme.sh" --force[1;31;32m [PASS][0m
/root/.acme.sh/testdocker.acme.sh/testdocker.acme.sh.cer is cert ? 'testdocker.acme.sh' 'Fake LE Intermediate X1'[1;31;32m [PASS][0m
/root/.acme.sh/testdocker.acme.sh/ca.cer is cert ? 'Fake LE Intermediate X1'[1;31;32m [PASS][0m
------------------------------------------
[1;31;32mProgress: 21/23[0m
==Running le_test_tls_renew_SAN_v2 please wait
/root/.acme.sh/acme.sh --issue -d "testdocker.acme.sh" -d "testdocker2.acme.sh" --tls[1;31;32m [PASS][0m
/root/.acme.sh/acme.sh --renew -d "testdocker.acme.sh" --force[1;31;32m [PASS][0m
/root/.acme.sh/testdocker.acme.sh/testdocker.acme.sh.cer is cert ? 'testdocker.acme.sh' 'Fake LE Intermediate X1'[1;31;32m [PASS][0m
/root/.acme.sh/testdocker.acme.sh/ca.cer is cert ? 'Fake LE Intermediate X1'[1;31;32m [PASS][0m
------------------------------------------
[1;31;32mProgress: 22/23[0m
==Running le_test_standandalone_renew_idn_v2 please wait
Skipped by TEST_IDN
------------------------------------------
[1;31;32mProgress: 23/23[0m
==Running le_test_dnsapi please wait
The test domain Test_CF_Domain is not defined, skip:ClourFlare_api
The test domain Test_CX_Domain is not defined, skip:CloudXNS.com_api
The test domain Test_DP_Domain is not defined, skip:Dnspod.cn_api
The test domain Test_GD_Domain is not defined, skip:Godaddy_api
The test domain Test_AWS_Domain is not defined, skip:Amazon_Route53_api
The test domain Test_LUA_Domain is not defined, skip:luadns.com_api
ME_Key is not defined, skip:dnsmadeeasy.com_api
NSUPDATE_KEY is not defined, skip:nsupdate_api
OVH_AK is not defined, skip:OVH.com_api
PDNS_Token is not defined, skip:powerdns.com_api
The test domain Test_ALI_Domain is not defined, skip:aliyun_api
Testing dns_gandi_livedns gandi_livedns
TestingDomain='acmetest.xyz'
/root/.acme.sh/acme.sh --issue -d "acmetest.xyz" --dns dns_gandi_livedns --dnssleep "60" [1;31;32m [PASS][0m
/root/.acme.sh/acmetest.xyz/acmetest.xyz.cer is cert ? 'acmetest.xyz' 'Fake LE Intermediate X1'[1;31;32m [PASS][0m
/root/.acme.sh/acmetest.xyz/ca.cer is cert ? 'Fake LE Intermediate X1'[1;31;32m [PASS][0m
/root/.acme.sh/acme.sh --deactivate -d "acmetest.xyz" >/dev/null 2>&1[1;31;32m [PASS][0m
------------------------------------------
