Sending build context to Docker daemon  2.048kB
Step 1/2 : FROM opensuse/leap:latest
 ---> 38924343a351
Step 2/2 : RUN zypper rr repo-non-oss repo-update-non-oss && zypper update -y  2>&1 && zypper install  -y   tar openssl cron socat curl libidn-tools gzip unzip  2>&1
 ---> Running in b6d1aadb7ed2
Removing repository 'Non-OSS Repository' [...done]
Repository 'Non-OSS Repository' has been removed.
Removing repository 'Update Repository (Non-Oss)' [...done]
Repository 'Update Repository (Non-Oss)' has been removed.
Building repository 'Main Repository' cache [....done]
Building repository 'Main Update Repository' cache [....done]
Loading repository data...
Reading installed packages...

The following 3 NEW packages are going to be installed:
  libglib-2_0-0 libsigc-2_0-0 libzck1

The following 36 packages are going to be upgraded:
  aaa_base boost-license1_66_0 ca-certificates-mozilla file-magic glibc grep krb5 libaudit1 libboost_system1_66_0 libboost_thread1_66_0 libcom_err2 libcurl4 libgcc_s1 libgcrypt20 libgmp10 libgnutls30 libhogweed4 libldap-2_4-2 libldap-data libmagic1 libnettle6 libnghttp2-14 libsasl2-3 libsolv-tools libssh4 libstdc++6 libsystemd0 libudev1 libxml2-2 libz1 libzypp pam perl-base permissions rpm zypper

The following package requires a system reboot:
  glibc

36 packages to upgrade, 3 new.
Overall download size: 16.4 MiB. Already cached: 0 B. After the operation, additional 3.1 MiB will be used.

    Note: System reboot required.
Continue? [y/n/v/...? shows all options] (y): y
Retrieving package boost-license1_66_0-1.66.0-lp151.5.3.1.noarch (1/39),  21.3 KiB (  1.3 KiB unpacked)
Retrieving: boost-license1_66_0-1.66.0-lp151.5.3.1.noarch.rpm [done]
Retrieving package ca-certificates-mozilla-2.40-lp151.2.6.1.noarch (2/39), 351.9 KiB (945.5 KiB unpacked)
Retrieving: ca-certificates-mozilla-2.40-lp151.2.6.1.noarch.rpm [done]
Retrieving package file-magic-5.32-lp151.8.3.1.noarch (3/39), 398.0 KiB (  5.6 MiB unpacked)
Retrieving: file-magic-5.32-lp151.8.3.1.noarch.rpm [done]
Retrieving package glibc-2.26-lp151.19.15.1.x86_64 (4/39),   1.8 MiB (  6.7 MiB unpacked)
Retrieving: glibc-2.26-lp151.19.15.1.x86_64.rpm [.done (5.7 MiB/s)]
Retrieving package libldap-data-2.4.46-lp151.10.9.1.noarch (5/39),  28.9 KiB (  6.4 KiB unpacked)
Retrieving: libldap-data-2.4.46-lp151.10.9.1.noarch.rpm [done]
Retrieving package perl-base-5.26.1-lp151.9.6.1.x86_64 (6/39),   1.3 MiB (  4.1 MiB unpacked)
Retrieving: perl-base-5.26.1-lp151.9.6.1.x86_64.rpm [done]
Retrieving package libz1-1.2.11-lp151.5.6.1.x86_64 (7/39),  62.2 KiB (108.1 KiB unpacked)
Retrieving: libz1-1.2.11-lp151.5.6.1.x86_64.rpm [done]
Retrieving package libudev1-234-lp151.26.19.1.x86_64 (8/39), 206.4 KiB (138.2 KiB unpacked)
Retrieving: libudev1-234-lp151.26.19.1.x86_64.rpm [done]
Retrieving package libsasl2-3-2.1.26-lp151.6.3.1.x86_64 (9/39),  55.8 KiB (115.7 KiB unpacked)
Retrieving: libsasl2-3-2.1.26-lp151.6.3.1.x86_64.rpm [done]
Retrieving package libnghttp2-14-1.40.0-lp151.3.6.1.x86_64 (10/39), 117.6 KiB (159.6 KiB unpacked)
Retrieving: libnghttp2-14-1.40.0-lp151.3.6.1.x86_64.rpm [done]
Retrieving package libnettle6-3.4.1-lp151.2.3.2.x86_64 (11/39), 211.9 KiB (702.4 KiB unpacked)
Retrieving: libnettle6-3.4.1-lp151.2.3.2.x86_64.rpm [done]
Retrieving package libgmp10-6.1.2-lp151.4.3.1.x86_64 (12/39), 272.2 KiB (694.8 KiB unpacked)
Retrieving: libgmp10-6.1.2-lp151.4.3.1.x86_64.rpm [.done (1.0 KiB/s)]
Retrieving package libglib-2_0-0-2.54.3-lp151.7.3.1.x86_64 (13/39), 519.2 KiB (  1.5 MiB unpacked)
Retrieving: libglib-2_0-0-2.54.3-lp151.7.3.1.x86_64.rpm [done]
Retrieving package libgcrypt20-1.8.2-lp151.9.25.1.x86_64 (14/39), 416.7 KiB (  1.1 MiB unpacked)
Retrieving: libgcrypt20-1.8.2-lp151.9.25.1.x86_64.rpm [done]
Retrieving package libgcc_s1-9.3.1+git1296-lp151.2.2.x86_64 (15/39),  55.3 KiB ( 94.7 KiB unpacked)
Retrieving: libgcc_s1-9.3.1+git1296-lp151.2.2.x86_64.rpm [done]
Retrieving package libcom_err2-1.43.8-lp151.5.15.1.x86_64 (16/39),  28.7 KiB ( 41.0 KiB unpacked)
Retrieving: libcom_err2-1.43.8-lp151.5.15.1.x86_64.rpm [done]
Retrieving package libaudit1-2.8.1-lp151.5.3.1.x86_64 (17/39),  47.5 KiB (110.7 KiB unpacked)
Retrieving: libaudit1-2.8.1-lp151.5.3.1.x86_64.rpm [done]
Retrieving package grep-3.1-lp151.4.3.1.x86_64 (18/39), 312.7 KiB (881.6 KiB unpacked)
Retrieving: grep-3.1-lp151.4.3.1.x86_64.rpm [done]
Retrieving package libxml2-2-2.9.7-lp151.5.12.1.x86_64 (19/39), 582.5 KiB (  1.5 MiB unpacked)
Retrieving: libxml2-2-2.9.7-lp151.5.12.1.x86_64.rpm [done]
Retrieving package libmagic1-5.32-lp151.8.3.1.x86_64 (20/39),  74.3 KiB (135.2 KiB unpacked)
Retrieving: libmagic1-5.32-lp151.8.3.1.x86_64.rpm [.done (5.0 MiB/s)]
Retrieving package libldap-2_4-2-2.4.46-lp151.10.9.1.x86_64 (21/39), 160.6 KiB (386.6 KiB unpacked)
Retrieving: libldap-2_4-2-2.4.46-lp151.10.9.1.x86_64.rpm [done]
Retrieving package libhogweed4-3.4.1-lp151.2.3.2.x86_64 (22/39), 152.3 KiB (224.0 KiB unpacked)
Retrieving: libhogweed4-3.4.1-lp151.2.3.2.x86_64.rpm [done]
Retrieving package libsystemd0-234-lp151.26.19.1.x86_64 (23/39), 372.2 KiB (592.1 KiB unpacked)
Retrieving: libsystemd0-234-lp151.26.19.1.x86_64.rpm [done]
Retrieving package libstdc++6-9.3.1+git1296-lp151.2.2.x86_64 (24/39), 483.8 KiB (  1.9 MiB unpacked)
Retrieving: libstdc++6-9.3.1+git1296-lp151.2.2.x86_64.rpm [done]
Retrieving package krb5-1.16.3-lp151.2.9.1.x86_64 (25/39), 659.5 KiB (  2.0 MiB unpacked)
Retrieving: krb5-1.16.3-lp151.2.9.1.x86_64.rpm [done]
Retrieving package permissions-20181116-lp151.4.21.1.x86_64 (26/39),  40.7 KiB (108.3 KiB unpacked)
Retrieving: permissions-20181116-lp151.4.21.1.x86_64.rpm [done]
Retrieving package aaa_base-84.87+git20180409.04c9dae-lp151.5.27.1.x86_64 (27/39), 102.0 KiB (267.9 KiB unpacked)
Retrieving: aaa_base-84.87+git20180409.04c9dae-lp151.5.27.1.x86_64.rpm [done]
Retrieving package rpm-4.14.1-lp151.14.3.1.x86_64 (28/39),   1.6 MiB (  4.6 MiB unpacked)
Retrieving: rpm-4.14.1-lp151.14.3.1.x86_64.rpm [.done (6.1 MiB/s)]
Retrieving package libgnutls30-3.6.7-lp151.2.18.1.x86_64 (29/39), 707.4 KiB (  1.7 MiB unpacked)
Retrieving: libgnutls30-3.6.7-lp151.2.18.1.x86_64.rpm [done]
Retrieving package libboost_system1_66_0-1.66.0-lp151.5.3.1.x86_64 (30/39),  25.9 KiB ( 18.3 KiB unpacked)
Retrieving: libboost_system1_66_0-1.66.0-lp151.5.3.1.x86_64.rpm [done]
Retrieving package libssh4-0.8.7-lp151.2.12.1.x86_64 (31/39), 197.6 KiB (537.5 KiB unpacked)
Retrieving: libssh4-0.8.7-lp151.2.12.1.x86_64.rpm [done]
Retrieving package pam-1.3.0-lp151.8.9.1.x86_64 (32/39), 413.7 KiB (  1.5 MiB unpacked)
Retrieving: pam-1.3.0-lp151.8.9.1.x86_64.rpm [done]
Retrieving package libboost_thread1_66_0-1.66.0-lp151.5.3.1.x86_64 (33/39),  64.0 KiB (171.5 KiB unpacked)
Retrieving: libboost_thread1_66_0-1.66.0-lp151.5.3.1.x86_64.rpm [done]
Retrieving package libcurl4-7.60.0-lp151.5.12.1.x86_64 (34/39), 286.6 KiB (547.4 KiB unpacked)
Retrieving: libcurl4-7.60.0-lp151.5.12.1.x86_64.rpm [done]
Retrieving package libzck1-1.1.0-lp151.1.1.x86_64 (35/39),  42.3 KiB ( 81.2 KiB unpacked)
Retrieving: libzck1-1.1.0-lp151.1.1.x86_64.rpm [done]
Retrieving package libsigc-2_0-0-2.10.0-lp151.2.2.x86_64 (36/39),  79.5 KiB (269.7 KiB unpacked)
Retrieving: libsigc-2_0-0-2.10.0-lp151.2.2.x86_64.rpm [done]
Retrieving package libsolv-tools-0.7.13-lp151.2.16.1.x86_64 (37/39), 629.8 KiB (  5.0 MiB unpacked)
Retrieving: libsolv-tools-0.7.13-lp151.2.16.1.x86_64.rpm [done]
Retrieving package libzypp-17.23.4-lp151.2.16.2.x86_64 (38/39),   2.2 MiB (  8.0 MiB unpacked)
Retrieving: libzypp-17.23.4-lp151.2.16.2.x86_64.rpm [done]
Retrieving package zypper-1.14.37-lp151.2.14.1.x86_64 (39/39),   1.5 MiB (  7.5 MiB unpacked)
Retrieving: zypper-1.14.37-lp151.2.14.1.x86_64.rpm [done]

Checking for file conflicts: [.........done]
( 1/39) Installing: boost-license1_66_0-1.66.0-lp151.5.3.1.noarch [........done]
( 2/39) Installing: ca-certificates-mozilla-2.40-lp151.2.6.1.noarch [..................done]
( 3/39) Installing: file-magic-5.32-lp151.8.3.1.noarch [.............done]
( 4/39) Installing: glibc-2.26-lp151.19.15.1.x86_64 [...................done]
( 5/39) Installing: libldap-data-2.4.46-lp151.10.9.1.noarch [.........done]
( 6/39) Installing: perl-base-5.26.1-lp151.9.6.1.x86_64 [...................done]
( 7/39) Installing: libz1-1.2.11-lp151.5.6.1.x86_64 [...........done]
( 8/39) Installing: libudev1-234-lp151.26.19.1.x86_64 [.........done]
( 9/39) Installing: libsasl2-3-2.1.26-lp151.6.3.1.x86_64 [.........done]
(10/39) Installing: libnghttp2-14-1.40.0-lp151.3.6.1.x86_64 [...........done]
(11/39) Installing: libnettle6-3.4.1-lp151.2.3.2.x86_64 [...............done]
(12/39) Installing: libgmp10-6.1.2-lp151.4.3.1.x86_64 [...............done]
(13/39) Installing: libglib-2_0-0-2.54.3-lp151.7.3.1.x86_64 [............done]
(14/39) Installing: libgcrypt20-1.8.2-lp151.9.25.1.x86_64 [.............done]
(15/39) Installing: libgcc_s1-9.3.1+git1296-lp151.2.2.x86_64 [........done]
(16/39) Installing: libcom_err2-1.43.8-lp151.5.15.1.x86_64 [..............done]
(17/39) Installing: libaudit1-2.8.1-lp151.5.3.1.x86_64 [...........done]
(18/39) Installing: grep-3.1-lp151.4.3.1.x86_64 [.................done]
(19/39) Installing: libxml2-2-2.9.7-lp151.5.12.1.x86_64 [...............done]
(20/39) Installing: libmagic1-5.32-lp151.8.3.1.x86_64 [.........done]
(21/39) Installing: libldap-2_4-2-2.4.46-lp151.10.9.1.x86_64 [............done]
(22/39) Installing: libhogweed4-3.4.1-lp151.2.3.2.x86_64 [..........done]
(23/39) Installing: libsystemd0-234-lp151.26.19.1.x86_64 [...........done]
(24/39) Installing: libstdc++6-9.3.1+git1296-lp151.2.2.x86_64 [...........done]
(25/39) Installing: krb5-1.16.3-lp151.2.9.1.x86_64 [...................done]
(26/39) Installing: permissions-20181116-lp151.4.21.1.x86_64 [................done]
Additional rpm output:
Updating /etc/sysconfig/security ...


(27/39) Installing: aaa_base-84.87+git20180409.04c9dae-lp151.5.27.1.x86_64 [...................done]
Additional rpm output:
Updating /etc/sysconfig/language ...
Updating /etc/sysconfig/proxy ...
Updating /etc/sysconfig/windowmanager ...


(28/39) Installing: rpm-4.14.1-lp151.14.3.1.x86_64 [...................done]
Additional rpm output:
Updating /etc/sysconfig/services ...


(29/39) Installing: libgnutls30-3.6.7-lp151.2.18.1.x86_64 [...........done]
(30/39) Installing: libboost_system1_66_0-1.66.0-lp151.5.3.1.x86_64 [.......done]
(31/39) Installing: libssh4-0.8.7-lp151.2.12.1.x86_64 [..............done]
(32/39) Installing: pam-1.3.0-lp151.8.9.1.x86_64 [...................done]
(33/39) Installing: libboost_thread1_66_0-1.66.0-lp151.5.3.1.x86_64 [........done]
(34/39) Installing: libcurl4-7.60.0-lp151.5.12.1.x86_64 [.............done]
(35/39) Installing: libzck1-1.1.0-lp151.1.1.x86_64 [......done]
(36/39) Installing: libsigc-2_0-0-2.10.0-lp151.2.2.x86_64 [..........done]
(37/39) Installing: libsolv-tools-0.7.13-lp151.2.16.1.x86_64 [..................done]
(38/39) Installing: libzypp-17.23.4-lp151.2.16.2.x86_64 [...................done]
Additional rpm output:
warning: /etc/zypp/zypp.conf created as /etc/zypp/zypp.conf.rpmnew


(39/39) Installing: zypper-1.14.37-lp151.2.14.1.x86_64 [...................done]
Executing %posttrans script 'rpm-4.14.1-lp151.14.3.1.x86_64.rpm' [....done]
 
Core libraries or services have been updated.
Reboot is required to ensure that your system benefits from these updates.
Loading repository data...
Reading installed packages...
'openssl' is already installed.
No update candidate for 'openssl-1.1.0i-lp151.1.1.noarch'. The highest available version is already installed.
Resolving package dependencies...

The following 34 NEW packages are going to be installed:
  blog cron cronie curl dbus-1 gzip kbd kbd-legacy kmod libapparmor1 libargon2-1 libcryptsetup12 libdbus-1-3 libdevmapper1_03 libexpat1 libidn-tools libidn11 libjson-c3 libkmod2 libmetalink3 libqrencode4 libseccomp2 libwrap0 mailx pam-config pkg-config socat systemd systemd-presets-branding-openSUSE systemd-presets-common-SUSE sysvinit-tools tar udev unzip

The following 3 packages require a system reboot:
  dbus-1 systemd udev

34 new packages to install.
Overall download size: 9.4 MiB. Already cached: 0 B. After the operation, additional 29.2 MiB will be used.

    Note: System reboot required.
Continue? [y/n/v/...? shows all options] (y): y
Retrieving package blog-2.18-lp151.5.3.x86_64 (1/34),  53.6 KiB (129.0 KiB unpacked)
Retrieving: blog-2.18-lp151.5.3.x86_64.rpm [.done (1.0 KiB/s)]
Retrieving package gzip-1.9-lp151.3.68.x86_64 (2/34), 136.2 KiB (303.4 KiB unpacked)
Retrieving: gzip-1.9-lp151.3.68.x86_64.rpm [done]
Retrieving package kbd-legacy-2.0.4-lp151.8.1.noarch (3/34), 502.8 KiB (517.0 KiB unpacked)
Retrieving: kbd-legacy-2.0.4-lp151.8.1.noarch.rpm [done]
Retrieving package kmod-25-lp151.6.1.x86_64 (4/34), 142.7 KiB (289.6 KiB unpacked)
Retrieving: kmod-25-lp151.6.1.x86_64.rpm [done]
Retrieving package libargon2-1-0.0+git20171227.670229c-lp151.3.3.x86_64 (5/34),  19.9 KiB ( 30.2 KiB unpacked)
Retrieving: libargon2-1-0.0+git20171227.670229c-lp151.3.3.x86_64.rpm [done]
Retrieving package libidn11-1.34-lp151.2.3.x86_64 (6/34),  73.7 KiB (293.2 KiB unpacked)
Retrieving: libidn11-1.34-lp151.2.3.x86_64.rpm [done]
Retrieving package libjson-c3-0.13-lp151.2.3.x86_64 (7/34),  40.7 KiB ( 64.9 KiB unpacked)
Retrieving: libjson-c3-0.13-lp151.2.3.x86_64.rpm [done]
Retrieving package libkmod2-25-lp151.6.1.x86_64 (8/34),  99.1 KiB (212.5 KiB unpacked)
Retrieving: libkmod2-25-lp151.6.1.x86_64.rpm [done]
Retrieving package libqrencode4-4.0.0-lp151.2.3.x86_64 (9/34),  28.8 KiB ( 50.0 KiB unpacked)
Retrieving: libqrencode4-4.0.0-lp151.2.3.x86_64.rpm [.done]
Retrieving package libwrap0-7.6-lp151.2.70.x86_64 (10/34),  24.4 KiB ( 40.7 KiB unpacked)
Retrieving: libwrap0-7.6-lp151.2.70.x86_64.rpm [done]
Retrieving package mailx-12.5-lp151.2.4.x86_64 (11/34), 321.2 KiB (547.7 KiB unpacked)
Retrieving: mailx-12.5-lp151.2.4.x86_64.rpm [done]
Retrieving package pam-config-0.96-lp151.1.2.x86_64 (12/34), 129.0 KiB (626.8 KiB unpacked)
Retrieving: pam-config-0.96-lp151.1.2.x86_64.rpm [done]
Retrieving package pkg-config-0.29.2-lp151.2.70.x86_64 (13/34), 230.1 KiB (675.4 KiB unpacked)
Retrieving: pkg-config-0.29.2-lp151.2.70.x86_64.rpm [done]
Retrieving package systemd-presets-common-SUSE-15-lp151.7.1.noarch (14/34),  19.9 KiB (  4.0 KiB unpacked)
Retrieving: systemd-presets-common-SUSE-15-lp151.7.1.noarch.rpm [done]
Retrieving package tar-1.30-lp151.2.1.x86_64 (15/34), 209.1 KiB (470.6 KiB unpacked)
Retrieving: tar-1.30-lp151.2.1.x86_64.rpm [done]
Retrieving package unzip-6.00-lp151.5.1.x86_64 (16/34), 107.0 KiB (262.8 KiB unpacked)
Retrieving: unzip-6.00-lp151.5.1.x86_64.rpm [done]
Retrieving package sysvinit-tools-2.88+-lp151.2.3.x86_64 (17/34), 144.5 KiB (391.3 KiB unpacked)
Retrieving: sysvinit-tools-2.88+-lp151.2.3.x86_64.rpm [done]
Retrieving package kbd-2.0.4-lp151.8.1.x86_64 (18/34),   1.8 MiB (  4.2 MiB unpacked)
Retrieving: kbd-2.0.4-lp151.8.1.x86_64.rpm [.done (4.0 MiB/s)]
Retrieving package libidn-tools-1.34-lp151.2.3.x86_64 (19/34), 161.6 KiB (378.5 KiB unpacked)
Retrieving: libidn-tools-1.34-lp151.2.3.x86_64.rpm [done]
Retrieving package socat-1.7.3.2-lp151.4.3.x86_64 (20/34), 227.3 KiB (710.5 KiB unpacked)
Retrieving: socat-1.7.3.2-lp151.4.3.x86_64.rpm [done]
Retrieving package systemd-presets-branding-openSUSE-12.2-lp151.13.2.noarch (21/34),  17.6 KiB (  184   B unpacked)
Retrieving: systemd-presets-branding-openSUSE-12.2-lp151.13.2.noarch.rpm [done]
Retrieving package libapparmor1-2.12.3-lp151.4.3.1.x86_64 (22/34),  35.0 KiB ( 67.5 KiB unpacked)
Retrieving: libapparmor1-2.12.3-lp151.4.3.1.x86_64.rpm [done]
Retrieving package libdbus-1-3-1.12.2-lp151.4.3.1.x86_64 (23/34), 150.7 KiB (325.9 KiB unpacked)
Retrieving: libdbus-1-3-1.12.2-lp151.4.3.1.x86_64.rpm [done]
Retrieving package libdevmapper1_03-1.02.149-lp151.4.15.1.x86_64 (24/34), 171.7 KiB (345.8 KiB unpacked)
Retrieving: libdevmapper1_03-1.02.149-lp151.4.15.1.x86_64.rpm [done]
Retrieving package libexpat1-2.2.5-lp151.3.6.1.x86_64 (25/34),  75.0 KiB (198.3 KiB unpacked)
Retrieving: libexpat1-2.2.5-lp151.3.6.1.x86_64.rpm [done]
Retrieving package libseccomp2-2.4.1-lp151.3.3.1.x86_64 (26/34),  57.1 KiB (306.2 KiB unpacked)
Retrieving: libseccomp2-2.4.1-lp151.3.3.1.x86_64.rpm [.done (1.0 KiB/s)]
Retrieving package dbus-1-1.12.2-lp151.4.3.1.x86_64 (27/34), 249.6 KiB (624.4 KiB unpacked)
Retrieving: dbus-1-1.12.2-lp151.4.3.1.x86_64.rpm [done]
Retrieving package libcryptsetup12-2.0.5-lp151.1.17.x86_64 (28/34), 157.4 KiB (329.3 KiB unpacked)
Retrieving: libcryptsetup12-2.0.5-lp151.1.17.x86_64.rpm [done]
Retrieving package libmetalink3-0.1.3-lp151.2.3.x86_64 (29/34),  27.6 KiB ( 68.1 KiB unpacked)
Retrieving: libmetalink3-0.1.3-lp151.2.3.x86_64.rpm [done]
Retrieving package systemd-234-lp151.26.19.1.x86_64 (30/34),   2.4 MiB (  8.8 MiB unpacked)
Retrieving: systemd-234-lp151.26.19.1.x86_64.rpm [done]
Retrieving package curl-7.60.0-lp151.5.12.1.x86_64 (31/34), 294.0 KiB (491.2 KiB unpacked)
Retrieving: curl-7.60.0-lp151.5.12.1.x86_64.rpm [done]
Retrieving package udev-234-lp151.26.19.1.x86_64 (32/34),   1.2 MiB (  7.4 MiB unpacked)
Retrieving: udev-234-lp151.26.19.1.x86_64.rpm [.done (9.6 MiB/s)]
Retrieving package cron-4.2-lp151.4.6.1.x86_64 (33/34),  12.4 KiB (  181   B unpacked)
Retrieving: cron-4.2-lp151.4.6.1.x86_64.rpm [done]
Retrieving package cronie-1.5.1-lp151.4.6.1.x86_64 (34/34), 100.2 KiB (248.5 KiB unpacked)
Retrieving: cronie-1.5.1-lp151.4.6.1.x86_64.rpm [done]

Checking for file conflicts: [.........done]
( 1/34) Installing: blog-2.18-lp151.5.3.x86_64 [........done]
( 2/34) Installing: gzip-1.9-lp151.3.68.x86_64 [..........done]
( 3/34) Installing: kbd-legacy-2.0.4-lp151.8.1.noarch [............done]
( 4/34) Installing: kmod-25-lp151.6.1.x86_64 [............done]
( 5/34) Installing: libargon2-1-0.0+git20171227.670229c-lp151.3.3.x86_64 [....done]
( 6/34) Installing: libidn11-1.34-lp151.2.3.x86_64 [...........done]
( 7/34) Installing: libjson-c3-0.13-lp151.2.3.x86_64 [.....done]
( 8/34) Installing: libkmod2-25-lp151.6.1.x86_64 [.........done]
( 9/34) Installing: libqrencode4-4.0.0-lp151.2.3.x86_64 [.....done]
(10/34) Installing: libwrap0-7.6-lp151.2.70.x86_64 [.....done]
(11/34) Installing: mailx-12.5-lp151.2.4.x86_64 [............done]
(12/34) Installing: pam-config-0.96-lp151.1.2.x86_64 [...........done]
Additional rpm output:
*** write_config (account, /etc/pam.d/common-account-pc, ...)
**** write config for pam_access.so (account, disabled)
**** write config for pam_unix2.so (account, disabled)
**** write config for pam_unix.so (account, enabled)
**** write config for pam_krb5.so (account, disabled)
**** write config for pam_localuser.so (account, disabled)
**** write config for pam_sss.so (account, disabled)
**** write config for pam_ldap.so (account, disabled)
**** write config for pam_nam.so (account, disabled)
**** write config for pam_winbind.so (account, disabled)
**** write config for pam_time.so (account, disabled)
*** write_config (auth, /etc/pam.d/common-auth-pc, ...)
**** write config for pam_env.so (auth, enabled)
**** write config for pam_group.so (auth, disabled)
**** write config for pam_pkcs11.so (auth, disabled)
**** write config for pam_fp.so (auth, disabled)
**** write config for pam_fprint.so (auth, disabled)
**** write config for pam_fprintd.so (auth, disabled)
**** write config for pam_thinkfinger.so (auth, disabled)
**** write config for pam_gnome_keyring.so (auth, disabled)
**** write config for pam_kwallet5.so (auth, disabled)
**** write config for pam_ssh.so (auth, disabled)
**** write config for pam_unix2.so (auth, disabled)
**** write config for pam_unix.so (auth, enabled)
**** write config for pam_ecryptfs.so (auth, disabled)
**** write config for pam_krb5.so (auth, disabled)
**** write config for pam_sss.so (auth, disabled)
**** write config for pam_ldap.so (auth, disabled)
**** write config for pam_nam.so (auth, disabled)
**** write config for pam_winbind.so (auth, disabled)
*** write_config (password, /etc/pam.d/common-password-pc, ...)
**** write config for pam_winbind.so (password, disabled)
**** write config for pam_pwcheck.so (password, disabled)
**** write config for pam_passwdqc.so (password, disabled)
**** write config for pam_cracklib.so (password, enabled)
**** write config for pam_pwhistory.so (password, disabled)
**** write config for pam_gnome_keyring.so (password, disabled)
**** write config for pam_kwallet5.so (password, disabled)
**** write config for pam_ecryptfs.so (password, disabled)
**** write config for pam_unix2.so (password, disabled)
**** write config for pam_unix.so (password, enabled)
**** write config for pam_make.so (password, disabled)
**** write config for pam_exec.so (password, disabled)
**** write config for pam_krb5.so (password, disabled)
**** write config for pam_sss.so (password, disabled)
**** write config for pam_ldap.so (password, disabled)
**** write config for pam_nam.so (password, disabled)
*** write_config (session, /etc/pam.d/common-session-pc, ...)
**** write config for pam_selinux.so (session, disabled)
**** write config for pam_mkhomedir.so (session, disabled)
**** write config for pam_systemd.so (session, disabled)
**** write config for pam_limits.so (session, enabled)
**** write config for pam_unix2.so (session, disabled)
**** write config for pam_unix.so (session, enabled)
**** write config for pam_apparmor.so (session, disabled)
**** write config for pam_krb5.so (session, disabled)
**** write config for pam_sss.so (session, disabled)
**** write config for pam_ldap.so (session, disabled)
**** write config for pam_winbind.so (session, disabled)
**** write config for pam_nam.so (session, disabled)
**** write config for pam_umask.so (session, enabled)
**** write config for pam_ssh.so (session, disabled)
**** write config for pam_selinux.so (session, disabled)
**** write config for pam_gnome_keyring.so (session, disabled)
**** write config for pam_kwallet5.so (session, disabled)
**** write config for pam_exec.so (session, disabled)
**** write config for pam_ecryptfs.so (session, disabled)
**** write config for pam_env.so (session, enabled)


(13/34) Installing: pkg-config-0.29.2-lp151.2.70.x86_64 [...........done]
(14/34) Installing: systemd-presets-common-SUSE-15-lp151.7.1.noarch [......done]
(15/34) Installing: tar-1.30-lp151.2.1.x86_64 [...........done]
(16/34) Installing: unzip-6.00-lp151.5.1.x86_64 [...........done]
Additional rpm output:
update-alternatives: using /usr/bin/unzip-plain to provide /usr/bin/unzip (unzip) in auto mode
update-alternatives: using /usr/bin/funzip-plain to provide /usr/bin/funzip (funzip) in auto mode
update-alternatives: using /usr/bin/unzipsfx-plain to provide /usr/bin/unzipsfx (unzipsfx) in auto mode
update-alternatives: using /usr/bin/zipgrep-plain to provide /usr/bin/zipgrep (zipgrep) in auto mode


(17/34) Installing: sysvinit-tools-2.88+-lp151.2.3.x86_64 [...........done]
(18/34) Installing: kbd-2.0.4-lp151.8.1.x86_64 [............done]
Additional rpm output:
Updating /etc/sysconfig/console ...
Updating /etc/sysconfig/keyboard ...


(19/34) Installing: libidn-tools-1.34-lp151.2.3.x86_64 [...........done]
(20/34) Installing: socat-1.7.3.2-lp151.4.3.x86_64 [...........done]
(21/34) Installing: systemd-presets-branding-openSUSE-12.2-lp151.13.2.noarch [.....done]
(22/34) Installing: libapparmor1-2.12.3-lp151.4.3.1.x86_64 [.....done]
(23/34) Installing: libdbus-1-3-1.12.2-lp151.4.3.1.x86_64 [.........done]
(24/34) Installing: libdevmapper1_03-1.02.149-lp151.4.15.1.x86_64 [.........done]
(25/34) Installing: libexpat1-2.2.5-lp151.3.6.1.x86_64 [.........done]
(26/34) Installing: libseccomp2-2.4.1-lp151.3.3.1.x86_64 [........done]
(27/34) Installing: dbus-1-1.12.2-lp151.4.3.1.x86_64 [...........done]
Additional rpm output:
update-alternatives: using /usr/bin/dbus-launch.nox11 to provide /usr/bin/dbus-launch (dbus-launch) in auto mode


(28/34) Installing: libcryptsetup12-2.0.5-lp151.1.17.x86_64 [.........done]
(29/34) Installing: libmetalink3-0.1.3-lp151.2.3.x86_64 [.....done]
(30/34) Installing: systemd-234-lp151.26.19.1.x86_64 [............done]
Additional rpm output:
Creating group systemd-journal with gid 486.
Creating group systemd-network with gid 485.
Creating user systemd-network (systemd Network Management) with uid 485 and gid 485.
Creating group systemd-coredump with gid 484.
Creating user systemd-coredump (systemd Core Dumper) with uid 484 and gid 484.
Creating group systemd-timesync with gid 483.
Creating user systemd-timesync (systemd Time Synchronization) with uid 483 and gid 483.
[/usr/lib/tmpfiles.d/journal-nocow.conf:26] Failed to resolve specifier: uninitialized /etc detected, skipping
All rules containing unresolvable specifiers will be skipped.
[/usr/lib/tmpfiles.d/tmp.conf:13] Duplicate line for path "/var/tmp", ignoring.
[/usr/lib/tmpfiles.d/var.conf:21] Duplicate line for path "/var/lib", ignoring.
[/usr/lib/tmpfiles.d/var.conf:23] Duplicate line for path "/var/spool", ignoring.
Created symlink /etc/systemd/system/multi-user.target.wants/remote-fs.target -> /usr/lib/systemd/system/remote-fs.target.
Created symlink /etc/systemd/system/getty.target.wants/getty@tty1.service -> /usr/lib/systemd/system/getty@.service.


(31/34) Installing: curl-7.60.0-lp151.5.12.1.x86_64 [..........done]
(32/34) Installing: udev-234-lp151.26.19.1.x86_64 [............done]
(33/34) Installing: cron-4.2-lp151.4.6.1.x86_64 [.....done]
(34/34) Installing: cronie-1.5.1-lp151.4.6.1.x86_64 [..........done]
Additional rpm output:
setting /usr/bin/crontab to root:trusted 4755. (wrong permissions 4750)
Updating /etc/sysconfig/cron ...
Failed to connect to bus: No such file or directory
Created symlink /etc/systemd/system/multi-user.target.wants/cron.service -> /usr/lib/systemd/system/cron.service.


Executing %posttrans script 'blog-2.18-lp151.5.3.x86_64.rpm' [....
Output of systemd-presets-common-SUSE-15-lp151.7.1.noarch.rpm %posttrans script:
    Created symlink /etc/systemd/system/default.target.wants/ca-certificates.path -> /usr/lib/systemd/system/ca-certificates.path.
    Created symlink /etc/systemd/system/multi-user.target.wants/kbdsettings.service -> /usr/lib/systemd/system/kbdsettings.service.

....
Output of udev-234-lp151.26.19.1.x86_64.rpm %posttrans script:
    Creating /lib/udev -> /usr/lib/udev symlink.

..done]
Removing intermediate container b6d1aadb7ed2
 ---> cd37fc9de773
Successfully built cd37fc9de773
Successfully tagged myopensuse-leap:latest
Fri, 10 Jul 2020 03:46:10 UTC
Testing branch: master
Progress: 0/1/21
==Running le_test_dependencies please wait
no crontab for root
no crontab for root
curl installed. [PASS]
crontab installed. [PASS]
openssl installed. [PASS]
socat installed. [PASS]
------------------------------------------
Progress: 0/2/21
==Running le_test_install please wait
./acme.sh --install [PASS]
/root/.acme.sh/acme.sh exists. [PASS]
_contains '13 0 * * * "/root/.acme.sh"/acme.sh --cron --home "/root/.acme.sh" > /dev/null' '0 \* \* \* "/root/.acme.sh"/acme.sh --cron --home "/root/.acme.sh" > /dev/null' [PASS]
/root/.acme.sh/acme.sh --uninstall  > /dev/null [PASS]
------------------------------------------
Progress: 0/3/21
==Running le_test_uninstall please wait
./acme.sh --install [PASS]
/root/.acme.sh/acme.sh --uninstall [PASS]
/root/.acme.sh/acme.sh no exists. [PASS]
equals  [PASS]
------------------------------------------
Progress: 0/4/21
==Running le_test_installtodir please wait
./acme.sh --install [PASS]
/root/myle/acme.sh exists. [PASS]
_contains '16 0 * * * "/root/myle"/acme.sh --cron --home "/root/myle" > /dev/null' '0 \* \* \* "/root/myle"/acme.sh --cron --home "/root/myle" > /dev/null' [PASS]
/root/myle/acme.sh --uninstall [PASS]
------------------------------------------
Progress: 0/5/21
==Running le_test_uninstalltodir please wait
./acme.sh --install [PASS]
/root/myle/acme.sh --uninstall [PASS]
/root/myle/acme.sh no exists. [PASS]
equals  [PASS]
------------------------------------------
Progress: 0/6/21
==Running le_test_install_config_home please wait
./acme.sh --install --config-home /root/etc/acme [PASS]
/root/.acme.sh/acme.sh exists. [PASS]
_contains '18 0 * * * "/root/.acme.sh"/acme.sh --cron --home "/root/.acme.sh" --config-home "/root/etc/acme" > /dev/null' '0 \* \* \* "/root/.acme.sh"/acme.sh --cron --home "/root/.acme.sh" --config-home "/root/etc/acme" > /dev/null' [PASS]
/root/etc/acme/account.conf exists. [PASS]
/root/.acme.sh/account.conf no exists. [PASS]
/root/.acme.sh/acme.sh --cron --config-home /root/etc/acme > /dev/null [PASS]
/root/.acme.sh/acme.sh --uninstall --config-home /root/etc/acme > /dev/null [PASS]
/root/etc/acme/account.conf exists. [PASS]
/root/.acme.sh/account.conf no exists. [PASS]
------------------------------------------
Progress: 0/7/21
==Running le_test_standandalone_renew please wait
/root/.acme.sh/acme.sh --issue -d testdocker.acme.sh --standalone [PASS]
/root/.acme.sh/acme.sh --renew -d testdocker.acme.sh -f [PASS]
------------------------------------------
Progress: 0/8/21
==Running le_test_standandalone_renew_v2 please wait
/root/.acme.sh/acme.sh --issue -d testdocker.acme.sh --standalone --certpath '/acmetest/certs/domain.cer' --keypath '/acmetest/certs/domain.key'  --capath '/acmetest/certs/ca.cer'  --reloadcmd 'echo this is reload'  --fullchainpath  '/acmetest/certs/full.cer' [PASS]
'/root/.acme.sh/testdocker.acme.sh/testdocker.acme.sh.cer' equals '/acmetest/certs/domain.cer' [PASS]
'/root/.acme.sh/testdocker.acme.sh/testdocker.acme.sh.key' equals '/acmetest/certs/domain.key' [PASS]
'/root/.acme.sh/testdocker.acme.sh/ca.cer' equals '/acmetest/certs/ca.cer' [PASS]
'/root/.acme.sh/testdocker.acme.sh/fullchain.cer' equals '/acmetest/certs/full.cer' [PASS]
/root/.acme.sh/acme.sh --renew -d testdocker.acme.sh --force [PASS]
/root/.acme.sh/testdocker.acme.sh/testdocker.acme.sh.cer is cert ? 'testdocker.acme.sh' 'Fake LE Intermediate X1' [PASS]
/root/.acme.sh/testdocker.acme.sh/ca.cer is cert ? 'Fake LE Intermediate X1' [PASS]
'/root/.acme.sh/testdocker.acme.sh/testdocker.acme.sh.cer' equals '/acmetest/certs/domain.cer' [PASS]
'/root/.acme.sh/testdocker.acme.sh/testdocker.acme.sh.key' equals '/acmetest/certs/domain.key' [PASS]
'/root/.acme.sh/testdocker.acme.sh/ca.cer' equals '/acmetest/certs/ca.cer' [PASS]
'/root/.acme.sh/testdocker.acme.sh/fullchain.cer' equals '/acmetest/certs/full.cer' [PASS]
------------------------------------------
Progress: 0/9/21
==Running le_test_standandalone_renew_localaddress_v2 please wait
/root/.acme.sh/acme.sh --issue -d testdocker.acme.sh --standalone --local-address 0.0.0.0 --certpath '/acmetest/certs/domain.cer' --keypath '/acmetest/certs/domain.key'  --capath '/acmetest/certs/ca.cer'  --reloadcmd 'echo this is reload'  --fullchainpath  '/acmetest/certs/full.cer' [PASS]
'/root/.acme.sh/testdocker.acme.sh/testdocker.acme.sh.cer' equals '/acmetest/certs/domain.cer' [PASS]
'/root/.acme.sh/testdocker.acme.sh/testdocker.acme.sh.key' equals '/acmetest/certs/domain.key' [PASS]
'/root/.acme.sh/testdocker.acme.sh/ca.cer' equals '/acmetest/certs/ca.cer' [PASS]
'/root/.acme.sh/testdocker.acme.sh/fullchain.cer' equals '/acmetest/certs/full.cer' [PASS]
/root/.acme.sh/acme.sh --renew -d testdocker.acme.sh --force [PASS]
/root/.acme.sh/testdocker.acme.sh/testdocker.acme.sh.cer is cert ? 'testdocker.acme.sh' 'Fake LE Intermediate X1' [PASS]
/root/.acme.sh/testdocker.acme.sh/ca.cer is cert ? 'Fake LE Intermediate X1' [PASS]
'/root/.acme.sh/testdocker.acme.sh/testdocker.acme.sh.cer' equals '/acmetest/certs/domain.cer' [PASS]
'/root/.acme.sh/testdocker.acme.sh/testdocker.acme.sh.key' equals '/acmetest/certs/domain.key' [PASS]
'/root/.acme.sh/testdocker.acme.sh/ca.cer' equals '/acmetest/certs/ca.cer' [PASS]
'/root/.acme.sh/testdocker.acme.sh/fullchain.cer' equals '/acmetest/certs/full.cer' [PASS]
------------------------------------------
Progress: 0/10/21
==Running le_test_standandalone_listen_v4_v2 please wait
/root/.acme.sh/acme.sh --issue -d testdocker.acme.sh --standalone --listen-v4 --cert-file '/acmetest/certs/domain.cer' --key-file '/acmetest/certs/domain.key'  --ca-file '/acmetest/certs/ca.cer'  --reloadcmd 'echo this is reload'  --fullchain-file  '/acmetest/certs/full.cer' [PASS]
'/root/.acme.sh/testdocker.acme.sh/testdocker.acme.sh.cer' equals '/acmetest/certs/domain.cer' [PASS]
'/root/.acme.sh/testdocker.acme.sh/testdocker.acme.sh.key' equals '/acmetest/certs/domain.key' [PASS]
'/root/.acme.sh/testdocker.acme.sh/ca.cer' equals '/acmetest/certs/ca.cer' [PASS]
'/root/.acme.sh/testdocker.acme.sh/fullchain.cer' equals '/acmetest/certs/full.cer' [PASS]
/root/.acme.sh/acme.sh --renew -d testdocker.acme.sh --force [PASS]
/root/.acme.sh/testdocker.acme.sh/testdocker.acme.sh.cer is cert ? 'testdocker.acme.sh' 'Fake LE Intermediate X1' [PASS]
/root/.acme.sh/testdocker.acme.sh/ca.cer is cert ? 'Fake LE Intermediate X1' [PASS]
'/root/.acme.sh/testdocker.acme.sh/testdocker.acme.sh.cer' equals '/acmetest/certs/domain.cer' [PASS]
'/root/.acme.sh/testdocker.acme.sh/testdocker.acme.sh.key' equals '/acmetest/certs/domain.key' [PASS]
'/root/.acme.sh/testdocker.acme.sh/ca.cer' equals '/acmetest/certs/ca.cer' [PASS]
'/root/.acme.sh/testdocker.acme.sh/fullchain.cer' equals '/acmetest/certs/full.cer' [PASS]
------------------------------------------
Progress: 0/11/21
==Running le_test_standandalone_listen_v6_v2 please wait
Skipped by TEST_IPV6
------------------------------------------
Progress: 0/12/21
==Running le_test_standandalone_deactivate_v2 please wait
/root/.acme.sh/acme.sh --issue -d testdocker.acme.sh --standalone --certpath '/acmetest/certs/domain.cer' --keypath '/acmetest/certs/domain.key'  --capath '/acmetest/certs/ca.cer'  --reloadcmd 'echo this is reload'  --fullchainpath  '/acmetest/certs/full.cer' [PASS]
'/root/.acme.sh/testdocker.acme.sh/testdocker.acme.sh.cer' equals '/acmetest/certs/domain.cer' [PASS]
'/root/.acme.sh/testdocker.acme.sh/testdocker.acme.sh.key' equals '/acmetest/certs/domain.key' [PASS]
'/root/.acme.sh/testdocker.acme.sh/ca.cer' equals '/acmetest/certs/ca.cer' [PASS]
'/root/.acme.sh/testdocker.acme.sh/fullchain.cer' equals '/acmetest/certs/full.cer' [PASS]
/root/.acme.sh/acme.sh --deactivate -d testdocker.acme.sh [PASS]
------------------------------------------
Progress: 0/13/21
==Running le_test_standandalone please wait
/root/.acme.sh/acme.sh --issue -d testdocker.acme.sh --standalone [PASS]
/root/.acme.sh/testdocker.acme.sh/testdocker.acme.sh.cer is cert ? 'testdocker.acme.sh' 'Fake LE Intermediate X1' [PASS]
/root/.acme.sh/testdocker.acme.sh/ca.cer is cert ? 'Fake LE Intermediate X1' [PASS]
------------------------------------------
Progress: 0/14/21
==Running le_test_standandalone_SAN please wait
/root/.acme.sh/acme.sh --issue -d "testdocker.acme.sh" -d "testdocker2.acme.sh" --standalone [PASS]
/root/.acme.sh/testdocker.acme.sh/testdocker.acme.sh.cer is cert ? 'testdocker.acme.sh' 'Fake LE Intermediate X1' [PASS]
/root/.acme.sh/testdocker.acme.sh/ca.cer is cert ? 'Fake LE Intermediate X1' [PASS]
------------------------------------------
Progress: 0/15/21
==Running le_test_standandalone_ECDSA_256 please wait
/root/.acme.sh/acme.sh --issue -d testdocker.acme.sh --standalone -k ec-256 [PASS]
/root/.acme.sh/testdocker.acme.sh_ecc/testdocker.acme.sh.cer is cert ? 'testdocker.acme.sh' 'Fake LE Intermediate X1' [PASS]
/root/.acme.sh/testdocker.acme.sh_ecc/ca.cer is cert ? 'Fake LE Intermediate X1' [PASS]
------------------------------------------
Progress: 0/16/21
==Running le_test_standandalone_ECDSA_256_renew please wait
/root/.acme.sh/acme.sh --issue --standalone -d testdocker.acme.sh  -k ec-256 [PASS]
/root/.acme.sh/acme.sh --renew -d testdocker.acme.sh --force --ecc [PASS]
------------------------------------------
Progress: 0/17/21
==Running le_test_standandalone_ECDSA_256_SAN_renew please wait
/root/.acme.sh/acme.sh --issue --standalone -d "testdocker.acme.sh" -d "testdocker2.acme.sh" -k ec-256 [PASS]
/root/.acme.sh/acme.sh --renew -d "testdocker.acme.sh" --force --ecc [PASS]
------------------------------------------
Progress: 0/18/21
==Running le_test_standandalone_ECDSA_256_SAN_renew_v2 please wait
/root/.acme.sh/acme.sh --issue -d "testdocker.acme.sh" -d "testdocker2.acme.sh" --standalone --keylength ec-256 --certpath '/acmetest/certs/domain.cer' --keypath '/acmetest/certs/domain.key'  --capath '/acmetest/certs/ca.cer'  --reloadcmd 'echo this is reload'  --fullchainpath  '/acmetest/certs/full.cer' [PASS]
'/root/.acme.sh/testdocker.acme.sh_ecc/testdocker.acme.sh.cer' equals '/acmetest/certs/domain.cer' [PASS]
'/root/.acme.sh/testdocker.acme.sh_ecc/testdocker.acme.sh.key' equals '/acmetest/certs/domain.key' [PASS]
'/root/.acme.sh/testdocker.acme.sh_ecc/ca.cer' equals '/acmetest/certs/ca.cer' [PASS]
'/root/.acme.sh/testdocker.acme.sh_ecc/fullchain.cer' equals '/acmetest/certs/full.cer' [PASS]
/root/.acme.sh/acme.sh --renew --ecc -d "testdocker.acme.sh" --force [PASS]
/root/.acme.sh/testdocker.acme.sh_ecc/testdocker.acme.sh.cer is cert ? 'testdocker.acme.sh' 'Fake LE Intermediate X1' [PASS]
/root/.acme.sh/testdocker.acme.sh_ecc/ca.cer is cert ? 'Fake LE Intermediate X1' [PASS]
'/root/.acme.sh/testdocker.acme.sh_ecc/testdocker.acme.sh.cer' equals '/acmetest/certs/domain.cer' [PASS]
'/root/.acme.sh/testdocker.acme.sh_ecc/testdocker.acme.sh.key' equals '/acmetest/certs/domain.key' [PASS]
'/root/.acme.sh/testdocker.acme.sh_ecc/ca.cer' equals '/acmetest/certs/ca.cer' [PASS]
'/root/.acme.sh/testdocker.acme.sh_ecc/fullchain.cer' equals '/acmetest/certs/full.cer' [PASS]
------------------------------------------
Progress: 0/19/21
==Running le_test_standandalone_ECDSA_384 please wait
/root/.acme.sh/acme.sh --issue --standalone -d "testdocker.acme.sh" -k ec-384 [PASS]
/root/.acme.sh/testdocker.acme.sh_ecc/testdocker.acme.sh.cer is cert ? 'testdocker.acme.sh' 'Fake LE Intermediate X1' [PASS]
/root/.acme.sh/testdocker.acme.sh_ecc/ca.cer is cert ? 'Fake LE Intermediate X1' [PASS]
------------------------------------------
Progress: 0/20/21
==Running le_test_standandalone_renew_idn_v2 please wait
Skipped by TEST_IDN
------------------------------------------
Progress: 0/21/21
==Running le_test_dnsapi please wait
Skipped by TEST_DNS
------------------------------------------
