Sending build context to Docker daemon  2.048kB
Step 1/1 : FROM opensuse/leap
 ---> 38924343a351
Successfully built 38924343a351
Successfully tagged myopensuse-leap:latest
Fri, 12 Jun 2020 03:41:18 UTC
Testing branch: master
Can not get acme.sh source code. tar or git must be installed
Progress: 0/1/21
==Running le_test_dependencies please wait
./letest.sh: line 536: cd: acme.sh: No such file or directory
./letest.sh: line 537: ./acme.sh: No such file or directory
curl not installed [FAIL] 
Run Failed
------------------------------------------
Progress: 1/2/21
==Running le_test_install please wait
./letest.sh: line 536: cd: acme.sh: No such file or directory
./letest.sh: line 537: ./acme.sh: No such file or directory
./letest.sh: line 655: cd: acme.sh: No such file or directory
./acme.sh --install [FAIL] 
Run Failed
------------------------------------------
Progress: 2/3/21
==Running le_test_uninstall please wait
./letest.sh: line 536: cd: acme.sh: No such file or directory
./letest.sh: line 537: ./acme.sh: No such file or directory
./letest.sh: line 667: cd: acme.sh: No such file or directory
./acme.sh --install [FAIL] 
Run Failed
------------------------------------------
Progress: 3/4/21
==Running le_test_installtodir please wait
./letest.sh: line 682: cd: acme.sh: No such file or directory
./acme.sh --install [FAIL] 
Run Failed
------------------------------------------
Progress: 4/5/21
==Running le_test_uninstalltodir please wait
./letest.sh: line 705: cd: acme.sh: No such file or directory
./acme.sh --install [FAIL] 
Run Failed
------------------------------------------
Progress: 5/6/21
==Running le_test_install_config_home please wait
./letest.sh: line 724: cd: acme.sh: No such file or directory
./acme.sh --install --config-home /root/etc/acme [FAIL] 
Run Failed
------------------------------------------
Progress: 6/7/21
==Running le_test_standandalone_renew please wait
./letest.sh: line 536: cd: acme.sh: No such file or directory
./letest.sh: line 537: ./acme.sh: No such file or directory
/root/.acme.sh/acme.sh --issue -d testdocker.acme.sh --standalone [FAIL] 
Run Failed
------------------------------------------
Progress: 7/8/21
==Running le_test_standandalone_renew_v2 please wait
./letest.sh: line 536: cd: acme.sh: No such file or directory
./letest.sh: line 537: ./acme.sh: No such file or directory
/root/.acme.sh/acme.sh --issue -d testdocker.acme.sh --standalone --certpath '//certs/domain.cer' --keypath '//certs/domain.key'  --capath '//certs/ca.cer'  --reloadcmd 'echo this is reload'  --fullchainpath  '//certs/full.cer' [FAIL] 
Run Failed
------------------------------------------
Progress: 8/9/21
==Running le_test_standandalone_renew_localaddress_v2 please wait
./letest.sh: line 536: cd: acme.sh: No such file or directory
./letest.sh: line 537: ./acme.sh: No such file or directory
/root/.acme.sh/acme.sh --issue -d testdocker.acme.sh --standalone --local-address 0.0.0.0 --certpath '//certs/domain.cer' --keypath '//certs/domain.key'  --capath '//certs/ca.cer'  --reloadcmd 'echo this is reload'  --fullchainpath  '//certs/full.cer' [FAIL] 
Run Failed
------------------------------------------
Progress: 9/10/21
==Running le_test_standandalone_listen_v4_v2 please wait
./letest.sh: line 536: cd: acme.sh: No such file or directory
./letest.sh: line 537: ./acme.sh: No such file or directory
/root/.acme.sh/acme.sh --issue -d testdocker.acme.sh --standalone --listen-v4 --cert-file '//certs/domain.cer' --key-file '//certs/domain.key'  --ca-file '//certs/ca.cer'  --reloadcmd 'echo this is reload'  --fullchain-file  '//certs/full.cer' [FAIL] 
Run Failed
------------------------------------------
Progress: 10/11/21
==Running le_test_standandalone_listen_v6_v2 please wait
./letest.sh: line 536: cd: acme.sh: No such file or directory
./letest.sh: line 537: ./acme.sh: No such file or directory
Skipped by TEST_IPV6
------------------------------------------
Progress: 10/12/21
==Running le_test_standandalone_deactivate_v2 please wait
./letest.sh: line 536: cd: acme.sh: No such file or directory
./letest.sh: line 537: ./acme.sh: No such file or directory
/root/.acme.sh/acme.sh --issue -d testdocker.acme.sh --standalone --certpath '//certs/domain.cer' --keypath '//certs/domain.key'  --capath '//certs/ca.cer'  --reloadcmd 'echo this is reload'  --fullchainpath  '//certs/full.cer' [FAIL] 
Run Failed
------------------------------------------
Progress: 11/13/21
==Running le_test_standandalone please wait
./letest.sh: line 536: cd: acme.sh: No such file or directory
./letest.sh: line 537: ./acme.sh: No such file or directory
/root/.acme.sh/acme.sh --issue -d testdocker.acme.sh --standalone [FAIL] 
Run Failed
------------------------------------------
Progress: 12/14/21
==Running le_test_standandalone_SAN please wait
./letest.sh: line 536: cd: acme.sh: No such file or directory
./letest.sh: line 537: ./acme.sh: No such file or directory
/root/.acme.sh/acme.sh --issue -d "testdocker.acme.sh" -d "testdocker2.acme.sh" --standalone [FAIL] 
Run Failed
------------------------------------------
Progress: 13/15/21
==Running le_test_standandalone_ECDSA_256 please wait
./letest.sh: line 536: cd: acme.sh: No such file or directory
./letest.sh: line 537: ./acme.sh: No such file or directory
/root/.acme.sh/acme.sh --issue -d testdocker.acme.sh --standalone -k ec-256 [FAIL] 
Run Failed
------------------------------------------
Progress: 14/16/21
==Running le_test_standandalone_ECDSA_256_renew please wait
./letest.sh: line 536: cd: acme.sh: No such file or directory
./letest.sh: line 537: ./acme.sh: No such file or directory
/root/.acme.sh/acme.sh --issue --standalone -d testdocker.acme.sh  -k ec-256 [FAIL] 
Run Failed
------------------------------------------
Progress: 15/17/21
==Running le_test_standandalone_ECDSA_256_SAN_renew please wait
./letest.sh: line 536: cd: acme.sh: No such file or directory
./letest.sh: line 537: ./acme.sh: No such file or directory
/root/.acme.sh/acme.sh --issue --standalone -d "testdocker.acme.sh" -d "testdocker2.acme.sh" -k ec-256 [FAIL] 
Run Failed
------------------------------------------
Progress: 16/18/21
==Running le_test_standandalone_ECDSA_256_SAN_renew_v2 please wait
./letest.sh: line 536: cd: acme.sh: No such file or directory
./letest.sh: line 537: ./acme.sh: No such file or directory
/root/.acme.sh/acme.sh --issue -d "testdocker.acme.sh" -d "testdocker2.acme.sh" --standalone --keylength ec-256 --certpath '//certs/domain.cer' --keypath '//certs/domain.key'  --capath '//certs/ca.cer'  --reloadcmd 'echo this is reload'  --fullchainpath  '//certs/full.cer' [FAIL] 
Run Failed
------------------------------------------
Progress: 17/19/21
==Running le_test_standandalone_ECDSA_384 please wait
./letest.sh: line 536: cd: acme.sh: No such file or directory
./letest.sh: line 537: ./acme.sh: No such file or directory
/root/.acme.sh/acme.sh --issue --standalone -d "testdocker.acme.sh" -k ec-384 [FAIL] 
Run Failed
------------------------------------------
Progress: 18/20/21
==Running le_test_standandalone_renew_idn_v2 please wait
./letest.sh: line 536: cd: acme.sh: No such file or directory
./letest.sh: line 537: ./acme.sh: No such file or directory
Skipped by TEST_IDN
------------------------------------------
Progress: 18/21/21
==Running le_test_dnsapi please wait
./letest.sh: line 536: cd: acme.sh: No such file or directory
./letest.sh: line 537: ./acme.sh: No such file or directory
Skipped by TEST_DNS
------------------------------------------
