Sending build context to Docker daemon  2.048kB
Step 1/2 : FROM oraclelinux:latest
latest: Pulling from library/oraclelinux
0a4a762e80a4: Pulling fs layer
0a4a762e80a4: Verifying Checksum
0a4a762e80a4: Download complete
0a4a762e80a4: Pull complete
Digest: sha256:fa579161a8776c8098770e35b4c4701736338f5dfabc26af4b23165c0090ddb9
Status: Downloaded newer image for oraclelinux:latest
 ---> 3e27ddc05b59
Step 2/2 : RUN yum -y update     2>&1 && yum -y install    tar openssl crontabs socat curl  2>&1
 ---> Running in 1227e03b4532
Loaded plugins: ovl, ulninfo
Resolving Dependencies
--> Running transaction check
---> Package binutils.x86_64 0:2.27-41.base.0.5.el7_7.1 will be updated
---> Package binutils.x86_64 0:2.27-41.base.0.7.el7_7.2 will be an update
---> Package curl.x86_64 0:7.29.0-54.0.1.el7_7.1 will be updated
---> Package curl.x86_64 0:7.29.0-54.0.3.el7_7.2 will be an update
---> Package libcurl.x86_64 0:7.29.0-54.0.1.el7_7.1 will be updated
---> Package libcurl.x86_64 0:7.29.0-54.0.3.el7_7.2 will be an update
---> Package libgudev1.x86_64 0:219-67.0.5.el7_7.2 will be updated
---> Package libgudev1.x86_64 0:219-67.0.5.el7_7.3 will be an update
---> Package systemd.x86_64 0:219-67.0.5.el7_7.2 will be updated
---> Package systemd.x86_64 0:219-67.0.5.el7_7.3 will be an update
---> Package systemd-libs.x86_64 0:219-67.0.5.el7_7.2 will be updated
---> Package systemd-libs.x86_64 0:219-67.0.5.el7_7.3 will be an update
--> Finished Dependency Resolution

Dependencies Resolved

================================================================================
 Package          Arch       Version                       Repository      Size
================================================================================
Updating:
 binutils         x86_64     2.27-41.base.0.7.el7_7.2      ol7_latest     5.9 M
 curl             x86_64     7.29.0-54.0.3.el7_7.2         ol7_latest     271 k
 libcurl          x86_64     7.29.0-54.0.3.el7_7.2         ol7_latest     223 k
 libgudev1        x86_64     219-67.0.5.el7_7.3            ol7_latest     101 k
 systemd          x86_64     219-67.0.5.el7_7.3            ol7_latest     5.1 M
 systemd-libs     x86_64     219-67.0.5.el7_7.3            ol7_latest     411 k

Transaction Summary
================================================================================
Upgrade  6 Packages

Total download size: 12 M
Downloading packages:
Delta RPMs disabled because /usr/bin/applydeltarpm not installed.
--------------------------------------------------------------------------------
Total                                              4.9 MB/s |  12 MB  00:02     
Running transaction check
Running transaction test
Transaction test succeeded
Running transaction
  Updating   : systemd-libs-219-67.0.5.el7_7.3.x86_64                      1/12 
  Updating   : libcurl-7.29.0-54.0.3.el7_7.2.x86_64                        2/12 
  Updating   : systemd-219-67.0.5.el7_7.3.x86_64                           3/12 
Failed to get D-Bus connection: Operation not permitted
  Updating   : curl-7.29.0-54.0.3.el7_7.2.x86_64                           4/12 
  Updating   : libgudev1-219-67.0.5.el7_7.3.x86_64                         5/12 
  Updating   : binutils-2.27-41.base.0.7.el7_7.2.x86_64                    6/12 
install-info: /usr/share/info/dir: could not read (No such file or directory) and could not create (No such file or directory)
install-info: /usr/share/info/dir: could not read (No such file or directory) and could not create (No such file or directory)
install-info: /usr/share/info/dir: could not read (No such file or directory) and could not create (No such file or directory)
install-info: /usr/share/info/dir: could not read (No such file or directory) and could not create (No such file or directory)
install-info: /usr/share/info/dir: could not read (No such file or directory) and could not create (No such file or directory)
  Cleanup    : systemd-219-67.0.5.el7_7.2.x86_64                           7/12 
  Cleanup    : libgudev1-219-67.0.5.el7_7.2.x86_64                         8/12 
  Cleanup    : curl-7.29.0-54.0.1.el7_7.1.x86_64                           9/12 
  Cleanup    : libcurl-7.29.0-54.0.1.el7_7.1.x86_64                       10/12 
  Cleanup    : systemd-libs-219-67.0.5.el7_7.2.x86_64                     11/12 
  Cleanup    : binutils-2.27-41.base.0.5.el7_7.1.x86_64                   12/12 
  Verifying  : libcurl-7.29.0-54.0.3.el7_7.2.x86_64                        1/12 
  Verifying  : systemd-219-67.0.5.el7_7.3.x86_64                           2/12 
  Verifying  : binutils-2.27-41.base.0.7.el7_7.2.x86_64                    3/12 
  Verifying  : curl-7.29.0-54.0.3.el7_7.2.x86_64                           4/12 
  Verifying  : libgudev1-219-67.0.5.el7_7.3.x86_64                         5/12 
  Verifying  : systemd-libs-219-67.0.5.el7_7.3.x86_64                      6/12 
  Verifying  : libgudev1-219-67.0.5.el7_7.2.x86_64                         7/12 
  Verifying  : binutils-2.27-41.base.0.5.el7_7.1.x86_64                    8/12 
  Verifying  : systemd-libs-219-67.0.5.el7_7.2.x86_64                      9/12 
  Verifying  : libcurl-7.29.0-54.0.1.el7_7.1.x86_64                       10/12 
  Verifying  : systemd-219-67.0.5.el7_7.2.x86_64                          11/12 
  Verifying  : curl-7.29.0-54.0.1.el7_7.1.x86_64                          12/12 

Updated:
  binutils.x86_64 0:2.27-41.base.0.7.el7_7.2                                    
  curl.x86_64 0:7.29.0-54.0.3.el7_7.2                                           
  libcurl.x86_64 0:7.29.0-54.0.3.el7_7.2                                        
  libgudev1.x86_64 0:219-67.0.5.el7_7.3                                         
  systemd.x86_64 0:219-67.0.5.el7_7.3                                           
  systemd-libs.x86_64 0:219-67.0.5.el7_7.3                                      

Complete!
Loaded plugins: ovl, ulninfo
Package 2:tar-1.26-35.el7.x86_64 already installed and latest version
Package curl-7.29.0-54.0.3.el7_7.2.x86_64 already installed and latest version
Resolving Dependencies
--> Running transaction check
---> Package crontabs.noarch 0:1.11-6.20121102git.el7 will be installed
--> Processing Dependency: /etc/cron.d for package: crontabs-1.11-6.20121102git.el7.noarch
---> Package openssl.x86_64 1:1.0.2k-19.0.1.el7 will be installed
--> Processing Dependency: make for package: 1:openssl-1.0.2k-19.0.1.el7.x86_64
---> Package socat.x86_64 0:1.7.3.2-2.el7 will be installed
--> Running transaction check
---> Package cronie.x86_64 0:1.4.11-23.el7 will be installed
--> Processing Dependency: dailyjobs for package: cronie-1.4.11-23.el7.x86_64
---> Package make.x86_64 1:3.82-24.el7 will be installed
--> Running transaction check
---> Package cronie-anacron.x86_64 0:1.4.11-23.el7 will be installed
--> Finished Dependency Resolution

Dependencies Resolved

================================================================================
 Package            Arch       Version                     Repository      Size
================================================================================
Installing:
 crontabs           noarch     1.11-6.20121102git.el7      ol7_latest      12 k
 openssl            x86_64     1:1.0.2k-19.0.1.el7         ol7_latest     493 k
 socat              x86_64     1.7.3.2-2.el7               ol7_latest     289 k
Installing for dependencies:
 cronie             x86_64     1.4.11-23.el7               ol7_latest      91 k
 cronie-anacron     x86_64     1.4.11-23.el7               ol7_latest      35 k
 make               x86_64     1:3.82-24.el7               ol7_latest     420 k

Transaction Summary
================================================================================
Install  3 Packages (+3 Dependent packages)

Total download size: 1.3 M
Installed size: 3.2 M
Downloading packages:
--------------------------------------------------------------------------------
Total                                              1.8 MB/s | 1.3 MB  00:00     
Running transaction check
Running transaction test
Transaction test succeeded
Running transaction
  Installing : cronie-1.4.11-23.el7.x86_64                                  1/6 
  Installing : crontabs-1.11-6.20121102git.el7.noarch                       2/6 
  Installing : cronie-anacron-1.4.11-23.el7.x86_64                          3/6 
  Installing : 1:make-3.82-24.el7.x86_64                                    4/6 
  Installing : 1:openssl-1.0.2k-19.0.1.el7.x86_64                           5/6 
  Installing : socat-1.7.3.2-2.el7.x86_64                                   6/6 
  Verifying  : crontabs-1.11-6.20121102git.el7.noarch                       1/6 
  Verifying  : cronie-anacron-1.4.11-23.el7.x86_64                          2/6 
  Verifying  : 1:make-3.82-24.el7.x86_64                                    3/6 
  Verifying  : cronie-1.4.11-23.el7.x86_64                                  4/6 
  Verifying  : socat-1.7.3.2-2.el7.x86_64                                   5/6 
  Verifying  : 1:openssl-1.0.2k-19.0.1.el7.x86_64                           6/6 

Installed:
  crontabs.noarch 0:1.11-6.20121102git.el7  openssl.x86_64 1:1.0.2k-19.0.1.el7 
  socat.x86_64 0:1.7.3.2-2.el7             

Dependency Installed:
  cronie.x86_64 0:1.4.11-23.el7      cronie-anacron.x86_64 0:1.4.11-23.el7     
  make.x86_64 1:3.82-24.el7         

Complete!
Removing intermediate container 1227e03b4532
 ---> f37cfe099d25
Successfully built f37cfe099d25
Successfully tagged myoraclelinux:latest
Tue, 03 Mar 2020 06:41:12 UTC
Testing branch: master
Progress: 0/1/21
==Running le_test_dependencies please wait
no crontab for root
no crontab for root
curl installed. [PASS]
crontab installed. [PASS]
openssl installed. [PASS]
socat installed. [PASS]
------------------------------------------
Progress: 0/2/21
==Running le_test_install please wait
./acme.sh --install [PASS]
/root/.acme.sh/acme.sh exists. [PASS]
_contains '15 0 * * * "/root/.acme.sh"/acme.sh --cron --home "/root/.acme.sh" > /dev/null' '0 \* \* \* "/root/.acme.sh"/acme.sh --cron --home "/root/.acme.sh" > /dev/null' [PASS]
/root/.acme.sh/acme.sh --uninstall  > /dev/null [PASS]
------------------------------------------
Progress: 0/3/21
==Running le_test_uninstall please wait
./acme.sh --install [PASS]
/root/.acme.sh/acme.sh --uninstall [PASS]
/root/.acme.sh/acme.sh no exists. [PASS]
equals  [PASS]
------------------------------------------
Progress: 0/4/21
==Running le_test_installtodir please wait
./acme.sh --install [PASS]
/root/myle/acme.sh exists. [PASS]
_contains '18 0 * * * "/root/myle"/acme.sh --cron --home "/root/myle" > /dev/null' '0 \* \* \* "/root/myle"/acme.sh --cron --home "/root/myle" > /dev/null' [PASS]
/root/myle/acme.sh --uninstall [PASS]
------------------------------------------
Progress: 0/5/21
==Running le_test_uninstalltodir please wait
./acme.sh --install [PASS]
/root/myle/acme.sh --uninstall [PASS]
/root/myle/acme.sh no exists. [PASS]
equals  [PASS]
------------------------------------------
Progress: 0/6/21
==Running le_test_install_config_home please wait
./acme.sh --install --config-home /root/etc/acme [PASS]
/root/.acme.sh/acme.sh exists. [PASS]
_contains '20 0 * * * "/root/.acme.sh"/acme.sh --cron --home "/root/.acme.sh" --config-home "/root/etc/acme" > /dev/null' '0 \* \* \* "/root/.acme.sh"/acme.sh --cron --home "/root/.acme.sh" --config-home "/root/etc/acme" > /dev/null' [PASS]
/root/etc/acme/account.conf exists. [PASS]
/root/.acme.sh/account.conf no exists. [PASS]
/root/.acme.sh/acme.sh --cron --config-home /root/etc/acme > /dev/null [PASS]
/root/.acme.sh/acme.sh --uninstall --config-home /root/etc/acme > /dev/null [PASS]
/root/etc/acme/account.conf exists. [PASS]
/root/.acme.sh/account.conf no exists. [PASS]
------------------------------------------
Progress: 0/7/21
==Running le_test_standandalone_renew please wait
/root/.acme.sh/acme.sh --issue -d testdocker.acme.sh --standalone [PASS]
/root/.acme.sh/acme.sh --renew -d testdocker.acme.sh -f [PASS]
------------------------------------------
Progress: 0/8/21
==Running le_test_standandalone_renew_v2 please wait
/root/.acme.sh/acme.sh --issue -d testdocker.acme.sh --standalone --certpath '/acmetest/certs/domain.cer' --keypath '/acmetest/certs/domain.key'  --capath '/acmetest/certs/ca.cer'  --reloadcmd 'echo this is reload'  --fullchainpath  '/acmetest/certs/full.cer' [PASS]
'/root/.acme.sh/testdocker.acme.sh/testdocker.acme.sh.cer' equals '/acmetest/certs/domain.cer' [PASS]
'/root/.acme.sh/testdocker.acme.sh/testdocker.acme.sh.key' equals '/acmetest/certs/domain.key' [PASS]
'/root/.acme.sh/testdocker.acme.sh/ca.cer' equals '/acmetest/certs/ca.cer' [PASS]
'/root/.acme.sh/testdocker.acme.sh/fullchain.cer' equals '/acmetest/certs/full.cer' [PASS]
/root/.acme.sh/acme.sh --renew -d testdocker.acme.sh --force [PASS]
/root/.acme.sh/testdocker.acme.sh/testdocker.acme.sh.cer is cert ? 'testdocker.acme.sh' 'Fake LE Intermediate X1' [PASS]
/root/.acme.sh/testdocker.acme.sh/ca.cer is cert ? 'Fake LE Intermediate X1' [PASS]
'/root/.acme.sh/testdocker.acme.sh/testdocker.acme.sh.cer' equals '/acmetest/certs/domain.cer' [PASS]
'/root/.acme.sh/testdocker.acme.sh/testdocker.acme.sh.key' equals '/acmetest/certs/domain.key' [PASS]
'/root/.acme.sh/testdocker.acme.sh/ca.cer' equals '/acmetest/certs/ca.cer' [PASS]
'/root/.acme.sh/testdocker.acme.sh/fullchain.cer' equals '/acmetest/certs/full.cer' [PASS]
------------------------------------------
Progress: 0/9/21
==Running le_test_standandalone_renew_localaddress_v2 please wait
/root/.acme.sh/acme.sh --issue -d testdocker.acme.sh --standalone --local-address 0.0.0.0 --certpath '/acmetest/certs/domain.cer' --keypath '/acmetest/certs/domain.key'  --capath '/acmetest/certs/ca.cer'  --reloadcmd 'echo this is reload'  --fullchainpath  '/acmetest/certs/full.cer' [PASS]
'/root/.acme.sh/testdocker.acme.sh/testdocker.acme.sh.cer' equals '/acmetest/certs/domain.cer' [PASS]
'/root/.acme.sh/testdocker.acme.sh/testdocker.acme.sh.key' equals '/acmetest/certs/domain.key' [PASS]
'/root/.acme.sh/testdocker.acme.sh/ca.cer' equals '/acmetest/certs/ca.cer' [PASS]
'/root/.acme.sh/testdocker.acme.sh/fullchain.cer' equals '/acmetest/certs/full.cer' [PASS]
/root/.acme.sh/acme.sh --renew -d testdocker.acme.sh --force [PASS]
/root/.acme.sh/testdocker.acme.sh/testdocker.acme.sh.cer is cert ? 'testdocker.acme.sh' 'Fake LE Intermediate X1' [PASS]
/root/.acme.sh/testdocker.acme.sh/ca.cer is cert ? 'Fake LE Intermediate X1' [PASS]
'/root/.acme.sh/testdocker.acme.sh/testdocker.acme.sh.cer' equals '/acmetest/certs/domain.cer' [PASS]
'/root/.acme.sh/testdocker.acme.sh/testdocker.acme.sh.key' equals '/acmetest/certs/domain.key' [PASS]
'/root/.acme.sh/testdocker.acme.sh/ca.cer' equals '/acmetest/certs/ca.cer' [PASS]
'/root/.acme.sh/testdocker.acme.sh/fullchain.cer' equals '/acmetest/certs/full.cer' [PASS]
------------------------------------------
Progress: 0/10/21
==Running le_test_standandalone_listen_v4_v2 please wait
/root/.acme.sh/acme.sh --issue -d testdocker.acme.sh --standalone --listen-v4 --cert-file '/acmetest/certs/domain.cer' --key-file '/acmetest/certs/domain.key'  --ca-file '/acmetest/certs/ca.cer'  --reloadcmd 'echo this is reload'  --fullchain-file  '/acmetest/certs/full.cer' [PASS]
'/root/.acme.sh/testdocker.acme.sh/testdocker.acme.sh.cer' equals '/acmetest/certs/domain.cer' [PASS]
'/root/.acme.sh/testdocker.acme.sh/testdocker.acme.sh.key' equals '/acmetest/certs/domain.key' [PASS]
'/root/.acme.sh/testdocker.acme.sh/ca.cer' equals '/acmetest/certs/ca.cer' [PASS]
'/root/.acme.sh/testdocker.acme.sh/fullchain.cer' equals '/acmetest/certs/full.cer' [PASS]
/root/.acme.sh/acme.sh --renew -d testdocker.acme.sh --force [PASS]
/root/.acme.sh/testdocker.acme.sh/testdocker.acme.sh.cer is cert ? 'testdocker.acme.sh' 'Fake LE Intermediate X1' [PASS]
/root/.acme.sh/testdocker.acme.sh/ca.cer is cert ? 'Fake LE Intermediate X1' [PASS]
'/root/.acme.sh/testdocker.acme.sh/testdocker.acme.sh.cer' equals '/acmetest/certs/domain.cer' [PASS]
'/root/.acme.sh/testdocker.acme.sh/testdocker.acme.sh.key' equals '/acmetest/certs/domain.key' [PASS]
'/root/.acme.sh/testdocker.acme.sh/ca.cer' equals '/acmetest/certs/ca.cer' [PASS]
'/root/.acme.sh/testdocker.acme.sh/fullchain.cer' equals '/acmetest/certs/full.cer' [PASS]
------------------------------------------
Progress: 0/11/21
==Running le_test_standandalone_listen_v6_v2 please wait
Skipped by TEST_IPV6
------------------------------------------
Progress: 0/12/21
==Running le_test_standandalone_deactivate_v2 please wait
/root/.acme.sh/acme.sh --issue -d testdocker.acme.sh --standalone --certpath '/acmetest/certs/domain.cer' --keypath '/acmetest/certs/domain.key'  --capath '/acmetest/certs/ca.cer'  --reloadcmd 'echo this is reload'  --fullchainpath  '/acmetest/certs/full.cer' [PASS]
'/root/.acme.sh/testdocker.acme.sh/testdocker.acme.sh.cer' equals '/acmetest/certs/domain.cer' [PASS]
'/root/.acme.sh/testdocker.acme.sh/testdocker.acme.sh.key' equals '/acmetest/certs/domain.key' [PASS]
'/root/.acme.sh/testdocker.acme.sh/ca.cer' equals '/acmetest/certs/ca.cer' [PASS]
'/root/.acme.sh/testdocker.acme.sh/fullchain.cer' equals '/acmetest/certs/full.cer' [PASS]
/root/.acme.sh/acme.sh --deactivate -d testdocker.acme.sh [PASS]
------------------------------------------
Progress: 0/13/21
==Running le_test_standandalone please wait
/root/.acme.sh/acme.sh --issue -d testdocker.acme.sh --standalone [PASS]
/root/.acme.sh/testdocker.acme.sh/testdocker.acme.sh.cer is cert ? 'testdocker.acme.sh' 'Fake LE Intermediate X1' [PASS]
/root/.acme.sh/testdocker.acme.sh/ca.cer is cert ? 'Fake LE Intermediate X1' [PASS]
------------------------------------------
Progress: 0/14/21
==Running le_test_standandalone_SAN please wait
/root/.acme.sh/acme.sh --issue -d "testdocker.acme.sh" -d "testdocker2.acme.sh" --standalone [PASS]
/root/.acme.sh/testdocker.acme.sh/testdocker.acme.sh.cer is cert ? 'testdocker.acme.sh' 'Fake LE Intermediate X1' [PASS]
/root/.acme.sh/testdocker.acme.sh/ca.cer is cert ? 'Fake LE Intermediate X1' [PASS]
------------------------------------------
Progress: 0/15/21
==Running le_test_standandalone_ECDSA_256 please wait
/root/.acme.sh/acme.sh --issue -d testdocker.acme.sh --standalone -k ec-256 [PASS]
/root/.acme.sh/testdocker.acme.sh_ecc/testdocker.acme.sh.cer is cert ? 'testdocker.acme.sh' 'Fake LE Intermediate X1' [PASS]
/root/.acme.sh/testdocker.acme.sh_ecc/ca.cer is cert ? 'Fake LE Intermediate X1' [PASS]
------------------------------------------
Progress: 0/16/21
==Running le_test_standandalone_ECDSA_256_renew please wait
/root/.acme.sh/acme.sh --issue --standalone -d testdocker.acme.sh  -k ec-256 [PASS]
/root/.acme.sh/acme.sh --renew -d testdocker.acme.sh --force --ecc [PASS]
------------------------------------------
Progress: 0/17/21
==Running le_test_standandalone_ECDSA_256_SAN_renew please wait
/root/.acme.sh/acme.sh --issue --standalone -d "testdocker.acme.sh" -d "testdocker2.acme.sh" -k ec-256 [PASS]
/root/.acme.sh/acme.sh --renew -d "testdocker.acme.sh" --force --ecc [PASS]
------------------------------------------
Progress: 0/18/21
==Running le_test_standandalone_ECDSA_256_SAN_renew_v2 please wait
/root/.acme.sh/acme.sh --issue -d "testdocker.acme.sh" -d "testdocker2.acme.sh" --standalone --keylength ec-256 --certpath '/acmetest/certs/domain.cer' --keypath '/acmetest/certs/domain.key'  --capath '/acmetest/certs/ca.cer'  --reloadcmd 'echo this is reload'  --fullchainpath  '/acmetest/certs/full.cer' [PASS]
'/root/.acme.sh/testdocker.acme.sh_ecc/testdocker.acme.sh.cer' equals '/acmetest/certs/domain.cer' [PASS]
'/root/.acme.sh/testdocker.acme.sh_ecc/testdocker.acme.sh.key' equals '/acmetest/certs/domain.key' [PASS]
'/root/.acme.sh/testdocker.acme.sh_ecc/ca.cer' equals '/acmetest/certs/ca.cer' [PASS]
'/root/.acme.sh/testdocker.acme.sh_ecc/fullchain.cer' equals '/acmetest/certs/full.cer' [PASS]
/root/.acme.sh/acme.sh --renew --ecc -d "testdocker.acme.sh" --force [PASS]
/root/.acme.sh/testdocker.acme.sh_ecc/testdocker.acme.sh.cer is cert ? 'testdocker.acme.sh' 'Fake LE Intermediate X1' [PASS]
/root/.acme.sh/testdocker.acme.sh_ecc/ca.cer is cert ? 'Fake LE Intermediate X1' [PASS]
'/root/.acme.sh/testdocker.acme.sh_ecc/testdocker.acme.sh.cer' equals '/acmetest/certs/domain.cer' [PASS]
'/root/.acme.sh/testdocker.acme.sh_ecc/testdocker.acme.sh.key' equals '/acmetest/certs/domain.key' [PASS]
'/root/.acme.sh/testdocker.acme.sh_ecc/ca.cer' equals '/acmetest/certs/ca.cer' [PASS]
'/root/.acme.sh/testdocker.acme.sh_ecc/fullchain.cer' equals '/acmetest/certs/full.cer' [PASS]
------------------------------------------
Progress: 0/19/21
==Running le_test_standandalone_ECDSA_384 please wait
/root/.acme.sh/acme.sh --issue --standalone -d "testdocker.acme.sh" -k ec-384 [PASS]
/root/.acme.sh/testdocker.acme.sh_ecc/testdocker.acme.sh.cer is cert ? 'testdocker.acme.sh' 'Fake LE Intermediate X1' [PASS]
/root/.acme.sh/testdocker.acme.sh_ecc/ca.cer is cert ? 'Fake LE Intermediate X1' [PASS]
------------------------------------------
Progress: 0/20/21
==Running le_test_standandalone_renew_idn_v2 please wait
Skipped by TEST_IDN
------------------------------------------
Progress: 0/21/21
==Running le_test_dnsapi please wait
Skipped by TEST_DNS
------------------------------------------
