Sending build context to Docker daemon  2.048kB
Step 1/2 : FROM oraclelinux:7
 ---> 3ca6f4a2fc9e
Step 2/2 : RUN yum -y update     2>&1 && yum -y install    tar openssl crontabs socat curl  2>&1
 ---> Using cache
 ---> 13299ba988c3
Successfully built 13299ba988c3
Successfully tagged myoraclelinux:7
Fri, 21 Dec 2018 10:03:14 UTC
Testing branch: master
Progress: 0/1/21
==Running le_test_dependencies please wait
no crontab for root
no crontab for root
curl installed. [PASS]
crontab installed. [PASS]
openssl installed. [PASS]
socat installed. [PASS]
------------------------------------------
Progress: 0/2/21
==Running le_test_install please wait
./acme.sh install [PASS]
/root/.acme.sh/acme.sh exists. [PASS]
_contains '15 0 * * * "/root/.acme.sh"/acme.sh --cron --home "/root/.acme.sh" > /dev/null' '0 \* \* \* "/root/.acme.sh"/acme.sh --cron --home "/root/.acme.sh" > /dev/null' [PASS]
/root/.acme.sh/acme.sh uninstall  > /dev/null [PASS]
------------------------------------------
Progress: 0/3/21
==Running le_test_uninstall please wait
./acme.sh install [PASS]
/root/.acme.sh/acme.sh uninstall [PASS]
/root/.acme.sh/acme.sh no exists. [PASS]
equals  [PASS]
------------------------------------------
Progress: 0/4/21
==Running le_test_installtodir please wait
./acme.sh install [PASS]
/root/myle/acme.sh exists. [PASS]
_contains '17 0 * * * "/root/myle"/acme.sh --cron --home "/root/myle" > /dev/null' '0 \* \* \* "/root/myle"/acme.sh --cron --home "/root/myle" > /dev/null' [PASS]
/root/myle/acme.sh uninstall [PASS]
------------------------------------------
Progress: 0/5/21
==Running le_test_uninstalltodir please wait
./acme.sh install [PASS]
/root/myle/acme.sh uninstall [PASS]
/root/myle/acme.sh no exists. [PASS]
equals  [PASS]
------------------------------------------
Progress: 0/6/21
==Running le_test_install_config_home please wait
./acme.sh --install --config-home /root/etc/acme [PASS]
/root/.acme.sh/acme.sh exists. [PASS]
_contains '18 0 * * * "/root/.acme.sh"/acme.sh --cron --home "/root/.acme.sh" --config-home "/root/etc/acme" > /dev/null' '0 \* \* \* "/root/.acme.sh"/acme.sh --cron --home "/root/.acme.sh" --config-home "/root/etc/acme" > /dev/null' [PASS]
/root/etc/acme/account.conf exists. [PASS]
/root/.acme.sh/account.conf no exists. [PASS]
/root/.acme.sh/acme.sh --cron --config-home /root/etc/acme > /dev/null [PASS]
/root/.acme.sh/acme.sh --uninstall --config-home /root/etc/acme > /dev/null [PASS]
/root/etc/acme/account.conf exists. [PASS]
/root/.acme.sh/account.conf no exists. [PASS]
------------------------------------------
Progress: 0/7/21
==Running le_test_standandalone_renew please wait
/root/.acme.sh/acme.sh issue no testdocker.acme.sh [FAIL] 
Run Failed
deactivate failed
[Fri Dec 21 10:03:21 UTC 2018] Using stage ACME_DIRECTORY: https://acme-staging.api.letsencrypt.org/directory
[Fri Dec 21 10:03:22 UTC 2018] Getting new-authz for domain='testdocker.acme.sh'
[Fri Dec 21 10:03:23 UTC 2018] It seems there is an error, but it's recovered now, please try again.
[Fri Dec 21 10:03:23 UTC 2018] If you see this message for a second time, please report bug: https://github.com/Neilpang/acme.sh
cat: /root/.acme.sh/ca/acme-staging.api.letsencrypt.org/ca.conf: No such file or directory
[Fri Dec 21 10:03:23 UTC 2018] new-authz error: {"type":"urn:acme:error:unauthorized","detail":"No registration exists matching provided key","status": 403}
[Fri Dec 21 10:03:23 UTC 2018] Can not get domain new authz token.
------------------------------------------
Progress: 1/8/21
==Running le_test_standandalone_renew_v2 please wait
/root/.acme.sh/acme.sh --issue -d testdocker.acme.sh --standalone --certpath '/acmetest/certs/domain.cer' --keypath '/acmetest/certs/domain.key'  --capath '/acmetest/certs/ca.cer'  --reloadcmd 'echo this is reload'  --fullchainpath  '/acmetest/certs/full.cer' [FAIL] 
Run Failed
deactivate failed
[Fri Dec 21 10:03:26 UTC 2018] Using stage ACME_DIRECTORY: https://acme-staging.api.letsencrypt.org/directory
[Fri Dec 21 10:03:26 UTC 2018] Getting new-authz for domain='testdocker.acme.sh'
[Fri Dec 21 10:03:28 UTC 2018] It seems there is an error, but it's recovered now, please try again.
[Fri Dec 21 10:03:28 UTC 2018] If you see this message for a second time, please report bug: https://github.com/Neilpang/acme.sh
[Fri Dec 21 10:03:28 UTC 2018] new-authz error: {"type":"urn:acme:error:unauthorized","detail":"No registration exists matching provided key","status": 403}
[Fri Dec 21 10:03:28 UTC 2018] Can not get domain new authz token.
------------------------------------------
Progress: 2/9/21
==Running le_test_standandalone_renew_localaddress_v2 please wait
/root/.acme.sh/acme.sh --issue -d testdocker.acme.sh --standalone --local-address 0.0.0.0 --certpath '/acmetest/certs/domain.cer' --keypath '/acmetest/certs/domain.key'  --capath '/acmetest/certs/ca.cer'  --reloadcmd 'echo this is reload'  --fullchainpath  '/acmetest/certs/full.cer' [FAIL] 
Run Failed
deactivate failed
[Fri Dec 21 10:03:30 UTC 2018] Using stage ACME_DIRECTORY: https://acme-staging.api.letsencrypt.org/directory
[Fri Dec 21 10:03:31 UTC 2018] Getting new-authz for domain='testdocker.acme.sh'
[Fri Dec 21 10:03:32 UTC 2018] It seems there is an error, but it's recovered now, please try again.
[Fri Dec 21 10:03:32 UTC 2018] If you see this message for a second time, please report bug: https://github.com/Neilpang/acme.sh
[Fri Dec 21 10:03:32 UTC 2018] new-authz error: {"type":"urn:acme:error:unauthorized","detail":"No registration exists matching provided key","status": 403}
[Fri Dec 21 10:03:32 UTC 2018] Can not get domain new authz token.
------------------------------------------
Progress: 3/10/21
==Running le_test_standandalone_listen_v4_v2 please wait
/root/.acme.sh/acme.sh --issue -d testdocker.acme.sh --standalone --listen-v4 --cert-file '/acmetest/certs/domain.cer' --key-file '/acmetest/certs/domain.key'  --ca-file '/acmetest/certs/ca.cer'  --reloadcmd 'echo this is reload'  --fullchain-file  '/acmetest/certs/full.cer' [FAIL] 
Run Failed
deactivate failed
[Fri Dec 21 10:03:35 UTC 2018] Using stage ACME_DIRECTORY: https://acme-staging.api.letsencrypt.org/directory
[Fri Dec 21 10:03:35 UTC 2018] Getting new-authz for domain='testdocker.acme.sh'
[Fri Dec 21 10:03:36 UTC 2018] It seems there is an error, but it's recovered now, please try again.
[Fri Dec 21 10:03:36 UTC 2018] If you see this message for a second time, please report bug: https://github.com/Neilpang/acme.sh
[Fri Dec 21 10:03:36 UTC 2018] new-authz error: {"type":"urn:acme:error:unauthorized","detail":"No registration exists matching provided key","status": 403}
[Fri Dec 21 10:03:36 UTC 2018] Can not get domain new authz token.
------------------------------------------
Progress: 4/11/21
==Running le_test_standandalone_listen_v6_v2 please wait
Skipped by TEST_IPV6
deactivate failed
[Fri Dec 21 10:03:37 UTC 2018] Using stage ACME_DIRECTORY: https://acme-staging.api.letsencrypt.org/directory
[Fri Dec 21 10:03:37 UTC 2018] Getting new-authz for domain='testdocker.acme.sh'
[Fri Dec 21 10:03:39 UTC 2018] It seems there is an error, but it's recovered now, please try again.
[Fri Dec 21 10:03:39 UTC 2018] If you see this message for a second time, please report bug: https://github.com/Neilpang/acme.sh
[Fri Dec 21 10:03:39 UTC 2018] new-authz error: {"type":"urn:acme:error:unauthorized","detail":"No registration exists matching provided key","status": 403}
[Fri Dec 21 10:03:39 UTC 2018] Can not get domain new authz token.
------------------------------------------
Progress: 5/12/21
==Running le_test_standandalone_deactivate_v2 please wait
/root/.acme.sh/acme.sh --issue -d testdocker.acme.sh --standalone --certpath '/acmetest/certs/domain.cer' --keypath '/acmetest/certs/domain.key'  --capath '/acmetest/certs/ca.cer'  --reloadcmd 'echo this is reload'  --fullchainpath  '/acmetest/certs/full.cer' [FAIL] 
Run Failed
deactivate failed
[Fri Dec 21 10:03:41 UTC 2018] Using stage ACME_DIRECTORY: https://acme-staging.api.letsencrypt.org/directory
[Fri Dec 21 10:03:42 UTC 2018] Getting new-authz for domain='testdocker.acme.sh'
[Fri Dec 21 10:03:43 UTC 2018] It seems there is an error, but it's recovered now, please try again.
[Fri Dec 21 10:03:43 UTC 2018] If you see this message for a second time, please report bug: https://github.com/Neilpang/acme.sh
[Fri Dec 21 10:03:43 UTC 2018] new-authz error: {"type":"urn:acme:error:unauthorized","detail":"No registration exists matching provided key","status": 403}
[Fri Dec 21 10:03:43 UTC 2018] Can not get domain new authz token.
------------------------------------------
Progress: 6/13/21
==Running le_test_standandalone please wait
/root/.acme.sh/acme.sh issue no testdocker.acme.sh [FAIL] 
Run Failed
deactivate failed
[Fri Dec 21 10:03:46 UTC 2018] Using stage ACME_DIRECTORY: https://acme-staging.api.letsencrypt.org/directory
[Fri Dec 21 10:03:46 UTC 2018] Getting new-authz for domain='testdocker.acme.sh'
[Fri Dec 21 10:03:48 UTC 2018] It seems there is an error, but it's recovered now, please try again.
[Fri Dec 21 10:03:48 UTC 2018] If you see this message for a second time, please report bug: https://github.com/Neilpang/acme.sh
[Fri Dec 21 10:03:48 UTC 2018] new-authz error: {"type":"urn:acme:error:unauthorized","detail":"No registration exists matching provided key","status": 403}
[Fri Dec 21 10:03:48 UTC 2018] Can not get domain new authz token.
------------------------------------------
Progress: 7/14/21
==Running le_test_standandalone_SAN please wait
/root/.acme.sh/acme.sh issue no "testdocker.acme.sh" "testdocker2.acme.sh" [FAIL] 
Run Failed
deactivate failed
[Fri Dec 21 10:03:50 UTC 2018] Using stage ACME_DIRECTORY: https://acme-staging.api.letsencrypt.org/directory
[Fri Dec 21 10:03:51 UTC 2018] Getting new-authz for domain='testdocker.acme.shtestdocker2.acme.sh'
[Fri Dec 21 10:03:52 UTC 2018] It seems there is an error, but it's recovered now, please try again.
[Fri Dec 21 10:03:52 UTC 2018] If you see this message for a second time, please report bug: https://github.com/Neilpang/acme.sh
[Fri Dec 21 10:03:52 UTC 2018] new-authz error: {"type":"urn:acme:error:unauthorized","detail":"No registration exists matching provided key","status": 403}
[Fri Dec 21 10:03:52 UTC 2018] Can not get domain new authz token.
------------------------------------------
Progress: 8/15/21
==Running le_test_standandalone_ECDSA_256 please wait
/root/.acme.sh/acme.sh issue no testdocker.acme.sh no ec-256 [FAIL] 
Run Failed
deactivate failed
[Fri Dec 21 10:03:54 UTC 2018] Using stage ACME_DIRECTORY: https://acme-staging.api.letsencrypt.org/directory
[Fri Dec 21 10:03:55 UTC 2018] Getting new-authz for domain='testdocker.acme.sh'
[Fri Dec 21 10:03:56 UTC 2018] It seems there is an error, but it's recovered now, please try again.
[Fri Dec 21 10:03:56 UTC 2018] If you see this message for a second time, please report bug: https://github.com/Neilpang/acme.sh
[Fri Dec 21 10:03:56 UTC 2018] new-authz error: {"type":"urn:acme:error:unauthorized","detail":"No registration exists matching provided key","status": 403}
[Fri Dec 21 10:03:56 UTC 2018] Can not get domain new authz token.
------------------------------------------
Progress: 9/16/21
==Running le_test_standandalone_ECDSA_256_renew please wait
/root/.acme.sh/acme.sh issue no testdocker.acme.sh no ec-256 [FAIL] 
Run Failed
deactivate failed
[Fri Dec 21 10:03:59 UTC 2018] Using stage ACME_DIRECTORY: https://acme-staging.api.letsencrypt.org/directory
[Fri Dec 21 10:03:59 UTC 2018] Getting new-authz for domain='testdocker.acme.sh'
[Fri Dec 21 10:04:01 UTC 2018] It seems there is an error, but it's recovered now, please try again.
[Fri Dec 21 10:04:01 UTC 2018] If you see this message for a second time, please report bug: https://github.com/Neilpang/acme.sh
[Fri Dec 21 10:04:01 UTC 2018] new-authz error: {"type":"urn:acme:error:unauthorized","detail":"No registration exists matching provided key","status": 403}
[Fri Dec 21 10:04:01 UTC 2018] Can not get domain new authz token.
------------------------------------------
Progress: 10/17/21
==Running le_test_standandalone_ECDSA_256_SAN_renew please wait
/root/.acme.sh/acme.sh issue no "testdocker.acme.sh" "testdocker2.acme.sh" ec-256 [FAIL] 
Run Failed
deactivate failed
[Fri Dec 21 10:04:03 UTC 2018] Using stage ACME_DIRECTORY: https://acme-staging.api.letsencrypt.org/directory
[Fri Dec 21 10:04:04 UTC 2018] Getting new-authz for domain='testdocker.acme.shtestdocker2.acme.sh'
[Fri Dec 21 10:04:05 UTC 2018] It seems there is an error, but it's recovered now, please try again.
[Fri Dec 21 10:04:05 UTC 2018] If you see this message for a second time, please report bug: https://github.com/Neilpang/acme.sh
[Fri Dec 21 10:04:05 UTC 2018] new-authz error: {"type":"urn:acme:error:unauthorized","detail":"No registration exists matching provided key","status": 403}
[Fri Dec 21 10:04:05 UTC 2018] Can not get domain new authz token.
------------------------------------------
Progress: 11/18/21
==Running le_test_standandalone_ECDSA_256_SAN_renew_v2 please wait
/root/.acme.sh/acme.sh --issue -d "testdocker.acme.sh" -d "testdocker2.acme.sh" --standalone --keylength ec-256 --certpath '/acmetest/certs/domain.cer' --keypath '/acmetest/certs/domain.key'  --capath '/acmetest/certs/ca.cer'  --reloadcmd 'echo this is reload'  --fullchainpath  '/acmetest/certs/full.cer' [FAIL] 
Run Failed
deactivate failed
[Fri Dec 21 10:04:08 UTC 2018] Using stage ACME_DIRECTORY: https://acme-staging.api.letsencrypt.org/directory
[Fri Dec 21 10:04:08 UTC 2018] Getting new-authz for domain='testdocker.acme.shtestdocker2.acme.sh'
[Fri Dec 21 10:04:10 UTC 2018] It seems there is an error, but it's recovered now, please try again.
[Fri Dec 21 10:04:10 UTC 2018] If you see this message for a second time, please report bug: https://github.com/Neilpang/acme.sh
[Fri Dec 21 10:04:10 UTC 2018] new-authz error: {"type":"urn:acme:error:unauthorized","detail":"No registration exists matching provided key","status": 403}
[Fri Dec 21 10:04:10 UTC 2018] Can not get domain new authz token.
------------------------------------------
Progress: 12/19/21
==Running le_test_standandalone_ECDSA_384 please wait
/root/.acme.sh/acme.sh issue no "testdocker.acme.sh" no ec-384 [FAIL] 
Run Failed
deactivate failed
[Fri Dec 21 10:04:12 UTC 2018] Using stage ACME_DIRECTORY: https://acme-staging.api.letsencrypt.org/directory
[Fri Dec 21 10:04:13 UTC 2018] Getting new-authz for domain='testdocker.acme.sh'
[Fri Dec 21 10:04:14 UTC 2018] It seems there is an error, but it's recovered now, please try again.
[Fri Dec 21 10:04:14 UTC 2018] If you see this message for a second time, please report bug: https://github.com/Neilpang/acme.sh
[Fri Dec 21 10:04:14 UTC 2018] new-authz error: {"type":"urn:acme:error:unauthorized","detail":"No registration exists matching provided key","status": 403}
[Fri Dec 21 10:04:14 UTC 2018] Can not get domain new authz token.
------------------------------------------
Progress: 13/20/21
==Running le_test_standandalone_renew_idn_v2 please wait
Skipped by TEST_IDN
deactivate failed
[Fri Dec 21 10:04:15 UTC 2018] Using stage ACME_DIRECTORY: https://acme-staging.api.letsencrypt.org/directory
[Fri Dec 21 10:04:15 UTC 2018] Getting new-authz for domain='testdocker.acme.sh'
[Fri Dec 21 10:04:16 UTC 2018] It seems there is an error, but it's recovered now, please try again.
[Fri Dec 21 10:04:16 UTC 2018] If you see this message for a second time, please report bug: https://github.com/Neilpang/acme.sh
[Fri Dec 21 10:04:16 UTC 2018] new-authz error: {"type":"urn:acme:error:unauthorized","detail":"No registration exists matching provided key","status": 403}
[Fri Dec 21 10:04:16 UTC 2018] Can not get domain new authz token.
------------------------------------------
Progress: 14/21/21
==Running le_test_dnsapi please wait
Skipped by TEST_DNS
deactivate failed
[Fri Dec 21 10:04:17 UTC 2018] Using stage ACME_DIRECTORY: https://acme-staging.api.letsencrypt.org/directory
[Fri Dec 21 10:04:17 UTC 2018] Getting new-authz for domain='testdocker.acme.sh'
[Fri Dec 21 10:04:19 UTC 2018] It seems there is an error, but it's recovered now, please try again.
[Fri Dec 21 10:04:19 UTC 2018] If you see this message for a second time, please report bug: https://github.com/Neilpang/acme.sh
[Fri Dec 21 10:04:19 UTC 2018] new-authz error: {"type":"urn:acme:error:unauthorized","detail":"No registration exists matching provided key","status": 403}
[Fri Dec 21 10:04:19 UTC 2018] Can not get domain new authz token.
------------------------------------------
