Testing branch: master
[1;31;32mProgress: 1/20[0m
==Running le_test_dependencies please wait
curl installed.[1;31;32m [PASS][0m
crontab installed.[1;31;32m [PASS][0m
openssl installed.[1;31;32m [PASS][0m
nc installed.[1;31;32m [PASS][0m
------------------------------------------
[1;31;32mProgress: 2/20[0m
==Running le_test_install please wait
./acme.sh install[1;31;32m [PASS][0m
/root/.acme.sh/acme.sh exists.[1;31;32m [PASS][0m
equals 0 0 * * * "/root/.acme.sh"/acme.sh --cron --home "/root/.acme.sh" > /dev/null[1;31;32m [PASS][0m
/root/.acme.sh/acme.sh uninstall  > /dev/null[1;31;32m [PASS][0m
------------------------------------------
[1;31;32mProgress: 3/20[0m
==Running le_test_uninstall please wait
./acme.sh install[1;31;32m [PASS][0m
/root/.acme.sh/acme.sh uninstall[1;31;32m [PASS][0m
/root/.acme.sh/acme.sh no exists.[1;31;32m [PASS][0m
equals [1;31;32m [PASS][0m
------------------------------------------
[1;31;32mProgress: 4/20[0m
==Running le_test_installtodir please wait
./acme.sh install[1;31;32m [PASS][0m
/root/myle/acme.sh exists.[1;31;32m [PASS][0m
equals 0 0 * * * "/root/myle"/acme.sh --cron --home "/root/myle" > /dev/null[1;31;32m [PASS][0m
/root/myle/acme.sh uninstall[1;31;32m [PASS][0m
------------------------------------------
[1;31;32mProgress: 5/20[0m
==Running le_test_uninstalltodir please wait
./acme.sh install[1;31;32m [PASS][0m
/root/myle/acme.sh uninstall[1;31;32m [PASS][0m
/root/myle/acme.sh no exists.[1;31;32m [PASS][0m
equals [1;31;32m [PASS][0m
------------------------------------------
[1;31;32mProgress: 6/20[0m
==Running le_test_standandalone_renew please wait
/root/.acme.sh/acme.sh issue no testpfsense.acme.sh[1;31;32m [PASS][0m
FORCE=1 /root/.acme.sh/acme.sh renew testpfsense.acme.sh[1;31;32m [PASS][0m
------------------------------------------
[1;31;32mProgress: 7/20[0m
==Running le_test_standandalone_renew_v2 please wait
/root/.acme.sh/acme.sh --issue -d testpfsense.acme.sh --standalone --certpath '/root/acmetest/certs/domain.cer' --keypath '/root/acmetest/certs/domain.key'  --capath '/root/acmetest/certs/ca.cer'  --reloadcmd 'echo this is reload'  --fullchainpath  '/root/acmetest/certs/full.cer'[1;31;32m [PASS][0m
'/root/.acme.sh/testpfsense.acme.sh/testpfsense.acme.sh.cer' equals '/root/acmetest/certs/domain.cer'[1;31;32m [PASS][0m
'/root/.acme.sh/testpfsense.acme.sh/testpfsense.acme.sh.key' equals '/root/acmetest/certs/domain.key'[1;31;32m [PASS][0m
'/root/.acme.sh/testpfsense.acme.sh/ca.cer' equals '/root/acmetest/certs/ca.cer'[1;31;32m [PASS][0m
'/root/.acme.sh/testpfsense.acme.sh/fullchain.cer' equals '/root/acmetest/certs/full.cer'[1;31;32m [PASS][0m
/root/.acme.sh/acme.sh --renew -d testpfsense.acme.sh --force[1;31;32m [PASS][0m
/root/.acme.sh/testpfsense.acme.sh/testpfsense.acme.sh.cer is cert ? 'testpfsense.acme.sh' 'Fake LE Intermediate X1'[1;31;32m [PASS][0m
/root/.acme.sh/testpfsense.acme.sh/ca.cer is cert ? 'Fake LE Intermediate X1'[1;31;32m [PASS][0m
'/root/.acme.sh/testpfsense.acme.sh/testpfsense.acme.sh.cer' equals '/root/acmetest/certs/domain.cer'[1;31;32m [PASS][0m
'/root/.acme.sh/testpfsense.acme.sh/testpfsense.acme.sh.key' equals '/root/acmetest/certs/domain.key'[1;31;32m [PASS][0m
'/root/.acme.sh/testpfsense.acme.sh/ca.cer' equals '/root/acmetest/certs/ca.cer'[1;31;32m [PASS][0m
'/root/.acme.sh/testpfsense.acme.sh/fullchain.cer' equals '/root/acmetest/certs/full.cer'[1;31;32m [PASS][0m
------------------------------------------
[1;31;32mProgress: 8/20[0m
==Running le_test_standandalone_renew_localaddress_v2 please wait
/root/.acme.sh/acme.sh --issue -d testpfsense.acme.sh --standalone --local-address 0.0.0.0 --certpath '/root/acmetest/certs/domain.cer' --keypath '/root/acmetest/certs/domain.key'  --capath '/root/acmetest/certs/ca.cer'  --reloadcmd 'echo this is reload'  --fullchainpath  '/root/acmetest/certs/full.cer'[1;31;32m [PASS][0m
'/root/.acme.sh/testpfsense.acme.sh/testpfsense.acme.sh.cer' equals '/root/acmetest/certs/domain.cer'[1;31;32m [PASS][0m
'/root/.acme.sh/testpfsense.acme.sh/testpfsense.acme.sh.key' equals '/root/acmetest/certs/domain.key'[1;31;32m [PASS][0m
'/root/.acme.sh/testpfsense.acme.sh/ca.cer' equals '/root/acmetest/certs/ca.cer'[1;31;32m [PASS][0m
'/root/.acme.sh/testpfsense.acme.sh/fullchain.cer' equals '/root/acmetest/certs/full.cer'[1;31;32m [PASS][0m
/root/.acme.sh/acme.sh --renew -d testpfsense.acme.sh --force[1;31;32m [PASS][0m
/root/.acme.sh/testpfsense.acme.sh/testpfsense.acme.sh.cer is cert ? 'testpfsense.acme.sh' 'Fake LE Intermediate X1'[1;31;32m [PASS][0m
/root/.acme.sh/testpfsense.acme.sh/ca.cer is cert ? 'Fake LE Intermediate X1'[1;31;32m [PASS][0m
'/root/.acme.sh/testpfsense.acme.sh/testpfsense.acme.sh.cer' equals '/root/acmetest/certs/domain.cer'[1;31;32m [PASS][0m
'/root/.acme.sh/testpfsense.acme.sh/testpfsense.acme.sh.key' equals '/root/acmetest/certs/domain.key'[1;31;32m [PASS][0m
'/root/.acme.sh/testpfsense.acme.sh/ca.cer' equals '/root/acmetest/certs/ca.cer'[1;31;32m [PASS][0m
'/root/.acme.sh/testpfsense.acme.sh/fullchain.cer' equals '/root/acmetest/certs/full.cer'[1;31;32m [PASS][0m
------------------------------------------
[1;31;32mProgress: 9/20[0m
==Running le_test_standandalone_listen_v4_v2 please wait
/root/.acme.sh/acme.sh --issue -d testpfsense.acme.sh --standalone --listen-v4 --certpath '/root/acmetest/certs/domain.cer' --keypath '/root/acmetest/certs/domain.key'  --capath '/root/acmetest/certs/ca.cer'  --reloadcmd 'echo this is reload'  --fullchainpath  '/root/acmetest/certs/full.cer'[1;31;32m [PASS][0m
'/root/.acme.sh/testpfsense.acme.sh/testpfsense.acme.sh.cer' equals '/root/acmetest/certs/domain.cer'[1;31;32m [PASS][0m
'/root/.acme.sh/testpfsense.acme.sh/testpfsense.acme.sh.key' equals '/root/acmetest/certs/domain.key'[1;31;32m [PASS][0m
'/root/.acme.sh/testpfsense.acme.sh/ca.cer' equals '/root/acmetest/certs/ca.cer'[1;31;32m [PASS][0m
'/root/.acme.sh/testpfsense.acme.sh/fullchain.cer' equals '/root/acmetest/certs/full.cer'[1;31;32m [PASS][0m
/root/.acme.sh/acme.sh --renew -d testpfsense.acme.sh --force[1;31;32m [PASS][0m
/root/.acme.sh/testpfsense.acme.sh/testpfsense.acme.sh.cer is cert ? 'testpfsense.acme.sh' 'Fake LE Intermediate X1'[1;31;32m [PASS][0m
/root/.acme.sh/testpfsense.acme.sh/ca.cer is cert ? 'Fake LE Intermediate X1'[1;31;32m [PASS][0m
'/root/.acme.sh/testpfsense.acme.sh/testpfsense.acme.sh.cer' equals '/root/acmetest/certs/domain.cer'[1;31;32m [PASS][0m
'/root/.acme.sh/testpfsense.acme.sh/testpfsense.acme.sh.key' equals '/root/acmetest/certs/domain.key'[1;31;32m [PASS][0m
'/root/.acme.sh/testpfsense.acme.sh/ca.cer' equals '/root/acmetest/certs/ca.cer'[1;31;32m [PASS][0m
'/root/.acme.sh/testpfsense.acme.sh/fullchain.cer' equals '/root/acmetest/certs/full.cer'[1;31;32m [PASS][0m
------------------------------------------
[1;31;32mProgress: 10/20[0m
==Running le_test_standandalone_listen_v6_v2 please wait
Skip
------------------------------------------
[1;31;32mProgress: 11/20[0m
==Running le_test_standandalone_deactivate_v2 please wait
/root/.acme.sh/acme.sh --issue -d testpfsense.acme.sh --standalone --certpath '/root/acmetest/certs/domain.cer' --keypath '/root/acmetest/certs/domain.key'  --capath '/root/acmetest/certs/ca.cer'  --reloadcmd 'echo this is reload'  --fullchainpath  '/root/acmetest/certs/full.cer'[1;31;32m [PASS][0m
'/root/.acme.sh/testpfsense.acme.sh/testpfsense.acme.sh.cer' equals '/root/acmetest/certs/domain.cer'[1;31;32m [PASS][0m
'/root/.acme.sh/testpfsense.acme.sh/testpfsense.acme.sh.key' equals '/root/acmetest/certs/domain.key'[1;31;32m [PASS][0m
'/root/.acme.sh/testpfsense.acme.sh/ca.cer' equals '/root/acmetest/certs/ca.cer'[1;31;32m [PASS][0m
'/root/.acme.sh/testpfsense.acme.sh/fullchain.cer' equals '/root/acmetest/certs/full.cer'[1;31;32m [PASS][0m
/root/.acme.sh/acme.sh --deactivate -d testpfsense.acme.sh[1;31;32m [PASS][0m
------------------------------------------
[1;31;32mProgress: 12/20[0m
==Running le_test_standandalone please wait
/root/.acme.sh/acme.sh issue no testpfsense.acme.sh[1;31;32m [PASS][0m
/root/.acme.sh/testpfsense.acme.sh/testpfsense.acme.sh.cer is cert ? 'testpfsense.acme.sh' 'Fake LE Intermediate X1'[1;31;32m [PASS][0m
/root/.acme.sh/testpfsense.acme.sh/ca.cer is cert ? 'Fake LE Intermediate X1'[1;31;32m [PASS][0m
------------------------------------------
[1;31;32mProgress: 13/20[0m
==Running le_test_standandalone_SAN please wait
/root/.acme.sh/acme.sh issue no testpfsense.acme.sh testpfsense2.acme.sh[1;31;32m [PASS][0m
/root/.acme.sh/testpfsense.acme.sh/testpfsense.acme.sh.cer is cert ? 'testpfsense.acme.sh' 'Fake LE Intermediate X1'[1;31;32m [PASS][0m
/root/.acme.sh/testpfsense.acme.sh/ca.cer is cert ? 'Fake LE Intermediate X1'[1;31;32m [PASS][0m
------------------------------------------
[1;31;32mProgress: 14/20[0m
==Running le_test_standandalone_ECDSA_256 please wait
/root/.acme.sh/acme.sh issue no testpfsense.acme.sh no ec-256[1;31;32m [PASS][0m
/root/.acme.sh/testpfsense.acme.sh_ecc/testpfsense.acme.sh.cer is cert ? 'testpfsense.acme.sh' 'Fake LE Intermediate X1'[1;31;32m [PASS][0m
/root/.acme.sh/testpfsense.acme.sh_ecc/ca.cer is cert ? 'Fake LE Intermediate X1'[1;31;32m [PASS][0m
------------------------------------------
[1;31;32mProgress: 15/20[0m
==Running le_test_standandalone_ECDSA_256_renew please wait
/root/.acme.sh/acme.sh issue no testpfsense.acme.sh no ec-256[1;31;32m [PASS][0m
FORCE=1 /root/.acme.sh/acme.sh renew testpfsense.acme.sh[1;31;32m [PASS][0m
------------------------------------------
[1;31;32mProgress: 16/20[0m
==Running le_test_standandalone_ECDSA_256_SAN_renew please wait
/root/.acme.sh/acme.sh issue no testpfsense.acme.sh testpfsense2.acme.sh ec-256[1;31;32m [PASS][0m
FORCE=1 /root/.acme.sh/acme.sh renew testpfsense.acme.sh[1;31;32m [PASS][0m
------------------------------------------
[1;31;32mProgress: 17/20[0m
==Running le_test_standandalone_ECDSA_256_SAN_renew_v2 please wait
/root/.acme.sh/acme.sh --issue -d testpfsense.acme.sh -d testpfsense2.acme.sh --standalone --keylength ec-256 --certpath '/root/acmetest/certs/domain.cer' --keypath '/root/acmetest/certs/domain.key'  --capath '/root/acmetest/certs/ca.cer'  --reloadcmd 'echo this is reload'  --fullchainpath  '/root/acmetest/certs/full.cer'[1;31;32m [PASS][0m
'/root/.acme.sh/testpfsense.acme.sh_ecc/testpfsense.acme.sh.cer' equals '/root/acmetest/certs/domain.cer'[1;31;32m [PASS][0m
'/root/.acme.sh/testpfsense.acme.sh_ecc/testpfsense.acme.sh.key' equals '/root/acmetest/certs/domain.key'[1;31;32m [PASS][0m
'/root/.acme.sh/testpfsense.acme.sh_ecc/ca.cer' equals '/root/acmetest/certs/ca.cer'[1;31;32m [PASS][0m
'/root/.acme.sh/testpfsense.acme.sh_ecc/fullchain.cer' equals '/root/acmetest/certs/full.cer'[1;31;32m [PASS][0m
/root/.acme.sh/acme.sh --renew --ecc -d testpfsense.acme.sh --force[1;31;32m [PASS][0m
/root/.acme.sh/testpfsense.acme.sh_ecc/testpfsense.acme.sh.cer is cert ? 'testpfsense.acme.sh' 'Fake LE Intermediate X1'[1;31;32m [PASS][0m
/root/.acme.sh/testpfsense.acme.sh_ecc/ca.cer is cert ? 'Fake LE Intermediate X1'[1;31;32m [PASS][0m
'/root/.acme.sh/testpfsense.acme.sh_ecc/testpfsense.acme.sh.cer' equals '/root/acmetest/certs/domain.cer'[1;31;32m [PASS][0m
'/root/.acme.sh/testpfsense.acme.sh_ecc/testpfsense.acme.sh.key' equals '/root/acmetest/certs/domain.key'[1;31;32m [PASS][0m
'/root/.acme.sh/testpfsense.acme.sh_ecc/ca.cer' equals '/root/acmetest/certs/ca.cer'[1;31;32m [PASS][0m
'/root/.acme.sh/testpfsense.acme.sh_ecc/fullchain.cer' equals '/root/acmetest/certs/full.cer'[1;31;32m [PASS][0m
------------------------------------------
[1;31;32mProgress: 18/20[0m
==Running le_test_standandalone_ECDSA_384 please wait
/root/.acme.sh/acme.sh issue no testpfsense.acme.sh no ec-384[1;31;32m [PASS][0m
/root/.acme.sh/testpfsense.acme.sh_ecc/testpfsense.acme.sh.cer is cert ? 'testpfsense.acme.sh' 'Fake LE Intermediate X1'[1;31;32m [PASS][0m
/root/.acme.sh/testpfsense.acme.sh_ecc/ca.cer is cert ? 'Fake LE Intermediate X1'[1;31;32m [PASS][0m
------------------------------------------
[1;31;32mProgress: 19/20[0m
==Running le_test_standandalone_tls_renew_SAN_v2 please wait
/root/.acme.sh/acme.sh --issue -d testpfsense.acme.sh --tls  -d testpfsense2.acme.sh --standalone ------------------------------------------
[1;31;32mProgress: 20/20[0m
==Running le_test_tls_renew_SAN_v2 please wait
/root/.acme.sh/acme.sh --issue -d testpfsense.acme.sh -d testpfsense2.acme.sh --tls------------------------------------------
