Sending build context to Docker daemon 2.048 kB
Step 1 : FROM ubuntu:14.04
 ---> 90d5884b1ee0
Step 2 : RUN apt-get -qqy update && locale-gen en_US.UTF-8 && export LANG=en_US.UTF-8
 ---> Running in fdaabb3e6f63
Generating locales...
  en_US.UTF-8... done
Generation complete.
 ---> 4bbbb48a9dd3
Removing intermediate container fdaabb3e6f63
Step 3 : RUN apt-get -qqy install openssl cron netcat-openbsd curl idn
 ---> Running in 176a95dde58e
[91mdebconf: unable to initialize frontend: Dialog
[91mdebconf: (TERM is not set, so the dialog frontend is not usable.)
debconf: falling back to frontend: Readline
[91mdebconf: unable to initialize frontend: Readline
debconf: (This frontend requires a controlling tty.)
debconf: falling back to frontend: Teletype
[91mdpkg-preconfigure: unable to re-open stdin: 
Selecting previously unselected package libroken18-heimdal:amd64.
(Reading database ... 11558 files and directories currently installed.)
Preparing to unpack .../libroken18-heimdal_1.6~git20131207+dfsg-1ubuntu1.1_amd64.deb ...
Unpacking libroken18-heimdal:amd64 (1.6~git20131207+dfsg-1ubuntu1.1) ...
Selecting previously unselected package libasn1-8-heimdal:amd64.
Preparing to unpack .../libasn1-8-heimdal_1.6~git20131207+dfsg-1ubuntu1.1_amd64.deb ...
Unpacking libasn1-8-heimdal:amd64 (1.6~git20131207+dfsg-1ubuntu1.1) ...
Selecting previously unselected package libkrb5support0:amd64.
Preparing to unpack .../libkrb5support0_1.12+dfsg-2ubuntu5.2_amd64.deb ...
Unpacking libkrb5support0:amd64 (1.12+dfsg-2ubuntu5.2) ...
Selecting previously unselected package libk5crypto3:amd64.
Preparing to unpack .../libk5crypto3_1.12+dfsg-2ubuntu5.2_amd64.deb ...
Unpacking libk5crypto3:amd64 (1.12+dfsg-2ubuntu5.2) ...
Selecting previously unselected package libkeyutils1:amd64.
Preparing to unpack .../libkeyutils1_1.5.6-1_amd64.deb ...
Unpacking libkeyutils1:amd64 (1.5.6-1) ...
Selecting previously unselected package libkrb5-3:amd64.
Preparing to unpack .../libkrb5-3_1.12+dfsg-2ubuntu5.2_amd64.deb ...
Unpacking libkrb5-3:amd64 (1.12+dfsg-2ubuntu5.2) ...
Selecting previously unselected package libgssapi-krb5-2:amd64.
Preparing to unpack .../libgssapi-krb5-2_1.12+dfsg-2ubuntu5.2_amd64.deb ...
Unpacking libgssapi-krb5-2:amd64 (1.12+dfsg-2ubuntu5.2) ...
Selecting previously unselected package libhcrypto4-heimdal:amd64.
Preparing to unpack .../libhcrypto4-heimdal_1.6~git20131207+dfsg-1ubuntu1.1_amd64.deb ...
Unpacking libhcrypto4-heimdal:amd64 (1.6~git20131207+dfsg-1ubuntu1.1) ...
Selecting previously unselected package libheimbase1-heimdal:amd64.
Preparing to unpack .../libheimbase1-heimdal_1.6~git20131207+dfsg-1ubuntu1.1_amd64.deb ...
Unpacking libheimbase1-heimdal:amd64 (1.6~git20131207+dfsg-1ubuntu1.1) ...
Selecting previously unselected package libwind0-heimdal:amd64.
Preparing to unpack .../libwind0-heimdal_1.6~git20131207+dfsg-1ubuntu1.1_amd64.deb ...
Unpacking libwind0-heimdal:amd64 (1.6~git20131207+dfsg-1ubuntu1.1) ...
Selecting previously unselected package libhx509-5-heimdal:amd64.
Preparing to unpack .../libhx509-5-heimdal_1.6~git20131207+dfsg-1ubuntu1.1_amd64.deb ...
Unpacking libhx509-5-heimdal:amd64 (1.6~git20131207+dfsg-1ubuntu1.1) ...
Selecting previously unselected package libkrb5-26-heimdal:amd64.
Preparing to unpack .../libkrb5-26-heimdal_1.6~git20131207+dfsg-1ubuntu1.1_amd64.deb ...
Unpacking libkrb5-26-heimdal:amd64 (1.6~git20131207+dfsg-1ubuntu1.1) ...
Selecting previously unselected package libheimntlm0-heimdal:amd64.
Preparing to unpack .../libheimntlm0-heimdal_1.6~git20131207+dfsg-1ubuntu1.1_amd64.deb ...
Unpacking libheimntlm0-heimdal:amd64 (1.6~git20131207+dfsg-1ubuntu1.1) ...
Selecting previously unselected package libgssapi3-heimdal:amd64.
Preparing to unpack .../libgssapi3-heimdal_1.6~git20131207+dfsg-1ubuntu1.1_amd64.deb ...
Unpacking libgssapi3-heimdal:amd64 (1.6~git20131207+dfsg-1ubuntu1.1) ...
Selecting previously unselected package libidn11:amd64.
Preparing to unpack .../libidn11_1.28-1ubuntu2.1_amd64.deb ...
Unpacking libidn11:amd64 (1.28-1ubuntu2.1) ...
Selecting previously unselected package libsasl2-modules-db:amd64.
Preparing to unpack .../libsasl2-modules-db_2.1.25.dfsg1-17build1_amd64.deb ...
Unpacking libsasl2-modules-db:amd64 (2.1.25.dfsg1-17build1) ...
Selecting previously unselected package libsasl2-2:amd64.
Preparing to unpack .../libsasl2-2_2.1.25.dfsg1-17build1_amd64.deb ...
Unpacking libsasl2-2:amd64 (2.1.25.dfsg1-17build1) ...
Selecting previously unselected package libldap-2.4-2:amd64.
Preparing to unpack .../libldap-2.4-2_2.4.31-1+nmu2ubuntu8.3_amd64.deb ...
Unpacking libldap-2.4-2:amd64 (2.4.31-1+nmu2ubuntu8.3) ...
Selecting previously unselected package librtmp0:amd64.
Preparing to unpack .../librtmp0_2.4+20121230.gitdf6c518-1_amd64.deb ...
Unpacking librtmp0:amd64 (2.4+20121230.gitdf6c518-1) ...
Selecting previously unselected package libcurl3:amd64.
Preparing to unpack .../libcurl3_7.35.0-1ubuntu2.9_amd64.deb ...
Unpacking libcurl3:amd64 (7.35.0-1ubuntu2.9) ...
Selecting previously unselected package openssl.
Preparing to unpack .../openssl_1.0.1f-1ubuntu2.21_amd64.deb ...
Unpacking openssl (1.0.1f-1ubuntu2.21) ...
Selecting previously unselected package ca-certificates.
Preparing to unpack .../ca-certificates_20160104ubuntu0.14.04.1_all.deb ...
Unpacking ca-certificates (20160104ubuntu0.14.04.1) ...
Selecting previously unselected package krb5-locales.
Preparing to unpack .../krb5-locales_1.12+dfsg-2ubuntu5.2_all.deb ...
Unpacking krb5-locales (1.12+dfsg-2ubuntu5.2) ...
Selecting previously unselected package libsasl2-modules:amd64.
Preparing to unpack .../libsasl2-modules_2.1.25.dfsg1-17build1_amd64.deb ...
Unpacking libsasl2-modules:amd64 (2.1.25.dfsg1-17build1) ...
Selecting previously unselected package curl.
Preparing to unpack .../curl_7.35.0-1ubuntu2.9_amd64.deb ...
Unpacking curl (7.35.0-1ubuntu2.9) ...
Selecting previously unselected package idn.
Preparing to unpack .../idn_1.28-1ubuntu2.1_amd64.deb ...
Unpacking idn (1.28-1ubuntu2.1) ...
Setting up libroken18-heimdal:amd64 (1.6~git20131207+dfsg-1ubuntu1.1) ...
Setting up libasn1-8-heimdal:amd64 (1.6~git20131207+dfsg-1ubuntu1.1) ...
Setting up libkrb5support0:amd64 (1.12+dfsg-2ubuntu5.2) ...
Setting up libk5crypto3:amd64 (1.12+dfsg-2ubuntu5.2) ...
Setting up libkeyutils1:amd64 (1.5.6-1) ...
Setting up libkrb5-3:amd64 (1.12+dfsg-2ubuntu5.2) ...
Setting up libgssapi-krb5-2:amd64 (1.12+dfsg-2ubuntu5.2) ...
Setting up libhcrypto4-heimdal:amd64 (1.6~git20131207+dfsg-1ubuntu1.1) ...
Setting up libheimbase1-heimdal:amd64 (1.6~git20131207+dfsg-1ubuntu1.1) ...
Setting up libwind0-heimdal:amd64 (1.6~git20131207+dfsg-1ubuntu1.1) ...
Setting up libhx509-5-heimdal:amd64 (1.6~git20131207+dfsg-1ubuntu1.1) ...
Setting up libkrb5-26-heimdal:amd64 (1.6~git20131207+dfsg-1ubuntu1.1) ...
Setting up libheimntlm0-heimdal:amd64 (1.6~git20131207+dfsg-1ubuntu1.1) ...
Setting up libgssapi3-heimdal:amd64 (1.6~git20131207+dfsg-1ubuntu1.1) ...
Setting up libidn11:amd64 (1.28-1ubuntu2.1) ...
Setting up libsasl2-modules-db:amd64 (2.1.25.dfsg1-17build1) ...
Setting up libsasl2-2:amd64 (2.1.25.dfsg1-17build1) ...
Setting up libldap-2.4-2:amd64 (2.4.31-1+nmu2ubuntu8.3) ...
Setting up librtmp0:amd64 (2.4+20121230.gitdf6c518-1) ...
Setting up libcurl3:amd64 (7.35.0-1ubuntu2.9) ...
Setting up openssl (1.0.1f-1ubuntu2.21) ...
Setting up ca-certificates (20160104ubuntu0.14.04.1) ...
[91mdebconf: unable to initialize frontend: Dialog
debconf: (TERM is not set, so the dialog frontend is not usable.)
debconf: falling back to frontend: Readline
[91mdebconf: unable to initialize frontend: Readline
debconf: (This frontend requires a controlling tty.)
debconf: falling back to frontend: Teletype
Setting up krb5-locales (1.12+dfsg-2ubuntu5.2) ...
Setting up libsasl2-modules:amd64 (2.1.25.dfsg1-17build1) ...
Setting up curl (7.35.0-1ubuntu2.9) ...
Setting up idn (1.28-1ubuntu2.1) ...
Processing triggers for libc-bin (2.19-0ubuntu6.7) ...
Processing triggers for ca-certificates (20160104ubuntu0.14.04.1) ...
Updating certificates in /etc/ssl/certs... 173 added, 0 removed; done.
Running hooks in /etc/ca-certificates/update.d....done.
 ---> 66941192f1de
Removing intermediate container 176a95dde58e
Successfully built 66941192f1de
